{"numFailedTestSuites":0,"numFailedTests":0,"numPassedTestSuites":133,"numPassedTests":2068,"numPendingTestSuites":1,"numPendingTests":2,"numRuntimeErrorTestSuites":0,"numTodoTests":0,"numTotalTestSuites":134,"numTotalTests":2070,"openHandles":[],"snapshot":{"added":0,"didUpdate":false,"failure":false,"filesAdded":0,"filesRemoved":0,"filesRemovedList":[],"filesUnmatched":0,"filesUpdated":0,"matched":0,"total":0,"unchecked":0,"uncheckedKeysByFile":[],"unmatched":0,"updated":0},"startTime":1760925744270,"success":true,"testResults":[{"assertionResults":[{"ancestorTitles":["Tool Adapter Property Tests","Input Validation Properties"],"duration":17,"failureDetails":[],"failureMessages":[],"fullName":"Tool Adapter Property Tests Input Validation Properties should always reject null/undefined input","invocations":1,"location":null,"numPassingAsserts":150,"retryReasons":[],"status":"passed","title":"should always reject null/undefined input"},{"ancestorTitles":["Tool Adapter Property Tests","Input Validation Properties"],"duration":28,"failureDetails":[],"failureMessages":[],"fullName":"Tool Adapter Property Tests Input Validation Properties should always reject invalid tool names","invocations":1,"location":null,"numPassingAsserts":109,"retryReasons":[],"status":"passed","title":"should always reject invalid tool names"},{"ancestorTitles":["Tool Adapter Property Tests","Input Validation Properties"],"duration":3,"failureDetails":[],"failureMessages":[],"fullName":"Tool Adapter Property Tests Input Validation Properties should always reject invalid timeout values","invocations":1,"location":null,"numPassingAsserts":90,"retryReasons":[],"status":"passed","title":"should always reject invalid timeout values"},{"ancestorTitles":["Tool Adapter Property Tests","Input Validation Properties"],"duration":3,"failureDetails":[],"failureMessages":[],"fullName":"Tool Adapter Property Tests Input Validation Properties should always reject invalid max retries values","invocations":1,"location":null,"numPassingAsserts":100,"retryReasons":[],"status":"passed","title":"should always reject invalid max retries values"},{"ancestorTitles":["Tool Adapter Property Tests","Tool Registry Properties"],"duration":6,"failureDetails":[],"failureMessages":[],"fullName":"Tool Adapter Property Tests Tool Registry Properties should always create valid default tool registry","invocations":1,"location":null,"numPassingAsserts":220,"retryReasons":[],"status":"passed","title":"should always create valid default tool registry"},{"ancestorTitles":["Tool Adapter Property Tests","Tool Registry Properties"],"duration":4,"failureDetails":[],"failureMessages":[],"fullName":"Tool Adapter Property Tests Tool Registry Properties should always handle tool registration correctly","invocations":1,"location":null,"numPassingAsserts":60,"retryReasons":[],"status":"passed","title":"should always handle tool registration correctly"},{"ancestorTitles":["Tool Adapter Property Tests","Tool Registry Properties"],"duration":6,"failureDetails":[],"failureMessages":[],"fullName":"Tool Adapter Property Tests Tool Registry Properties should always reject invalid tool registrations","invocations":1,"location":null,"numPassingAsserts":140,"retryReasons":[],"status":"passed","title":"should always reject invalid tool registrations"},{"ancestorTitles":["Tool Adapter Property Tests","Tool Execution Properties"],"duration":21,"failureDetails":[],"failureMessages":[],"fullName":"Tool Adapter Property Tests Tool Execution Properties should always execute valid tools successfully","invocations":1,"location":null,"numPassingAsserts":300,"retryReasons":[],"status":"passed","title":"should always execute valid tools successfully"},{"ancestorTitles":["Tool Adapter Property Tests","Tool Execution Properties"],"duration":2,"failureDetails":[],"failureMessages":[],"fullName":"Tool Adapter Property Tests Tool Execution Properties should always handle tool not found errors","invocations":1,"location":null,"numPassingAsserts":40,"retryReasons":[],"status":"passed","title":"should always handle tool not found errors"},{"ancestorTitles":["Tool Adapter Property Tests","Tool Execution Properties"],"duration":3068,"failureDetails":[],"failureMessages":[],"fullName":"Tool Adapter Property Tests Tool Execution Properties should always handle tool execution errors","invocations":1,"location":null,"numPassingAsserts":20,"retryReasons":[],"status":"passed","title":"should always handle tool execution errors"},{"ancestorTitles":["Tool Adapter Property Tests","Tool Execution Properties"],"duration":19,"failureDetails":[],"failureMessages":[],"fullName":"Tool Adapter Property Tests Tool Execution Properties should always build tool input correctly","invocations":1,"location":null,"numPassingAsserts":400,"retryReasons":[],"status":"passed","title":"should always build tool input correctly"},{"ancestorTitles":["Tool Adapter Property Tests","Retry Logic Properties"],"duration":1539,"failureDetails":[],"failureMessages":[],"fullName":"Tool Adapter Property Tests Retry Logic Properties should always retry on transient failures","invocations":1,"location":null,"numPassingAsserts":30,"retryReasons":[],"status":"passed","title":"should always retry on transient failures"},{"ancestorTitles":["Tool Adapter Property Tests","Retry Logic Properties"],"duration":1537,"failureDetails":[],"failureMessages":[],"fullName":"Tool Adapter Property Tests Retry Logic Properties should always fail after max retries","invocations":1,"location":null,"numPassingAsserts":10,"retryReasons":[],"status":"passed","title":"should always fail after max retries"},{"ancestorTitles":["Tool Adapter Property Tests","Retry Logic Properties"],"duration":3,"failureDetails":[],"failureMessages":[],"fullName":"Tool Adapter Property Tests Retry Logic Properties should always not retry on validation errors","invocations":1,"location":null,"numPassingAsserts":10,"retryReasons":[],"status":"passed","title":"should always not retry on validation errors"},{"ancestorTitles":["Tool Adapter Property Tests","Timeout Properties"],"duration":11324,"failureDetails":[],"failureMessages":[],"fullName":"Tool Adapter Property Tests Timeout Properties should always timeout after specified duration","invocations":1,"location":null,"numPassingAsserts":10,"retryReasons":[],"status":"passed","title":"should always timeout after specified duration"},{"ancestorTitles":["Tool Adapter Property Tests","Timeout Properties"],"duration":229,"failureDetails":[],"failureMessages":[],"fullName":"Tool Adapter Property Tests Timeout Properties should always complete within timeout for fast tools","invocations":1,"location":null,"numPassingAsserts":40,"retryReasons":[],"status":"passed","title":"should always complete within timeout for fast tools"},{"ancestorTitles":["Tool Adapter Property Tests","Default Tools Properties"],"duration":14,"failureDetails":[],"failureMessages":[],"fullName":"Tool Adapter Property Tests Default Tools Properties should always execute echo tool correctly","invocations":1,"location":null,"numPassingAsserts":250,"retryReasons":[],"status":"passed","title":"should always execute echo tool correctly"},{"ancestorTitles":["Tool Adapter Property Tests","Default Tools Properties"],"duration":10,"failureDetails":[],"failureMessages":[],"fullName":"Tool Adapter Property Tests Default Tools Properties should always execute add tool correctly","invocations":1,"location":null,"numPassingAsserts":100,"retryReasons":[],"status":"passed","title":"should always execute add tool correctly"},{"ancestorTitles":["Tool Adapter Property Tests","Default Tools Properties"],"duration":344,"failureDetails":[],"failureMessages":[],"fullName":"Tool Adapter Property Tests Default Tools Properties should always execute delay tool correctly","invocations":1,"location":null,"numPassingAsserts":40,"retryReasons":[],"status":"passed","title":"should always execute delay tool correctly"},{"ancestorTitles":["Tool Adapter Property Tests","Default Tools Properties"],"duration":2,"failureDetails":[],"failureMessages":[],"fullName":"Tool Adapter Property Tests Default Tools Properties should always reject invalid add tool inputs","invocations":1,"location":null,"numPassingAsserts":6,"retryReasons":[],"status":"passed","title":"should always reject invalid add tool inputs"},{"ancestorTitles":["Tool Adapter Property Tests","Default Tools Properties"],"duration":1,"failureDetails":[],"failureMessages":[],"fullName":"Tool Adapter Property Tests Default Tools Properties should always reject invalid delay tool inputs","invocations":1,"location":null,"numPassingAsserts":6,"retryReasons":[],"status":"passed","title":"should always reject invalid delay tool inputs"},{"ancestorTitles":["Tool Adapter Property Tests","Concurrency Properties"],"duration":12,"failureDetails":[],"failureMessages":[],"fullName":"Tool Adapter Property Tests Concurrency Properties should handle concurrent tool executions without interference","invocations":1,"location":null,"numPassingAsserts":105,"retryReasons":[],"status":"passed","title":"should handle concurrent tool executions without interference"},{"ancestorTitles":["Tool Adapter Property Tests","Concurrency Properties"],"duration":2,"failureDetails":[],"failureMessages":[],"fullName":"Tool Adapter Property Tests Concurrency Properties should handle concurrent tool registrations safely","invocations":1,"location":null,"numPassingAsserts":55,"retryReasons":[],"status":"passed","title":"should handle concurrent tool registrations safely"},{"ancestorTitles":["Tool Adapter Property Tests","Performance Properties"],"duration":5,"failureDetails":[],"failureMessages":[],"fullName":"Tool Adapter Property Tests Performance Properties should always complete within reasonable time","invocations":1,"location":null,"numPassingAsserts":40,"retryReasons":[],"status":"passed","title":"should always complete within reasonable time"},{"ancestorTitles":["Tool Adapter Property Tests","Performance Properties"],"duration":3,"failureDetails":[],"failureMessages":[],"fullName":"Tool Adapter Property Tests Performance Properties should handle large tool input efficiently","invocations":1,"location":null,"numPassingAsserts":20,"retryReasons":[],"status":"passed","title":"should handle large tool input efficiently"}],"endTime":1760925762829,"message":"","name":"/Users/d/portfolio/OSSP-AGI/tests/property/workflow/tool-adapter.test.js","startTime":1760925744304,"status":"passed","summary":""},{"assertionResults":[{"ancestorTitles":["URN Resolver","resolveAgentUrn"],"duration":108,"failureDetails":[],"failureMessages":[],"fullName":"URN Resolver resolveAgentUrn should resolve valid URN","invocations":1,"location":null,"numPassingAsserts":8,"retryReasons":[],"status":"passed","title":"should resolve valid URN"},{"ancestorTitles":["URN Resolver","resolveAgentUrn"],"duration":102,"failureDetails":[],"failureMessages":[],"fullName":"URN Resolver resolveAgentUrn should resolve URN without version","invocations":1,"location":null,"numPassingAsserts":4,"retryReasons":[],"status":"passed","title":"should resolve URN without version"},{"ancestorTitles":["URN Resolver","resolveAgentUrn"],"duration":110,"failureDetails":[],"failureMessages":[],"fullName":"URN Resolver resolveAgentUrn should use cached result when available","invocations":1,"location":null,"numPassingAsserts":3,"retryReasons":[],"status":"passed","title":"should use cached result when available"},{"ancestorTitles":["URN Resolver","resolveAgentUrn"],"duration":203,"failureDetails":[],"failureMessages":[],"fullName":"URN Resolver resolveAgentUrn should bypass cache when disabled","invocations":1,"location":null,"numPassingAsserts":2,"retryReasons":[],"status":"passed","title":"should bypass cache when disabled"},{"ancestorTitles":["URN Resolver","resolveAgentUrn"],"duration":10,"failureDetails":[],"failureMessages":[],"fullName":"URN Resolver resolveAgentUrn should throw error for invalid URN format","invocations":1,"location":null,"numPassingAsserts":2,"retryReasons":[],"status":"passed","title":"should throw error for invalid URN format"},{"ancestorTitles":["URN Resolver","resolveAgentUrn"],"duration":2,"failureDetails":[],"failureMessages":[],"fullName":"URN Resolver resolveAgentUrn should throw error for null URN","invocations":1,"location":null,"numPassingAsserts":2,"retryReasons":[],"status":"passed","title":"should throw error for null URN"},{"ancestorTitles":["URN Resolver","resolveAgentUrn"],"duration":1,"failureDetails":[],"failureMessages":[],"fullName":"URN Resolver resolveAgentUrn should throw error for empty URN","invocations":1,"location":null,"numPassingAsserts":2,"retryReasons":[],"status":"passed","title":"should throw error for empty URN"},{"ancestorTitles":["URN Resolver","resolveAgentUrn"],"duration":1,"failureDetails":[],"failureMessages":[],"fullName":"URN Resolver resolveAgentUrn should throw error for non-string URN","invocations":1,"location":null,"numPassingAsserts":2,"retryReasons":[],"status":"passed","title":"should throw error for non-string URN"},{"ancestorTitles":["URN Resolver","resolveAgentUrn"],"duration":1106,"failureDetails":[],"failureMessages":[],"fullName":"URN Resolver resolveAgentUrn should retry on resolution failure","invocations":1,"location":null,"numPassingAsserts":2,"retryReasons":[],"status":"passed","title":"should retry on resolution failure"},{"ancestorTitles":["URN Resolver","resolveAgentUrn"],"duration":6014,"failureDetails":[],"failureMessages":[],"fullName":"URN Resolver resolveAgentUrn should exhaust retries and throw error","invocations":1,"location":null,"numPassingAsserts":2,"retryReasons":[],"status":"passed","title":"should exhaust retries and throw error"},{"ancestorTitles":["URN Resolver","resolveAgentUrn"],"duration":3,"failureDetails":[],"failureMessages":[],"fullName":"URN Resolver resolveAgentUrn should not retry format errors","invocations":1,"location":null,"numPassingAsserts":2,"retryReasons":[],"status":"passed","title":"should not retry format errors"},{"ancestorTitles":["URN Resolver","discoverCapabilities"],"duration":53,"failureDetails":[],"failureMessages":[],"fullName":"URN Resolver discoverCapabilities should discover agents by domain","invocations":1,"location":null,"numPassingAsserts":8,"retryReasons":[],"status":"passed","title":"should discover agents by domain"},{"ancestorTitles":["URN Resolver","discoverCapabilities"],"duration":103,"failureDetails":[],"failureMessages":[],"fullName":"URN Resolver discoverCapabilities should return domain-specific capabilities","invocations":1,"location":null,"numPassingAsserts":4,"retryReasons":[],"status":"passed","title":"should return domain-specific capabilities"},{"ancestorTitles":["URN Resolver","discoverCapabilities"],"duration":1,"failureDetails":[],"failureMessages":[],"fullName":"URN Resolver discoverCapabilities should handle discovery errors","invocations":1,"location":null,"numPassingAsserts":2,"retryReasons":[],"status":"passed","title":"should handle discovery errors"},{"ancestorTitles":["URN Resolver","Cache Management"],"duration":103,"failureDetails":[],"failureMessages":[],"fullName":"URN Resolver Cache Management should clear cache for specific URN","invocations":1,"location":null,"numPassingAsserts":2,"retryReasons":[],"status":"passed","title":"should clear cache for specific URN"},{"ancestorTitles":["URN Resolver","Cache Management"],"duration":205,"failureDetails":[],"failureMessages":[],"fullName":"URN Resolver Cache Management should clear all cache","invocations":1,"location":null,"numPassingAsserts":2,"retryReasons":[],"status":"passed","title":"should clear all cache"},{"ancestorTitles":["URN Resolver","Cache Management"],"duration":355,"failureDetails":[],"failureMessages":[],"fullName":"URN Resolver Cache Management should expire cache entries","invocations":1,"location":null,"numPassingAsserts":2,"retryReasons":[],"status":"passed","title":"should expire cache entries"},{"ancestorTitles":["URN Resolver","Cache Management"],"duration":203,"failureDetails":[],"failureMessages":[],"fullName":"URN Resolver Cache Management should return cache statistics","invocations":1,"location":null,"numPassingAsserts":5,"retryReasons":[],"status":"passed","title":"should return cache statistics"},{"ancestorTitles":["URN Resolver","Convenience Functions"],"duration":1,"failureDetails":[],"failureMessages":[],"fullName":"URN Resolver Convenience Functions createURNResolver should create resolver instance","invocations":1,"location":null,"numPassingAsserts":1,"retryReasons":[],"status":"passed","title":"createURNResolver should create resolver instance"},{"ancestorTitles":["URN Resolver","Convenience Functions"],"duration":103,"failureDetails":[],"failureMessages":[],"fullName":"URN Resolver Convenience Functions resolveAgentUrn should resolve URN","invocations":1,"location":null,"numPassingAsserts":2,"retryReasons":[],"status":"passed","title":"resolveAgentUrn should resolve URN"},{"ancestorTitles":["URN Resolver","Convenience Functions"],"duration":54,"failureDetails":[],"failureMessages":[],"fullName":"URN Resolver Convenience Functions discoverCapabilities should discover agents","invocations":1,"location":null,"numPassingAsserts":2,"retryReasons":[],"status":"passed","title":"discoverCapabilities should discover agents"},{"ancestorTitles":["URN Resolver","Error Handling"],"duration":6006,"failureDetails":[],"failureMessages":[],"fullName":"URN Resolver Error Handling should wrap non-URN errors","invocations":1,"location":null,"numPassingAsserts":2,"retryReasons":[],"status":"passed","title":"should wrap non-URN errors"},{"ancestorTitles":["URN Resolver","Error Handling"],"duration":3004,"failureDetails":[],"failureMessages":[],"fullName":"URN Resolver Error Handling should preserve URN in error context","invocations":1,"location":null,"numPassingAsserts":2,"retryReasons":[],"status":"passed","title":"should preserve URN in error context"},{"ancestorTitles":["URN Resolver","Mock Data Generation"],"duration":1,"failureDetails":[],"failureMessages":[],"fullName":"URN Resolver Mock Data Generation should generate appropriate capabilities for AI domain","invocations":1,"location":null,"numPassingAsserts":4,"retryReasons":[],"status":"passed","title":"should generate appropriate capabilities for AI domain"},{"ancestorTitles":["URN Resolver","Mock Data Generation"],"duration":2,"failureDetails":[],"failureMessages":[],"fullName":"URN Resolver Mock Data Generation should generate appropriate capabilities for data domain","invocations":1,"location":null,"numPassingAsserts":4,"retryReasons":[],"status":"passed","title":"should generate appropriate capabilities for data domain"},{"ancestorTitles":["URN Resolver","Mock Data Generation"],"duration":1,"failureDetails":[],"failureMessages":[],"fullName":"URN Resolver Mock Data Generation should generate base capabilities for other domains","invocations":1,"location":null,"numPassingAsserts":4,"retryReasons":[],"status":"passed","title":"should generate base capabilities for other domains"}],"endTime":1760925780768,"message":"","name":"/Users/d/portfolio/OSSP-AGI/tests/runtime/urn-resolver.test.js","startTime":1760925762837,"status":"passed","summary":""},{"assertionResults":[{"ancestorTitles":["MCPClient","Connection Lifecycle"],"duration":6491,"failureDetails":[],"failureMessages":[],"fullName":"MCPClient Connection Lifecycle should handle connection errors","invocations":1,"location":null,"numPassingAsserts":2,"retryReasons":[],"status":"passed","title":"should handle connection errors"},{"ancestorTitles":["MCPClient","Connection Lifecycle"],"duration":6,"failureDetails":[],"failureMessages":[],"fullName":"MCPClient Connection Lifecycle should prevent operations when not connected","invocations":1,"location":null,"numPassingAsserts":3,"retryReasons":[],"status":"passed","title":"should prevent operations when not connected"},{"ancestorTitles":["MCPClient","Tool Operations"],"duration":2,"failureDetails":[],"failureMessages":[],"fullName":"MCPClient Tool Operations should prevent operations when not connected","invocations":1,"location":null,"numPassingAsserts":3,"retryReasons":[],"status":"passed","title":"should prevent operations when not connected"},{"ancestorTitles":["MCPClient","Connection State"],"duration":7,"failureDetails":[],"failureMessages":[],"fullName":"MCPClient Connection State should track connection state","invocations":1,"location":null,"numPassingAsserts":4,"retryReasons":[],"status":"passed","title":"should track connection state"},{"ancestorTitles":["MCPClient","Connection State"],"duration":2,"failureDetails":[],"failureMessages":[],"fullName":"MCPClient Connection State should prevent operations when not connected","invocations":1,"location":null,"numPassingAsserts":3,"retryReasons":[],"status":"passed","title":"should prevent operations when not connected"},{"ancestorTitles":["MCP Client Factory Functions"],"duration":1,"failureDetails":[],"failureMessages":[],"fullName":"MCP Client Factory Functions should create client with default options","invocations":1,"location":null,"numPassingAsserts":2,"retryReasons":[],"status":"passed","title":"should create client with default options"},{"ancestorTitles":["MCP Client Factory Functions"],"duration":1,"failureDetails":[],"failureMessages":[],"fullName":"MCP Client Factory Functions should create client with custom options","invocations":1,"location":null,"numPassingAsserts":2,"retryReasons":[],"status":"passed","title":"should create client with custom options"},{"ancestorTitles":["MCP Client Factory Functions"],"duration":7045,"failureDetails":[],"failureMessages":[],"fullName":"MCP Client Factory Functions should use withMCPClient convenience function","invocations":1,"location":null,"numPassingAsserts":2,"retryReasons":[],"status":"passed","title":"should use withMCPClient convenience function"},{"ancestorTitles":["MCP Error Classes"],"duration":1,"failureDetails":[],"failureMessages":[],"fullName":"MCP Error Classes should create MCPError with proper properties","invocations":1,"location":null,"numPassingAsserts":5,"retryReasons":[],"status":"passed","title":"should create MCPError with proper properties"},{"ancestorTitles":["MCP Error Classes"],"duration":1,"failureDetails":[],"failureMessages":[],"fullName":"MCP Error Classes should create MCPConnectionError","invocations":1,"location":null,"numPassingAsserts":2,"retryReasons":[],"status":"passed","title":"should create MCPConnectionError"},{"ancestorTitles":["MCP Error Classes"],"duration":1,"failureDetails":[],"failureMessages":[],"fullName":"MCP Error Classes should create MCPTimeoutError","invocations":1,"location":null,"numPassingAsserts":3,"retryReasons":[],"status":"passed","title":"should create MCPTimeoutError"},{"ancestorTitles":["MCP Error Classes"],"duration":0,"failureDetails":[],"failureMessages":[],"fullName":"MCP Error Classes should create MCPProtocolError","invocations":1,"location":null,"numPassingAsserts":3,"retryReasons":[],"status":"passed","title":"should create MCPProtocolError"},{"ancestorTitles":["MCP Error Classes"],"duration":0,"failureDetails":[],"failureMessages":[],"fullName":"MCP Error Classes should create MCPToolError","invocations":1,"location":null,"numPassingAsserts":3,"retryReasons":[],"status":"passed","title":"should create MCPToolError"},{"ancestorTitles":["MCP Error Classes"],"duration":1,"failureDetails":[],"failureMessages":[],"fullName":"MCP Error Classes should create MCPCancellationError","invocations":1,"location":null,"numPassingAsserts":2,"retryReasons":[],"status":"passed","title":"should create MCPCancellationError"}],"endTime":1760925794417,"message":"","name":"/Users/d/portfolio/OSSP-AGI/tests/runtime/mcp-client.test.js","startTime":1760925780771,"status":"passed","summary":""},{"assertionResults":[{"ancestorTitles":["A2A Client","Basic Functionality"],"duration":7,"failureDetails":[],"failureMessages":[],"fullName":"A2A Client Basic Functionality should make successful request","invocations":1,"location":null,"numPassingAsserts":2,"retryReasons":[],"status":"passed","title":"should make successful request"},{"ancestorTitles":["A2A Client","Basic Functionality"],"duration":2,"failureDetails":[],"failureMessages":[],"fullName":"A2A Client Basic Functionality should handle text responses","invocations":1,"location":null,"numPassingAsserts":1,"retryReasons":[],"status":"passed","title":"should handle text responses"},{"ancestorTitles":["A2A Client","Basic Functionality"],"duration":1,"failureDetails":[],"failureMessages":[],"fullName":"A2A Client Basic Functionality should handle non-JSON responses","invocations":1,"location":null,"numPassingAsserts":1,"retryReasons":[],"status":"passed","title":"should handle non-JSON responses"},{"ancestorTitles":["A2A Client","Authentication"],"duration":27,"failureDetails":[],"failureMessages":[],"fullName":"A2A Client Authentication should throw AuthError for 401 status","invocations":1,"location":null,"numPassingAsserts":2,"retryReasons":[],"status":"passed","title":"should throw AuthError for 401 status"},{"ancestorTitles":["A2A Client","Authentication"],"duration":4,"failureDetails":[],"failureMessages":[],"fullName":"A2A Client Authentication should throw AuthError for 403 status","invocations":1,"location":null,"numPassingAsserts":2,"retryReasons":[],"status":"passed","title":"should throw AuthError for 403 status"},{"ancestorTitles":["A2A Client","Authentication"],"duration":2,"failureDetails":[],"failureMessages":[],"fullName":"A2A Client Authentication should work without authentication","invocations":1,"location":null,"numPassingAsserts":2,"retryReasons":[],"status":"passed","title":"should work without authentication"},{"ancestorTitles":["A2A Client","Authentication"],"duration":1,"failureDetails":[],"failureMessages":[],"fullName":"A2A Client Authentication should include delegation header when provided","invocations":1,"location":null,"numPassingAsserts":1,"retryReasons":[],"status":"passed","title":"should include delegation header when provided"},{"ancestorTitles":["A2A Client","Retry Logic"],"duration":1084,"failureDetails":[],"failureMessages":[],"fullName":"A2A Client Retry Logic should retry on 429 status","invocations":1,"location":null,"numPassingAsserts":2,"retryReasons":[],"status":"passed","title":"should retry on 429 status"},{"ancestorTitles":["A2A Client","Retry Logic"],"duration":1061,"failureDetails":[],"failureMessages":[],"fullName":"A2A Client Retry Logic should retry on 5xx status codes","invocations":1,"location":null,"numPassingAsserts":2,"retryReasons":[],"status":"passed","title":"should retry on 5xx status codes"},{"ancestorTitles":["A2A Client","Retry Logic"],"duration":4,"failureDetails":[],"failureMessages":[],"fullName":"A2A Client Retry Logic should not retry auth errors","invocations":1,"location":null,"numPassingAsserts":2,"retryReasons":[],"status":"passed","title":"should not retry auth errors"},{"ancestorTitles":["A2A Client","Retry Logic"],"duration":3114,"failureDetails":[],"failureMessages":[],"fullName":"A2A Client Retry Logic should throw RetryError when max retries exceeded","invocations":1,"location":null,"numPassingAsserts":2,"retryReasons":[],"status":"passed","title":"should throw RetryError when max retries exceeded"},{"ancestorTitles":["A2A Client","Retry Logic"],"duration":1057,"failureDetails":[],"failureMessages":[],"fullName":"A2A Client Retry Logic should respect custom maxRetries per request","invocations":1,"location":null,"numPassingAsserts":2,"retryReasons":[],"status":"passed","title":"should respect custom maxRetries per request"},{"ancestorTitles":["A2A Client","Timeout Handling"],"duration":54,"failureDetails":[],"failureMessages":[],"fullName":"A2A Client Timeout Handling should throw TimeoutError on timeout","invocations":1,"location":null,"numPassingAsserts":1,"retryReasons":[],"status":"passed","title":"should throw TimeoutError on timeout"},{"ancestorTitles":["A2A Client","Timeout Handling"],"duration":53,"failureDetails":[],"failureMessages":[],"fullName":"A2A Client Timeout Handling should respect custom timeout per request","invocations":1,"location":null,"numPassingAsserts":1,"retryReasons":[],"status":"passed","title":"should respect custom timeout per request"},{"ancestorTitles":["A2A Client","Network Errors"],"duration":1,"failureDetails":[],"failureMessages":[],"fullName":"A2A Client Network Errors should throw NetworkError on fetch failure","invocations":1,"location":null,"numPassingAsserts":1,"retryReasons":[],"status":"passed","title":"should throw NetworkError on fetch failure"},{"ancestorTitles":["A2A Client","Network Errors"],"duration":1,"failureDetails":[],"failureMessages":[],"fullName":"A2A Client Network Errors should throw A2AError on other errors","invocations":1,"location":null,"numPassingAsserts":1,"retryReasons":[],"status":"passed","title":"should throw A2AError on other errors"},{"ancestorTitles":["A2A Client","Error Types"],"duration":2,"failureDetails":[],"failureMessages":[],"fullName":"A2A Client Error Types should have correct error properties","invocations":1,"location":null,"numPassingAsserts":5,"retryReasons":[],"status":"passed","title":"should have correct error properties"},{"ancestorTitles":["A2A Client","Error Types"],"duration":1004,"failureDetails":[],"failureMessages":[],"fullName":"A2A Client Error Types should have correct timeout error properties","invocations":1,"location":null,"numPassingAsserts":0,"retryReasons":[],"status":"passed","title":"should have correct timeout error properties"},{"ancestorTitles":["A2A Client","URL Building"],"duration":1,"failureDetails":[],"failureMessages":[],"fullName":"A2A Client URL Building should build correct URL from agent URN","invocations":1,"location":null,"numPassingAsserts":1,"retryReasons":[],"status":"passed","title":"should build correct URL from agent URN"},{"ancestorTitles":["A2A Client","URL Building"],"duration":1,"failureDetails":[],"failureMessages":[],"fullName":"A2A Client URL Building should handle routes with and without leading slash","invocations":1,"location":null,"numPassingAsserts":2,"retryReasons":[],"status":"passed","title":"should handle routes with and without leading slash"},{"ancestorTitles":["A2A Client","Factory Functions"],"duration":1,"failureDetails":[],"failureMessages":[],"fullName":"A2A Client Factory Functions createA2AClient should create client with options","invocations":1,"location":null,"numPassingAsserts":3,"retryReasons":[],"status":"passed","title":"createA2AClient should create client with options"},{"ancestorTitles":["A2A Client","Factory Functions"],"duration":1,"failureDetails":[],"failureMessages":[],"fullName":"A2A Client Factory Functions request function should work as convenience method","invocations":1,"location":null,"numPassingAsserts":2,"retryReasons":[],"status":"passed","title":"request function should work as convenience method"},{"ancestorTitles":["A2A Client","Performance"],"duration":1,"failureDetails":[],"failureMessages":[],"fullName":"A2A Client Performance should complete successful request quickly","invocations":1,"location":null,"numPassingAsserts":1,"retryReasons":[],"status":"passed","title":"should complete successful request quickly"}],"endTime":1760925801984,"message":"","name":"/Users/d/portfolio/OSSP-AGI/tests/runtime/a2a-client.test.js","startTime":1760925794421,"status":"passed","summary":""},{"assertionResults":[{"ancestorTitles":["Workflow Adapter Integration","End-to-End Workflow Execution"],"duration":7,"failureDetails":[],"failureMessages":[],"fullName":"Workflow Adapter Integration End-to-End Workflow Execution should execute complete workflow with all adapter types","invocations":1,"location":null,"numPassingAsserts":11,"retryReasons":[],"status":"passed","title":"should execute complete workflow with all adapter types"},{"ancestorTitles":["Workflow Adapter Integration","End-to-End Workflow Execution"],"duration":17,"failureDetails":[],"failureMessages":[],"fullName":"Workflow Adapter Integration End-to-End Workflow Execution should handle workflow with error propagation","invocations":1,"location":null,"numPassingAsserts":5,"retryReasons":[],"status":"passed","title":"should handle workflow with error propagation"},{"ancestorTitles":["Workflow Adapter Integration","End-to-End Workflow Execution"],"duration":1,"failureDetails":[],"failureMessages":[],"fullName":"Workflow Adapter Integration End-to-End Workflow Execution should execute workflow with tool chaining","invocations":1,"location":null,"numPassingAsserts":6,"retryReasons":[],"status":"passed","title":"should execute workflow with tool chaining"},{"ancestorTitles":["Workflow Adapter Integration","Workflow Runner Integration"],"duration":3,"failureDetails":[],"failureMessages":[],"fullName":"Workflow Adapter Integration Workflow Runner Integration should execute workflow from JSON file","invocations":1,"location":null,"numPassingAsserts":5,"retryReasons":[],"status":"passed","title":"should execute workflow from JSON file"},{"ancestorTitles":["Workflow Adapter Integration","Adapter Registry Integration"],"duration":2,"failureDetails":[],"failureMessages":[],"fullName":"Workflow Adapter Integration Adapter Registry Integration should provide complete adapter capabilities","invocations":1,"location":null,"numPassingAsserts":7,"retryReasons":[],"status":"passed","title":"should provide complete adapter capabilities"},{"ancestorTitles":["Workflow Adapter Integration","Adapter Registry Integration"],"duration":1,"failureDetails":[],"failureMessages":[],"fullName":"Workflow Adapter Integration Adapter Registry Integration should validate all adapter inputs","invocations":1,"location":null,"numPassingAsserts":3,"retryReasons":[],"status":"passed","title":"should validate all adapter inputs"},{"ancestorTitles":["Workflow Adapter Integration","Adapter Registry Integration"],"duration":7013,"failureDetails":[],"failureMessages":[],"fullName":"Workflow Adapter Integration Adapter Registry Integration should handle adapter errors gracefully","invocations":1,"location":null,"numPassingAsserts":3,"retryReasons":[],"status":"passed","title":"should handle adapter errors gracefully"},{"ancestorTitles":["Workflow Adapter Integration","Performance Integration"],"duration":5,"failureDetails":[],"failureMessages":[],"fullName":"Workflow Adapter Integration Performance Integration should execute multiple workflows concurrently","invocations":1,"location":null,"numPassingAsserts":17,"retryReasons":[],"status":"passed","title":"should execute multiple workflows concurrently"}],"endTime":1760925809131,"message":"","name":"/Users/d/portfolio/OSSP-AGI/tests/integration/workflow-adapter-integration.test.js","startTime":1760925801987,"status":"passed","summary":""},{"assertionResults":[{"ancestorTitles":["HTTP Adapter Property Tests","Input Validation Properties"],"duration":10,"failureDetails":[],"failureMessages":[],"fullName":"HTTP Adapter Property Tests Input Validation Properties should always reject null/undefined input","invocations":1,"location":null,"numPassingAsserts":150,"retryReasons":[],"status":"passed","title":"should always reject null/undefined input"},{"ancestorTitles":["HTTP Adapter Property Tests","Input Validation Properties"],"duration":24,"failureDetails":[],"failureMessages":[],"fullName":"HTTP Adapter Property Tests Input Validation Properties should always reject invalid HTTP methods","invocations":1,"location":null,"numPassingAsserts":196,"retryReasons":[],"status":"passed","title":"should always reject invalid HTTP methods"},{"ancestorTitles":["HTTP Adapter Property Tests","Input Validation Properties"],"duration":17,"failureDetails":[],"failureMessages":[],"fullName":"HTTP Adapter Property Tests Input Validation Properties should always reject invalid URLs","invocations":1,"location":null,"numPassingAsserts":197,"retryReasons":[],"status":"passed","title":"should always reject invalid URLs"},{"ancestorTitles":["HTTP Adapter Property Tests","Input Validation Properties"],"duration":4,"failureDetails":[],"failureMessages":[],"fullName":"HTTP Adapter Property Tests Input Validation Properties should always reject invalid timeout values","invocations":1,"location":null,"numPassingAsserts":90,"retryReasons":[],"status":"passed","title":"should always reject invalid timeout values"},{"ancestorTitles":["HTTP Adapter Property Tests","Request Configuration Properties"],"duration":19,"failureDetails":[],"failureMessages":[],"fullName":"HTTP Adapter Property Tests Request Configuration Properties should always build valid request config for valid input","invocations":1,"location":null,"numPassingAsserts":600,"retryReasons":[],"status":"passed","title":"should always build valid request config for valid input"},{"ancestorTitles":["HTTP Adapter Property Tests","Request Configuration Properties"],"duration":6,"failureDetails":[],"failureMessages":[],"fullName":"HTTP Adapter Property Tests Request Configuration Properties should always handle query parameters correctly","invocations":1,"location":null,"numPassingAsserts":150,"retryReasons":[],"status":"passed","title":"should always handle query parameters correctly"},{"ancestorTitles":["HTTP Adapter Property Tests","Request Configuration Properties"],"duration":5,"failureDetails":[],"failureMessages":[],"fullName":"HTTP Adapter Property Tests Request Configuration Properties should always serialize body correctly for non-GET requests","invocations":1,"location":null,"numPassingAsserts":200,"retryReasons":[],"status":"passed","title":"should always serialize body correctly for non-GET requests"},{"ancestorTitles":["HTTP Adapter Property Tests","Error Handling Properties"],"duration":8,"failureDetails":[],"failureMessages":[],"fullName":"HTTP Adapter Property Tests Error Handling Properties should always handle network errors gracefully","invocations":1,"location":null,"numPassingAsserts":40,"retryReasons":[],"status":"passed","title":"should always handle network errors gracefully"},{"ancestorTitles":["HTTP Adapter Property Tests","Error Handling Properties"],"duration":3040,"failureDetails":[],"failureMessages":[],"fullName":"HTTP Adapter Property Tests Error Handling Properties should always retry on server errors but not client errors","invocations":1,"location":null,"numPassingAsserts":40,"retryReasons":[],"status":"passed","title":"should always retry on server errors but not client errors"},{"ancestorTitles":["HTTP Adapter Property Tests","Response Processing Properties"],"duration":7,"failureDetails":[],"failureMessages":[],"fullName":"HTTP Adapter Property Tests Response Processing Properties should always process JSON responses correctly","invocations":1,"location":null,"numPassingAsserts":80,"retryReasons":[],"status":"passed","title":"should always process JSON responses correctly"},{"ancestorTitles":["HTTP Adapter Property Tests","Response Processing Properties"],"duration":4,"failureDetails":[],"failureMessages":[],"fullName":"HTTP Adapter Property Tests Response Processing Properties should always process text responses correctly","invocations":1,"location":null,"numPassingAsserts":20,"retryReasons":[],"status":"passed","title":"should always process text responses correctly"},{"ancestorTitles":["HTTP Adapter Property Tests","Response Processing Properties"],"duration":3,"failureDetails":[],"failureMessages":[],"fullName":"HTTP Adapter Property Tests Response Processing Properties should always handle malformed JSON gracefully","invocations":1,"location":null,"numPassingAsserts":20,"retryReasons":[],"status":"passed","title":"should always handle malformed JSON gracefully"},{"ancestorTitles":["HTTP Adapter Property Tests","Timeout Properties"],"duration":3269,"failureDetails":[],"failureMessages":[],"fullName":"HTTP Adapter Property Tests Timeout Properties should always timeout after specified duration","invocations":1,"location":null,"numPassingAsserts":10,"retryReasons":[],"status":"passed","title":"should always timeout after specified duration"},{"ancestorTitles":["HTTP Adapter Property Tests","Concurrency Properties"],"duration":8,"failureDetails":[],"failureMessages":[],"fullName":"HTTP Adapter Property Tests Concurrency Properties should handle concurrent requests without interference","invocations":1,"location":null,"numPassingAsserts":55,"retryReasons":[],"status":"passed","title":"should handle concurrent requests without interference"}],"endTime":1760925815630,"message":"","name":"/Users/d/portfolio/OSSP-AGI/tests/property/workflow/http-adapter.test.js","startTime":1760925809134,"status":"passed","summary":""},{"assertionResults":[{"ancestorTitles":["Registry API Server","Server Initialization"],"duration":164,"failureDetails":[],"failureMessages":[],"fullName":"Registry API Server Server Initialization should initialize with default configuration","invocations":1,"location":null,"numPassingAsserts":3,"retryReasons":[],"status":"passed","title":"should initialize with default configuration"},{"ancestorTitles":["Registry API Server","Server Initialization"],"duration":154,"failureDetails":[],"failureMessages":[],"fullName":"Registry API Server Server Initialization should initialize with custom configuration","invocations":1,"location":null,"numPassingAsserts":2,"retryReasons":[],"status":"passed","title":"should initialize with custom configuration"},{"ancestorTitles":["Registry API Server","Server Initialization"],"duration":12,"failureDetails":[],"failureMessages":[],"fullName":"Registry API Server Server Initialization should handle initialization errors","invocations":1,"location":null,"numPassingAsserts":1,"retryReasons":[],"status":"passed","title":"should handle initialization errors"},{"ancestorTitles":["Registry API Server","Server Initialization"],"duration":1,"failureDetails":[],"failureMessages":[],"fullName":"Registry API Server Server Initialization should provide server status","invocations":1,"location":null,"numPassingAsserts":4,"retryReasons":[],"status":"passed","title":"should provide server status"},{"ancestorTitles":["Registry API Server","Health Check Endpoint"],"duration":154,"failureDetails":[],"failureMessages":[],"fullName":"Registry API Server Health Check Endpoint should return health status","invocations":1,"location":null,"numPassingAsserts":4,"retryReasons":[],"status":"passed","title":"should return health status"},{"ancestorTitles":["Registry API Server","Statistics Endpoint"],"duration":158,"failureDetails":[],"failureMessages":[],"fullName":"Registry API Server Statistics Endpoint should return statistics","invocations":1,"location":null,"numPassingAsserts":4,"retryReasons":[],"status":"passed","title":"should return statistics"},{"ancestorTitles":["Registry API Server","Agent List Endpoint"],"duration":153,"failureDetails":[],"failureMessages":[],"fullName":"Registry API Server Agent List Endpoint should list agents with default parameters","invocations":1,"location":null,"numPassingAsserts":3,"retryReasons":[],"status":"passed","title":"should list agents with default parameters"},{"ancestorTitles":["Registry API Server","Agent List Endpoint"],"duration":154,"failureDetails":[],"failureMessages":[],"fullName":"Registry API Server Agent List Endpoint should list agents with query parameters","invocations":1,"location":null,"numPassingAsserts":2,"retryReasons":[],"status":"passed","title":"should list agents with query parameters"},{"ancestorTitles":["Registry API Server","Agent List Endpoint"],"duration":155,"failureDetails":[],"failureMessages":[],"fullName":"Registry API Server Agent List Endpoint should handle discovery errors","invocations":1,"location":null,"numPassingAsserts":2,"retryReasons":[],"status":"passed","title":"should handle discovery errors"},{"ancestorTitles":["Registry API Server","Agent Registration Endpoint"],"duration":157,"failureDetails":[],"failureMessages":[],"fullName":"Registry API Server Agent Registration Endpoint should register agent successfully","invocations":1,"location":null,"numPassingAsserts":3,"retryReasons":[],"status":"passed","title":"should register agent successfully"},{"ancestorTitles":["Registry API Server","Agent Registration Endpoint"],"duration":154,"failureDetails":[],"failureMessages":[],"fullName":"Registry API Server Agent Registration Endpoint should handle missing request body","invocations":1,"location":null,"numPassingAsserts":2,"retryReasons":[],"status":"passed","title":"should handle missing request body"},{"ancestorTitles":["Registry API Server","Agent Registration Endpoint"],"duration":154,"failureDetails":[],"failureMessages":[],"fullName":"Registry API Server Agent Registration Endpoint should handle URN format errors","invocations":1,"location":null,"numPassingAsserts":2,"retryReasons":[],"status":"passed","title":"should handle URN format errors"},{"ancestorTitles":["Registry API Server","Agent Registration Endpoint"],"duration":155,"failureDetails":[],"failureMessages":[],"fullName":"Registry API Server Agent Registration Endpoint should handle duplicate agent errors","invocations":1,"location":null,"numPassingAsserts":2,"retryReasons":[],"status":"passed","title":"should handle duplicate agent errors"},{"ancestorTitles":["Registry API Server","Get Agent Endpoint"],"duration":156,"failureDetails":[],"failureMessages":[],"fullName":"Registry API Server Get Agent Endpoint should get agent by URN","invocations":1,"location":null,"numPassingAsserts":3,"retryReasons":[],"status":"passed","title":"should get agent by URN"},{"ancestorTitles":["Registry API Server","Get Agent Endpoint"],"duration":154,"failureDetails":[],"failureMessages":[],"fullName":"Registry API Server Get Agent Endpoint should return 404 for non-existent agent","invocations":1,"location":null,"numPassingAsserts":2,"retryReasons":[],"status":"passed","title":"should return 404 for non-existent agent"},{"ancestorTitles":["Registry API Server","Get Agent Endpoint"],"duration":155,"failureDetails":[],"failureMessages":[],"fullName":"Registry API Server Get Agent Endpoint should handle URN format errors","invocations":1,"location":null,"numPassingAsserts":2,"retryReasons":[],"status":"passed","title":"should handle URN format errors"},{"ancestorTitles":["Registry API Server","Domain Endpoint"],"duration":157,"failureDetails":[],"failureMessages":[],"fullName":"Registry API Server Domain Endpoint should list agents by domain","invocations":1,"location":null,"numPassingAsserts":3,"retryReasons":[],"status":"passed","title":"should list agents by domain"},{"ancestorTitles":["Registry API Server","Domain Endpoint"],"duration":155,"failureDetails":[],"failureMessages":[],"fullName":"Registry API Server Domain Endpoint should handle domain discovery errors","invocations":1,"location":null,"numPassingAsserts":2,"retryReasons":[],"status":"passed","title":"should handle domain discovery errors"},{"ancestorTitles":["Registry API Server","Capability Endpoint"],"duration":157,"failureDetails":[],"failureMessages":[],"fullName":"Registry API Server Capability Endpoint should list agents by capability","invocations":1,"location":null,"numPassingAsserts":3,"retryReasons":[],"status":"passed","title":"should list agents by capability"},{"ancestorTitles":["Registry API Server","Discovery Endpoint"],"duration":156,"failureDetails":[],"failureMessages":[],"fullName":"Registry API Server Discovery Endpoint should discover agents with query parameters","invocations":1,"location":null,"numPassingAsserts":2,"retryReasons":[],"status":"passed","title":"should discover agents with query parameters"},{"ancestorTitles":["Registry API Server","Discovery Endpoint"],"duration":156,"failureDetails":[],"failureMessages":[],"fullName":"Registry API Server Discovery Endpoint should handle discovery errors","invocations":1,"location":null,"numPassingAsserts":2,"retryReasons":[],"status":"passed","title":"should handle discovery errors"},{"ancestorTitles":["Registry API Server","CORS Handling"],"duration":157,"failureDetails":[],"failureMessages":[],"fullName":"Registry API Server CORS Handling should handle CORS preflight requests","invocations":1,"location":null,"numPassingAsserts":4,"retryReasons":[],"status":"passed","title":"should handle CORS preflight requests"},{"ancestorTitles":["Registry API Server","CORS Handling"],"duration":157,"failureDetails":[],"failureMessages":[],"fullName":"Registry API Server CORS Handling should include CORS headers in responses","invocations":1,"location":null,"numPassingAsserts":1,"retryReasons":[],"status":"passed","title":"should include CORS headers in responses"},{"ancestorTitles":["Registry API Server","Rate Limiting"],"duration":156,"failureDetails":[],"failureMessages":[],"fullName":"Registry API Server Rate Limiting should allow requests within rate limit","invocations":1,"location":null,"numPassingAsserts":2,"retryReasons":[],"status":"passed","title":"should allow requests within rate limit"},{"ancestorTitles":["Registry API Server","Rate Limiting"],"duration":153,"failureDetails":[],"failureMessages":[],"fullName":"Registry API Server Rate Limiting should reject requests exceeding rate limit","invocations":1,"location":null,"numPassingAsserts":2,"retryReasons":[],"status":"passed","title":"should reject requests exceeding rate limit"},{"ancestorTitles":["Registry API Server","Error Handling"],"duration":154,"failureDetails":[],"failureMessages":[],"fullName":"Registry API Server Error Handling should handle 404 for unknown routes","invocations":1,"location":null,"numPassingAsserts":3,"retryReasons":[],"status":"passed","title":"should handle 404 for unknown routes"},{"ancestorTitles":["Registry API Server","Error Handling"],"duration":158,"failureDetails":[],"failureMessages":[],"fullName":"Registry API Server Error Handling should handle server errors","invocations":1,"location":null,"numPassingAsserts":3,"retryReasons":[],"status":"passed","title":"should handle server errors"},{"ancestorTitles":["Registry API Server","Server Lifecycle"],"duration":156,"failureDetails":[],"failureMessages":[],"fullName":"Registry API Server Server Lifecycle should shutdown gracefully","invocations":1,"location":null,"numPassingAsserts":3,"retryReasons":[],"status":"passed","title":"should shutdown gracefully"},{"ancestorTitles":["Registry API Server","Server Lifecycle"],"duration":155,"failureDetails":[],"failureMessages":[],"fullName":"Registry API Server Server Lifecycle should emit lifecycle events","invocations":1,"location":null,"numPassingAsserts":2,"retryReasons":[],"status":"passed","title":"should emit lifecycle events"},{"ancestorTitles":["Registry API Server","Convenience Functions"],"duration":156,"failureDetails":[],"failureMessages":[],"fullName":"Registry API Server Convenience Functions should start server using convenience function","invocations":1,"location":null,"numPassingAsserts":2,"retryReasons":[],"status":"passed","title":"should start server using convenience function"},{"ancestorTitles":["Registry API Server","Performance"],"duration":155,"failureDetails":[],"failureMessages":[],"fullName":"Registry API Server Performance should handle high request volume efficiently","invocations":1,"location":null,"numPassingAsserts":2,"retryReasons":[],"status":"passed","title":"should handle high request volume efficiently"}],"endTime":1760925820263,"message":"","name":"/Users/d/portfolio/OSSP-AGI/tests/runtime/registry-api.test.js","startTime":1760925815633,"status":"passed","summary":""},{"assertionResults":[{"ancestorTitles":["Circuit Breaker","Circuit Breaker States"],"duration":2,"failureDetails":[],"failureMessages":[],"fullName":"Circuit Breaker Circuit Breaker States should start in CLOSED state","invocations":1,"location":null,"numPassingAsserts":2,"retryReasons":[],"status":"passed","title":"should start in CLOSED state"},{"ancestorTitles":["Circuit Breaker","Circuit Breaker States"],"duration":1,"failureDetails":[],"failureMessages":[],"fullName":"Circuit Breaker Circuit Breaker States should transition to OPEN state after failure threshold","invocations":1,"location":null,"numPassingAsserts":3,"retryReasons":[],"status":"passed","title":"should transition to OPEN state after failure threshold"},{"ancestorTitles":["Circuit Breaker","Circuit Breaker States"],"duration":1109,"failureDetails":[],"failureMessages":[],"fullName":"Circuit Breaker Circuit Breaker States should transition to HALF_OPEN state after timeout","invocations":1,"location":null,"numPassingAsserts":3,"retryReasons":[],"status":"passed","title":"should transition to HALF_OPEN state after timeout"},{"ancestorTitles":["Circuit Breaker","Circuit Breaker States"],"duration":1104,"failureDetails":[],"failureMessages":[],"fullName":"Circuit Breaker Circuit Breaker States should transition to CLOSED state after success threshold in half-open","invocations":1,"location":null,"numPassingAsserts":3,"retryReasons":[],"status":"passed","title":"should transition to CLOSED state after success threshold in half-open"},{"ancestorTitles":["Circuit Breaker","Circuit Breaker Execution"],"duration":0,"failureDetails":[],"failureMessages":[],"fullName":"Circuit Breaker Circuit Breaker Execution should execute successful function in CLOSED state","invocations":1,"location":null,"numPassingAsserts":3,"retryReasons":[],"status":"passed","title":"should execute successful function in CLOSED state"},{"ancestorTitles":["Circuit Breaker","Circuit Breaker Execution"],"duration":11,"failureDetails":[],"failureMessages":[],"fullName":"Circuit Breaker Circuit Breaker Execution should throw error when circuit is OPEN","invocations":1,"location":null,"numPassingAsserts":3,"retryReasons":[],"status":"passed","title":"should throw error when circuit is OPEN"},{"ancestorTitles":["Circuit Breaker","Circuit Breaker Execution"],"duration":1102,"failureDetails":[],"failureMessages":[],"fullName":"Circuit Breaker Circuit Breaker Execution should execute function in HALF_OPEN state","invocations":1,"location":null,"numPassingAsserts":3,"retryReasons":[],"status":"passed","title":"should execute function in HALF_OPEN state"},{"ancestorTitles":["Circuit Breaker","Circuit Breaker Execution"],"duration":1,"failureDetails":[],"failureMessages":[],"fullName":"Circuit Breaker Circuit Breaker Execution should reset failure count on successful execution","invocations":1,"location":null,"numPassingAsserts":3,"retryReasons":[],"status":"passed","title":"should reset failure count on successful execution"},{"ancestorTitles":["Circuit Breaker","Circuit Breaker Metrics"],"duration":1,"failureDetails":[],"failureMessages":[],"fullName":"Circuit Breaker Circuit Breaker Metrics should track successful requests","invocations":1,"location":null,"numPassingAsserts":4,"retryReasons":[],"status":"passed","title":"should track successful requests"},{"ancestorTitles":["Circuit Breaker","Circuit Breaker Metrics"],"duration":0,"failureDetails":[],"failureMessages":[],"fullName":"Circuit Breaker Circuit Breaker Metrics should track failed requests","invocations":1,"location":null,"numPassingAsserts":4,"retryReasons":[],"status":"passed","title":"should track failed requests"},{"ancestorTitles":["Circuit Breaker","Circuit Breaker Metrics"],"duration":1103,"failureDetails":[],"failureMessages":[],"fullName":"Circuit Breaker Circuit Breaker Metrics should track circuit opens and closes","invocations":1,"location":null,"numPassingAsserts":4,"retryReasons":[],"status":"passed","title":"should track circuit opens and closes"},{"ancestorTitles":["Circuit Breaker","Circuit Breaker Metrics"],"duration":2,"failureDetails":[],"failureMessages":[],"fullName":"Circuit Breaker Circuit Breaker Metrics should reset metrics","invocations":1,"location":null,"numPassingAsserts":4,"retryReasons":[],"status":"passed","title":"should reset metrics"},{"ancestorTitles":["Circuit Breaker","Circuit Breaker Status"],"duration":1,"failureDetails":[],"failureMessages":[],"fullName":"Circuit Breaker Circuit Breaker Status should return correct status","invocations":1,"location":null,"numPassingAsserts":7,"retryReasons":[],"status":"passed","title":"should return correct status"},{"ancestorTitles":["Circuit Breaker","Circuit Breaker Status"],"duration":1,"failureDetails":[],"failureMessages":[],"fullName":"Circuit Breaker Circuit Breaker Status should return health status","invocations":1,"location":null,"numPassingAsserts":6,"retryReasons":[],"status":"passed","title":"should return health status"},{"ancestorTitles":["Circuit Breaker","Circuit Breaker Status"],"duration":1,"failureDetails":[],"failureMessages":[],"fullName":"Circuit Breaker Circuit Breaker Status should return degraded health when circuit is open","invocations":1,"location":null,"numPassingAsserts":6,"retryReasons":[],"status":"passed","title":"should return degraded health when circuit is open"},{"ancestorTitles":["Circuit Breaker","Circuit Breaker History"],"duration":1,"failureDetails":[],"failureMessages":[],"fullName":"Circuit Breaker Circuit Breaker History should track request history","invocations":1,"location":null,"numPassingAsserts":3,"retryReasons":[],"status":"passed","title":"should track request history"},{"ancestorTitles":["Circuit Breaker","Circuit Breaker History"],"duration":2,"failureDetails":[],"failureMessages":[],"fullName":"Circuit Breaker Circuit Breaker History should track recent failures","invocations":1,"location":null,"numPassingAsserts":2,"retryReasons":[],"status":"passed","title":"should track recent failures"},{"ancestorTitles":["Circuit Breaker","Circuit Breaker History"],"duration":7,"failureDetails":[],"failureMessages":[],"fullName":"Circuit Breaker Circuit Breaker History should limit history size","invocations":1,"location":null,"numPassingAsserts":1,"retryReasons":[],"status":"passed","title":"should limit history size"},{"ancestorTitles":["Circuit Breaker","Circuit Breaker Reset"],"duration":1,"failureDetails":[],"failureMessages":[],"fullName":"Circuit Breaker Circuit Breaker Reset should reset circuit breaker to initial state","invocations":1,"location":null,"numPassingAsserts":5,"retryReasons":[],"status":"passed","title":"should reset circuit breaker to initial state"},{"ancestorTitles":["Circuit Breaker","Circuit Breaker Events"],"duration":1,"failureDetails":[],"failureMessages":[],"fullName":"Circuit Breaker Circuit Breaker Events should emit state change events","invocations":1,"location":null,"numPassingAsserts":1,"retryReasons":[],"status":"passed","title":"should emit state change events"},{"ancestorTitles":["Circuit Breaker","Circuit Breaker Events"],"duration":1,"failureDetails":[],"failureMessages":[],"fullName":"Circuit Breaker Circuit Breaker Events should emit success events","invocations":1,"location":null,"numPassingAsserts":1,"retryReasons":[],"status":"passed","title":"should emit success events"},{"ancestorTitles":["Circuit Breaker","Circuit Breaker Events"],"duration":1,"failureDetails":[],"failureMessages":[],"fullName":"Circuit Breaker Circuit Breaker Events should emit failure events","invocations":1,"location":null,"numPassingAsserts":1,"retryReasons":[],"status":"passed","title":"should emit failure events"},{"ancestorTitles":["Circuit Breaker Manager","Circuit Breaker Management"],"duration":1,"failureDetails":[],"failureMessages":[],"fullName":"Circuit Breaker Manager Circuit Breaker Management should get or create circuit breaker for service","invocations":1,"location":null,"numPassingAsserts":4,"retryReasons":[],"status":"passed","title":"should get or create circuit breaker for service"},{"ancestorTitles":["Circuit Breaker Manager","Circuit Breaker Management"],"duration":1,"failureDetails":[],"failureMessages":[],"fullName":"Circuit Breaker Manager Circuit Breaker Management should execute function with circuit breaker protection","invocations":1,"location":null,"numPassingAsserts":2,"retryReasons":[],"status":"passed","title":"should execute function with circuit breaker protection"},{"ancestorTitles":["Circuit Breaker Manager","Circuit Breaker Management"],"duration":11,"failureDetails":[],"failureMessages":[],"fullName":"Circuit Breaker Manager Circuit Breaker Management should handle different services independently","invocations":1,"location":null,"numPassingAsserts":3,"retryReasons":[],"status":"passed","title":"should handle different services independently"},{"ancestorTitles":["Circuit Breaker Manager","Manager Status and Health"],"duration":1,"failureDetails":[],"failureMessages":[],"fullName":"Circuit Breaker Manager Manager Status and Health should get status of all circuit breakers","invocations":1,"location":null,"numPassingAsserts":3,"retryReasons":[],"status":"passed","title":"should get status of all circuit breakers"},{"ancestorTitles":["Circuit Breaker Manager","Manager Status and Health"],"duration":1,"failureDetails":[],"failureMessages":[],"fullName":"Circuit Breaker Manager Manager Status and Health should get health of all circuit breakers","invocations":1,"location":null,"numPassingAsserts":3,"retryReasons":[],"status":"passed","title":"should get health of all circuit breakers"},{"ancestorTitles":["Circuit Breaker Manager","Manager Operations"],"duration":1,"failureDetails":[],"failureMessages":[],"fullName":"Circuit Breaker Manager Manager Operations should reset all circuit breakers","invocations":1,"location":null,"numPassingAsserts":2,"retryReasons":[],"status":"passed","title":"should reset all circuit breakers"},{"ancestorTitles":["Circuit Breaker Manager","Manager Operations"],"duration":1,"failureDetails":[],"failureMessages":[],"fullName":"Circuit Breaker Manager Manager Operations should remove circuit breaker","invocations":1,"location":null,"numPassingAsserts":2,"retryReasons":[],"status":"passed","title":"should remove circuit breaker"},{"ancestorTitles":["Circuit Breaker Manager","Manager Operations"],"duration":1,"failureDetails":[],"failureMessages":[],"fullName":"Circuit Breaker Manager Manager Operations should clear all circuit breakers","invocations":1,"location":null,"numPassingAsserts":3,"retryReasons":[],"status":"passed","title":"should clear all circuit breakers"},{"ancestorTitles":["Circuit Breaker Manager","Manager Events"],"duration":0,"failureDetails":[],"failureMessages":[],"fullName":"Circuit Breaker Manager Manager Events should emit state change events","invocations":1,"location":null,"numPassingAsserts":1,"retryReasons":[],"status":"passed","title":"should emit state change events"},{"ancestorTitles":["Convenience Functions"],"duration":0,"failureDetails":[],"failureMessages":[],"fullName":"Convenience Functions should execute with circuit breaker using convenience function","invocations":1,"location":null,"numPassingAsserts":2,"retryReasons":[],"status":"passed","title":"should execute with circuit breaker using convenience function"},{"ancestorTitles":["Convenience Functions"],"duration":1,"failureDetails":[],"failureMessages":[],"fullName":"Convenience Functions should handle errors with convenience function","invocations":1,"location":null,"numPassingAsserts":1,"retryReasons":[],"status":"passed","title":"should handle errors with convenience function"},{"ancestorTitles":["Circuit Breaker Constants"],"duration":1,"failureDetails":[],"failureMessages":[],"fullName":"Circuit Breaker Constants should export circuit breaker states","invocations":1,"location":null,"numPassingAsserts":3,"retryReasons":[],"status":"passed","title":"should export circuit breaker states"},{"ancestorTitles":["Circuit Breaker Constants"],"duration":1,"failureDetails":[],"failureMessages":[],"fullName":"Circuit Breaker Constants should export default configuration","invocations":1,"location":null,"numPassingAsserts":4,"retryReasons":[],"status":"passed","title":"should export default configuration"}],"endTime":1760925824795,"message":"","name":"/Users/d/portfolio/OSSP-AGI/tests/runtime/circuit-breaker.test.js","startTime":1760925820268,"status":"passed","summary":""},{"assertionResults":[{"ancestorTitles":["Well-Known Server","Server Lifecycle"],"duration":157,"failureDetails":[],"failureMessages":[],"fullName":"Well-Known Server Server Lifecycle should start server successfully","invocations":1,"location":null,"numPassingAsserts":2,"retryReasons":[],"status":"passed","title":"should start server successfully"},{"ancestorTitles":["Well-Known Server","Server Lifecycle"],"duration":154,"failureDetails":[],"failureMessages":[],"fullName":"Well-Known Server Server Lifecycle should stop server successfully","invocations":1,"location":null,"numPassingAsserts":2,"retryReasons":[],"status":"passed","title":"should stop server successfully"},{"ancestorTitles":["Well-Known Server","Server Lifecycle"],"duration":165,"failureDetails":[],"failureMessages":[],"fullName":"Well-Known Server Server Lifecycle should throw error when starting already running server","invocations":1,"location":null,"numPassingAsserts":2,"retryReasons":[],"status":"passed","title":"should throw error when starting already running server"},{"ancestorTitles":["Well-Known Server","Server Lifecycle"],"duration":1,"failureDetails":[],"failureMessages":[],"fullName":"Well-Known Server Server Lifecycle should handle stop when not running","invocations":1,"location":null,"numPassingAsserts":2,"retryReasons":[],"status":"passed","title":"should handle stop when not running"},{"ancestorTitles":["Well-Known Server","Server Lifecycle"],"duration":154,"failureDetails":[],"failureMessages":[],"fullName":"Well-Known Server Server Lifecycle should emit started event","invocations":1,"location":null,"numPassingAsserts":1,"retryReasons":[],"status":"passed","title":"should emit started event"},{"ancestorTitles":["Well-Known Server","Server Lifecycle"],"duration":156,"failureDetails":[],"failureMessages":[],"fullName":"Well-Known Server Server Lifecycle should emit stopped event","invocations":1,"location":null,"numPassingAsserts":1,"retryReasons":[],"status":"passed","title":"should emit stopped event"},{"ancestorTitles":["Well-Known Server","Server Status"],"duration":2,"failureDetails":[],"failureMessages":[],"fullName":"Well-Known Server Server Status should return correct status when stopped","invocations":1,"location":null,"numPassingAsserts":4,"retryReasons":[],"status":"passed","title":"should return correct status when stopped"},{"ancestorTitles":["Well-Known Server","Server Status"],"duration":155,"failureDetails":[],"failureMessages":[],"fullName":"Well-Known Server Server Status should return correct status when running","invocations":1,"location":null,"numPassingAsserts":3,"retryReasons":[],"status":"passed","title":"should return correct status when running"},{"ancestorTitles":["Well-Known Server","Request Handling"],"duration":205,"failureDetails":[],"failureMessages":[],"fullName":"Well-Known Server Request Handling should handle capabilities list request","invocations":1,"location":null,"numPassingAsserts":7,"retryReasons":[],"status":"passed","title":"should handle capabilities list request"},{"ancestorTitles":["Well-Known Server","Request Handling"],"duration":258,"failureDetails":[],"failureMessages":[],"fullName":"Well-Known Server Request Handling should handle capabilities by URN request","invocations":1,"location":null,"numPassingAsserts":5,"retryReasons":[],"status":"passed","title":"should handle capabilities by URN request"},{"ancestorTitles":["Well-Known Server","Request Handling"],"duration":156,"failureDetails":[],"failureMessages":[],"fullName":"Well-Known Server Request Handling should handle CORS preflight request","invocations":1,"location":null,"numPassingAsserts":5,"retryReasons":[],"status":"passed","title":"should handle CORS preflight request"},{"ancestorTitles":["Well-Known Server","Request Handling"],"duration":154,"failureDetails":[],"failureMessages":[],"fullName":"Well-Known Server Request Handling should handle 404 for unknown routes","invocations":1,"location":null,"numPassingAsserts":4,"retryReasons":[],"status":"passed","title":"should handle 404 for unknown routes"},{"ancestorTitles":["Well-Known Server","Request Handling"],"duration":158,"failureDetails":[],"failureMessages":[],"fullName":"Well-Known Server Request Handling should handle invalid URN format","invocations":1,"location":null,"numPassingAsserts":4,"retryReasons":[],"status":"passed","title":"should handle invalid URN format"},{"ancestorTitles":["Well-Known Server","Request Handling"],"duration":154,"failureDetails":[],"failureMessages":[],"fullName":"Well-Known Server Request Handling should handle URN resolution error","invocations":1,"location":null,"numPassingAsserts":4,"retryReasons":[],"status":"passed","title":"should handle URN resolution error"},{"ancestorTitles":["Well-Known Server","Request Handling"],"duration":157,"failureDetails":[],"failureMessages":[],"fullName":"Well-Known Server Request Handling should handle server errors","invocations":1,"location":null,"numPassingAsserts":4,"retryReasons":[],"status":"passed","title":"should handle server errors"},{"ancestorTitles":["Well-Known Server","CORS Configuration"],"duration":2,"failureDetails":[],"failureMessages":[],"fullName":"Well-Known Server CORS Configuration should use default CORS settings","invocations":1,"location":null,"numPassingAsserts":4,"retryReasons":[],"status":"passed","title":"should use default CORS settings"},{"ancestorTitles":["Well-Known Server","CORS Configuration"],"duration":1,"failureDetails":[],"failureMessages":[],"fullName":"Well-Known Server CORS Configuration should use custom CORS settings","invocations":1,"location":null,"numPassingAsserts":3,"retryReasons":[],"status":"passed","title":"should use custom CORS settings"},{"ancestorTitles":["Well-Known Server","CORS Configuration"],"duration":205,"failureDetails":[],"failureMessages":[],"fullName":"Well-Known Server CORS Configuration should include CORS headers in responses","invocations":1,"location":null,"numPassingAsserts":2,"retryReasons":[],"status":"passed","title":"should include CORS headers in responses"},{"ancestorTitles":["Well-Known Server","Integration with ACM Generator and URN Resolver"],"duration":0,"failureDetails":[],"failureMessages":[],"fullName":"Well-Known Server Integration with ACM Generator and URN Resolver should have ACM generator instance","invocations":1,"location":null,"numPassingAsserts":1,"retryReasons":[],"status":"passed","title":"should have ACM generator instance"},{"ancestorTitles":["Well-Known Server","Integration with ACM Generator and URN Resolver"],"duration":1,"failureDetails":[],"failureMessages":[],"fullName":"Well-Known Server Integration with ACM Generator and URN Resolver should have URN resolver instance","invocations":1,"location":null,"numPassingAsserts":1,"retryReasons":[],"status":"passed","title":"should have URN resolver instance"},{"ancestorTitles":["Well-Known Server","Integration with ACM Generator and URN Resolver"],"duration":206,"failureDetails":[],"failureMessages":[],"fullName":"Well-Known Server Integration with ACM Generator and URN Resolver should use URN resolver for capability discovery","invocations":1,"location":null,"numPassingAsserts":1,"retryReasons":[],"status":"passed","title":"should use URN resolver for capability discovery"},{"ancestorTitles":["Well-Known Server","Integration with ACM Generator and URN Resolver"],"duration":257,"failureDetails":[],"failureMessages":[],"fullName":"Well-Known Server Integration with ACM Generator and URN Resolver should use URN resolver for URN resolution","invocations":1,"location":null,"numPassingAsserts":1,"retryReasons":[],"status":"passed","title":"should use URN resolver for URN resolution"},{"ancestorTitles":["Well-Known Server","Convenience Functions"],"duration":2,"failureDetails":[],"failureMessages":[],"fullName":"Well-Known Server Convenience Functions createWellKnownServer should create server instance","invocations":1,"location":null,"numPassingAsserts":1,"retryReasons":[],"status":"passed","title":"createWellKnownServer should create server instance"},{"ancestorTitles":["Well-Known Server","Convenience Functions"],"duration":155,"failureDetails":[],"failureMessages":[],"fullName":"Well-Known Server Convenience Functions startWellKnownServer should create and start server","invocations":1,"location":null,"numPassingAsserts":2,"retryReasons":[],"status":"passed","title":"startWellKnownServer should create and start server"},{"ancestorTitles":["Well-Known Server","Error Handling"],"duration":157,"failureDetails":[],"failureMessages":[],"fullName":"Well-Known Server Error Handling should wrap non-well-known errors","invocations":1,"location":null,"numPassingAsserts":2,"retryReasons":[],"status":"passed","title":"should wrap non-well-known errors"},{"ancestorTitles":["Well-Known Server","Error Handling"],"duration":156,"failureDetails":[],"failureMessages":[],"fullName":"Well-Known Server Error Handling should preserve error context in logs","invocations":1,"location":null,"numPassingAsserts":1,"retryReasons":[],"status":"passed","title":"should preserve error context in logs"},{"ancestorTitles":["Well-Known Server","Request Context Parsing"],"duration":207,"failureDetails":[],"failureMessages":[],"fullName":"Well-Known Server Request Context Parsing should parse query parameters","invocations":1,"location":null,"numPassingAsserts":1,"retryReasons":[],"status":"passed","title":"should parse query parameters"},{"ancestorTitles":["Well-Known Server","Request Context Parsing"],"duration":257,"failureDetails":[],"failureMessages":[],"fullName":"Well-Known Server Request Context Parsing should decode URN in URL path","invocations":1,"location":null,"numPassingAsserts":1,"retryReasons":[],"status":"passed","title":"should decode URN in URL path"}],"endTime":1760925828668,"message":"","name":"/Users/d/portfolio/OSSP-AGI/tests/runtime/well-known-server.test.js","startTime":1760925824801,"status":"passed","summary":""},{"assertionResults":[{"ancestorTitles":["Retry Policy","Retry Policy Execution"],"duration":1,"failureDetails":[],"failureMessages":[],"fullName":"Retry Policy Retry Policy Execution should execute successful function without retries","invocations":1,"location":null,"numPassingAsserts":2,"retryReasons":[],"status":"passed","title":"should execute successful function without retries"},{"ancestorTitles":["Retry Policy","Retry Policy Execution"],"duration":309,"failureDetails":[],"failureMessages":[],"fullName":"Retry Policy Retry Policy Execution should retry failed function and eventually succeed","invocations":1,"location":null,"numPassingAsserts":2,"retryReasons":[],"status":"passed","title":"should retry failed function and eventually succeed"},{"ancestorTitles":["Retry Policy","Retry Policy Execution"],"duration":719,"failureDetails":[],"failureMessages":[],"fullName":"Retry Policy Retry Policy Execution should throw RetryError after max retries exhausted","invocations":1,"location":null,"numPassingAsserts":2,"retryReasons":[],"status":"passed","title":"should throw RetryError after max retries exhausted"},{"ancestorTitles":["Retry Policy","Retry Policy Execution"],"duration":2,"failureDetails":[],"failureMessages":[],"fullName":"Retry Policy Retry Policy Execution should not retry non-retryable errors","invocations":1,"location":null,"numPassingAsserts":2,"retryReasons":[],"status":"passed","title":"should not retry non-retryable errors"},{"ancestorTitles":["Retry Policy","Retry Policy Execution"],"duration":708,"failureDetails":[],"failureMessages":[],"fullName":"Retry Policy Retry Policy Execution should respect retryable flag on errors","invocations":1,"location":null,"numPassingAsserts":4,"retryReasons":[],"status":"passed","title":"should respect retryable flag on errors"},{"ancestorTitles":["Retry Policy","Retry Delay Calculation"],"duration":2,"failureDetails":[],"failureMessages":[],"fullName":"Retry Policy Retry Delay Calculation should calculate exponential backoff delay","invocations":1,"location":null,"numPassingAsserts":3,"retryReasons":[],"status":"passed","title":"should calculate exponential backoff delay"},{"ancestorTitles":["Retry Policy","Retry Delay Calculation"],"duration":1,"failureDetails":[],"failureMessages":[],"fullName":"Retry Policy Retry Delay Calculation should respect max delay limit","invocations":1,"location":null,"numPassingAsserts":1,"retryReasons":[],"status":"passed","title":"should respect max delay limit"},{"ancestorTitles":["Retry Policy","Retry Delay Calculation"],"duration":2,"failureDetails":[],"failureMessages":[],"fullName":"Retry Policy Retry Delay Calculation should calculate linear backoff delay","invocations":1,"location":null,"numPassingAsserts":3,"retryReasons":[],"status":"passed","title":"should calculate linear backoff delay"},{"ancestorTitles":["Retry Policy","Retry Delay Calculation"],"duration":1,"failureDetails":[],"failureMessages":[],"fullName":"Retry Policy Retry Delay Calculation should calculate fixed delay","invocations":1,"location":null,"numPassingAsserts":3,"retryReasons":[],"status":"passed","title":"should calculate fixed delay"},{"ancestorTitles":["Retry Policy","Retry Delay Calculation"],"duration":1,"failureDetails":[],"failureMessages":[],"fullName":"Retry Policy Retry Delay Calculation should calculate immediate delay","invocations":1,"location":null,"numPassingAsserts":2,"retryReasons":[],"status":"passed","title":"should calculate immediate delay"},{"ancestorTitles":["Retry Policy","Retry Delay Calculation"],"duration":1,"failureDetails":[],"failureMessages":[],"fullName":"Retry Policy Retry Delay Calculation should add jitter when enabled","invocations":1,"location":null,"numPassingAsserts":1,"retryReasons":[],"status":"passed","title":"should add jitter when enabled"},{"ancestorTitles":["Retry Policy","Retry Policy Metrics"],"duration":1,"failureDetails":[],"failureMessages":[],"fullName":"Retry Policy Retry Policy Metrics should track successful attempts","invocations":1,"location":null,"numPassingAsserts":4,"retryReasons":[],"status":"passed","title":"should track successful attempts"},{"ancestorTitles":["Retry Policy","Retry Policy Metrics"],"duration":705,"failureDetails":[],"failureMessages":[],"fullName":"Retry Policy Retry Policy Metrics should track failed attempts","invocations":1,"location":null,"numPassingAsserts":4,"retryReasons":[],"status":"passed","title":"should track failed attempts"},{"ancestorTitles":["Retry Policy","Retry Policy Metrics"],"duration":306,"failureDetails":[],"failureMessages":[],"fullName":"Retry Policy Retry Policy Metrics should track retry attempts","invocations":1,"location":null,"numPassingAsserts":2,"retryReasons":[],"status":"passed","title":"should track retry attempts"},{"ancestorTitles":["Retry Policy","Retry Policy Metrics"],"duration":104,"failureDetails":[],"failureMessages":[],"fullName":"Retry Policy Retry Policy Metrics should calculate average retry time","invocations":1,"location":null,"numPassingAsserts":1,"retryReasons":[],"status":"passed","title":"should calculate average retry time"},{"ancestorTitles":["Retry Policy","Retry Policy Metrics"],"duration":1,"failureDetails":[],"failureMessages":[],"fullName":"Retry Policy Retry Policy Metrics should reset metrics","invocations":1,"location":null,"numPassingAsserts":4,"retryReasons":[],"status":"passed","title":"should reset metrics"},{"ancestorTitles":["Retry Policy","Retry Policy Status"],"duration":1,"failureDetails":[],"failureMessages":[],"fullName":"Retry Policy Retry Policy Status should return policy status","invocations":1,"location":null,"numPassingAsserts":4,"retryReasons":[],"status":"passed","title":"should return policy status"},{"ancestorTitles":["Retry Policy","Retry Policy Events"],"duration":104,"failureDetails":[],"failureMessages":[],"fullName":"Retry Policy Retry Policy Events should emit retry events","invocations":1,"location":null,"numPassingAsserts":1,"retryReasons":[],"s
[...]
eMessages":[],"fullName":"PatternMatcher matchAPIPattern matches response patterns","invocations":1,"location":null,"numPassingAsserts":1,"retryReasons":[],"status":"passed","title":"matches response patterns"},{"ancestorTitles":["PatternMatcher","matchAPIPattern"],"duration":1,"failureDetails":[],"failureMessages":[],"fullName":"PatternMatcher matchAPIPattern caches API pattern matches","invocations":1,"location":null,"numPassingAsserts":1,"retryReasons":[],"status":"passed","title":"caches API pattern matches"},{"ancestorTitles":["PatternMatcher","cache management"],"duration":1,"failureDetails":[],"failureMessages":[],"fullName":"PatternMatcher cache management clearCache removes all cached matches","invocations":1,"location":null,"numPassingAsserts":2,"retryReasons":[],"status":"passed","title":"clearCache removes all cached matches"}],"endTime":1760925866579,"message":"","name":"/Users/d/portfolio/OSSP-AGI/tests/overrides/matcher.test.js","startTime":1760925866485,"status":"passed","summary":""},{"assertionResults":[{"ancestorTitles":[],"duration":8,"failureDetails":[],"failureMessages":[],"fullName":"postgres adapter builds catalog","invocations":1,"location":null,"numPassingAsserts":4,"retryReasons":[],"status":"passed","title":"postgres adapter builds catalog"}],"endTime":1760925866660,"message":"","name":"/Users/d/portfolio/OSSP-AGI/tests/adapters/postgres.spec.mjs","startTime":1760925866582,"status":"passed","summary":""},{"assertionResults":[{"ancestorTitles":["IAM authorize()"],"duration":2,"failureDetails":[],"failureMessages":[],"fullName":"IAM authorize() allows permitted capability for matching resource","invocations":1,"location":null,"numPassingAsserts":3,"retryReasons":[],"status":"passed","title":"allows permitted capability for matching resource"},{"ancestorTitles":["IAM authorize()"],"duration":1,"failureDetails":[],"failureMessages":[],"fullName":"IAM authorize() permits (warn) when capability not allowed in permissive mode","invocations":1,"location":null,"numPassingAsserts":2,"retryReasons":[],"status":"passed","title":"permits (warn) when capability not allowed in permissive mode"},{"ancestorTitles":["IAM authorize()"],"duration":4,"failureDetails":[],"failureMessages":[],"fullName":"IAM authorize() writes audit entries for decisions","invocations":1,"location":null,"numPassingAsserts":5,"retryReasons":[],"status":"passed","title":"writes audit entries for decisions"}],"endTime":1760925866744,"message":"","name":"/Users/d/portfolio/OSSP-AGI/tests/security/iam.spec.mjs","startTime":1760925866662,"status":"passed","summary":""},{"assertionResults":[{"ancestorTitles":["release canary + rollback"],"duration":8,"failureDetails":[],"failureMessages":[],"fullName":"release canary + rollback annotates manifest when canary passes","invocations":1,"location":null,"numPassingAsserts":5,"retryReasons":[],"status":"passed","title":"annotates manifest when canary passes"},{"ancestorTitles":["release canary + rollback"],"duration":6,"failureDetails":[],"failureMessages":[],"fullName":"release canary + rollback records rollback event when thresholds are breached","invocations":1,"location":null,"numPassingAsserts":9,"retryReasons":[],"status":"passed","title":"records rollback event when thresholds are breached"}],"endTime":1760925866835,"message":"","name":"/Users/d/portfolio/OSSP-AGI/tests/release/canary-rollback.spec.mjs","startTime":1760925866746,"status":"passed","summary":""},{"assertionResults":[{"ancestorTitles":[],"duration":13,"failureDetails":[],"failureMessages":[],"fullName":"openapi adapter builds catalog","invocations":1,"location":null,"numPassingAsserts":4,"retryReasons":[],"status":"passed","title":"openapi adapter builds catalog"}],"endTime":1760925866919,"message":"","name":"/Users/d/portfolio/OSSP-AGI/tests/adapters/openapi.spec.mjs","startTime":1760925866837,"status":"passed","summary":""},{"assertionResults":[{"ancestorTitles":[],"duration":8,"failureDetails":[],"failureMessages":[],"fullName":"asyncapi adapter builds catalog","invocations":1,"location":null,"numPassingAsserts":4,"retryReasons":[],"status":"passed","title":"asyncapi adapter builds catalog"}],"endTime":1760925866999,"message":"","name":"/Users/d/portfolio/OSSP-AGI/tests/adapters/asyncapi.spec.mjs","startTime":1760925866921,"status":"passed","summary":""},{"assertionResults":[{"ancestorTitles":["draw.io guardrails"],"duration":2,"failureDetails":[],"failureMessages":[],"fullName":"draw.io guardrails classifies small graphs as optimal","invocations":1,"location":null,"numPassingAsserts":3,"retryReasons":[],"status":"passed","title":"classifies small graphs as optimal"},{"ancestorTitles":["draw.io guardrails"],"duration":2,"failureDetails":[],"failureMessages":[],"fullName":"draw.io guardrails escalates to critical tier for very large graphs and surfaces mitigation","invocations":1,"location":null,"numPassingAsserts":4,"retryReasons":[],"status":"passed","title":"escalates to critical tier for very large graphs and surfaces mitigation"},{"ancestorTitles":["draw.io decomposition strategies"],"duration":1,"failureDetails":[],"failureMessages":[],"fullName":"draw.io decomposition strategies splits graphs by property into isolated pages","invocations":1,"location":null,"numPassingAsserts":7,"retryReasons":[],"status":"passed","title":"splits graphs by property into isolated pages"},{"ancestorTitles":["draw.io decomposition strategies"],"duration":1,"failureDetails":[],"failureMessages":[],"fullName":"draw.io decomposition strategies creates layer plans with unassigned fallbacks","invocations":1,"location":null,"numPassingAsserts":5,"retryReasons":[],"status":"passed","title":"creates layer plans with unassigned fallbacks"}],"endTime":1760925867079,"message":"","name":"/Users/d/portfolio/OSSP-AGI/tests/visualization/drawio/guardrails.test.ts","startTime":1760925867001,"status":"passed","summary":""},{"assertionResults":[{"ancestorTitles":["Test Scaffold Generator","generateConsumerTest"],"duration":1,"failureDetails":[],"failureMessages":[],"fullName":"Test Scaffold Generator generateConsumerTest should generate basic Kafka test scaffold","invocations":1,"location":null,"numPassingAsserts":5,"retryReasons":[],"status":"passed","title":"should generate basic Kafka test scaffold"},{"ancestorTitles":["Test Scaffold Generator","generateConsumerTest"],"duration":0,"failureDetails":[],"failureMessages":[],"fullName":"Test Scaffold Generator generateConsumerTest should generate basic AMQP test scaffold","invocations":1,"location":null,"numPassingAsserts":3,"retryReasons":[],"status":"passed","title":"should generate basic AMQP test scaffold"},{"ancestorTitles":["Test Scaffold Generator","generateConsumerTest"],"duration":1,"failureDetails":[],"failureMessages":[],"fullName":"Test Scaffold Generator generateConsumerTest should generate basic MQTT test scaffold","invocations":1,"location":null,"numPassingAsserts":3,"retryReasons":[],"status":"passed","title":"should generate basic MQTT test scaffold"},{"ancestorTitles":["Test Scaffold Generator","generateConsumerTest"],"duration":0,"failureDetails":[],"failureMessages":[],"fullName":"Test Scaffold Generator generateConsumerTest should include PII masking test when PII fields exist","invocations":1,"location":null,"numPassingAsserts":2,"retryReasons":[],"status":"passed","title":"should include PII masking test when PII fields exist"},{"ancestorTitles":["Test Scaffold Generator","generateConsumerTest"],"duration":0,"failureDetails":[],"failureMessages":[],"fullName":"Test Scaffold Generator generateConsumerTest should include DLQ test when DLQ configured","invocations":1,"location":null,"numPassingAsserts":2,"retryReasons":[],"status":"passed","title":"should include DLQ test when DLQ configured"},{"ancestorTitles":["Test Scaffold Generator","generateConsumerTest"],"duration":0,"failureDetails":[],"failureMessages":[],"fullName":"Test Scaffold Generator generateConsumerTest should include connection lifecycle test","invocations":1,"location":null,"numPassingAsserts":3,"retryReasons":[],"status":"passed","title":"should include connection lifecycle test"},{"ancestorTitles":["Test Scaffold Generator","generateConsumerTest"],"duration":1,"failureDetails":[],"failureMessages":[],"fullName":"Test Scaffold Generator generateConsumerTest should include test strategy comments","invocations":1,"location":null,"numPassingAsserts":3,"retryReasons":[],"status":"passed","title":"should include test strategy comments"},{"ancestorTitles":["Test Scaffold Generator","generateConsumerTest"],"duration":0,"failureDetails":[],"failureMessages":[],"fullName":"Test Scaffold Generator generateConsumerTest should generate TypeScript test by default","invocations":1,"location":null,"numPassingAsserts":1,"retryReasons":[],"status":"passed","title":"should generate TypeScript test by default"},{"ancestorTitles":["Test Scaffold Generator","generateConsumerTest"],"duration":1,"failureDetails":[],"failureMessages":[],"fullName":"Test Scaffold Generator generateConsumerTest should generate JavaScript test when typescript option is false","invocations":1,"location":null,"numPassingAsserts":2,"retryReasons":[],"status":"passed","title":"should generate JavaScript test when typescript option is false"}],"endTime":1760925867162,"message":"","name":"/Users/d/portfolio/OSSP-AGI/tests/generators/test-generator.test.js","startTime":1760925867081,"status":"passed","summary":""},{"assertionResults":[{"ancestorTitles":["AMQP Consumer Generator","generateAMQPConsumer"],"duration":2,"failureDetails":[],"failureMessages":[],"fullName":"AMQP Consumer Generator generateAMQPConsumer should generate basic AMQP consumer","invocations":1,"location":null,"numPassingAsserts":5,"retryReasons":[],"status":"passed","title":"should generate basic AMQP consumer"},{"ancestorTitles":["AMQP Consumer Generator","generateAMQPConsumer"],"duration":0,"failureDetails":[],"failureMessages":[],"fullName":"AMQP Consumer Generator generateAMQPConsumer should include PII masking when PII fields exist","invocations":1,"location":null,"numPassingAsserts":2,"retryReasons":[],"status":"passed","title":"should include PII masking when PII fields exist"},{"ancestorTitles":["AMQP Consumer Generator","generateAMQPConsumer"],"duration":1,"failureDetails":[],"failureMessages":[],"fullName":"AMQP Consumer Generator generateAMQPConsumer should generate DLQ routing when configured","invocations":1,"location":null,"numPassingAsserts":3,"retryReasons":[],"status":"passed","title":"should generate DLQ routing when configured"},{"ancestorTitles":["AMQP Consumer Generator","generateAMQPConsumer"],"duration":1,"failureDetails":[],"failureMessages":[],"fullName":"AMQP Consumer Generator generateAMQPConsumer should use default values when metadata missing","invocations":1,"location":null,"numPassingAsserts":3,"retryReasons":[],"status":"passed","title":"should use default values when metadata missing"},{"ancestorTitles":["AMQP Consumer Generator","generateAMQPConsumer"],"duration":0,"failureDetails":[],"failureMessages":[],"fullName":"AMQP Consumer Generator generateAMQPConsumer should respect durable and prefetch settings","invocations":1,"location":null,"numPassingAsserts":2,"retryReasons":[],"status":"passed","title":"should respect durable and prefetch settings"},{"ancestorTitles":["AMQP Consumer Generator","generateAMQPConsumer"],"duration":1,"failureDetails":[],"failureMessages":[],"fullName":"AMQP Consumer Generator generateAMQPConsumer should handle exchange binding correctly","invocations":1,"location":null,"numPassingAsserts":4,"retryReasons":[],"status":"passed","title":"should handle exchange binding correctly"},{"ancestorTitles":["AMQP Consumer Generator","generateAMQPConsumer"],"duration":0,"failureDetails":[],"failureMessages":[],"fullName":"AMQP Consumer Generator generateAMQPConsumer should generate JavaScript when typescript option is false","invocations":1,"location":null,"numPassingAsserts":3,"retryReasons":[],"status":"passed","title":"should generate JavaScript when typescript option is false"}],"endTime":1760925867241,"message":"","name":"/Users/d/portfolio/OSSP-AGI/tests/generators/amqp-consumer-generator.test.js","startTime":1760925867164,"status":"passed","summary":""},{"assertionResults":[{"ancestorTitles":["esm-sample"],"duration":2,"failureDetails":[],"failureMessages":[],"fullName":"esm-sample imports as ESM and resolves URL","invocations":1,"location":null,"numPassingAsserts":2,"retryReasons":[],"status":"passed","title":"imports as ESM and resolves URL"}],"endTime":1760925867329,"message":"","name":"/Users/d/portfolio/OSSP-AGI/tests/_probe/esm.sample.test.ts","startTime":1760925867251,"status":"passed","summary":""},{"assertionResults":[{"ancestorTitles":["MQTT Consumer Generator","generateMQTTConsumer"],"duration":1,"failureDetails":[],"failureMessages":[],"fullName":"MQTT Consumer Generator generateMQTTConsumer should generate basic MQTT consumer","invocations":1,"location":null,"numPassingAsserts":4,"retryReasons":[],"status":"passed","title":"should generate basic MQTT consumer"},{"ancestorTitles":["MQTT Consumer Generator","generateMQTTConsumer"],"duration":0,"failureDetails":[],"failureMessages":[],"fullName":"MQTT Consumer Generator generateMQTTConsumer should include PII masking when PII fields exist","invocations":1,"location":null,"numPassingAsserts":2,"retryReasons":[],"status":"passed","title":"should include PII masking when PII fields exist"},{"ancestorTitles":["MQTT Consumer Generator","generateMQTTConsumer"],"duration":1,"failureDetails":[],"failureMessages":[],"fullName":"MQTT Consumer Generator generateMQTTConsumer should handle different QoS levels","invocations":1,"location":null,"numPassingAsserts":6,"retryReasons":[],"status":"passed","title":"should handle different QoS levels"},{"ancestorTitles":["MQTT Consumer Generator","generateMQTTConsumer"],"duration":1,"failureDetails":[],"failureMessages":[],"fullName":"MQTT Consumer Generator generateMQTTConsumer should use default QoS 0 when not specified","invocations":1,"location":null,"numPassingAsserts":2,"retryReasons":[],"status":"passed","title":"should use default QoS 0 when not specified"},{"ancestorTitles":["MQTT Consumer Generator","generateMQTTConsumer"],"duration":0,"failureDetails":[],"failureMessages":[],"fullName":"MQTT Consumer Generator generateMQTTConsumer should include retained message information","invocations":1,"location":null,"numPassingAsserts":1,"retryReasons":[],"status":"passed","title":"should include retained message information"},{"ancestorTitles":["MQTT Consumer Generator","generateMQTTConsumer"],"duration":1,"failureDetails":[],"failureMessages":[],"fullName":"MQTT Consumer Generator generateMQTTConsumer should include clean session information","invocations":1,"location":null,"numPassingAsserts":2,"retryReasons":[],"status":"passed","title":"should include clean session information"},{"ancestorTitles":["MQTT Consumer Generator","generateMQTTConsumer"],"duration":1,"failureDetails":[],"failureMessages":[],"fullName":"MQTT Consumer Generator generateMQTTConsumer should include ordering pattern comments when present","invocations":1,"location":null,"numPassingAsserts":1,"retryReasons":[],"status":"passed","title":"should include ordering pattern comments when present"},{"ancestorTitles":["MQTT Consumer Generator","generateMQTTConsumer"],"duration":1,"failureDetails":[],"failureMessages":[],"fullName":"MQTT Consumer Generator generateMQTTConsumer should generate JavaScript when typescript option is false","invocations":1,"location":null,"numPassingAsserts":4,"retryReasons":[],"status":"passed","title":"should generate JavaScript when typescript option is false"}],"endTime":1760925867412,"message":"","name":"/Users/d/portfolio/OSSP-AGI/tests/generators/mqtt-consumer-generator.test.js","startTime":1760925867332,"status":"passed","summary":""},{"assertionResults":[{"ancestorTitles":["Kafka Consumer Generator","toClassName"],"duration":2,"failureDetails":[],"failureMessages":[],"fullName":"Kafka Consumer Generator toClassName should convert event names to class names","invocations":1,"location":null,"numPassingAsserts":3,"retryReasons":[],"status":"passed","title":"should convert event names to class names"},{"ancestorTitles":["Kafka Consumer Generator","toClassName"],"duration":0,"failureDetails":[],"failureMessages":[],"fullName":"Kafka Consumer Generator toClassName should handle single word names","invocations":1,"location":null,"numPassingAsserts":1,"retryReasons":[],"status":"passed","title":"should handle single word names"},{"ancestorTitles":["Kafka Consumer Generator","generateKafkaConsumer"],"duration":1,"failureDetails":[],"failureMessages":[],"fullName":"Kafka Consumer Generator generateKafkaConsumer should generate basic Kafka consumer","invocations":1,"location":null,"numPassingAsserts":4,"retryReasons":[],"status":"passed","title":"should generate basic Kafka consumer"},{"ancestorTitles":["Kafka Consumer Generator","generateKafkaConsumer"],"duration":1,"failureDetails":[],"failureMessages":[],"fullName":"Kafka Consumer Generator generateKafkaConsumer should include PII masking imports when PII fields exist","invocations":1,"location":null,"numPassingAsserts":2,"retryReasons":[],"status":"passed","title":"should include PII masking imports when PII fields exist"},{"ancestorTitles":["Kafka Consumer Generator","generateKafkaConsumer"],"duration":1,"failureDetails":[],"failureMessages":[],"fullName":"Kafka Consumer Generator generateKafkaConsumer should generate DLQ routing when DLQ configured","invocations":1,"location":null,"numPassingAsserts":3,"retryReasons":[],"status":"passed","title":"should generate DLQ routing when DLQ configured"},{"ancestorTitles":["Kafka Consumer Generator","generateKafkaConsumer"],"duration":0,"failureDetails":[],"failureMessages":[],"fullName":"Kafka Consumer Generator generateKafkaConsumer should include warning when DLQ missing","invocations":1,"location":null,"numPassingAsserts":2,"retryReasons":[],"status":"passed","title":"should include warning when DLQ missing"},{"ancestorTitles":["Kafka Consumer Generator","generateKafkaConsumer"],"duration":1,"failureDetails":[],"failureMessages":[],"fullName":"Kafka Consumer Generator generateKafkaConsumer should include ordering pattern comments","invocations":1,"location":null,"numPassingAsserts":1,"retryReasons":[],"status":"passed","title":"should include ordering pattern comments"},{"ancestorTitles":["Kafka Consumer Generator","generateKafkaConsumer"],"duration":0,"failureDetails":[],"failureMessages":[],"fullName":"Kafka Consumer Generator generateKafkaConsumer should generate JavaScript when typescript option is false","invocations":1,"location":null,"numPassingAsserts":4,"retryReasons":[],"status":"passed","title":"should generate JavaScript when typescript option is false"},{"ancestorTitles":["Kafka Consumer Generator","generateKafkaConsumer"],"duration":1,"failureDetails":[],"failureMessages":[],"fullName":"Kafka Consumer Generator generateKafkaConsumer should handle manifests without optional fields","invocations":1,"location":null,"numPassingAsserts":2,"retryReasons":[],"status":"passed","title":"should handle manifests without optional fields"}],"endTime":1760925867490,"message":"","name":"/Users/d/portfolio/OSSP-AGI/tests/generators/kafka-consumer-generator.test.js","startTime":1760925867414,"status":"passed","summary":""},{"assertionResults":[{"ancestorTitles":["mcp-smoke"],"duration":null,"failureDetails":[],"failureMessages":[],"fullName":"mcp-smoke placeholder until Sprint 12 enables it by default","invocations":1,"location":null,"numPassingAsserts":0,"retryReasons":[],"status":"pending","title":"placeholder until Sprint 12 enables it by default"}],"coverage":{},"endTime":1760925867927,"message":"","name":"/Users/d/portfolio/OSSP-AGI/tests/_probe/mcp.smoke.test.ts","startTime":1760925867927,"status":"skipped","summary":""}],"wasInterrupted":false}
