<?xml version="1.0" encoding="UTF-8"?>
<coverage generated="1759500292728" clover="3.2.0">
  <project timestamp="1759500292729" name="All files">
    <metrics statements="389" coveredstatements="381" conditionals="176" coveredconditionals="129" methods="93" coveredmethods="92" elements="658" coveredelements="602" complexity="0" loc="389" ncloc="389" packages="1" files="4" classes="4"/>
    <file name="graph.js" path="/Users/d/portfolio/OSS_Protocols/app/src/catalog/graph.js">
      <metrics statements="152" coveredstatements="150" conditionals="84" coveredconditionals="58" methods="12" coveredmethods="12"/>
      <line num="26" count="23" type="stmt"/>
      <line num="32" count="23" type="stmt"/>
      <line num="33" count="84" type="stmt"/>
      <line num="34" count="84" type="stmt"/>
      <line num="38" count="23" type="stmt"/>
      <line num="39" count="84" type="stmt"/>
      <line num="41" count="84" type="stmt"/>
      <line num="42" count="62" type="cond" truecount="1" falsecount="1"/>
      <line num="43" count="0" type="stmt"/>
      <line num="45" count="62" type="stmt"/>
      <line num="46" count="62" type="cond" truecount="1" falsecount="1"/>
      <line num="50" count="23" type="stmt"/>
      <line num="61" count="9" type="stmt"/>
      <line num="64" count="26" type="cond" truecount="2" falsecount="0"/>
      <line num="65" count="23" type="stmt"/>
      <line num="67" count="23" type="cond" truecount="1" falsecount="1"/>
      <line num="68" count="23" type="stmt"/>
      <line num="69" count="17" type="stmt"/>
      <line num="73" count="9" type="stmt"/>
      <line num="74" count="9" type="stmt"/>
      <line num="84" count="4" type="stmt"/>
      <line num="87" count="11" type="cond" truecount="1" falsecount="1"/>
      <line num="88" count="11" type="stmt"/>
      <line num="90" count="11" type="cond" truecount="1" falsecount="1"/>
      <line num="91" count="11" type="stmt"/>
      <line num="92" count="7" type="stmt"/>
      <line num="96" count="4" type="stmt"/>
      <line num="97" count="4" type="stmt"/>
      <line num="98" count="4" type="stmt"/>
      <line num="108" count="5" type="stmt"/>
      <line num="109" count="5" type="stmt"/>
      <line num="110" count="5" type="stmt"/>
      <line num="111" count="5" type="stmt"/>
      <line num="114" count="16" type="cond" truecount="2" falsecount="0"/>
      <line num="116" count="3" type="stmt"/>
      <line num="117" count="3" type="stmt"/>
      <line num="118" count="3" type="stmt"/>
      <line num="119" count="3" type="stmt"/>
      <line num="122" count="13" type="cond" truecount="1" falsecount="1"/>
      <line num="124" count="13" type="stmt"/>
      <line num="125" count="13" type="stmt"/>
      <line num="126" count="13" type="stmt"/>
      <line num="128" count="13" type="cond" truecount="1" falsecount="1"/>
      <line num="129" count="13" type="stmt"/>
      <line num="130" count="11" type="stmt"/>
      <line num="133" count="13" type="stmt"/>
      <line num="137" count="5" type="stmt"/>
      <line num="138" count="13" type="cond" truecount="2" falsecount="0"/>
      <line num="139" count="5" type="stmt"/>
      <line num="143" count="5" type="stmt"/>
      <line num="160" count="4" type="stmt"/>
      <line num="163" count="4" type="stmt"/>
      <line num="164" count="4" type="stmt"/>
      <line num="165" count="4" type="stmt"/>
      <line num="168" count="4" type="stmt"/>
      <line num="169" count="11" type="stmt"/>
      <line num="173" count="4" type="stmt"/>
      <line num="174" count="11" type="cond" truecount="1" falsecount="1"/>
      <line num="175" count="11" type="stmt"/>
      <line num="176" count="9" type="cond" truecount="1" falsecount="1"/>
      <line num="177" count="9" type="cond" truecount="2" falsecount="0"/>
      <line num="183" count="4" type="stmt"/>
      <line num="184" count="11" type="cond" truecount="2" falsecount="0"/>
      <line num="185" count="3" type="stmt"/>
      <line num="190" count="4" type="stmt"/>
      <line num="191" count="9" type="stmt"/>
      <line num="192" count="9" type="cond" truecount="1" falsecount="1"/>
      <line num="193" count="9" type="stmt"/>
      <line num="195" count="9" type="cond" truecount="1" falsecount="1"/>
      <line num="196" count="9" type="stmt"/>
      <line num="197" count="7" type="cond" truecount="1" falsecount="1"/>
      <line num="199" count="7" type="cond" truecount="1" falsecount="1"/>
      <line num="200" count="7" type="stmt"/>
      <line num="202" count="7" type="cond" truecount="2" falsecount="0"/>
      <line num="203" count="6" type="stmt"/>
      <line num="209" count="4" type="cond" truecount="2" falsecount="0"/>
      <line num="210" count="1" type="stmt"/>
      <line num="216" count="3" type="stmt"/>
      <line num="226" count="3" type="stmt"/>
      <line num="227" count="3" type="stmt"/>
      <line num="228" count="3" type="stmt"/>
      <line num="231" count="3" type="stmt"/>
      <line num="232" count="11" type="stmt"/>
      <line num="236" count="3" type="stmt"/>
      <line num="237" count="11" type="stmt"/>
      <line num="238" count="5" type="cond" truecount="2" falsecount="0"/>
      <line num="243" count="3" type="stmt"/>
      <line num="244" count="11" type="cond" truecount="2" falsecount="0"/>
      <line num="245" count="6" type="stmt"/>
      <line num="250" count="3" type="stmt"/>
      <line num="251" count="11" type="stmt"/>
      <line num="252" count="11" type="cond" truecount="1" falsecount="1"/>
      <line num="253" count="11" type="stmt"/>
      <line num="255" count="11" type="cond" truecount="1" falsecount="1"/>
      <line num="256" count="11" type="stmt"/>
      <line num="257" count="5" type="cond" truecount="1" falsecount="1"/>
      <line num="258" count="5" type="stmt"/>
      <line num="260" count="5" type="cond" truecount="1" falsecount="1"/>
      <line num="261" count="5" type="stmt"/>
      <line num="267" count="3" type="cond" truecount="1" falsecount="1"/>
      <line num="268" count="0" type="stmt"/>
      <line num="274" count="3" type="stmt"/>
      <line num="286" count="6" type="cond" truecount="2" falsecount="0"/>
      <line num="288" count="5" type="stmt"/>
      <line num="289" count="5" type="stmt"/>
      <line num="290" count="5" type="stmt"/>
      <line num="292" count="5" type="stmt"/>
      <line num="293" count="9" type="stmt"/>
      <line num="294" count="9" type="cond" truecount="1" falsecount="1"/>
      <line num="296" count="9" type="cond" truecount="1" falsecount="1"/>
      <line num="297" count="9" type="stmt"/>
      <line num="298" count="7" type="cond" truecount="1" falsecount="1"/>
      <line num="300" count="7" type="stmt"/>
      <line num="301" count="7" type="stmt"/>
      <line num="302" count="7" type="stmt"/>
      <line num="304" count="7" type="cond" truecount="2" falsecount="0"/>
      <line num="306" count="3" type="stmt"/>
      <line num="307" count="3" type="stmt"/>
      <line num="308" count="3" type="stmt"/>
      <line num="309" count="7" type="stmt"/>
      <line num="310" count="7" type="cond" truecount="1" falsecount="1"/>
      <line num="312" count="3" type="stmt"/>
      <line num="317" count="2" type="stmt"/>
      <line num="326" count="5" type="stmt"/>
      <line num="327" count="5" type="stmt"/>
      <line num="328" count="5" type="stmt"/>
      <line num="330" count="5" type="stmt"/>
      <line num="331" count="15" type="stmt"/>
      <line num="332" count="15" type="cond" truecount="5" falsecount="1"/>
      <line num="333" count="1" type="stmt"/>
      <line num="337" count="5" type="cond" truecount="2" falsecount="0"/>
      <line num="340" count="5" type="stmt"/>
      <line num="341" count="5" type="stmt"/>
      <line num="345" count="5" type="stmt"/>
      <line num="346" count="5" type="stmt"/>
      <line num="347" count="5" type="stmt"/>
      <line num="349" count="5" type="stmt"/>
      <line num="350" count="15" type="stmt"/>
      <line num="351" count="15" type="cond" truecount="1" falsecount="1"/>
      <line num="352" count="15" type="stmt"/>
      <line num="353" count="15" type="stmt"/>
      <line num="355" count="15" type="cond" truecount="1" falsecount="1"/>
      <line num="356" count="15" type="stmt"/>
      <line num="357" count="10" type="cond" truecount="1" falsecount="1"/>
      <line num="358" count="10" type="stmt"/>
      <line num="359" count="10" type="stmt"/>
      <line num="364" count="5" type="stmt"/>
      <line num="368" count="5" type="stmt"/>
      <line num="369" count="15" type="cond" truecount="4" falsecount="0"/>
      <line num="370" count="5" type="stmt"/>
      <line num="371" count="5" type="stmt"/>
      <line num="375" count="5" type="stmt"/>
    </file>
    <file name="index.js" path="/Users/d/portfolio/OSS_Protocols/app/src/catalog/index.js">
      <metrics statements="104" coveredstatements="104" conditionals="32" coveredconditionals="23" methods="44" coveredmethods="44"/>
      <line num="58" count="42" type="stmt"/>
      <line num="60" count="42" type="stmt"/>
      <line num="69" count="42" type="stmt"/>
      <line num="82" count="5" type="stmt"/>
      <line num="90" count="21085" type="stmt"/>
      <line num="93" count="21085" type="stmt"/>
      <line num="96" count="21085" type="stmt"/>
      <line num="97" count="21085" type="stmt"/>
      <line num="106" count="3" type="stmt"/>
      <line num="107" count="3" type="cond" truecount="2" falsecount="0"/>
      <line num="110" count="2" type="stmt"/>
      <line num="113" count="2" type="stmt"/>
      <line num="116" count="2" type="stmt"/>
      <line num="118" count="2" type="stmt"/>
      <line num="127" count="4" type="stmt"/>
      <line num="135" count="9" type="stmt"/>
      <line num="142" count="4" type="stmt"/>
      <line num="143" count="4" type="stmt"/>
      <line num="151" count="4" type="stmt"/>
      <line num="166" count="4" type="stmt"/>
      <line num="176" count="1" type="stmt"/>
      <line num="186" count="1" type="stmt"/>
      <line num="196" count="2" type="stmt"/>
      <line num="206" count="1" type="stmt"/>
      <line num="216" count="1" type="stmt"/>
      <line num="226" count="1" type="stmt"/>
      <line num="235" count="1" type="stmt"/>
      <line num="243" count="1" type="stmt"/>
      <line num="252" count="1" type="stmt"/>
      <line num="264" count="1" type="stmt"/>
      <line num="265" count="1" type="stmt"/>
      <line num="266" count="3" type="stmt"/>
      <line num="267" count="3" type="stmt"/>
      <line num="277" count="2" type="stmt"/>
      <line num="288" count="1" type="stmt"/>
      <line num="297" count="1" type="stmt"/>
      <line num="306" count="1" type="stmt"/>
      <line num="316" count="2" type="stmt"/>
      <line num="324" count="1" type="stmt"/>
      <line num="332" count="1" type="stmt"/>
      <line num="343" count="3" type="stmt"/>
      <line num="350" count="3" type="stmt"/>
      <line num="356" count="6" type="stmt"/>
      <line num="362" count="3" type="stmt"/>
      <line num="370" count="3" type="stmt"/>
      <line num="380" count="3" type="stmt"/>
      <line num="381" count="3" type="stmt"/>
      <line num="389" count="2" type="stmt"/>
      <line num="391" count="2" type="stmt"/>
      <line num="394" count="2" type="stmt"/>
      <line num="397" count="2" type="stmt"/>
      <line num="398" count="2" type="stmt"/>
      <line num="401" count="2" type="stmt"/>
      <line num="410" count="2" type="stmt"/>
      <line num="417" count="2" type="stmt"/>
      <line num="423" count="4" type="stmt"/>
      <line num="429" count="2" type="stmt"/>
      <line num="437" count="2" type="stmt"/>
      <line num="447" count="2" type="stmt"/>
      <line num="456" count="1" type="stmt"/>
      <line num="459" count="1" type="stmt"/>
      <line num="462" count="1" type="stmt"/>
      <line num="463" count="1" type="stmt"/>
      <line num="474" count="21085" type="stmt"/>
      <line num="477" count="21085" type="stmt"/>
      <line num="480" count="21085" type="stmt"/>
      <line num="481" count="21093" type="stmt"/>
      <line num="485" count="21085" type="stmt"/>
      <line num="492" count="21085" type="cond" truecount="2" falsecount="0"/>
      <line num="493" count="43" type="stmt"/>
      <line num="497" count="21085" type="stmt"/>
      <line num="500" count="21085" type="stmt"/>
      <line num="512" count="2" type="stmt"/>
      <line num="515" count="2" type="stmt"/>
      <line num="518" count="2" type="stmt"/>
      <line num="519" count="4" type="stmt"/>
      <line num="523" count="2" type="stmt"/>
      <line num="526" count="2" type="stmt"/>
      <line num="529" count="2" type="stmt"/>
      <line num="532" count="2" type="stmt"/>
      <line num="542" count="21085" type="stmt"/>
      <line num="543" count="21085" type="cond" truecount="1" falsecount="1"/>
      <line num="546" count="21085" type="stmt"/>
      <line num="547" count="21085" type="cond" truecount="2" falsecount="0"/>
      <line num="548" count="21049" type="stmt"/>
      <line num="552" count="21085" type="stmt"/>
      <line num="553" count="54" type="cond" truecount="2" falsecount="0"/>
      <line num="554" count="50" type="stmt"/>
      <line num="556" count="54" type="stmt"/>
      <line num="557" count="54" type="cond" truecount="4" falsecount="0"/>
      <line num="558" count="53" type="stmt"/>
      <line num="569" count="2" type="cond" truecount="1" falsecount="1"/>
      <line num="572" count="2" type="stmt"/>
      <line num="573" count="1" type="stmt"/>
      <line num="574" count="1" type="cond" truecount="1" falsecount="1"/>
      <line num="575" count="1" type="stmt"/>
      <line num="576" count="1" type="cond" truecount="1" falsecount="1"/>
      <line num="577" count="1" type="stmt"/>
      <line num="583" count="2" type="stmt"/>
      <line num="584" count="2" type="stmt"/>
      <line num="595" count="105433" type="cond" truecount="2" falsecount="0"/>
      <line num="596" count="341" type="stmt"/>
      <line num="598" count="105433" type="stmt"/>
      <line num="599" count="105433" type="cond" truecount="1" falsecount="1"/>
    </file>
    <file name="query.js" path="/Users/d/portfolio/OSS_Protocols/app/src/catalog/query.js">
      <metrics statements="132" coveredstatements="126" conditionals="60" coveredconditionals="48" methods="37" coveredmethods="36"/>
      <line num="34" count="37" type="stmt"/>
      <line num="43" count="37" type="stmt"/>
      <line num="45" count="1141" type="stmt"/>
      <line num="48" count="1141" type="stmt"/>
      <line num="49" count="2318" type="stmt"/>
      <line num="53" count="1141" type="stmt"/>
      <line num="56" count="1141" type="cond" truecount="2" falsecount="0"/>
      <line num="57" count="71" type="stmt"/>
      <line num="61" count="1141" type="stmt"/>
      <line num="64" count="1141" type="stmt"/>
      <line num="71" count="37" type="stmt"/>
      <line num="82" count="6882" type="cond" truecount="2" falsecount="0"/>
      <line num="83" count="569" type="stmt"/>
      <line num="85" count="6882" type="stmt"/>
      <line num="86" count="6882" type="cond" truecount="1" falsecount="1"/>
      <line num="98" count="8" type="stmt"/>
      <line num="100" count="8" type="cond" truecount="2" falsecount="0"/>
      <line num="101" count="8" type="stmt"/>
      <line num="102" count="2013" type="stmt"/>
      <line num="103" count="2013" type="stmt"/>
      <line num="105" count="8" type="stmt"/>
      <line num="107" count="8" type="stmt"/>
      <line num="123" count="3" type="stmt"/>
      <line num="125" count="3" type="cond" truecount="2" falsecount="0"/>
      <line num="126" count="3" type="stmt"/>
      <line num="127" count="3" type="stmt"/>
      <line num="128" count="3" type="stmt"/>
      <line num="130" count="3" type="stmt"/>
      <line num="132" count="3" type="stmt"/>
      <line num="148" count="3" type="stmt"/>
      <line num="150" count="3" type="cond" truecount="1" falsecount="1"/>
      <line num="151" count="3" type="stmt"/>
      <line num="152" count="5" type="stmt"/>
      <line num="153" count="5" type="stmt"/>
      <line num="155" count="3" type="stmt"/>
      <line num="157" count="3" type="stmt"/>
      <line num="173" count="4" type="stmt"/>
      <line num="176" count="4" type="cond" truecount="2" falsecount="0"/>
      <line num="177" count="2" type="stmt"/>
      <line num="180" count="2" type="stmt"/>
      <line num="181" count="7" type="stmt"/>
      <line num="185" count="4" type="stmt"/>
      <line num="186" count="7" type="stmt"/>
      <line num="187" count="7" type="stmt"/>
      <line num="189" count="4" type="stmt"/>
      <line num="191" count="4" type="stmt"/>
      <line num="207" count="4" type="stmt"/>
      <line num="209" count="4" type="cond" truecount="1" falsecount="1"/>
      <line num="210" count="4" type="stmt"/>
      <line num="211" count="5" type="stmt"/>
      <line num="212" count="5" type="stmt"/>
      <line num="214" count="4" type="stmt"/>
      <line num="216" count="4" type="stmt"/>
      <line num="232" count="3" type="stmt"/>
      <line num="234" count="3" type="cond" truecount="1" falsecount="1"/>
      <line num="235" count="3" type="stmt"/>
      <line num="236" count="6" type="stmt"/>
      <line num="237" count="6" type="stmt"/>
      <line num="239" count="3" type="stmt"/>
      <line num="241" count="3" type="stmt"/>
      <line num="258" count="9" type="stmt"/>
      <line num="261" count="9" type="stmt"/>
      <line num="264" count="9" type="cond" truecount="2" falsecount="0"/>
      <line num="265" count="4" type="cond" truecount="1" falsecount="1"/>
      <line num="266" count="4" type="stmt"/>
      <line num="270" count="9" type="cond" truecount="2" falsecount="0"/>
      <line num="271" count="3" type="cond" truecount="2" falsecount="0"/>
      <line num="272" count="3" type="stmt"/>
      <line num="276" count="9" type="cond" truecount="2" falsecount="0"/>
      <line num="277" count="4" type="cond" truecount="1" falsecount="1"/>
      <line num="278" count="4" type="stmt"/>
      <line num="281" count="0" type="stmt"/>
      <line num="286" count="9" type="cond" truecount="2" falsecount="0"/>
      <line num="288" count="1" type="cond" truecount="1" falsecount="1"/>
      <line num="289" count="1" type="stmt"/>
      <line num="293" count="9" type="cond" truecount="4" falsecount="0"/>
      <line num="294" count="4" type="stmt"/>
      <line num="295" count="6" type="cond" truecount="1" falsecount="1"/>
      <line num="296" count="6" type="stmt"/>
      <line num="301" count="9" type="cond" truecount="4" falsecount="0"/>
      <line num="302" count="1" type="stmt"/>
      <line num="304" count="4" type="stmt"/>
      <line num="305" count="4" type="cond" truecount="1" falsecount="1"/>
      <line num="307" count="4" type="cond" truecount="2" falsecount="0"/>
      <line num="308" count="4" type="cond" truecount="1" falsecount="1"/>
      <line num="313" count="9" type="stmt"/>
      <line num="314" count="14" type="stmt"/>
      <line num="315" count="14" type="stmt"/>
      <line num="317" count="9" type="stmt"/>
      <line num="319" count="9" type="stmt"/>
      <line num="334" count="18" type="stmt"/>
      <line num="335" count="18" type="cond" truecount="2" falsecount="0"/>
      <line num="336" count="18" type="cond" truecount="2" falsecount="0"/>
      <line num="338" count="18" type="stmt"/>
      <line num="339" count="33" type="cond" truecount="2" falsecount="0"/>
      <line num="340" count="31" type="stmt"/>
      <line num="344" count="18" type="stmt"/>
      <line num="355" count="0" type="stmt"/>
      <line num="357" count="0" type="stmt"/>
      <line num="358" count="0" type="cond" truecount="0" falsecount="2"/>
      <line num="359" count="0" type="stmt"/>
      <line num="363" count="0" type="stmt"/>
      <line num="374" count="4" type="stmt"/>
      <line num="376" count="4" type="stmt"/>
      <line num="378" count="4" type="stmt"/>
      <line num="379" count="7" type="cond" truecount="2" falsecount="0"/>
      <line num="380" count="7" type="stmt"/>
      <line num="381" count="6" type="stmt"/>
      <line num="385" count="4" type="stmt"/>
      <line num="386" count="6" type="stmt"/>
      <line num="387" count="6" type="stmt"/>
      <line num="389" count="4" type="stmt"/>
      <line num="391" count="4" type="stmt"/>
      <line num="405" count="3" type="stmt"/>
      <line num="407" count="3" type="stmt"/>
      <line num="408" count="9" type="stmt"/>
      <line num="411" count="3" type="stmt"/>
      <line num="413" count="3" type="stmt"/>
      <line num="428" count="4" type="stmt"/>
      <line num="430" count="4" type="stmt"/>
      <line num="431" count="15" type="stmt"/>
      <line num="434" count="4" type="stmt"/>
      <line num="436" count="4" type="stmt"/>
      <line num="451" count="5" type="stmt"/>
      <line num="459" count="5" type="stmt"/>
      <line num="466" count="5" type="stmt"/>
      <line num="467" count="11" type="stmt"/>
      <line num="470" count="5" type="stmt"/>
      <line num="471" count="7" type="stmt"/>
      <line num="474" count="5" type="stmt"/>
      <line num="475" count="14" type="stmt"/>
      <line num="478" count="5" type="stmt"/>
    </file>
    <file name="schema.js" path="/Users/d/portfolio/OSS_Protocols/app/src/catalog/schema.js">
      <metrics statements="1" coveredstatements="1" conditionals="0" coveredconditionals="0" methods="0" coveredmethods="0"/>
      <line num="127" count="1" type="stmt"/>
    </file>
  </project>
</coverage>
