{"/Users/d/portfolio/OSS_Protocols/app/src/catalog/graph.js": {"path":"/Users/d/portfolio/OSS_Protocols/app/src/catalog/graph.js","statementMap":{"0":{"start":{"line":26,"column":16},"end":{"line":29,"column":3}},"1":{"start":{"line":32,"column":2},"end":{"line":35,"column":3}},"2":{"start":{"line":33,"column":4},"end":{"line":33,"column":36}},"3":{"start":{"line":34,"column":4},"end":{"line":34,"column":34}},"4":{"start":{"line":38,"column":2},"end":{"line":48,"column":3}},"5":{"start":{"line":39,"column":4},"end":{"line":39,"column":38}},"6":{"start":{"line":41,"column":4},"end":{"line":47,"column":5}},"7":{"start":{"line":42,"column":6},"end":{"line":44,"column":7}},"8":{"start":{"line":43,"column":8},"end":{"line":43,"column":38}},"9":{"start":{"line":45,"column":19},"end":{"line":45,"column":44}},"10":{"start":{"line":46,"column":6},"end":{"line":46,"column":31}},"11":{"start":{"line":46,"column":16},"end":{"line":46,"column":31}},"12":{"start":{"line":50,"column":2},"end":{"line":50,"column":15}},"13":{"start":{"line":61,"column":18},"end":{"line":61,"column":27}},"14":{"start":{"line":64,"column":4},"end":{"line":64,"column":37}},"15":{"start":{"line":64,"column":30},"end":{"line":64,"column":37}},"16":{"start":{"line":65,"column":4},"end":{"line":65,"column":25}},"17":{"start":{"line":67,"column":17},"end":{"line":67,"column":54}},"18":{"start":{"line":68,"column":4},"end":{"line":70,"column":5}},"19":{"start":{"line":69,"column":6},"end":{"line":69,"column":15}},"20":{"start":{"line":73,"column":2},"end":{"line":73,"column":11}},"21":{"start":{"line":74,"column":2},"end":{"line":74,"column":17}},"22":{"start":{"line":84,"column":18},"end":{"line":84,"column":27}},"23":{"start":{"line":87,"column":4},"end":{"line":87,"column":37}},"24":{"start":{"line":87,"column":30},"end":{"line":87,"column":37}},"25":{"start":{"line":88,"column":4},"end":{"line":88,"column":25}},"26":{"start":{"line":90,"column":23},"end":{"line":90,"column":58}},"27":{"start":{"line":91,"column":4},"end":{"line":93,"column":5}},"28":{"start":{"line":92,"column":6},"end":{"line":92,"column":21}},"29":{"start":{"line":96,"column":2},"end":{"line":96,"column":11}},"30":{"start":{"line":97,"column":2},"end":{"line":97,"column":22}},"31":{"start":{"line":98,"column":2},"end":{"line":98,"column":17}},"32":{"start":{"line":108,"column":18},"end":{"line":108,"column":27}},"33":{"start":{"line":109,"column":25},"end":{"line":109,"column":34}},"34":{"start":{"line":110,"column":17},"end":{"line":110,"column":19}},"35":{"start":{"line":111,"column":18},"end":{"line":111,"column":27}},"36":{"start":{"line":114,"column":4},"end":{"line":120,"column":5}},"37":{"start":{"line":116,"column":25},"end":{"line":116,"column":42}},"38":{"start":{"line":117,"column":20},"end":{"line":117,"column":52}},"39":{"start":{"line":118,"column":6},"end":{"line":118,"column":25}},"40":{"start":{"line":119,"column":6},"end":{"line":119,"column":13}},"41":{"start":{"line":122,"column":4},"end":{"line":122,"column":33}},"42":{"start":{"line":122,"column":26},"end":{"line":122,"column":33}},"43":{"start":{"line":124,"column":4},"end":{"line":124,"column":21}},"44":{"start":{"line":125,"column":4},"end":{"line":125,"column":28}},"45":{"start":{"line":126,"column":4},"end":{"line":126,"column":37}},"46":{"start":{"line":128,"column":17},"end":{"line":128,"column":50}},"47":{"start":{"line":129,"column":4},"end":{"line":131,"column":5}},"48":{"start":{"line":130,"column":6},"end":{"line":130,"column":31}},"49":{"start":{"line":133,"column":4},"end":{"line":133,"column":31}},"50":{"start":{"line":137,"column":2},"end":{"line":141,"column":3}},"51":{"start":{"line":138,"column":4},"end":{"line":140,"column":5}},"52":{"start":{"line":139,"column":6},"end":{"line":139,"column":19}},"53":{"start":{"line":143,"column":2},"end":{"line":146,"column":4}},"54":{"start":{"line":160,"column":19},"end":{"line":160,"column":52}},"55":{"start":{"line":163,"column":19},"end":{"line":163,"column":28}},"56":{"start":{"line":164,"column":16},"end":{"line":164,"column":18}},"57":{"start":{"line":165,"column":17},"end":{"line":165,"column":19}},"58":{"start":{"line":168,"column":2},"end":{"line":170,"column":3}},"59":{"start":{"line":169,"column":4},"end":{"line":169,"column":25}},"60":{"start":{"line":173,"column":2},"end":{"line":180,"column":3}},"61":{"start":{"line":174,"column":17},"end":{"line":174,"column":50}},"62":{"start":{"line":175,"column":4},"end":{"line":179,"column":5}},"63":{"start":{"line":176,"column":6},"end":{"line":178,"column":7}},"64":{"start":{"line":177,"column":8},"end":{"line":177,"column":56}},"65":{"start":{"line":183,"column":2},"end":{"line":187,"column":3}},"66":{"start":{"line":184,"column":4},"end":{"line":186,"column":5}},"67":{"start":{"line":185,"column":6},"end":{"line":185,"column":22}},"68":{"start":{"line":190,"column":2},"end":{"line":206,"column":3}},"69":{"start":{"line":191,"column":16},"end":{"line":191,"column":29}},"70":{"start":{"line":192,"column":4},"end":{"line":192,"column":33}},"71":{"start":{"line":192,"column":27},"end":{"line":192,"column":33}},"72":{"start":{"line":193,"column":4},"end":{"line":193,"column":21}},"73":{"start":{"line":195,"column":17},"end":{"line":195,"column":50}},"74":{"start":{"line":196,"column":4},"end":{"line":205,"column":5}},"75":{"start":{"line":197,"column":6},"end":{"line":197,"column":39}},"76":{"start":{"line":197,"column":30},"end":{"line":197,"column":39}},"77":{"start":{"line":199,"column":24},"end":{"line":199,"column":52}},"78":{"start":{"line":200,"column":6},"end":{"line":200,"column":35}},"79":{"start":{"line":202,"column":6},"end":{"line":204,"column":7}},"80":{"start":{"line":203,"column":8},"end":{"line":203,"column":24}},"81":{"start":{"line":209,"column":2},"end":{"line":213,"column":3}},"82":{"start":{"line":210,"column":4},"end":{"line":212,"column":6}},"83":{"start":{"line":216,"column":2},"end":{"line":216,"column":26}},"84":{"start":{"line":226,"column":19},"end":{"line":226,"column":28}},"85":{"start":{"line":227,"column":16},"end":{"line":227,"column":18}},"86":{"start":{"line":228,"column":17},"end":{"line":228,"column":19}},"87":{"start":{"line":231,"column":2},"end":{"line":233,"column":3}},"88":{"start":{"line":232,"column":4},"end":{"line":232,"column":25}},"89":{"start":{"line":236,"column":2},"end":{"line":240,"column":3}},"90":{"start":{"line":237,"column":4},"end":{"line":239,"column":5}},"91":{"start":{"line":238,"column":6},"end":{"line":238,"column":54}},"92":{"start":{"line":243,"column":2},"end":{"line":247,"column":3}},"93":{"start":{"line":244,"column":4},"end":{"line":246,"column":5}},"94":{"start":{"line":245,"column":6},"end":{"line":245,"column":22}},"95":{"start":{"line":250,"column":2},"end":{"line":264,"column":3}},"96":{"start":{"line":251,"column":16},"end":{"line":251,"column":29}},"97":{"start":{"line":252,"column":4},"end":{"line":252,"column":33}},"98":{"start":{"line":252,"column":27},"end":{"line":252,"column":33}},"99":{"start":{"line":253,"column":4},"end":{"line":253,"column":21}},"100":{"start":{"line":255,"column":17},"end":{"line":255,"column":50}},"101":{"start":{"line":256,"column":4},"end":{"line":263,"column":5}},"102":{"start":{"line":257,"column":24},"end":{"line":257,"column":52}},"103":{"start":{"line":258,"column":6},"end":{"line":258,"column":35}},"104":{"start":{"line":260,"column":6},"end":{"line":262,"column":7}},"105":{"start":{"line":261,"column":8},"end":{"line":261,"column":24}},"106":{"start":{"line":267,"column":2},"end":{"line":271,"column":3}},"107":{"start":{"line":268,"column":4},"end":{"line":270,"column":6}},"108":{"start":{"line":274,"column":2},"end":{"line":274,"column":26}},"109":{"start":{"line":286,"column":2},"end":{"line":286,"column":33}},"110":{"start":{"line":286,"column":19},"end":{"line":286,"column":33}},"111":{"start":{"line":288,"column":16},"end":{"line":288,"column":22}},"112":{"start":{"line":289,"column":18},"end":{"line":289,"column":33}},"113":{"start":{"line":290,"column":17},"end":{"line":290,"column":26}},"114":{"start":{"line":292,"column":2},"end":{"line":315,"column":3}},"115":{"start":{"line":293,"column":20},"end":{"line":293,"column":33}},"116":{"start":{"line":294,"column":4},"end":{"line":294,"column":37}},"117":{"start":{"line":294,"column":31},"end":{"line":294,"column":37}},"118":{"start":{"line":296,"column":17},"end":{"line":296,"column":54}},"119":{"start":{"line":297,"column":4},"end":{"line":314,"column":5}},"120":{"start":{"line":298,"column":6},"end":{"line":298,"column":37}},"121":{"start":{"line":298,"column":28},"end":{"line":298,"column":37}},"122":{"start":{"line":300,"column":6},"end":{"line":300,"column":23}},"123":{"start":{"line":301,"column":6},"end":{"line":301,"column":31}},"124":{"start":{"line":302,"column":6},"end":{"line":302,"column":22}},"125":{"start":{"line":304,"column":6},"end":{"line":313,"column":7}},"126":{"start":{"line":306,"column":21},"end":{"line":306,"column":25}},"127":{"start":{"line":307,"column":19},"end":{"line":307,"column":21}},"128":{"start":{"line":308,"column":8},"end":{"line":311,"column":9}},"129":{"start":{"line":309,"column":10},"end":{"line":309,"column":34}},"130":{"start":{"line":310,"column":10},"end":{"line":310,"column":39}},"131":{"start":{"line":310,"column":20},"end":{"line":310,"column":39}},"132":{"start":{"line":312,"column":8},"end":{"line":312,"column":20}},"133":{"start":{"line":317,"column":2},"end":{"line":317,"column":14}},"134":{"start":{"line":326,"column":16},"end":{"line":326,"column":39}},"135":{"start":{"line":327,"column":14},"end":{"line":327,"column":15}},"136":{"start":{"line":328,"column":22},"end":{"line":328,"column":23}},"137":{"start":{"line":330,"column":2},"end":{"line":335,"column":3}},"138":{"start":{"line":331,"column":4},"end":{"line":331,"column":25}},"139":{"start":{"line":332,"column":4},"end":{"line":334,"column":5}},"140":{"start":{"line":333,"column":6},"end":{"line":333,"column":22}},"141":{"start":{"line":337,"column":26},"end":{"line":337,"column":55}},"142":{"start":{"line":340,"column":17},"end":{"line":340,"column":18}},"143":{"start":{"line":341,"column":18},"end":{"line":341,"column":27}},"144":{"start":{"line":345,"column":18},"end":{"line":345,"column":30}},"145":{"start":{"line":346,"column":25},"end":{"line":346,"column":41}},"146":{"start":{"line":347,"column":16},"end":{"line":347,"column":17}},"147":{"start":{"line":349,"column":4},"end":{"line":362,"column":5}},"148":{"start":{"line":350,"column":19},"end":{"line":350,"column":32}},"149":{"start":{"line":351,"column":6},"end":{"line":351,"column":23}},"150":{"start":{"line":351,"column":17},"end":{"line":351,"column":23}},"151":{"start":{"line":352,"column":34},"end":{"line":352,"column":38}},"152":{"start":{"line":353,"column":6},"end":{"line":353,"column":44}},"153":{"start":{"line":355,"column":19},"end":{"line":355,"column":52}},"154":{"start":{"line":356,"column":6},"end":{"line":361,"column":7}},"155":{"start":{"line":357,"column":8},"end":{"line":360,"column":9}},"156":{"start":{"line":358,"column":10},"end":{"line":358,"column":32}},"157":{"start":{"line":359,"column":10},"end":{"line":359,"column":46}},"158":{"start":{"line":364,"column":4},"end":{"line":364,"column":17}},"159":{"start":{"line":368,"column":2},"end":{"line":373,"column":3}},"160":{"start":{"line":369,"column":4},"end":{"line":372,"column":5}},"161":{"start":{"line":370,"column":6},"end":{"line":370,"column":23}},"162":{"start":{"line":371,"column":6},"end":{"line":371,"column":46}},"163":{"start":{"line":375,"column":2},"end":{"line":381,"column":4}}},"fnMap":{"0":{"name":"buildDependencyGraph","decl":{"start":{"line":24,"column":16},"end":{"line":24,"column":36}},"loc":{"start":{"line":24,"column":48},"end":{"line":51,"column":1}},"line":24},"1":{"name":"getDependencyTree","decl":{"start":{"line":60,"column":16},"end":{"line":60,"column":33}},"loc":{"start":{"line":60,"column":46},"end":{"line":75,"column":1}},"line":60},"2":{"name":"dfs","decl":{"start":{"line":63,"column":11},"end":{"line":63,"column":14}},"loc":{"start":{"line":63,"column":24},"end":{"line":71,"column":3}},"line":63},"3":{"name":"getConsumers","decl":{"start":{"line":83,"column":16},"end":{"line":83,"column":28}},"loc":{"start":{"line":83,"column":41},"end":{"line":99,"column":1}},"line":83},"4":{"name":"dfs","decl":{"start":{"line":86,"column":11},"end":{"line":86,"column":14}},"loc":{"start":{"line":86,"column":24},"end":{"line":94,"column":3}},"line":86},"5":{"name":"detectCycles","decl":{"start":{"line":107,"column":16},"end":{"line":107,"column":28}},"loc":{"start":{"line":107,"column":36},"end":{"line":147,"column":1}},"line":107},"6":{"name":"dfs","decl":{"start":{"line":113,"column":11},"end":{"line":113,"column":14}},"loc":{"start":{"line":113,"column":26},"end":{"line":134,"column":3}},"line":113},"7":{"name":"getBuildOrder","decl":{"start":{"line":158,"column":16},"end":{"line":158,"column":29}},"loc":{"start":{"line":158,"column":46},"end":{"line":217,"column":1}},"line":158},"8":{"name":"getFullBuildOrder","decl":{"start":{"line":225,"column":16},"end":{"line":225,"column":33}},"loc":{"start":{"line":225,"column":41},"end":{"line":275,"column":1}},"line":225},"9":{"name":"findPath","decl":{"start":{"line":285,"column":16},"end":{"line":285,"column":24}},"loc":{"start":{"line":285,"column":42},"end":{"line":318,"column":1}},"line":285},"10":{"name":"getGraphStats","decl":{"start":{"line":325,"column":16},"end":{"line":325,"column":29}},"loc":{"start":{"line":325,"column":37},"end":{"line":382,"column":1}},"line":325},"11":{"name":"bfs","decl":{"start":{"line":343,"column":11},"end":{"line":343,"column":14}},"loc":{"start":{"line":343,"column":22},"end":{"line":365,"column":3}},"line":343}},"branchMap":{"0":{"loc":{"start":{"line":42,"column":6},"end":{"line":44,"column":7}},"type":"if","locations":[{"start":{"line":42,"column":6},"end":{"line":44,"column":7}},{"start":{},"end":{}}],"line":42},"1":{"loc":{"start":{"line":46,"column":6},"end":{"line":46,"column":31}},"type":"if","locations":[{"start":{"line":46,"column":6},"end":{"line":46,"column":31}},{"start":{},"end":{}}],"line":46},"2":{"loc":{"start":{"line":64,"column":4},"end":{"line":64,"column":37}},"type":"if","locations":[{"start":{"line":64,"column":4},"end":{"line":64,"column":37}},{"start":{},"end":{}}],"line":64},"3":{"loc":{"start":{"line":67,"column":17},"end":{"line":67,"column":54}},"type":"binary-expr","locations":[{"start":{"line":67,"column":17},"end":{"line":67,"column":48}},{"start":{"line":67,"column":52},"end":{"line":67,"column":54}}],"line":67},"4":{"loc":{"start":{"line":87,"column":4},"end":{"line":87,"column":37}},"type":"if","locations":[{"start":{"line":87,"column":4},"end":{"line":87,"column":37}},{"start":{},"end":{}}],"line":87},"5":{"loc":{"start":{"line":90,"column":23},"end":{"line":90,"column":58}},"type":"binary-expr","locations":[{"start":{"line":90,"column":23},"end":{"line":90,"column":52}},{"start":{"line":90,"column":56},"end":{"line":90,"column":58}}],"line":90},"6":{"loc":{"start":{"line":114,"column":4},"end":{"line":120,"column":5}},"type":"if","locations":[{"start":{"line":114,"column":4},"end":{"line":120,"column":5}},{"start":{},"end":{}}],"line":114},"7":{"loc":{"start":{"line":122,"column":4},"end":{"line":122,"column":33}},"type":"if","locations":[{"start":{"line":122,"column":4},"end":{"line":122,"column":33}},{"start":{},"end":{}}],"line":122},"8":{"loc":{"start":{"line":128,"column":17},"end":{"line":128,"column":50}},"type":"binary-expr","locations":[{"start":{"line":128,"column":17},"end":{"line":128,"column":44}},{"start":{"line":128,"column":48},"end":{"line":128,"column":50}}],"line":128},"9":{"loc":{"start":{"line":138,"column":4},"end":{"line":140,"column":5}},"type":"if","locations":[{"start":{"line":138,"column":4},"end":{"line":140,"column":5}},{"start":{},"end":{}}],"line":138},"10":{"loc":{"start":{"line":174,"column":17},"end":{"line":174,"column":50}},"type":"binary-expr","locations":[{"start":{"line":174,"column":17},"end":{"line":174,"column":44}},{"start":{"line":174,"column":48},"end":{"line":174,"column":50}}],"line":174},"11":{"loc":{"start":{"line":176,"column":6},"end":{"line":178,"column":7}},"type":"if","locations":[{"start":{"line":176,"column":6},"end":{"line":178,"column":7}},{"start":{},"end":{}}],"line":176},"12":{"loc":{"start":{"line":177,"column":27},"end":{"line":177,"column":49}},"type":"binary-expr","locations":[{"start":{"line":177,"column":27},"end":{"line":177,"column":44}},{"start":{"line":177,"column":48},"end":{"line":177,"column":49}}],"line":177},"13":{"loc":{"start":{"line":184,"column":4},"end":{"line":186,"column":5}},"type":"if","locations":[{"start":{"line":184,"column":4},"end":{"line":186,"column":5}},{"start":{},"end":{}}],"line":184},"14":{"loc":{"start":{"line":192,"column":4},"end":{"line":192,"column":33}},"type":"if","locations":[{"start":{"line":192,"column":4},"end":{"line":192,"column":33}},{"start":{},"end":{}}],"line":192},"15":{"loc":{"start":{"line":195,"column":17},"end":{"line":195,"column":50}},"type":"binary-expr","locations":[{"start":{"line":195,"column":17},"end":{"line":195,"column":44}},{"start":{"line":195,"column":48},"end":{"line":195,"column":50}}],"line":195},"16":{"loc":{"start":{"line":197,"column":6},"end":{"line":197,"column":39}},"type":"if","locations":[{"start":{"line":197,"column":6},"end":{"line":197,"column":39}},{"start":{},"end":{}}],"line":197},"17":{"loc":{"start":{"line":199,"column":25},"end":{"line":199,"column":47}},"type":"binary-expr","locations":[{"start":{"line":199,"column":25},"end":{"line":199,"column":42}},{"start":{"line":199,"column":46},"end":{"line":199,"column":47}}],"line":199},"18":{"loc":{"start":{"line":202,"column":6},"end":{"line":204,"column":7}},"type":"if","locations":[{"start":{"line":202,"column":6},"end":{"line":204,"column":7}},{"start":{},"end":{}}],"line":202},"19":{"loc":{"start":{"line":209,"column":2},"end":{"line":213,"column":3}},"type":"if","locations":[{"start":{"line":209,"column":2},"end":{"line":213,"column":3}},{"start":{},"end":{}}],"line":209},"20":{"loc":{"start":{"line":238,"column":25},"end":{"line":238,"column":47}},"type":"binary-expr","locations":[{"start":{"line":238,"column":25},"end":{"line":238,"column":42}},{"start":{"line":238,"column":46},"end":{"line":238,"column":47}}],"line":238},"21":{"loc":{"start":{"line":244,"column":4},"end":{"line":246,"column":5}},"type":"if","locations":[{"start":{"line":244,"column":4},"end":{"line":246,"column":5}},{"start":{},"end":{}}],"line":244},"22":{"loc":{"start":{"line":252,"column":4},"end":{"line":252,"column":33}},"type":"if","locations":[{"start":{"line":252,"column":4},"end":{"line":252,"column":33}},{"start":{},"end":{}}],"line":252},"23":{"loc":{"start":{"line":255,"column":17},"end":{"line":255,"column":50}},"type":"binary-expr","locations":[{"start":{"line":255,"column":17},"end":{"line":255,"column":44}},{"start":{"line":255,"column":48},"end":{"line":255,"column":50}}],"line":255},"24":{"loc":{"start":{"line":257,"column":25},"end":{"line":257,"column":47}},"type":"binary-expr","locations":[{"start":{"line":257,"column":25},"end":{"line":257,"column":42}},{"start":{"line":257,"column":46},"end":{"line":257,"column":47}}],"line":257},"25":{"loc":{"start":{"line":260,"column":6},"end":{"line":262,"column":7}},"type":"if","locations":[{"start":{"line":260,"column":6},"end":{"line":262,"column":7}},{"start":{},"end":{}}],"line":260},"26":{"loc":{"start":{"line":267,"column":2},"end":{"line":271,"column":3}},"type":"if","locations":[{"start":{"line":267,"column":2},"end":{"line":271,"column":3}},{"start":{},"end":{}}],"line":267},"27":{"loc":{"start":{"line":286,"column":2},"end":{"line":286,"column":33}},"type":"if","locations":[{"start":{"line":286,"column":2},"end":{"line":286,"column":33}},{"start":{},"end":{}}],"line":286},"28":{"loc":{"start":{"line":294,"column":4},"end":{"line":294,"column":37}},"type":"if","locations":[{"start":{"line":294,"column":4},"end":{"line":294,"column":37}},{"start":{},"end":{}}],"line":294},"29":{"loc":{"start":{"line":296,"column":17},"end":{"line":296,"column":54}},"type":"binary-expr","locations":[{"start":{"line":296,"column":17},"end":{"line":296,"column":48}},{"start":{"line":296,"column":52},"end":{"line":296,"column":54}}],"line":296},"30":{"loc":{"start":{"line":298,"column":6},"end":{"line":298,"column":37}},"type":"if","locations":[{"start":{"line":298,"column":6},"end":{"line":298,"column":37}},{"start":{},"end":{}}],"line":298},"31":{"loc":{"start":{"line":304,"column":6},"end":{"line":313,"column":7}},"type":"if","locations":[{"start":{"line":304,"column":6},"end":{"line":313,"column":7}},{"start":{},"end":{}}],"line":304},"32":{"loc":{"start":{"line":310,"column":10},"end":{"line":310,"column":39}},"type":"if","locations":[{"start":{"line":310,"column":10},"end":{"line":310,"column":39}},{"start":{},"end":{}}],"line":310},"33":{"loc":{"start":{"line":332,"column":4},"end":{"line":334,"column":5}},"type":"if","locations":[{"start":{"line":332,"column":4},"end":{"line":334,"column":5}},{"start":{},"end":{}}],"line":332},"34":{"loc":{"start":{"line":332,"column":8},"end":{"line":332,"column":75}},"type":"binary-expr","locations":[{"start":{"line":332,"column":8},"end":{"line":332,"column":25}},{"start":{"line":332,"column":29},"end":{"line":332,"column":75}}],"line":332},"35":{"loc":{"start":{"line":332,"column":30},"end":{"line":332,"column":61}},"type":"binary-expr","locations":[{"start":{"line":332,"column":30},"end":{"line":332,"column":55}},{"start":{"line":332,"column":59},"end":{"line":332,"column":61}}],"line":332},"36":{"loc":{"start":{"line":337,"column":26},"end":{"line":337,"column":55}},"type":"cond-expr","locations":[{"start":{"line":337,"column":38},"end":{"line":337,"column":51}},{"start":{"line":337,"column":54},"end":{"line":337,"column":55}}],"line":337},"37":{"loc":{"start":{"line":351,"column":6},"end":{"line":351,"column":23}},"type":"if","locations":[{"start":{"line":351,"column":6},"end":{"line":351,"column":23}},{"start":{},"end":{}}],"line":351},"38":{"loc":{"start":{"line":355,"column":19},"end":{"line":355,"column":52}},"type":"binary-expr","locations":[{"start":{"line":355,"column":19},"end":{"line":355,"column":46}},{"start":{"line":355,"column":50},"end":{"line":355,"column":52}}],"line":355},"39":{"loc":{"start":{"line":357,"column":8},"end":{"line":360,"column":9}},"type":"if","locations":[{"start":{"line":357,"column":8},"end":{"line":360,"column":9}},{"start":{},"end":{}}],"line":357},"40":{"loc":{"start":{"line":369,"column":4},"end":{"line":372,"column":5}},"type":"if","locations":[{"start":{"line":369,"column":4},"end":{"line":372,"column":5}},{"start":{},"end":{}}],"line":369},"41":{"loc":{"start":{"line":369,"column":8},"end":{"line":369,"column":52}},"type":"binary-expr","locations":[{"start":{"line":369,"column":8},"end":{"line":369,"column":31}},{"start":{"line":369,"column":35},"end":{"line":369,"column":52}}],"line":369}},"s":{"0":23,"1":23,"2":84,"3":84,"4":23,"5":84,"6":84,"7":62,"8":0,"9":62,"10":62,"11":62,"12":23,"13":9,"14":26,"15":3,"16":23,"17":23,"18":23,"19":17,"20":9,"21":9,"22":4,"23":11,"24":0,"25":11,"26":11,"27":11,"28":7,"29":4,"30":4,"31":4,"32":5,"33":5,"34":5,"35":5,"36":16,"37":3,"38":3,"39":3,"40":3,"41":13,"42":0,"43":13,"44":13,"45":13,"46":13,"47":13,"48":11,"49":13,"50":5,"51":13,"52":5,"53":5,"54":4,"55":4,"56":4,"57":4,"58":4,"59":11,"60":4,"61":11,"62":11,"63":9,"64":9,"65":4,"66":11,"67":3,"68":4,"69":9,"70":9,"71":0,"72":9,"73":9,"74":9,"75":7,"76":0,"77":7,"78":7,"79":7,"80":6,"81":4,"82":1,"83":3,"84":3,"85":3,"86":3,"87":3,"88":11,"89":3,"90":11,"91":5,"92":3,"93":11,"94":6,"95":3,"96":11,"97":11,"98":0,"99":11,"100":11,"101":11,"102":5,"103":5,"104":5,"105":5,"106":3,"107":0,"108":3,"109":6,"110":1,"111":5,"112":5,"113":5,"114":5,"115":9,"116":9,"117":0,"118":9,"119":9,"120":7,"121":0,"122":7,"123":7,"124":7,"125":7,"126":3,"127":3,"128":3,"129":7,"130":7,"131":7,"132":3,"133":2,"134":5,"135":5,"136":5,"137":5,"138":15,"139":15,"140":1,"141":5,"142":5,"143":5,"144":5,"145":5,"146":5,"147":5,"148":15,"149":15,"150":0,"151":15,"152":15,"153":15,"154":15,"155":10,"156":10,"157":10,"158":5,"159":5,"160":15,"161":5,"162":5,"163":5},"f":{"0":23,"1":9,"2":26,"3":4,"4":11,"5":5,"6":16,"7":4,"8":3,"9":6,"10":5,"11":5},"b":{"0":[0,62],"1":[62,0],"2":[3,23],"3":[23,0],"4":[0,11],"5":[11,0],"6":[3,13],"7":[0,13],"8":[13,0],"9":[5,8],"10":[11,0],"11":[9,0],"12":[9,8],"13":[3,8],"14":[0,9],"15":[9,0],"16":[0,7],"17":[7,0],"18":[6,1],"19":[1,3],"20":[5,5],"21":[6,5],"22":[0,11],"23":[11,0],"24":[5,0],"25":[5,0],"26":[0,3],"27":[1,5],"28":[0,9],"29":[9,0],"30":[0,7],"31":[3,4],"32":[7,0],"33":[1,14],"34":[15,6],"35":[6,0],"36":[4,1],"37":[0,15],"38":[15,0],"39":[10,0],"40":[5,10],"41":[15,5]},"inputSourceMap":null,"_coverageSchema":"1a1c01bbd47fc00a2c39e90264f33305004495a9","hash":"c45c6c4f009898b42058db194e34b9cfb0c3f5f0"}
,"/Users/d/portfolio/OSS_Protocols/app/src/catalog/index.js": {"path":"/Users/d/portfolio/OSS_Protocols/app/src/catalog/index.js","statementMap":{"0":{"start":{"line":58,"column":4},"end":{"line":58,"column":31}},"1":{"start":{"line":60,"column":4},"end":{"line":67,"column":6}},"2":{"start":{"line":69,"column":4},"end":{"line":72,"column":6}},"3":{"start":{"line":82,"column":4},"end":{"line":82,"column":35}},"4":{"start":{"line":90,"column":16},"end":{"line":90,"column":28}},"5":{"start":{"line":93,"column":4},"end":{"line":93,"column":38}},"6":{"start":{"line":96,"column":4},"end":{"line":96,"column":41}},"7":{"start":{"line":97,"column":4},"end":{"line":97,"column":40}},"8":{"start":{"line":106,"column":21},"end":{"line":106,"column":44}},"9":{"start":{"line":107,"column":4},"end":{"line":107,"column":32}},"10":{"start":{"line":107,"column":19},"end":{"line":107,"column":32}},"11":{"start":{"line":110,"column":4},"end":{"line":110,"column":31}},"12":{"start":{"line":113,"column":4},"end":{"line":113,"column":46}},"13":{"start":{"line":116,"column":4},"end":{"line":116,"column":40}},"14":{"start":{"line":118,"column":4},"end":{"line":118,"column":16}},"15":{"start":{"line":127,"column":4},"end":{"line":127,"column":35}},"16":{"start":{"line":135,"column":4},"end":{"line":135,"column":31}},"17":{"start":{"line":142,"column":4},"end":{"line":142,"column":27}},"18":{"start":{"line":143,"column":4},"end":{"line":150,"column":6}},"19":{"start":{"line":151,"column":4},"end":{"line":154,"column":6}},"20":{"start":{"line":166,"column":4},"end":{"line":166,"column":57}},"21":{"start":{"line":176,"column":4},"end":{"line":176,"column":69}},"22":{"start":{"line":186,"column":4},"end":{"line":186,"column":61}},"23":{"start":{"line":196,"column":4},"end":{"line":196,"column":60}},"24":{"start":{"line":206,"column":4},"end":{"line":206,"column":59}},"25":{"start":{"line":216,"column":4},"end":{"line":216,"column":79}},"26":{"start":{"line":226,"column":4},"end":{"line":226,"column":69}},"27":{"start":{"line":235,"column":4},"end":{"line":235,"column":61}},"28":{"start":{"line":243,"column":4},"end":{"line":243,"column":57}},"29":{"start":{"line":252,"column":4},"end":{"line":252,"column":57}},"30":{"start":{"line":264,"column":25},"end":{"line":264,"column":64}},"31":{"start":{"line":265,"column":4},"end":{"line":267,"column":38}},"32":{"start":{"line":266,"column":26},"end":{"line":266,"column":57}},"33":{"start":{"line":267,"column":21},"end":{"line":267,"column":36}},"34":{"start":{"line":277,"column":4},"end":{"line":277,"column":56}},"35":{"start":{"line":288,"column":4},"end":{"line":288,"column":56}},"36":{"start":{"line":297,"column":4},"end":{"line":297,"column":51}},"37":{"start":{"line":306,"column":4},"end":{"line":306,"column":46}},"38":{"start":{"line":316,"column":4},"end":{"line":316,"column":52}},"39":{"start":{"line":324,"column":4},"end":{"line":324,"column":47}},"40":{"start":{"line":332,"column":4},"end":{"line":332,"column":57}},"41":{"start":{"line":343,"column":25},"end":{"line":378,"column":5}},"42":{"start":{"line":350,"column":73},"end":{"line":353,"column":11}},"43":{"start":{"line":356,"column":67},"end":{"line":359,"column":11}},"44":{"start":{"line":362,"column":69},"end":{"line":365,"column":11}},"45":{"start":{"line":370,"column":72},"end":{"line":376,"column":9}},"46":{"start":{"line":380,"column":17},"end":{"line":380,"column":54}},"47":{"start":{"line":381,"column":4},"end":{"line":381,"column":44}},"48":{"start":{"line":389,"column":17},"end":{"line":389,"column":49}},"49":{"start":{"line":391,"column":25},"end":{"line":391,"column":41}},"50":{"start":{"line":394,"column":4},"end":{"line":394,"column":17}},"51":{"start":{"line":397,"column":4},"end":{"line":399,"column":5}},"52":{"start":{"line":398,"column":6},"end":{"line":398,"column":25}},"53":{"start":{"line":401,"column":4},"end":{"line":401,"column":72}},"54":{"start":{"line":410,"column":25},"end":{"line":445,"column":5}},"55":{"start":{"line":417,"column":73},"end":{"line":420,"column":11}},"56":{"start":{"line":423,"column":67},"end":{"line":426,"column":11}},"57":{"start":{"line":429,"column":69},"end":{"line":432,"column":11}},"58":{"start":{"line":437,"column":72},"end":{"line":443,"column":9}},"59":{"start":{"line":447,"column":4},"end":{"line":447,"column":49}},"60":{"start":{"line":456,"column":25},"end":{"line":456,"column":41}},"61":{"start":{"line":459,"column":4},"end":{"line":459,"column":17}},"62":{"start":{"line":462,"column":4},"end":{"line":464,"column":5}},"63":{"start":{"line":463,"column":6},"end":{"line":463,"column":25}},"64":{"start":{"line":474,"column":16},"end":{"line":474,"column":28}},"65":{"start":{"line":477,"column":4},"end":{"line":477,"column":72}},"66":{"start":{"line":480,"column":4},"end":{"line":482,"column":5}},"67":{"start":{"line":481,"column":6},"end":{"line":481,"column":53}},"68":{"start":{"line":485,"column":4},"end":{"line":489,"column":6}},"69":{"start":{"line":492,"column":4},"end":{"line":494,"column":5}},"70":{"start":{"line":493,"column":6},"end":{"line":493,"column":34}},"71":{"start":{"line":497,"column":4},"end":{"line":497,"column":62}},"72":{"start":{"line":500,"column":4},"end":{"line":504,"column":6}},"73":{"start":{"line":512,"column":16},"end":{"line":512,"column":28}},"74":{"start":{"line":515,"column":4},"end":{"line":515,"column":66}},"75":{"start":{"line":518,"column":4},"end":{"line":520,"column":5}},"76":{"start":{"line":519,"column":6},"end":{"line":519,"column":47}},"77":{"start":{"line":523,"column":4},"end":{"line":523,"column":78}},"78":{"start":{"line":526,"column":4},"end":{"line":526,"column":35}},"79":{"start":{"line":529,"column":4},"end":{"line":529,"column":56}},"80":{"start":{"line":532,"column":4},"end":{"line":534,"column":20}},"81":{"start":{"line":542,"column":16},"end":{"line":542,"column":28}},"82":{"start":{"line":543,"column":17},"end":{"line":543,"column":44}},"83":{"start":{"line":546,"column":4},"end":{"line":546,"column":53}},"84":{"start":{"line":547,"column":4},"end":{"line":549,"column":5}},"85":{"start":{"line":548,"column":6},"end":{"line":548,"column":51}},"86":{"start":{"line":552,"column":4},"end":{"line":560,"column":5}},"87":{"start":{"line":553,"column":6},"end":{"line":555,"column":7}},"88":{"start":{"line":554,"column":8},"end":{"line":554,"column":53}},"89":{"start":{"line":556,"column":25},"end":{"line":556,"column":65}},"90":{"start":{"line":557,"column":6},"end":{"line":559,"column":7}},"91":{"start":{"line":558,"column":8},"end":{"line":558,"column":29}},"92":{"start":{"line":569,"column":17},"end":{"line":569,"column":65}},"93":{"start":{"line":572,"column":4},"end":{"line":580,"column":5}},"94":{"start":{"line":573,"column":25},"end":{"line":573,"column":65}},"95":{"start":{"line":574,"column":6},"end":{"line":579,"column":7}},"96":{"start":{"line":575,"column":22},"end":{"line":575,"column":45}},"97":{"start":{"line":576,"column":8},"end":{"line":578,"column":9}},"98":{"start":{"line":577,"column":10},"end":{"line":577,"column":38}},"99":{"start":{"line":583,"column":4},"end":{"line":583,"column":50}},"100":{"start":{"line":584,"column":4},"end":{"line":584,"column":48}},"101":{"start":{"line":595,"column":4},"end":{"line":597,"column":5}},"102":{"start":{"line":596,"column":6},"end":{"line":596,"column":30}},"103":{"start":{"line":598,"column":16},"end":{"line":598,"column":28}},"104":{"start":{"line":599,"column":4},"end":{"line":599,"column":28}},"105":{"start":{"line":599,"column":13},"end":{"line":599,"column":28}}},"fnMap":{"0":{"name":"(anonymous_0)","decl":{"start":{"line":56,"column":2},"end":{"line":56,"column":3}},"loc":{"start":{"line":56,"column":16},"end":{"line":73,"column":3}},"line":56},"1":{"name":"(anonymous_1)","decl":{"start":{"line":81,"column":2},"end":{"line":81,"column":3}},"loc":{"start":{"line":81,"column":11},"end":{"line":83,"column":3}},"line":81},"2":{"name":"(anonymous_2)","decl":{"start":{"line":89,"column":2},"end":{"line":89,"column":3}},"loc":{"start":{"line":89,"column":16},"end":{"line":98,"column":3}},"line":89},"3":{"name":"(anonymous_3)","decl":{"start":{"line":105,"column":2},"end":{"line":105,"column":3}},"loc":{"start":{"line":105,"column":14},"end":{"line":119,"column":3}},"line":105},"4":{"name":"(anonymous_4)","decl":{"start":{"line":126,"column":2},"end":{"line":126,"column":3}},"loc":{"start":{"line":126,"column":11},"end":{"line":128,"column":3}},"line":126},"5":{"name":"(anonymous_5)","decl":{"start":{"line":134,"column":2},"end":{"line":134,"column":3}},"loc":{"start":{"line":134,"column":9},"end":{"line":136,"column":3}},"line":134},"6":{"name":"(anonymous_6)","decl":{"start":{"line":141,"column":2},"end":{"line":141,"column":3}},"loc":{"start":{"line":141,"column":10},"end":{"line":155,"column":3}},"line":141},"7":{"name":"(anonymous_7)","decl":{"start":{"line":165,"column":2},"end":{"line":165,"column":3}},"loc":{"start":{"line":165,"column":17},"end":{"line":167,"column":3}},"line":165},"8":{"name":"(anonymous_8)","decl":{"start":{"line":175,"column":2},"end":{"line":175,"column":3}},"loc":{"start":{"line":175,"column":29},"end":{"line":177,"column":3}},"line":175},"9":{"name":"(anonymous_9)","decl":{"start":{"line":185,"column":2},"end":{"line":185,"column":3}},"loc":{"start":{"line":185,"column":21},"end":{"line":187,"column":3}},"line":185},"10":{"name":"(anonymous_10)","decl":{"start":{"line":195,"column":2},"end":{"line":195,"column":3}},"loc":{"start":{"line":195,"column":20},"end":{"line":197,"column":3}},"line":195},"11":{"name":"(anonymous_11)","decl":{"start":{"line":205,"column":2},"end":{"line":205,"column":3}},"loc":{"start":{"line":205,"column":19},"end":{"line":207,"column":3}},"line":205},"12":{"name":"(anonymous_12)","decl":{"start":{"line":215,"column":2},"end":{"line":215,"column":3}},"loc":{"start":{"line":215,"column":39},"end":{"line":217,"column":3}},"line":215},"13":{"name":"(anonymous_13)","decl":{"start":{"line":225,"column":2},"end":{"line":225,"column":3}},"loc":{"start":{"line":225,"column":29},"end":{"line":227,"column":3}},"line":225},"14":{"name":"(anonymous_14)","decl":{"start":{"line":234,"column":2},"end":{"line":234,"column":3}},"loc":{"start":{"line":234,"column":21},"end":{"line":236,"column":3}},"line":234},"15":{"name":"(anonymous_15)","decl":{"start":{"line":242,"column":2},"end":{"line":242,"column":3}},"loc":{"start":{"line":242,"column":19},"end":{"line":244,"column":3}},"line":242},"16":{"name":"(anonymous_16)","decl":{"start":{"line":251,"column":2},"end":{"line":251,"column":3}},"loc":{"start":{"line":251,"column":31},"end":{"line":253,"column":3}},"line":251},"17":{"name":"(anonymous_17)","decl":{"start":{"line":263,"column":2},"end":{"line":263,"column":3}},"loc":{"start":{"line":263,"column":21},"end":{"line":268,"column":3}},"line":263},"18":{"name":"(anonymous_18)","decl":{"start":{"line":266,"column":11},"end":{"line":266,"column":12}},"loc":{"start":{"line":266,"column":26},"end":{"line":266,"column":57}},"line":266},"19":{"name":"(anonymous_19)","decl":{"start":{"line":267,"column":14},"end":{"line":267,"column":15}},"loc":{"start":{"line":267,"column":21},"end":{"line":267,"column":36}},"line":267},"20":{"name":"(anonymous_20)","decl":{"start":{"line":276,"column":2},"end":{"line":276,"column":3}},"loc":{"start":{"line":276,"column":25},"end":{"line":278,"column":3}},"line":276},"21":{"name":"(anonymous_21)","decl":{"start":{"line":287,"column":2},"end":{"line":287,"column":3}},"loc":{"start":{"line":287,"column":25},"end":{"line":289,"column":3}},"line":287},"22":{"name":"(anonymous_22)","decl":{"start":{"line":296,"column":2},"end":{"line":296,"column":3}},"loc":{"start":{"line":296,"column":22},"end":{"line":298,"column":3}},"line":296},"23":{"name":"(anonymous_23)","decl":{"start":{"line":305,"column":2},"end":{"line":305,"column":3}},"loc":{"start":{"line":305,"column":17},"end":{"line":307,"column":3}},"line":305},"24":{"name":"(anonymous_24)","decl":{"start":{"line":315,"column":2},"end":{"line":315,"column":3}},"loc":{"start":{"line":315,"column":21},"end":{"line":317,"column":3}},"line":315},"25":{"name":"(anonymous_25)","decl":{"start":{"line":323,"column":2},"end":{"line":323,"column":3}},"loc":{"start":{"line":323,"column":18},"end":{"line":325,"column":3}},"line":323},"26":{"name":"(anonymous_26)","decl":{"start":{"line":331,"column":2},"end":{"line":331,"column":3}},"loc":{"start":{"line":331,"column":13},"end":{"line":333,"column":3}},"line":331},"27":{"name":"(anonymous_27)","decl":{"start":{"line":341,"column":2},"end":{"line":341,"column":3}},"loc":{"start":{"line":341,"column":19},"end":{"line":382,"column":3}},"line":341},"28":{"name":"(anonymous_28)","decl":{"start":{"line":350,"column":61},"end":{"line":350,"column":62}},"loc":{"start":{"line":350,"column":73},"end":{"line":353,"column":11}},"line":350},"29":{"name":"(anonymous_29)","decl":{"start":{"line":356,"column":55},"end":{"line":356,"column":56}},"loc":{"start":{"line":356,"column":67},"end":{"line":359,"column":11}},"line":356},"30":{"name":"(anonymous_30)","decl":{"start":{"line":362,"column":57},"end":{"line":362,"column":58}},"loc":{"start":{"line":362,"column":69},"end":{"line":365,"column":11}},"line":362},"31":{"name":"(anonymous_31)","decl":{"start":{"line":370,"column":65},"end":{"line":370,"column":66}},"loc":{"start":{"line":370,"column":72},"end":{"line":376,"column":9}},"line":370},"32":{"name":"(anonymous_32)","decl":{"start":{"line":388,"column":2},"end":{"line":388,"column":3}},"loc":{"start":{"line":388,"column":19},"end":{"line":402,"column":3}},"line":388},"33":{"name":"(anonymous_33)","decl":{"start":{"line":408,"column":2},"end":{"line":408,"column":3}},"loc":{"start":{"line":408,"column":11},"end":{"line":448,"column":3}},"line":408},"34":{"name":"(anonymous_34)","decl":{"start":{"line":417,"column":61},"end":{"line":417,"column":62}},"loc":{"start":{"line":417,"column":73},"end":{"line":420,"column":11}},"line":417},"35":{"name":"(anonymous_35)","decl":{"start":{"line":423,"column":55},"end":{"line":423,"column":56}},"loc":{"start":{"line":423,"column":67},"end":{"line":426,"column":11}},"line":423},"36":{"name":"(anonymous_36)","decl":{"start":{"line":429,"column":57},"end":{"line":429,"column":58}},"loc":{"start":{"line":429,"column":69},"end":{"line":432,"column":11}},"line":429},"37":{"name":"(anonymous_37)","decl":{"start":{"line":437,"column":65},"end":{"line":437,"column":66}},"loc":{"start":{"line":437,"column":72},"end":{"line":443,"column":9}},"line":437},"38":{"name":"(anonymous_38)","decl":{"start":{"line":454,"column":2},"end":{"line":454,"column":3}},"loc":{"start":{"line":454,"column":17},"end":{"line":465,"column":3}},"line":454},"39":{"name":"(anonymous_39)","decl":{"start":{"line":473,"column":2},"end":{"line":473,"column":3}},"loc":{"start":{"line":473,"column":34},"end":{"line":505,"column":3}},"line":473},"40":{"name":"(anonymous_40)","decl":{"start":{"line":511,"column":2},"end":{"line":511,"column":3}},"loc":{"start":{"line":511,"column":39},"end":{"line":535,"column":3}},"line":511},"41":{"name":"(anonymous_41)","decl":{"start":{"line":541,"column":2},"end":{"line":541,"column":3}},"loc":{"start":{"line":541,"column":33},"end":{"line":561,"column":3}},"line":541},"42":{"name":"(anonymous_42)","decl":{"start":{"line":567,"column":2},"end":{"line":567,"column":3}},"loc":{"start":{"line":567,"column":33},"end":{"line":585,"column":3}},"line":567},"43":{"name":"(anonymous_43)","decl":{"start":{"line":594,"column":2},"end":{"line":594,"column":3}},"loc":{"start":{"line":594,"column":31},"end":{"line":600,"column":3}},"line":594}},"branchMap":{"0":{"loc":{"start":{"line":107,"column":4},"end":{"line":107,"column":32}},"type":"if","locations":[{"start":{"line":107,"column":4},"end":{"line":107,"column":32}},{"start":{},"end":{}}],"line":107},"1":{"loc":{"start":{"line":373,"column":26},"end":{"line":373,"column":74}},"type":"binary-expr","locations":[{"start":{"line":373,"column":26},"end":{"line":373,"column":68}},{"start":{"line":373,"column":72},"end":{"line":373,"column":74}}],"line":373},"2":{"loc":{"start":{"line":374,"column":24},"end":{"line":374,"column":70}},"type":"binary-expr","locations":[{"start":{"line":374,"column":24},"end":{"line":374,"column":64}},{"start":{"line":374,"column":68},"end":{"line":374,"column":70}}],"line":374},"3":{"loc":{"start":{"line":440,"column":26},"end":{"line":440,"column":74}},"type":"binary-expr","locations":[{"start":{"line":440,"column":26},"end":{"line":440,"column":68}},{"start":{"line":440,"column":72},"end":{"line":440,"column":74}}],"line":440},"4":{"loc":{"start":{"line":441,"column":24},"end":{"line":441,"column":70}},"type":"binary-expr","locations":[{"start":{"line":441,"column":24},"end":{"line":441,"column":64}},{"start":{"line":441,"column":68},"end":{"line":441,"column":70}}],"line":441},"5":{"loc":{"start":{"line":492,"column":4},"end":{"line":494,"column":5}},"type":"if","locations":[{"start":{"line":492,"column":4},"end":{"line":494,"column":5}},{"start":{},"end":{}}],"line":492},"6":{"loc":{"start":{"line":543,"column":17},"end":{"line":543,"column":44}},"type":"binary-expr","locations":[{"start":{"line":543,"column":17},"end":{"line":543,"column":38}},{"start":{"line":543,"column":42},"end":{"line":543,"column":44}}],"line":543},"7":{"loc":{"start":{"line":547,"column":4},"end":{"line":549,"column":5}},"type":"if","locations":[{"start":{"line":547,"column":4},"end":{"line":549,"column":5}},{"start":{},"end":{}}],"line":547},"8":{"loc":{"start":{"line":553,"column":6},"end":{"line":555,"column":7}},"type":"if","locations":[{"start":{"line":553,"column":6},"end":{"line":555,"column":7}},{"start":{},"end":{}}],"line":553},"9":{"loc":{"start":{"line":557,"column":6},"end":{"line":559,"column":7}},"type":"if","locations":[{"start":{"line":557,"column":6},"end":{"line":559,"column":7}},{"start":{},"end":{}}],"line":557},"10":{"loc":{"start":{"line":557,"column":10},"end":{"line":557,"column":49}},"type":"binary-expr","locations":[{"start":{"line":557,"column":10},"end":{"line":557,"column":20}},{"start":{"line":557,"column":24},"end":{"line":557,"column":49}}],"line":557},"11":{"loc":{"start":{"line":569,"column":17},"end":{"line":569,"column":65}},"type":"binary-expr","locations":[{"start":{"line":569,"column":17},"end":{"line":569,"column":59}},{"start":{"line":569,"column":63},"end":{"line":569,"column":65}}],"line":569},"12":{"loc":{"start":{"line":574,"column":6},"end":{"line":579,"column":7}},"type":"if","locations":[{"start":{"line":574,"column":6},"end":{"line":579,"column":7}},{"start":{},"end":{}}],"line":574},"13":{"loc":{"start":{"line":576,"column":8},"end":{"line":578,"column":9}},"type":"if","locations":[{"start":{"line":576,"column":8},"end":{"line":578,"column":9}},{"start":{},"end":{}}],"line":576},"14":{"loc":{"start":{"line":595,"column":4},"end":{"line":597,"column":5}},"type":"if","locations":[{"start":{"line":595,"column":4},"end":{"line":597,"column":5}},{"start":{},"end":{}}],"line":595},"15":{"loc":{"start":{"line":599,"column":4},"end":{"line":599,"column":28}},"type":"if","locations":[{"start":{"line":599,"column":4},"end":{"line":599,"column":28}},{"start":{},"end":{}}],"line":599}},"s":{"0":42,"1":42,"2":42,"3":5,"4":21085,"5":21085,"6":21085,"7":21085,"8":3,"9":3,"10":1,"11":2,"12":2,"13":2,"14":2,"15":4,"16":9,"17":4,"18":4,"19":4,"20":4,"21":1,"22":1,"23":2,"24":1,"25":1,"26":1,"27":1,"28":1,"29":1,"30":1,"31":1,"32":3,"33":3,"34":2,"35":1,"36":1,"37":1,"38":2,"39":1,"40":1,"41":3,"42":3,"43":6,"44":3,"45":3,"46":3,"47":3,"48":2,"49":2,"50":2,"51":2,"52":2,"53":2,"54":2,"55":2,"56":4,"57":2,"58":2,"59":2,"60":1,"61":1,"62":1,"63":1,"64":21085,"65":21085,"66":21085,"67":21093,"68":21085,"69":21085,"70":43,"71":21085,"72":21085,"73":2,"74":2,"75":2,"76":4,"77":2,"78":2,"79":2,"80":2,"81":21085,"82":21085,"83":21085,"84":21085,"85":21049,"86":21085,"87":54,"88":50,"89":54,"90":54,"91":53,"92":2,"93":2,"94":1,"95":1,"96":1,"97":1,"98":1,"99":2,"100":2,"101":105433,"102":341,"103":105433,"104":105433,"105":105433},"f":{"0":42,"1":5,"2":21085,"3":3,"4":4,"5":9,"6":4,"7":4,"8":1,"9":1,"10":2,"11":1,"12":1,"13":1,"14":1,"15":1,"16":1,"17":1,"18":3,"19":3,"20":2,"21":1,"22":1,"23":1,"24":2,"25":1,"26":1,"27":3,"28":3,"29":6,"30":3,"31":3,"32":2,"33":2,"34":2,"35":4,"36":2,"37":2,"38":1,"39":21085,"40":2,"41":21085,"42":2,"43":105433},"b":{"0":[1,2],"1":[3,0],"2":[3,0],"3":[2,0],"4":[2,0],"5":[43,21042],"6":[21085,0],"7":[21049,36],"8":[50,4],"9":[53,1],"10":[54,54],"11":[2,0],"12":[1,0],"13":[1,0],"14":[341,105092],"15":[105433,0]},"inputSourceMap":null,"_coverageSchema":"1a1c01bbd47fc00a2c39e90264f33305004495a9","hash":"fc4a2f4f2b70072fcdd131fbe4a5cbbcf031a8c9"}
,"/Users/d/portfolio/OSS_Protocols/app/src/catalog/query.js": {"path":"/Users/d/portfolio/OSS_Protocols/app/src/catalog/query.js","statementMap":{"0":{"start":{"line":34,"column":18},"end":{"line":41,"column":3}},"1":{"start":{"line":43,"column":2},"end":{"line":69,"column":3}},"2":{"start":{"line":45,"column":4},"end":{"line":45,"column":62}},"3":{"start":{"line":48,"column":4},"end":{"line":50,"column":5}},"4":{"start":{"line":49,"column":6},"end":{"line":49,"column":43}},"5":{"start":{"line":53,"column":4},"end":{"line":53,"column":74}},"6":{"start":{"line":56,"column":4},"end":{"line":58,"column":5}},"7":{"start":{"line":57,"column":6},"end":{"line":57,"column":29}},"8":{"start":{"line":61,"column":4},"end":{"line":61,"column":52}},"9":{"start":{"line":64,"column":4},"end":{"line":68,"column":6}},"10":{"start":{"line":71,"column":2},"end":{"line":71,"column":17}},"11":{"start":{"line":82,"column":2},"end":{"line":84,"column":3}},"12":{"start":{"line":83,"column":4},"end":{"line":83,"column":28}},"13":{"start":{"line":85,"column":14},"end":{"line":85,"column":26}},"14":{"start":{"line":86,"column":2},"end":{"line":86,"column":26}},"15":{"start":{"line":86,"column":11},"end":{"line":86,"column":26}},"16":{"start":{"line":98,"column":16},"end":{"line":98,"column":33}},"17":{"start":{"line":100,"column":15},"end":{"line":100,"column":50}},"18":{"start":{"line":101,"column":18},"end":{"line":103,"column":35}},"19":{"start":{"line":102,"column":16},"end":{"line":102,"column":34}},"20":{"start":{"line":103,"column":19},"end":{"line":103,"column":34}},"21":{"start":{"line":105,"column":15},"end":{"line":105,"column":40}},"22":{"start":{"line":107,"column":2},"end":{"line":111,"column":4}},"23":{"start":{"line":123,"column":16},"end":{"line":123,"column":33}},"24":{"start":{"line":125,"column":15},"end":{"line":125,"column":62}},"25":{"start":{"line":126,"column":18},"end":{"line":128,"column":35}},"26":{"start":{"line":127,"column":16},"end":{"line":127,"column":34}},"27":{"start":{"line":128,"column":19},"end":{"line":128,"column":34}},"28":{"start":{"line":130,"column":15},"end":{"line":130,"column":40}},"29":{"start":{"line":132,"column":2},"end":{"line":136,"column":4}},"30":{"start":{"line":148,"column":16},"end":{"line":148,"column":33}},"31":{"start":{"line":150,"column":15},"end":{"line":150,"column":54}},"32":{"start":{"line":151,"column":18},"end":{"line":153,"column":35}},"33":{"start":{"line":152,"column":16},"end":{"line":152,"column":34}},"34":{"start":{"line":153,"column":19},"end":{"line":153,"column":34}},"35":{"start":{"line":155,"column":15},"end":{"line":155,"column":40}},"36":{"start":{"line":157,"column":2},"end":{"line":161,"column":4}},"37":{"start":{"line":173,"column":16},"end":{"line":173,"column":33}},"38":{"start":{"line":176,"column":2},"end":{"line":183,"column":3}},"39":{"start":{"line":177,"column":4},"end":{"line":177,"column":25}},"40":{"start":{"line":180,"column":4},"end":{"line":182,"column":6}},"41":{"start":{"line":181,"column":49},"end":{"line":181,"column":72}},"42":{"start":{"line":185,"column":18},"end":{"line":187,"column":35}},"43":{"start":{"line":186,"column":16},"end":{"line":186,"column":34}},"44":{"start":{"line":187,"column":19},"end":{"line":187,"column":34}},"45":{"start":{"line":189,"column":15},"end":{"line":189,"column":40}},"46":{"start":{"line":191,"column":2},"end":{"line":195,"column":4}},"47":{"start":{"line":207,"column":16},"end":{"line":207,"column":33}},"48":{"start":{"line":209,"column":15},"end":{"line":209,"column":52}},"49":{"start":{"line":210,"column":18},"end":{"line":212,"column":35}},"50":{"start":{"line":211,"column":16},"end":{"line":211,"column":34}},"51":{"start":{"line":212,"column":19},"end":{"line":212,"column":34}},"52":{"start":{"line":214,"column":15},"end":{"line":214,"column":40}},"53":{"start":{"line":216,"column":2},"end":{"line":220,"column":4}},"54":{"start":{"line":232,"column":16},"end":{"line":232,"column":33}},"55":{"start":{"line":234,"column":15},"end":{"line":234,"column":72}},"56":{"start":{"line":235,"column":18},"end":{"line":237,"column":35}},"57":{"start":{"line":236,"column":16},"end":{"line":236,"column":34}},"58":{"start":{"line":237,"column":19},"end":{"line":237,"column":34}},"59":{"start":{"line":239,"column":15},"end":{"line":239,"column":40}},"60":{"start":{"line":241,"column":2},"end":{"line":245,"column":4}},"61":{"start":{"line":258,"column":16},"end":{"line":258,"column":33}},"62":{"start":{"line":261,"column":18},"end":{"line":261,"column":43}},"63":{"start":{"line":264,"column":2},"end":{"line":267,"column":3}},"64":{"start":{"line":265,"column":26},"end":{"line":265,"column":82}},"65":{"start":{"line":266,"column":4},"end":{"line":266,"column":58}},"66":{"start":{"line":270,"column":2},"end":{"line":273,"column":3}},"67":{"start":{"line":271,"column":22},"end":{"line":271,"column":70}},"68":{"start":{"line":272,"column":4},"end":{"line":272,"column":54}},"69":{"start":{"line":276,"column":2},"end":{"line":283,"column":3}},"70":{"start":{"line":277,"column":4},"end":{"line":282,"column":5}},"71":{"start":{"line":278,"column":6},"end":{"line":278,"column":60}},"72":{"start":{"line":281,"column":6},"end":{"line":281,"column":58}},"73":{"start":{"line":286,"column":2},"end":{"line":290,"column":3}},"74":{"start":{"line":288,"column":6},"end":{"line":288,"column":72}},"75":{"start":{"line":289,"column":4},"end":{"line":289,"column":63}},"76":{"start":{"line":293,"column":2},"end":{"line":298,"column":3}},"77":{"start":{"line":294,"column":4},"end":{"line":297,"column":5}},"78":{"start":{"line":295,"column":22},"end":{"line":295,"column":57}},"79":{"start":{"line":296,"column":6},"end":{"line":296,"column":54}},"80":{"start":{"line":301,"column":2},"end":{"line":311,"column":3}},"81":{"start":{"line":302,"column":4},"end":{"line":310,"column":6}},"82":{"start":{"line":304,"column":25},"end":{"line":304,"column":43}},"83":{"start":{"line":305,"column":8},"end":{"line":305,"column":36}},"84":{"start":{"line":305,"column":23},"end":{"line":305,"column":36}},"85":{"start":{"line":307,"column":35},"end":{"line":307,"column":80}},"86":{"start":{"line":308,"column":8},"end":{"line":308,"column":86}},"87":{"start":{"line":308,"column":54},"end":{"line":308,"column":84}},"88":{"start":{"line":313,"column":18},"end":{"line":315,"column":35}},"89":{"start":{"line":314,"column":16},"end":{"line":314,"column":34}},"90":{"start":{"line":315,"column":19},"end":{"line":315,"column":34}},"91":{"start":{"line":317,"column":15},"end":{"line":317,"column":40}},"92":{"start":{"line":319,"column":2},"end":{"line":323,"column":4}},"93":{"start":{"line":334,"column":17},"end":{"line":334,"column":26}},"94":{"start":{"line":335,"column":18},"end":{"line":335,"column":53}},"95":{"start":{"line":336,"column":17},"end":{"line":336,"column":52}},"96":{"start":{"line":338,"column":2},"end":{"line":342,"column":3}},"97":{"start":{"line":339,"column":4},"end":{"line":341,"column":5}},"98":{"start":{"line":340,"column":6},"end":{"line":340,"column":23}},"99":{"start":{"line":344,"column":2},"end":{"line":344,"column":16}},"100":{"start":{"line":355,"column":17},"end":{"line":355,"column":26}},"101":{"start":{"line":357,"column":2},"end":{"line":361,"column":3}},"102":{"start":{"line":358,"column":4},"end":{"line":360,"column":5}},"103":{"start":{"line":359,"column":6},"end":{"line":359,"column":23}},"104":{"start":{"line":363,"column":2},"end":{"line":363,"column":16}},"105":{"start":{"line":374,"column":16},"end":{"line":374,"column":33}},"106":{"start":{"line":376,"column":20},"end":{"line":376,"column":29}},"107":{"start":{"line":378,"column":2},"end":{"line":383,"column":3}},"108":{"start":{"line":379,"column":20},"end":{"line":379,"column":55}},"109":{"start":{"line":380,"column":4},"end":{"line":382,"column":5}},"110":{"start":{"line":381,"column":6},"end":{"line":381,"column":25}},"111":{"start":{"line":385,"column":18},"end":{"line":387,"column":35}},"112":{"start":{"line":386,"column":16},"end":{"line":386,"column":34}},"113":{"start":{"line":387,"column":19},"end":{"line":387,"column":34}},"114":{"start":{"line":389,"column":15},"end":{"line":389,"column":40}},"115":{"start":{"line":391,"column":2},"end":{"line":395,"column":4}},"116":{"start":{"line":405,"column":16},"end":{"line":405,"column":33}},"117":{"start":{"line":407,"column":18},"end":{"line":409,"column":3}},"118":{"start":{"line":408,"column":9},"end":{"line":408,"column":39}},"119":{"start":{"line":411,"column":15},"end":{"line":411,"column":40}},"120":{"start":{"line":413,"column":2},"end":{"line":417,"column":4}},"121":{"start":{"line":428,"column":16},"end":{"line":428,"column":33}},"122":{"start":{"line":430,"column":18},"end":{"line":432,"column":3}},"123":{"start":{"line":431,"column":4},"end":{"line":431,"column":30}},"124":{"start":{"line":434,"column":15},"end":{"line":434,"column":40}},"125":{"start":{"line":436,"column":2},"end":{"line":440,"column":4}},"126":{"start":{"line":451,"column":17},"end":{"line":456,"column":3}},"127":{"start":{"line":459,"column":27},"end":{"line":464,"column":3}},"128":{"start":{"line":466,"column":2},"end":{"line":468,"column":3}},"129":{"start":{"line":467,"column":4},"end":{"line":467,"column":29}},"130":{"start":{"line":470,"column":2},"end":{"line":472,"column":3}},"131":{"start":{"line":471,"column":4},"end":{"line":471,"column":49}},"132":{"start":{"line":474,"column":30},"end":{"line":476,"column":10}},"133":{"start":{"line":475,"column":9},"end":{"line":475,"column":39}},"134":{"start":{"line":478,"column":2},"end":{"line":487,"column":4}}},"fnMap":{"0":{"name":"buildSecondaryIndexes","decl":{"start":{"line":32,"column":16},"end":{"line":32,"column":37}},"loc":{"start":{"line":32,"column":49},"end":{"line":72,"column":1}},"line":32},"1":{"name":"addToMapSet","decl":{"start":{"line":81,"column":9},"end":{"line":81,"column":20}},"loc":{"start":{"line":81,"column":38},"end":{"line":87,"column":1}},"line":81},"2":{"name":"queryByTag","decl":{"start":{"line":97,"column":16},"end":{"line":97,"column":26}},"loc":{"start":{"line":97,"column":52},"end":{"line":112,"column":1}},"line":97},"3":{"name":"(anonymous_3)","decl":{"start":{"line":102,"column":9},"end":{"line":102,"column":10}},"loc":{"start":{"line":102,"column":16},"end":{"line":102,"column":34}},"line":102},"4":{"name":"(anonymous_4)","decl":{"start":{"line":103,"column":12},"end":{"line":103,"column":13}},"loc":{"start":{"line":103,"column":19},"end":{"line":103,"column":34}},"line":103},"5":{"name":"queryByNamespace","decl":{"start":{"line":122,"column":16},"end":{"line":122,"column":32}},"loc":{"start":{"line":122,"column":64},"end":{"line":137,"column":1}},"line":122},"6":{"name":"(anonymous_6)","decl":{"start":{"line":127,"column":9},"end":{"line":127,"column":10}},"loc":{"start":{"line":127,"column":16},"end":{"line":127,"column":34}},"line":127},"7":{"name":"(anonymous_7)","decl":{"start":{"line":128,"column":12},"end":{"line":128,"column":13}},"loc":{"start":{"line":128,"column":19},"end":{"line":128,"column":34}},"line":128},"8":{"name":"queryByOwner","decl":{"start":{"line":147,"column":16},"end":{"line":147,"column":28}},"loc":{"start":{"line":147,"column":56},"end":{"line":162,"column":1}},"line":147},"9":{"name":"(anonymous_9)","decl":{"start":{"line":152,"column":9},"end":{"line":152,"column":10}},"loc":{"start":{"line":152,"column":16},"end":{"line":152,"column":34}},"line":152},"10":{"name":"(anonymous_10)","decl":{"start":{"line":153,"column":12},"end":{"line":153,"column":13}},"loc":{"start":{"line":153,"column":19},"end":{"line":153,"column":34}},"line":153},"11":{"name":"queryByPII","decl":{"start":{"line":172,"column":16},"end":{"line":172,"column":26}},"loc":{"start":{"line":172,"column":55},"end":{"line":196,"column":1}},"line":172},"12":{"name":"(anonymous_12)","decl":{"start":{"line":181,"column":42},"end":{"line":181,"column":43}},"loc":{"start":{"line":181,"column":49},"end":{"line":181,"column":72}},"line":181},"13":{"name":"(anonymous_13)","decl":{"start":{"line":186,"column":9},"end":{"line":186,"column":10}},"loc":{"start":{"line":186,"column":16},"end":{"line":186,"column":34}},"line":186},"14":{"name":"(anonymous_14)","decl":{"start":{"line":187,"column":12},"end":{"line":187,"column":13}},"loc":{"start":{"line":187,"column":19},"end":{"line":187,"column":34}},"line":187},"15":{"name":"queryByType","decl":{"start":{"line":206,"column":16},"end":{"line":206,"column":27}},"loc":{"start":{"line":206,"column":54},"end":{"line":221,"column":1}},"line":206},"16":{"name":"(anonymous_16)","decl":{"start":{"line":211,"column":9},"end":{"line":211,"column":10}},"loc":{"start":{"line":211,"column":16},"end":{"line":211,"column":34}},"line":211},"17":{"name":"(anonymous_17)","decl":{"start":{"line":212,"column":12},"end":{"line":212,"column":13}},"loc":{"start":{"line":212,"column":19},"end":{"line":212,"column":34}},"line":212},"18":{"name":"queryByClassification","decl":{"start":{"line":231,"column":16},"end":{"line":231,"column":37}},"loc":{"start":{"line":231,"column":74},"end":{"line":246,"column":1}},"line":231},"19":{"name":"(anonymous_19)","decl":{"start":{"line":236,"column":9},"end":{"line":236,"column":10}},"loc":{"start":{"line":236,"column":16},"end":{"line":236,"column":34}},"line":236},"20":{"name":"(anonymous_20)","decl":{"start":{"line":237,"column":12},"end":{"line":237,"column":13}},"loc":{"start":{"line":237,"column":19},"end":{"line":237,"column":34}},"line":237},"21":{"name":"queryByGovernance","decl":{"start":{"line":257,"column":16},"end":{"line":257,"column":33}},"loc":{"start":{"line":257,"column":64},"end":{"line":324,"column":1}},"line":257},"22":{"name":"(anonymous_22)","decl":{"start":{"line":303,"column":35},"end":{"line":303,"column":36}},"loc":{"start":{"line":303,"column":42},"end":{"line":309,"column":7}},"line":303},"23":{"name":"(anonymous_23)","decl":{"start":{"line":308,"column":49},"end":{"line":308,"column":50}},"loc":{"start":{"line":308,"column":54},"end":{"line":308,"column":84}},"line":308},"24":{"name":"(anonymous_24)","decl":{"start":{"line":314,"column":9},"end":{"line":314,"column":10}},"loc":{"start":{"line":314,"column":16},"end":{"line":314,"column":34}},"line":314},"25":{"name":"(anonymous_25)","decl":{"start":{"line":315,"column":12},"end":{"line":315,"column":13}},"loc":{"start":{"line":315,"column":19},"end":{"line":315,"column":34}},"line":315},"26":{"name":"setIntersection","decl":{"start":{"line":333,"column":9},"end":{"line":333,"column":24}},"loc":{"start":{"line":333,"column":37},"end":{"line":345,"column":1}},"line":333},"27":{"name":"setDifference","decl":{"start":{"line":354,"column":9},"end":{"line":354,"column":22}},"loc":{"start":{"line":354,"column":35},"end":{"line":364,"column":1}},"line":354},"28":{"name":"queryByTagsOR","decl":{"start":{"line":373,"column":16},"end":{"line":373,"column":29}},"loc":{"start":{"line":373,"column":56},"end":{"line":396,"column":1}},"line":373},"29":{"name":"(anonymous_29)","decl":{"start":{"line":386,"column":9},"end":{"line":386,"column":10}},"loc":{"start":{"line":386,"column":16},"end":{"line":386,"column":34}},"line":386},"30":{"name":"(anonymous_30)","decl":{"start":{"line":387,"column":12},"end":{"line":387,"column":13}},"loc":{"start":{"line":387,"column":19},"end":{"line":387,"column":34}},"line":387},"31":{"name":"queryDeprecated","decl":{"start":{"line":404,"column":16},"end":{"line":404,"column":31}},"loc":{"start":{"line":404,"column":52},"end":{"line":418,"column":1}},"line":404},"32":{"name":"(anonymous_32)","decl":{"start":{"line":408,"column":4},"end":{"line":408,"column":5}},"loc":{"start":{"line":408,"column":9},"end":{"line":408,"column":39}},"line":408},"33":{"name":"queryByURNPattern","decl":{"start":{"line":427,"column":16},"end":{"line":427,"column":33}},"loc":{"start":{"line":427,"column":57},"end":{"line":441,"column":1}},"line":427},"34":{"name":"(anonymous_34)","decl":{"start":{"line":430,"column":56},"end":{"line":430,"column":57}},"loc":{"start":{"line":431,"column":4},"end":{"line":431,"column":30}},"line":431},"35":{"name":"getCatalogStats","decl":{"start":{"line":449,"column":16},"end":{"line":449,"column":31}},"loc":{"start":{"line":449,"column":52},"end":{"line":488,"column":1}},"line":449},"36":{"name":"(anonymous_36)","decl":{"start":{"line":475,"column":4},"end":{"line":475,"column":5}},"loc":{"start":{"line":475,"column":9},"end":{"line":475,"column":39}},"line":475}},"branchMap":{"0":{"loc":{"start":{"line":56,"column":4},"end":{"line":58,"column":5}},"type":"if","locations":[{"start":{"line":56,"column":4},"end":{"line":58,"column":5}},{"start":{},"end":{}}],"line":56},"1":{"loc":{"start":{"line":82,"column":2},"end":{"line":84,"column":3}},"type":"if","locations":[{"start":{"line":82,"column":2},"end":{"line":84,"column":3}},{"start":{},"end":{}}],"line":82},"2":{"loc":{"start":{"line":86,"column":2},"end":{"line":86,"column":26}},"type":"if","locations":[{"start":{"line":86,"column":2},"end":{"line":86,"column":26}},{"start":{},"end":{}}],"line":86},"3":{"loc":{"start":{"line":100,"column":15},"end":{"line":100,"column":50}},"type":"binary-expr","locations":[{"start":{"line":100,"column":15},"end":{"line":100,"column":37}},{"start":{"line":100,"column":41},"end":{"line":100,"column":50}}],"line":100},"4":{"loc":{"start":{"line":125,"column":15},"end":{"line":125,"column":62}},"type":"binary-expr","locations":[{"start":{"line":125,"column":15},"end":{"line":125,"column":49}},{"start":{"line":125,"column":53},"end":{"line":125,"column":62}}],"line":125},"5":{"loc":{"start":{"line":150,"column":15},"end":{"line":150,"column":54}},"type":"binary-expr","locations":[{"start":{"line":150,"column":15},"end":{"line":150,"column":41}},{"start":{"line":150,"column":45},"end":{"line":150,"column":54}}],"line":150},"6":{"loc":{"start":{"line":176,"column":2},"end":{"line":183,"column":3}},"type":"if","locations":[{"start":{"line":176,"column":2},"end":{"line":183,"column":3}},{"start":{"line":178,"column":9},"end":{"line":183,"column":3}}],"line":176},"7":{"loc":{"start":{"line":209,"column":15},"end":{"line":209,"column":52}},"type":"binary-expr","locations":[{"start":{"line":209,"column":15},"end":{"line":209,"column":39}},{"start":{"line":209,"column":43},"end":{"line":209,"column":52}}],"line":209},"8":{"loc":{"start":{"line":234,"column":15},"end":{"line":234,"column":72}},"type":"binary-expr","locations":[{"start":{"line":234,"column":15},"end":{"line":234,"column":59}},{"start":{"line":234,"column":63},"end":{"line":234,"column":72}}],"line":234},"9":{"loc":{"start":{"line":264,"column":2},"end":{"line":267,"column":3}},"type":"if","locations":[{"start":{"line":264,"column":2},"end":{"line":267,"column":3}},{"start":{},"end":{}}],"line":264},"10":{"loc":{"start":{"line":265,"column":26},"end":{"line":265,"column":82}},"type":"binary-expr","locations":[{"start":{"line":265,"column":26},"end":{"line":265,"column":69}},{"start":{"line":265,"column":73},"end":{"line":265,"column":82}}],"line":265},"11":{"loc":{"start":{"line":270,"column":2},"end":{"line":273,"column":3}},"type":"if","locations":[{"start":{"line":270,"column":2},"end":{"line":273,"column":3}},{"start":{},"end":{}}],"line":270},"12":{"loc":{"start":{"line":271,"column":22},"end":{"line":271,"column":70}},"type":"binary-expr","locations":[{"start":{"line":271,"column":22},"end":{"line":271,"column":57}},{"start":{"line":271,"column":61},"end":{"line":271,"column":70}}],"line":271},"13":{"loc":{"start":{"line":276,"column":2},"end":{"line":283,"column":3}},"type":"if","locations":[{"start":{"line":276,"column":2},"end":{"line":283,"column":3}},{"start":{},"end":{}}],"line":276},"14":{"loc":{"start":{"line":277,"column":4},"end":{"line":282,"column":5}},"type":"if","locations":[{"start":{"line":277,"column":4},"end":{"line":282,"column":5}},{"start":{"line":279,"column":11},"end":{"line":282,"column":5}}],"line":277},"15":{"loc":{"start":{"line":286,"column":2},"end":{"line":290,"column":3}},"type":"if","locations":[{"start":{"line":286,"column":2},"end":{"line":290,"column":3}},{"start":{},"end":{}}],"line":286},"16":{"loc":{"start":{"line":288,"column":6},"end":{"line":288,"column":72}},"type":"binary-expr","locations":[{"start":{"line":288,"column":6},"end":{"line":288,"column":59}},{"start":{"line":288,"column":63},"end":{"line":288,"column":72}}],"line":288},"17":{"loc":{"start":{"line":293,"column":2},"end":{"line":298,"column":3}},"type":"if","locations":[{"start":{"line":293,"column":2},"end":{"line":298,"column":3}},{"start":{},"end":{}}],"line":293},"18":{"loc":{"start":{"line":293,"column":6},"end":{"line":293,"column":47}},"type":"binary-expr","locations":[{"start":{"line":293,"column":6},"end":{"line":293,"column":19}},{"start":{"line":293,"column":23},"end":{"line":293,"column":47}}],"line":293},"19":{"loc":{"start":{"line":295,"column":22},"end":{"line":295,"column":57}},"type":"binary-expr","locations":[{"start":{"line":295,"column":22},"end":{"line":295,"column":44}},{"start":{"line":295,"column":48},"end":{"line":295,"column":57}}],"line":295},"20":{"loc":{"start":{"line":301,"column":2},"end":{"line":311,"column":3}},"type":"if","locations":[{"start":{"line":301,"column":2},"end":{"line":311,"column":3}},{"start":{},"end":{}}],"line":301},"21":{"loc":{"start":{"line":301,"column":6},"end":{"line":301,"column":59}},"type":"binary-expr","locations":[{"start":{"line":301,"column":6},"end":{"line":301,"column":25}},{"start":{"line":301,"column":29},"end":{"line":301,"column":59}}],"line":301},"22":{"loc":{"start":{"line":305,"column":8},"end":{"line":305,"column":36}},"type":"if","locations":[{"start":{"line":305,"column":8},"end":{"line":305,"column":36}},{"start":{},"end":{}}],"line":305},"23":{"loc":{"start":{"line":307,"column":35},"end":{"line":307,"column":80}},"type":"binary-expr","locations":[{"start":{"line":307,"column":35},"end":{"line":307,"column":74}},{"start":{"line":307,"column":78},"end":{"line":307,"column":80}}],"line":307},"24":{"loc":{"start":{"line":308,"column":16},"end":{"line":308,"column":41}},"type":"binary-expr","locations":[{"start":{"line":308,"column":16},"end":{"line":308,"column":35}},{"start":{"line":308,"column":39},"end":{"line":308,"column":41}}],"line":308},"25":{"loc":{"start":{"line":335,"column":18},"end":{"line":335,"column":53}},"type":"cond-expr","locations":[{"start":{"line":335,"column":42},"end":{"line":335,"column":46}},{"start":{"line":335,"column":49},"end":{"line":335,"column":53}}],"line":335},"26":{"loc":{"start":{"line":336,"column":17},"end":{"line":336,"column":52}},"type":"cond-expr","locations":[{"start":{"line":336,"column":41},"end":{"line":336,"column":45}},{"start":{"line":336,"column":48},"end":{"line":336,"column":52}}],"line":336},"27":{"loc":{"start":{"line":339,"column":4},"end":{"line":341,"column":5}},"type":"if","locations":[{"start":{"line":339,"column":4},"end":{"line":341,"column":5}},{"start":{},"end":{}}],"line":339},"28":{"loc":{"start":{"line":358,"column":4},"end":{"line":360,"column":5}},"type":"if","locations":[{"start":{"line":358,"column":4},"end":{"line":360,"column":5}},{"start":{},"end":{}}],"line":358},"29":{"loc":{"start":{"line":379,"column":20},"end":{"line":379,"column":55}},"type":"binary-expr","locations":[{"start":{"line":379,"column":20},"end":{"line":379,"column":42}},{"start":{"line":379,"column":46},"end":{"line":379,"column":55}}],"line":379}},"s":{"0":37,"1":37,"2":1141,"3":1141,"4":2318,"5":1141,"6":1141,"7":71,"8":1141,"9":1141,"10":37,"11":6882,"12":569,"13":6882,"14":6882,"15":6882,"16":8,"17":8,"18":8,"19":2013,"20":2013,"21":8,"22":8,"23":3,"24":3,"25":3,"26":3,"27":3,"28":3,"29":3,"30":3,"31":3,"32":3,"33":5,"34":5,"35":3,"36":3,"37":4,"38":4,"39":2,"40":2,"41":7,"42":4,"43":7,"44":7,"45":4,"46":4,"47":4,"48":4,"49":4,"50":5,"51":5,"52":4,"53":4,"54":3,"55":3,"56":3,"57":6,"58":6,"59":3,"60":3,"61":9,"62":9,"63":9,"64":4,"65":4,"66":9,"67":3,"68":3,"69":9,"70":4,"71":4,"72":0,"73":9,"74":1,"75":1,"76":9,"77":4,"78":6,"79":6,"80":9,"81":1,"82":4,"83":4,"84":0,"85":4,"86":4,"87":4,"88":9,"89":14,"90":14,"91":9,"92":9,"93":18,"94":18,"95":18,"96":18,"97":33,"98":31,"99":18,"100":0,"101":0,"102":0,"103":0,"104":0,"105":4,"106":4,"107":4,"108":7,"109":7,"110":6,"111":4,"112":6,"113":6,"114":4,"115":4,"116":3,"117":3,"118":9,"119":3,"120":3,"121":4,"122":4,"123":15,"124":4,"125":4,"126":5,"127":5,"128":5,"129":11,"130":5,"131":7,"132":5,"133":14,"134":5},"f":{"0":37,"1":6882,"2":8,"3":2013,"4":2013,"5":3,"6":3,"7":3,"8":3,"9":5,"10":5,"11":4,"12":7,"13":7,"14":7,"15":4,"16":5,"17":5,"18":3,"19":6,"20":6,"21":9,"22":4,"23":4,"24":14,"25":14,"26":18,"27":0,"28":4,"29":6,"30":6,"31":3,"32":9,"33":4,"34":15,"35":5,"36":14},"b":{"0":[71,1070],"1":[569,6313],"2":[6882,0],"3":[8,2],"4":[3,1],"5":[3,0],"6":[2,2],"7":[4,0],"8":[3,0],"9":[4,5],"10":[4,0],"11":[3,6],"12":[3,1],"13":[4,5],"14":[4,0],"15":[1,8],"16":[1,0],"17":[4,5],"18":[9,4],"19":[6,0],"20":[1,8],"21":[9,1],"22":[0,4],"23":[4,2],"24":[4,0],"25":[3,15],"26":[3,15],"27":[31,2],"28":[0,0],"29":[7,2]},"inputSourceMap":null,"_coverageSchema":"1a1c01bbd47fc00a2c39e90264f33305004495a9","hash":"8954ccdb33e8f2a31b4fed4b976906a7a143b12d"}
,"/Users/d/portfolio/OSS_Protocols/app/src/catalog/schema.js": {"path":"/Users/d/portfolio/OSS_Protocols/app/src/catalog/schema.js","statementMap":{"0":{"start":{"line":127,"column":34},"end":{"line":333,"column":1}}},"fnMap":{},"branchMap":{},"s":{"0":1},"f":{},"b":{},"inputSourceMap":null,"_coverageSchema":"1a1c01bbd47fc00a2c39e90264f33305004495a9","hash":"fd2d3678e93860b7ca823a5694382ae44f0e74b8"}
}
