TN:
SF:src/catalog/graph.js
FN:24,buildDependencyGraph
FN:60,getDependencyTree
FN:63,dfs
FN:83,getConsumers
FN:86,dfs
FN:107,detectCycles
FN:113,dfs
FN:158,getBuildOrder
FN:225,getFullBuildOrder
FN:285,findPath
FN:325,getGraphStats
FN:343,bfs
FNF:12
FNH:12
FNDA:23,buildDependencyGraph
FNDA:9,getDependencyTree
FNDA:26,dfs
FNDA:4,getConsumers
FNDA:11,dfs
FNDA:5,detectCycles
FNDA:16,dfs
FNDA:4,getBuildOrder
FNDA:3,getFullBuildOrder
FNDA:6,findPath
FNDA:5,getGraphStats
FNDA:5,bfs
DA:26,23
DA:32,23
DA:33,84
DA:34,84
DA:38,23
DA:39,84
DA:41,84
DA:42,62
DA:43,0
DA:45,62
DA:46,62
DA:50,23
DA:61,9
DA:64,26
DA:65,23
DA:67,23
DA:68,23
DA:69,17
DA:73,9
DA:74,9
DA:84,4
DA:87,11
DA:88,11
DA:90,11
DA:91,11
DA:92,7
DA:96,4
DA:97,4
DA:98,4
DA:108,5
DA:109,5
DA:110,5
DA:111,5
DA:114,16
DA:116,3
DA:117,3
DA:118,3
DA:119,3
DA:122,13
DA:124,13
DA:125,13
DA:126,13
DA:128,13
DA:129,13
DA:130,11
DA:133,13
DA:137,5
DA:138,13
DA:139,5
DA:143,5
DA:160,4
DA:163,4
DA:164,4
DA:165,4
DA:168,4
DA:169,11
DA:173,4
DA:174,11
DA:175,11
DA:176,9
DA:177,9
DA:183,4
DA:184,11
DA:185,3
DA:190,4
DA:191,9
DA:192,9
DA:193,9
DA:195,9
DA:196,9
DA:197,7
DA:199,7
DA:200,7
DA:202,7
DA:203,6
DA:209,4
DA:210,1
DA:216,3
DA:226,3
DA:227,3
DA:228,3
DA:231,3
DA:232,11
DA:236,3
DA:237,11
DA:238,5
DA:243,3
DA:244,11
DA:245,6
DA:250,3
DA:251,11
DA:252,11
DA:253,11
DA:255,11
DA:256,11
DA:257,5
DA:258,5
DA:260,5
DA:261,5
DA:267,3
DA:268,0
DA:274,3
DA:286,6
DA:288,5
DA:289,5
DA:290,5
DA:292,5
DA:293,9
DA:294,9
DA:296,9
DA:297,9
DA:298,7
DA:300,7
DA:301,7
DA:302,7
DA:304,7
DA:306,3
DA:307,3
DA:308,3
DA:309,7
DA:310,7
DA:312,3
DA:317,2
DA:326,5
DA:327,5
DA:328,5
DA:330,5
DA:331,15
DA:332,15
DA:333,1
DA:337,5
DA:340,5
DA:341,5
DA:345,5
DA:346,5
DA:347,5
DA:349,5
DA:350,15
DA:351,15
DA:352,15
DA:353,15
DA:355,15
DA:356,15
DA:357,10
DA:358,10
DA:359,10
DA:364,5
DA:368,5
DA:369,15
DA:370,5
DA:371,5
DA:375,5
LF:152
LH:150
BRDA:42,0,0,0
BRDA:42,0,1,62
BRDA:46,1,0,62
BRDA:46,1,1,0
BRDA:64,2,0,3
BRDA:64,2,1,23
BRDA:67,3,0,23
BRDA:67,3,1,0
BRDA:87,4,0,0
BRDA:87,4,1,11
BRDA:90,5,0,11
BRDA:90,5,1,0
BRDA:114,6,0,3
BRDA:114,6,1,13
BRDA:122,7,0,0
BRDA:122,7,1,13
BRDA:128,8,0,13
BRDA:128,8,1,0
BRDA:138,9,0,5
BRDA:138,9,1,8
BRDA:174,10,0,11
BRDA:174,10,1,0
BRDA:176,11,0,9
BRDA:176,11,1,0
BRDA:177,12,0,9
BRDA:177,12,1,8
BRDA:184,13,0,3
BRDA:184,13,1,8
BRDA:192,14,0,0
BRDA:192,14,1,9
BRDA:195,15,0,9
BRDA:195,15,1,0
BRDA:197,16,0,0
BRDA:197,16,1,7
BRDA:199,17,0,7
BRDA:199,17,1,0
BRDA:202,18,0,6
BRDA:202,18,1,1
BRDA:209,19,0,1
BRDA:209,19,1,3
BRDA:238,20,0,5
BRDA:238,20,1,5
BRDA:244,21,0,6
BRDA:244,21,1,5
BRDA:252,22,0,0
BRDA:252,22,1,11
BRDA:255,23,0,11
BRDA:255,23,1,0
BRDA:257,24,0,5
BRDA:257,24,1,0
BRDA:260,25,0,5
BRDA:260,25,1,0
BRDA:267,26,0,0
BRDA:267,26,1,3
BRDA:286,27,0,1
BRDA:286,27,1,5
BRDA:294,28,0,0
BRDA:294,28,1,9
BRDA:296,29,0,9
BRDA:296,29,1,0
BRDA:298,30,0,0
BRDA:298,30,1,7
BRDA:304,31,0,3
BRDA:304,31,1,4
BRDA:310,32,0,7
BRDA:310,32,1,0
BRDA:332,33,0,1
BRDA:332,33,1,14
BRDA:332,34,0,15
BRDA:332,34,1,6
BRDA:332,35,0,6
BRDA:332,35,1,0
BRDA:337,36,0,4
BRDA:337,36,1,1
BRDA:351,37,0,0
BRDA:351,37,1,15
BRDA:355,38,0,15
BRDA:355,38,1,0
BRDA:357,39,0,10
BRDA:357,39,1,0
BRDA:369,40,0,5
BRDA:369,40,1,10
BRDA:369,41,0,15
BRDA:369,41,1,5
BRF:84
BRH:58
end_of_record
TN:
SF:src/catalog/index.js
FN:56,(anonymous_0)
FN:81,(anonymous_1)
FN:89,(anonymous_2)
FN:105,(anonymous_3)
FN:126,(anonymous_4)
FN:134,(anonymous_5)
FN:141,(anonymous_6)
FN:165,(anonymous_7)
FN:175,(anonymous_8)
FN:185,(anonymous_9)
FN:195,(anonymous_10)
FN:205,(anonymous_11)
FN:215,(anonymous_12)
FN:225,(anonymous_13)
FN:234,(anonymous_14)
FN:242,(anonymous_15)
FN:251,(anonymous_16)
FN:263,(anonymous_17)
FN:266,(anonymous_18)
FN:267,(anonymous_19)
FN:276,(anonymous_20)
FN:287,(anonymous_21)
FN:296,(anonymous_22)
FN:305,(anonymous_23)
FN:315,(anonymous_24)
FN:323,(anonymous_25)
FN:331,(anonymous_26)
FN:341,(anonymous_27)
FN:350,(anonymous_28)
FN:356,(anonymous_29)
FN:362,(anonymous_30)
FN:370,(anonymous_31)
FN:388,(anonymous_32)
FN:408,(anonymous_33)
FN:417,(anonymous_34)
FN:423,(anonymous_35)
FN:429,(anonymous_36)
FN:437,(anonymous_37)
FN:454,(anonymous_38)
FN:473,(anonymous_39)
FN:511,(anonymous_40)
FN:541,(anonymous_41)
FN:567,(anonymous_42)
FN:594,(anonymous_43)
FNF:44
FNH:44
FNDA:42,(anonymous_0)
FNDA:5,(anonymous_1)
FNDA:21085,(anonymous_2)
FNDA:3,(anonymous_3)
FNDA:4,(anonymous_4)
FNDA:9,(anonymous_5)
FNDA:4,(anonymous_6)
FNDA:4,(anonymous_7)
FNDA:1,(anonymous_8)
FNDA:1,(anonymous_9)
FNDA:2,(anonymous_10)
FNDA:1,(anonymous_11)
FNDA:1,(anonymous_12)
FNDA:1,(anonymous_13)
FNDA:1,(anonymous_14)
FNDA:1,(anonymous_15)
FNDA:1,(anonymous_16)
FNDA:1,(anonymous_17)
FNDA:3,(anonymous_18)
FNDA:3,(anonymous_19)
FNDA:2,(anonymous_20)
FNDA:1,(anonymous_21)
FNDA:1,(anonymous_22)
FNDA:1,(anonymous_23)
FNDA:2,(anonymous_24)
FNDA:1,(anonymous_25)
FNDA:1,(anonymous_26)
FNDA:3,(anonymous_27)
FNDA:3,(anonymous_28)
FNDA:6,(anonymous_29)
FNDA:3,(anonymous_30)
FNDA:3,(anonymous_31)
FNDA:2,(anonymous_32)
FNDA:2,(anonymous_33)
FNDA:2,(anonymous_34)
FNDA:4,(anonymous_35)
FNDA:2,(anonymous_36)
FNDA:2,(anonymous_37)
FNDA:1,(anonymous_38)
FNDA:21085,(anonymous_39)
FNDA:2,(anonymous_40)
FNDA:21085,(anonymous_41)
FNDA:2,(anonymous_42)
FNDA:105433,(anonymous_43)
DA:58,42
DA:60,42
DA:69,42
DA:82,5
DA:90,21085
DA:93,21085
DA:96,21085
DA:97,21085
DA:106,3
DA:107,3
DA:110,2
DA:113,2
DA:116,2
DA:118,2
DA:127,4
DA:135,9
DA:142,4
DA:143,4
DA:151,4
DA:166,4
DA:176,1
DA:186,1
DA:196,2
DA:206,1
DA:216,1
DA:226,1
DA:235,1
DA:243,1
DA:252,1
DA:264,1
DA:265,1
DA:266,3
DA:267,3
DA:277,2
DA:288,1
DA:297,1
DA:306,1
DA:316,2
DA:324,1
DA:332,1
DA:343,3
DA:350,3
DA:356,6
DA:362,3
DA:370,3
DA:380,3
DA:381,3
DA:389,2
DA:391,2
DA:394,2
DA:397,2
DA:398,2
DA:401,2
DA:410,2
DA:417,2
DA:423,4
DA:429,2
DA:437,2
DA:447,2
DA:456,1
DA:459,1
DA:462,1
DA:463,1
DA:474,21085
DA:477,21085
DA:480,21085
DA:481,21093
DA:485,21085
DA:492,21085
DA:493,43
DA:497,21085
DA:500,21085
DA:512,2
DA:515,2
DA:518,2
DA:519,4
DA:523,2
DA:526,2
DA:529,2
DA:532,2
DA:542,21085
DA:543,21085
DA:546,21085
DA:547,21085
DA:548,21049
DA:552,21085
DA:553,54
DA:554,50
DA:556,54
DA:557,54
DA:558,53
DA:569,2
DA:572,2
DA:573,1
DA:574,1
DA:575,1
DA:576,1
DA:577,1
DA:583,2
DA:584,2
DA:595,105433
DA:596,341
DA:598,105433
DA:599,105433
LF:104
LH:104
BRDA:107,0,0,1
BRDA:107,0,1,2
BRDA:373,1,0,3
BRDA:373,1,1,0
BRDA:374,2,0,3
BRDA:374,2,1,0
BRDA:440,3,0,2
BRDA:440,3,1,0
BRDA:441,4,0,2
BRDA:441,4,1,0
BRDA:492,5,0,43
BRDA:492,5,1,21042
BRDA:543,6,0,21085
BRDA:543,6,1,0
BRDA:547,7,0,21049
BRDA:547,7,1,36
BRDA:553,8,0,50
BRDA:553,8,1,4
BRDA:557,9,0,53
BRDA:557,9,1,1
BRDA:557,10,0,54
BRDA:557,10,1,54
BRDA:569,11,0,2
BRDA:569,11,1,0
BRDA:574,12,0,1
BRDA:574,12,1,0
BRDA:576,13,0,1
BRDA:576,13,1,0
BRDA:595,14,0,341
BRDA:595,14,1,105092
BRDA:599,15,0,105433
BRDA:599,15,1,0
BRF:32
BRH:23
end_of_record
TN:
SF:src/catalog/query.js
FN:32,buildSecondaryIndexes
FN:81,addToMapSet
FN:97,queryByTag
FN:102,(anonymous_3)
FN:103,(anonymous_4)
FN:122,queryByNamespace
FN:127,(anonymous_6)
FN:128,(anonymous_7)
FN:147,queryByOwner
FN:152,(anonymous_9)
FN:153,(anonymous_10)
FN:172,queryByPII
FN:181,(anonymous_12)
FN:186,(anonymous_13)
FN:187,(anonymous_14)
FN:206,queryByType
FN:211,(anonymous_16)
FN:212,(anonymous_17)
FN:231,queryByClassification
FN:236,(anonymous_19)
FN:237,(anonymous_20)
FN:257,queryByGovernance
FN:303,(anonymous_22)
FN:308,(anonymous_23)
FN:314,(anonymous_24)
FN:315,(anonymous_25)
FN:333,setIntersection
FN:354,setDifference
FN:373,queryByTagsOR
FN:386,(anonymous_29)
FN:387,(anonymous_30)
FN:404,queryDeprecated
FN:408,(anonymous_32)
FN:427,queryByURNPattern
FN:430,(anonymous_34)
FN:449,getCatalogStats
FN:475,(anonymous_36)
FNF:37
FNH:36
FNDA:37,buildSecondaryIndexes
FNDA:6882,addToMapSet
FNDA:8,queryByTag
FNDA:2013,(anonymous_3)
FNDA:2013,(anonymous_4)
FNDA:3,queryByNamespace
FNDA:3,(anonymous_6)
FNDA:3,(anonymous_7)
FNDA:3,queryByOwner
FNDA:5,(anonymous_9)
FNDA:5,(anonymous_10)
FNDA:4,queryByPII
FNDA:7,(anonymous_12)
FNDA:7,(anonymous_13)
FNDA:7,(anonymous_14)
FNDA:4,queryByType
FNDA:5,(anonymous_16)
FNDA:5,(anonymous_17)
FNDA:3,queryByClassification
FNDA:6,(anonymous_19)
FNDA:6,(anonymous_20)
FNDA:9,queryByGovernance
FNDA:4,(anonymous_22)
FNDA:4,(anonymous_23)
FNDA:14,(anonymous_24)
FNDA:14,(anonymous_25)
FNDA:18,setIntersection
FNDA:0,setDifference
FNDA:4,queryByTagsOR
FNDA:6,(anonymous_29)
FNDA:6,(anonymous_30)
FNDA:3,queryDeprecated
FNDA:9,(anonymous_32)
FNDA:4,queryByURNPattern
FNDA:15,(anonymous_34)
FNDA:5,getCatalogStats
FNDA:14,(anonymous_36)
DA:34,37
DA:43,37
DA:45,1141
DA:48,1141
DA:49,2318
DA:53,1141
DA:56,1141
DA:57,71
DA:61,1141
DA:64,1141
DA:71,37
DA:82,6882
DA:83,569
DA:85,6882
DA:86,6882
DA:98,8
DA:100,8
DA:101,8
DA:102,2013
DA:103,2013
DA:105,8
DA:107,8
DA:123,3
DA:125,3
DA:126,3
DA:127,3
DA:128,3
DA:130,3
DA:132,3
DA:148,3
DA:150,3
DA:151,3
DA:152,5
DA:153,5
DA:155,3
DA:157,3
DA:173,4
DA:176,4
DA:177,2
DA:180,2
DA:181,7
DA:185,4
DA:186,7
DA:187,7
DA:189,4
DA:191,4
DA:207,4
DA:209,4
DA:210,4
DA:211,5
DA:212,5
DA:214,4
DA:216,4
DA:232,3
DA:234,3
DA:235,3
DA:236,6
DA:237,6
DA:239,3
DA:241,3
DA:258,9
DA:261,9
DA:264,9
DA:265,4
DA:266,4
DA:270,9
DA:271,3
DA:272,3
DA:276,9
DA:277,4
DA:278,4
DA:281,0
DA:286,9
DA:288,1
DA:289,1
DA:293,9
DA:294,4
DA:295,6
DA:296,6
DA:301,9
DA:302,1
DA:304,4
DA:305,4
DA:307,4
DA:308,4
DA:313,9
DA:314,14
DA:315,14
DA:317,9
DA:319,9
DA:334,18
DA:335,18
DA:336,18
DA:338,18
DA:339,33
DA:340,31
DA:344,18
DA:355,0
DA:357,0
DA:358,0
DA:359,0
DA:363,0
DA:374,4
DA:376,4
DA:378,4
DA:379,7
DA:380,7
DA:381,6
DA:385,4
DA:386,6
DA:387,6
DA:389,4
DA:391,4
DA:405,3
DA:407,3
DA:408,9
DA:411,3
DA:413,3
DA:428,4
DA:430,4
DA:431,15
DA:434,4
DA:436,4
DA:451,5
DA:459,5
DA:466,5
DA:467,11
DA:470,5
DA:471,7
DA:474,5
DA:475,14
DA:478,5
LF:132
LH:126
BRDA:56,0,0,71
BRDA:56,0,1,1070
BRDA:82,1,0,569
BRDA:82,1,1,6313
BRDA:86,2,0,6882
BRDA:86,2,1,0
BRDA:100,3,0,8
BRDA:100,3,1,2
BRDA:125,4,0,3
BRDA:125,4,1,1
BRDA:150,5,0,3
BRDA:150,5,1,0
BRDA:176,6,0,2
BRDA:176,6,1,2
BRDA:209,7,0,4
BRDA:209,7,1,0
BRDA:234,8,0,3
BRDA:234,8,1,0
BRDA:264,9,0,4
BRDA:264,9,1,5
BRDA:265,10,0,4
BRDA:265,10,1,0
BRDA:270,11,0,3
BRDA:270,11,1,6
BRDA:271,12,0,3
BRDA:271,12,1,1
BRDA:276,13,0,4
BRDA:276,13,1,5
BRDA:277,14,0,4
BRDA:277,14,1,0
BRDA:286,15,0,1
BRDA:286,15,1,8
BRDA:288,16,0,1
BRDA:288,16,1,0
BRDA:293,17,0,4
BRDA:293,17,1,5
BRDA:293,18,0,9
BRDA:293,18,1,4
BRDA:295,19,0,6
BRDA:295,19,1,0
BRDA:301,20,0,1
BRDA:301,20,1,8
BRDA:301,21,0,9
BRDA:301,21,1,1
BRDA:305,22,0,0
BRDA:305,22,1,4
BRDA:307,23,0,4
BRDA:307,23,1,2
BRDA:308,24,0,4
BRDA:308,24,1,0
BRDA:335,25,0,3
BRDA:335,25,1,15
BRDA:336,26,0,3
BRDA:336,26,1,15
BRDA:339,27,0,31
BRDA:339,27,1,2
BRDA:358,28,0,0
BRDA:358,28,1,0
BRDA:379,29,0,7
BRDA:379,29,1,2
BRF:60
BRH:48
end_of_record
TN:
SF:src/catalog/schema.js
FNF:0
FNH:0
DA:127,1
LF:1
LH:1
BRF:0
BRH:0
end_of_record
