<?xml version="1.0" encoding="UTF-8"?>
<coverage generated="1759760669507" clover="3.2.0">
  <project timestamp="1759760669507" name="All files">
    <metrics statements="561" coveredstatements="392" conditionals="583" coveredconditionals="352" methods="91" coveredmethods="65" elements="1235" coveredelements="809" complexity="0" loc="561" ncloc="561" packages="2" files="7" classes="7"/>
    <package name="parsers">
      <metrics statements="64" coveredstatements="60" conditionals="64" coveredconditionals="53" methods="15" coveredmethods="14"/>
      <file name="openapi-parser.js" path="/Users/systemsystems/portfolio/OSSP-AGI/app/parsers/openapi-parser.js">
        <metrics statements="64" coveredstatements="60" conditionals="64" coveredconditionals="53" methods="15" coveredmethods="14"/>
        <line num="26" count="39" type="stmt"/>
        <line num="36" count="39" type="stmt"/>
        <line num="37" count="39" type="stmt"/>
        <line num="38" count="39" type="stmt"/>
        <line num="39" count="39" type="stmt"/>
        <line num="40" count="39" type="stmt"/>
        <line num="43" count="39" type="stmt"/>
        <line num="44" count="39" type="stmt"/>
        <line num="53" count="28" type="stmt"/>
        <line num="55" count="28" type="stmt"/>
        <line num="58" count="28" type="stmt"/>
        <line num="61" count="24" type="stmt"/>
        <line num="64" count="24" type="stmt"/>
        <line num="78" count="24" type="cond" truecount="2" falsecount="0"/>
        <line num="79" count="23" type="stmt"/>
        <line num="80" count="23" type="stmt"/>
        <line num="84" count="24" type="stmt"/>
        <line num="90" count="24" type="stmt"/>
        <line num="92" count="4" type="cond" truecount="2" falsecount="0"/>
        <line num="93" count="3" type="stmt"/>
        <line num="95" count="1" type="stmt"/>
        <line num="105" count="0" type="stmt"/>
        <line num="114" count="12" type="cond" truecount="2" falsecount="0"/>
        <line num="115" count="12" type="cond" truecount="2" falsecount="0"/>
        <line num="116" count="1" type="stmt"/>
        <line num="119" count="11" type="stmt"/>
        <line num="128" count="11" type="cond" truecount="2" falsecount="0"/>
        <line num="129" count="11" type="cond" truecount="2" falsecount="0"/>
        <line num="130" count="1" type="stmt"/>
        <line num="133" count="10" type="stmt"/>
        <line num="142" count="29" type="stmt"/>
        <line num="151" count="8" type="cond" truecount="2" falsecount="0"/>
        <line num="152" count="8" type="cond" truecount="2" falsecount="0"/>
        <line num="153" count="1" type="stmt"/>
        <line num="157" count="7" type="cond" truecount="1" falsecount="1"/>
        <line num="158" count="7" type="cond" truecount="1" falsecount="1"/>
        <line num="160" count="7" type="stmt"/>
        <line num="168" count="2" type="stmt"/>
        <line num="176" count="2" type="stmt"/>
        <line num="183" count="29" type="stmt"/>
        <line num="184" count="29" type="stmt"/>
        <line num="194" count="28" type="cond" truecount="2" falsecount="0"/>
        <line num="196" count="28" type="cond" truecount="2" falsecount="0"/>
        <line num="197" count="1" type="stmt"/>
        <line num="201" count="27" type="cond" truecount="2" falsecount="0"/>
        <line num="202" count="3" type="stmt"/>
        <line num="211" count="24" type="stmt"/>
        <line num="212" count="24" type="cond" truecount="1" falsecount="1"/>
        <line num="213" count="0" type="stmt"/>
        <line num="217" count="24" type="stmt"/>
        <line num="220" count="24" type="cond" truecount="1" falsecount="1"/>
        <line num="222" count="24" type="stmt"/>
        <line num="227" count="40545" type="stmt"/>
        <line num="231" count="24" type="stmt"/>
        <line num="234" count="0" type="stmt"/>
        <line num="236" count="0" type="stmt"/>
        <line num="245" count="24" type="cond" truecount="2" falsecount="0"/>
        <line num="246" count="14" type="cond" truecount="1" falsecount="1"/>
        <line num="247" count="14" type="cond" truecount="2" falsecount="0"/>
        <line num="248" count="13" type="stmt"/>
        <line num="250" count="10" type="cond" truecount="1" falsecount="1"/>
        <line num="251" count="10" type="cond" truecount="1" falsecount="1"/>
        <line num="252" count="10" type="stmt"/>
        <line num="260" count="1" type="stmt"/>
      </file>
    </package>
    <package name="parsers.utils">
      <metrics statements="497" coveredstatements="332" conditionals="519" coveredconditionals="299" methods="76" coveredmethods="51"/>
      <file name="endpoint-extractor.js" path="/Users/systemsystems/portfolio/OSSP-AGI/app/parsers/utils/endpoint-extractor.js">
        <metrics statements="110" coveredstatements="90" conditionals="137" coveredconditionals="84" methods="12" coveredmethods="10"/>
        <line num="19" count="39" type="stmt"/>
        <line num="33" count="11" type="stmt"/>
        <line num="34" count="11" type="cond" truecount="1" falsecount="1"/>
        <line num="36" count="11" type="stmt"/>
        <line num="38" count="627" type="cond" truecount="3" falsecount="1"/>
        <line num="39" count="0" type="stmt"/>
        <line num="43" count="627" type="cond" truecount="2" falsecount="0"/>
        <line num="46" count="627" type="stmt"/>
        <line num="48" count="627" type="stmt"/>
        <line num="49" count="654" type="stmt"/>
        <line num="50" count="654" type="cond" truecount="3" falsecount="1"/>
        <line num="51" count="0" type="stmt"/>
        <line num="55" count="654" type="cond" truecount="2" falsecount="2"/>
        <line num="56" count="0" type="stmt"/>
        <line num="59" count="654" type="stmt"/>
        <line num="67" count="654" type="cond" truecount="1" falsecount="1"/>
        <line num="68" count="654" type="stmt"/>
        <line num="73" count="11" type="stmt"/>
        <line num="81" count="654" type="stmt"/>
        <line num="92" count="654" type="stmt"/>
        <line num="93" count="654" type="cond" truecount="2" falsecount="0"/>
        <line num="94" count="36" type="stmt"/>
        <line num="98" count="654" type="stmt"/>
        <line num="99" count="654" type="cond" truecount="2" falsecount="0"/>
        <line num="100" count="18" type="stmt"/>
        <line num="104" count="654" type="stmt"/>
        <line num="105" count="654" type="cond" truecount="1" falsecount="1"/>
        <line num="106" count="654" type="stmt"/>
        <line num="110" count="654" type="stmt"/>
        <line num="111" count="654" type="cond" truecount="2" falsecount="0"/>
        <line num="112" count="54" type="stmt"/>
        <line num="116" count="654" type="cond" truecount="2" falsecount="2"/>
        <line num="117" count="0" type="stmt"/>
        <line num="124" count="654" type="cond" truecount="1" falsecount="1"/>
        <line num="125" count="0" type="stmt"/>
        <line num="132" count="654" type="cond" truecount="1" falsecount="1"/>
        <line num="133" count="0" type="stmt"/>
        <line num="136" count="654" type="stmt"/>
        <line num="144" count="654" type="stmt"/>
        <line num="145" count="654" type="stmt"/>
        <line num="148" count="654" type="stmt"/>
        <line num="153" count="654" type="stmt"/>
        <line num="155" count="45" type="stmt"/>
        <line num="156" count="45" type="cond" truecount="1" falsecount="1"/>
        <line num="157" count="0" type="stmt"/>
        <line num="159" count="45" type="stmt"/>
        <line num="161" count="45" type="stmt"/>
        <line num="174" count="45" type="cond" truecount="1" falsecount="1"/>
        <line num="175" count="45" type="cond" truecount="1" falsecount="1"/>
        <line num="176" count="0" type="stmt"/>
        <line num="178" count="45" type="cond" truecount="1" falsecount="1"/>
        <line num="179" count="0" type="stmt"/>
        <line num="184" count="45" type="stmt"/>
        <line num="185" count="405" type="cond" truecount="2" falsecount="0"/>
        <line num="186" count="90" type="stmt"/>
        <line num="190" count="45" type="stmt"/>
        <line num="193" count="654" type="stmt"/>
        <line num="201" count="654" type="stmt"/>
        <line num="202" count="654" type="cond" truecount="2" falsecount="0"/>
        <line num="203" count="636" type="stmt"/>
        <line num="206" count="18" type="stmt"/>
        <line num="213" count="18" type="cond" truecount="1" falsecount="1"/>
        <line num="214" count="18" type="stmt"/>
        <line num="215" count="18" type="stmt"/>
        <line num="220" count="18" type="cond" truecount="1" falsecount="1"/>
        <line num="221" count="18" type="cond" truecount="1" falsecount="1"/>
        <line num="222" count="0" type="stmt"/>
        <line num="224" count="18" type="cond" truecount="1" falsecount="1"/>
        <line num="225" count="0" type="stmt"/>
        <line num="230" count="18" type="cond" truecount="1" falsecount="1"/>
        <line num="231" count="0" type="stmt"/>
        <line num="235" count="18" type="stmt"/>
        <line num="243" count="654" type="stmt"/>
        <line num="244" count="654" type="cond" truecount="1" falsecount="1"/>
        <line num="246" count="654" type="stmt"/>
        <line num="248" count="717" type="cond" truecount="1" falsecount="1"/>
        <line num="249" count="0" type="stmt"/>
        <line num="252" count="717" type="stmt"/>
        <line num="260" count="717" type="cond" truecount="1" falsecount="1"/>
        <line num="261" count="0" type="stmt"/>
        <line num="262" count="0" type="stmt"/>
        <line num="271" count="717" type="cond" truecount="2" falsecount="0"/>
        <line num="272" count="717" type="stmt"/>
        <line num="273" count="45" type="stmt"/>
        <line num="278" count="45" type="cond" truecount="1" falsecount="1"/>
        <line num="279" count="45" type="cond" truecount="1" falsecount="1"/>
        <line num="280" count="0" type="stmt"/>
        <line num="282" count="45" type="cond" truecount="1" falsecount="1"/>
        <line num="283" count="0" type="stmt"/>
        <line num="289" count="717" type="cond" truecount="1" falsecount="1"/>
        <line num="290" count="717" type="stmt"/>
        <line num="292" count="717" type="cond" truecount="2" falsecount="0"/>
        <line num="293" count="672" type="stmt"/>
        <line num="296" count="717" type="stmt"/>
        <line num="300" count="654" type="cond" truecount="1" falsecount="1"/>
        <line num="301" count="0" type="stmt"/>
        <line num="302" count="0" type="stmt"/>
        <line num="309" count="654" type="stmt"/>
        <line num="318" count="654" type="cond" truecount="2" falsecount="0"/>
        <line num="322" count="654" type="stmt"/>
        <line num="324" count="654" type="stmt"/>
        <line num="325" count="54" type="stmt"/>
        <line num="326" count="54" type="stmt"/>
        <line num="333" count="654" type="stmt"/>
        <line num="341" count="627" type="stmt"/>
        <line num="342" count="627" type="stmt"/>
        <line num="344" count="3135" type="stmt"/>
        <line num="346" count="627" type="cond" truecount="1" falsecount="1"/>
        <line num="347" count="0" type="stmt"/>
        <line num="350" count="627" type="stmt"/>
      </file>
      <file name="hash-generator.js" path="/Users/systemsystems/portfolio/OSSP-AGI/app/parsers/utils/hash-generator.js">
        <metrics statements="52" coveredstatements="45" conditionals="21" coveredconditionals="19" methods="13" coveredmethods="11"/>
        <line num="20" count="62" type="stmt"/>
        <line num="35" count="64" type="stmt"/>
        <line num="37" count="64" type="stmt"/>
        <line num="40" count="64" type="stmt"/>
        <line num="42" count="64" type="stmt"/>
        <line num="44" count="0" type="stmt"/>
        <line num="54" count="5" type="stmt"/>
        <line num="55" count="5" type="stmt"/>
        <line num="57" count="0" type="stmt"/>
        <line num="68" count="3" type="stmt"/>
        <line num="69" count="3" type="stmt"/>
        <line num="70" count="3" type="stmt"/>
        <line num="79" count="5" type="stmt"/>
        <line num="80" count="5" type="stmt"/>
        <line num="81" count="5" type="stmt"/>
        <line num="83" count="5" type="stmt"/>
        <line num="85" count="5" type="stmt"/>
        <line num="97" count="64" type="stmt"/>
        <line num="105" count="27894" type="cond" truecount="2" falsecount="0"/>
        <line num="106" count="1" type="stmt"/>
        <line num="109" count="27893" type="cond" truecount="2" falsecount="0"/>
        <line num="110" count="1" type="stmt"/>
        <line num="113" count="27892" type="cond" truecount="2" falsecount="0"/>
        <line num="114" count="167" type="cond" truecount="2" falsecount="0"/>
        <line num="117" count="27725" type="cond" truecount="2" falsecount="0"/>
        <line num="118" count="296" type="cond" truecount="1" falsecount="1"/>
        <line num="121" count="27429" type="cond" truecount="2" falsecount="0"/>
        <line num="122" count="12384" type="stmt"/>
        <line num="125" count="15045" type="cond" truecount="2" falsecount="0"/>
        <line num="126" count="467" type="stmt"/>
        <line num="127" count="666" type="stmt"/>
        <line num="128" count="666" type="stmt"/>
        <line num="129" count="467" type="stmt"/>
        <line num="132" count="14578" type="cond" truecount="1" falsecount="1"/>
        <line num="134" count="14578" type="stmt"/>
        <line num="135" count="14578" type="stmt"/>
        <line num="137" count="14578" type="stmt"/>
        <line num="138" count="27164" type="stmt"/>
        <line num="139" count="27164" type="cond" truecount="2" falsecount="0"/>
        <line num="140" count="27163" type="stmt"/>
        <line num="144" count="14578" type="stmt"/>
        <line num="147" count="0" type="stmt"/>
        <line num="155" count="69" type="stmt"/>
        <line num="156" count="69" type="stmt"/>
        <line num="157" count="69" type="stmt"/>
        <line num="160" count="0" type="stmt"/>
        <line num="163" count="69" type="stmt"/>
        <line num="172" count="69" type="stmt"/>
        <line num="174" count="69" type="stmt"/>
        <line num="182" count="0" type="stmt"/>
        <line num="192" count="0" type="stmt"/>
        <line num="193" count="0" type="stmt"/>
      </file>
      <file name="manifest-converter.js" path="/Users/systemsystems/portfolio/OSSP-AGI/app/parsers/utils/manifest-converter.js">
        <metrics statements="129" coveredstatements="103" conditionals="165" coveredconditionals="104" methods="20" coveredmethods="17"/>
        <line num="18" count="39" type="stmt"/>
        <line num="35" count="7" type="cond" truecount="1" falsecount="1"/>
        <line num="36" count="7" type="cond" truecount="1" falsecount="1"/>
        <line num="39" count="7" type="stmt"/>
        <line num="46" count="7" type="cond" truecount="3" falsecount="1"/>
        <line num="47" count="7" type="stmt"/>
        <line num="53" count="7" type="stmt"/>
        <line num="54" count="7" type="cond" truecount="4" falsecount="0"/>
        <line num="55" count="6" type="stmt"/>
        <line num="59" count="7" type="stmt"/>
        <line num="60" count="7" type="cond" truecount="4" falsecount="0"/>
        <line num="61" count="6" type="stmt"/>
        <line num="65" count="7" type="cond" truecount="1" falsecount="1"/>
        <line num="66" count="7" type="stmt"/>
        <line num="69" count="7" type="stmt"/>
        <line num="79" count="7" type="cond" truecount="1" falsecount="1"/>
        <line num="80" count="7" type="stmt"/>
        <line num="85" count="7" type="cond" truecount="2" falsecount="0"/>
        <line num="86" count="6" type="stmt"/>
        <line num="90" count="7" type="cond" truecount="1" falsecount="1"/>
        <line num="91" count="7" type="stmt"/>
        <line num="94" count="7" type="stmt"/>
        <line num="102" count="7" type="stmt"/>
        <line num="107" count="7" type="stmt"/>
        <line num="108" count="7" type="cond" truecount="3" falsecount="1"/>
        <line num="109" count="7" type="stmt"/>
        <line num="112" count="7" type="stmt"/>
        <line num="120" count="7" type="stmt"/>
        <line num="125" count="7" type="stmt"/>
        <line num="126" count="136" type="stmt"/>
        <line num="132" count="136" type="cond" truecount="1" falsecount="1"/>
        <line num="133" count="136" type="stmt"/>
        <line num="142" count="136" type="cond" truecount="1" falsecount="1"/>
        <line num="143" count="136" type="cond" truecount="2" falsecount="0"/>
        <line num="144" count="136" type="cond" truecount="2" falsecount="0"/>
        <line num="145" count="136" type="cond" truecount="1" falsecount="1"/>
        <line num="146" count="136" type="cond" truecount="4" falsecount="0"/>
        <line num="147" count="136" type="cond" truecount="2" falsecount="0"/>
        <line num="148" count="136" type="cond" truecount="2" falsecount="0"/>
        <line num="149" count="136" type="cond" truecount="1" falsecount="1"/>
        <line num="150" count="136" type="cond" truecount="2" falsecount="0"/>
        <line num="152" count="136" type="stmt"/>
        <line num="161" count="7" type="cond" truecount="2" falsecount="0"/>
        <line num="162" count="7" type="cond" truecount="2" falsecount="0"/>
        <line num="164" count="7" type="cond" truecount="4" falsecount="0"/>
        <line num="165" count="1" type="stmt"/>
        <line num="169" count="6" type="stmt"/>
        <line num="170" count="6" type="cond" truecount="1" falsecount="1"/>
        <line num="172" count="6" type="stmt"/>
        <line num="173" count="6" type="stmt"/>
        <line num="175" count="6" type="cond" truecount="1" falsecount="1"/>
        <line num="178" count="6" type="stmt"/>
        <line num="180" count="6" type="cond" truecount="1" falsecount="4"/>
        <line num="182" count="6" type="stmt"/>
        <line num="183" count="6" type="stmt"/>
        <line num="184" count="6" type="cond" truecount="1" falsecount="1"/>
        <line num="185" count="6" type="stmt"/>
        <line num="188" count="0" type="cond" truecount="0" falsecount="2"/>
        <line num="189" count="0" type="stmt"/>
        <line num="190" count="0" type="cond" truecount="0" falsecount="2"/>
        <line num="191" count="0" type="stmt"/>
        <line num="194" count="0" type="stmt"/>
        <line num="195" count="0" type="cond" truecount="0" falsecount="2"/>
        <line num="196" count="0" type="stmt"/>
        <line num="197" count="0" type="cond" truecount="0" falsecount="2"/>
        <line num="198" count="0" type="stmt"/>
        <line num="200" count="0" type="stmt"/>
        <line num="203" count="0" type="stmt"/>
        <line num="204" count="0" type="cond" truecount="0" falsecount="2"/>
        <line num="205" count="0" type="stmt"/>
        <line num="207" count="0" type="stmt"/>
        <line num="210" count="0" type="stmt"/>
        <line num="213" count="6" type="stmt"/>
        <line num="221" count="7" type="stmt"/>
        <line num="223" count="7" type="stmt"/>
        <line num="225" count="160" type="cond" truecount="2" falsecount="0"/>
        <line num="226" count="118" type="stmt"/>
        <line num="239" count="7" type="stmt"/>
        <line num="247" count="7" type="stmt"/>
        <line num="250" count="7" type="cond" truecount="2" falsecount="0"/>
        <line num="251" count="6" type="stmt"/>
        <line num="255" count="7" type="cond" truecount="4" falsecount="0"/>
        <line num="256" count="6" type="stmt"/>
        <line num="263" count="7" type="cond" truecount="1" falsecount="1"/>
        <line num="264" count="0" type="stmt"/>
        <line num="271" count="7" type="cond" truecount="2" falsecount="0"/>
        <line num="272" count="6" type="stmt"/>
        <line num="278" count="7" type="stmt"/>
        <line num="286" count="7" type="cond" truecount="4" falsecount="0"/>
        <line num="287" count="1" type="stmt"/>
        <line num="290" count="6" type="stmt"/>
        <line num="292" count="6" type="stmt"/>
        <line num="293" count="12" type="stmt"/>
        <line num="299" count="6" type="stmt"/>
        <line num="307" count="7" type="stmt"/>
        <line num="313" count="7" type="cond" truecount="1" falsecount="1"/>
        <line num="314" count="7" type="stmt"/>
        <line num="318" count="7" type="cond" truecount="1" falsecount="1"/>
        <line num="319" count="7" type="stmt"/>
        <line num="320" count="7" type="stmt"/>
        <line num="323" count="7" type="stmt"/>
        <line num="331" count="7" type="stmt"/>
        <line num="347" count="7" type="cond" truecount="1" falsecount="1"/>
        <line num="348" count="7" type="stmt"/>
        <line num="349" count="7" type="stmt"/>
        <line num="351" count="7" type="stmt"/>
        <line num="352" count="7" type="cond" truecount="1" falsecount="1"/>
        <line num="360" count="136" type="cond" truecount="1" falsecount="1"/>
        <line num="361" count="136" type="stmt"/>
        <line num="362" count="136" type="stmt"/>
        <line num="363" count="136" type="stmt"/>
        <line num="366" count="136" type="cond" truecount="1" falsecount="1"/>
        <line num="367" count="136" type="stmt"/>
        <line num="368" count="136" type="stmt"/>
        <line num="369" count="136" type="cond" truecount="1" falsecount="1"/>
        <line num="373" count="0" type="stmt"/>
        <line num="374" count="0" type="stmt"/>
        <line num="375" count="0" type="stmt"/>
        <line num="376" count="0" type="cond" truecount="0" falsecount="2"/>
        <line num="384" count="0" type="cond" truecount="0" falsecount="4"/>
        <line num="385" count="0" type="stmt"/>
        <line num="388" count="0" type="stmt"/>
        <line num="391" count="0" type="stmt"/>
        <line num="392" count="0" type="stmt"/>
        <line num="403" count="143" type="cond" truecount="3" falsecount="1"/>
        <line num="404" count="0" type="stmt"/>
        <line num="407" count="143" type="stmt"/>
        <line num="408" count="143" type="cond" truecount="1" falsecount="1"/>
        <line num="416" count="279" type="stmt"/>
      </file>
      <file name="ref-resolver.js" path="/Users/systemsystems/portfolio/OSSP-AGI/app/parsers/utils/ref-resolver.js">
        <metrics statements="55" coveredstatements="11" conditionals="54" coveredconditionals="12" methods="11" coveredmethods="3"/>
        <line num="16" count="39" type="stmt"/>
        <line num="30" count="0" type="cond" truecount="0" falsecount="4"/>
        <line num="31" count="0" type="stmt"/>
        <line num="35" count="0" type="stmt"/>
        <line num="36" count="0" type="stmt"/>
        <line num="38" count="0" type="stmt"/>
        <line num="47" count="1296" type="cond" truecount="3" falsecount="0"/>
        <line num="56" count="0" type="cond" truecount="0" falsecount="2"/>
        <line num="57" count="0" type="stmt"/>
        <line num="59" count="0" type="stmt"/>
        <line num="71" count="0" type="cond" truecount="0" falsecount="2"/>
        <line num="72" count="0" type="stmt"/>
        <line num="76" count="0" type="cond" truecount="0" falsecount="4"/>
        <line num="77" count="0" type="stmt"/>
        <line num="81" count="0" type="cond" truecount="0" falsecount="2"/>
        <line num="82" count="0" type="stmt"/>
        <line num="86" count="0" type="cond" truecount="0" falsecount="2"/>
        <line num="87" count="0" type="stmt"/>
        <line num="91" count="0" type="cond" truecount="0" falsecount="2"/>
        <line num="92" count="0" type="stmt"/>
        <line num="93" count="0" type="stmt"/>
        <line num="96" count="0" type="cond" truecount="0" falsecount="2"/>
        <line num="97" count="0" type="stmt"/>
        <line num="101" count="0" type="stmt"/>
        <line num="105" count="0" type="stmt"/>
        <line num="106" count="0" type="stmt"/>
        <line num="107" count="0" type="stmt"/>
        <line num="110" count="0" type="stmt"/>
        <line num="120" count="1856" type="cond" truecount="4" falsecount="0"/>
        <line num="121" count="896" type="stmt"/>
        <line num="124" count="960" type="cond" truecount="1" falsecount="1"/>
        <line num="125" count="0" type="stmt"/>
        <line num="126" count="0" type="cond" truecount="0" falsecount="4"/>
        <line num="127" count="0" type="stmt"/>
        <line num="131" count="960" type="cond" truecount="2" falsecount="0"/>
        <line num="132" count="24" type="stmt"/>
        <line num="133" count="64" type="stmt"/>
        <line num="136" count="936" type="stmt"/>
        <line num="137" count="1568" type="stmt"/>
        <line num="141" count="960" type="stmt"/>
        <line num="150" count="0" type="cond" truecount="0" falsecount="3"/>
        <line num="159" count="0" type="cond" truecount="0" falsecount="3"/>
        <line num="169" count="0" type="cond" truecount="0" falsecount="2"/>
        <line num="170" count="0" type="stmt"/>
        <line num="173" count="0" type="cond" truecount="0" falsecount="2"/>
        <line num="174" count="0" type="stmt"/>
        <line num="177" count="0" type="stmt"/>
        <line num="178" count="0" type="stmt"/>
        <line num="180" count="0" type="cond" truecount="0" falsecount="4"/>
        <line num="181" count="0" type="stmt"/>
        <line num="184" count="0" type="stmt"/>
        <line num="186" count="0" type="cond" truecount="0" falsecount="2"/>
        <line num="187" count="0" type="stmt"/>
        <line num="190" count="0" type="stmt"/>
        <line num="198" count="0" type="stmt"/>
      </file>
      <file name="schema-extractor.js" path="/Users/systemsystems/portfolio/OSSP-AGI/app/parsers/utils/schema-extractor.js">
        <metrics statements="107" coveredstatements="71" conditionals="120" coveredconditionals="68" methods="10" coveredmethods="7"/>
        <line num="20" count="39" type="stmt"/>
        <line num="27" count="39" type="stmt"/>
        <line num="36" count="10" type="stmt"/>
        <line num="37" count="10" type="stmt"/>
        <line num="40" count="10" type="cond" truecount="1" falsecount="1"/>
        <line num="42" count="10" type="stmt"/>
        <line num="43" count="224" type="stmt"/>
        <line num="49" count="224" type="cond" truecount="1" falsecount="1"/>
        <line num="50" count="224" type="stmt"/>
        <line num="53" count="224" type="cond" truecount="1" falsecount="1"/>
        <line num="54" count="224" type="stmt"/>
        <line num="55" count="224" type="stmt"/>
        <line num="61" count="10" type="cond" truecount="1" falsecount="1"/>
        <line num="62" count="10" type="stmt"/>
        <line num="63" count="10" type="stmt"/>
        <line num="67" count="10" type="cond" truecount="1" falsecount="1"/>
        <line num="68" count="280" type="stmt"/>
        <line num="74" count="0" type="stmt"/>
        <line num="83" count="280" type="stmt"/>
        <line num="84" count="280" type="cond" truecount="3" falsecount="1"/>
        <line num="85" count="0" type="stmt"/>
        <line num="86" count="0" type="stmt"/>
        <line num="87" count="0" type="cond" truecount="0" falsecount="2"/>
        <line num="90" count="280" type="stmt"/>
        <line num="106" count="280" type="cond" truecount="2" falsecount="0"/>
        <line num="107" count="8" type="cond" truecount="1" falsecount="1"/>
        <line num="108" count="8" type="stmt"/>
        <line num="109" count="8" type="stmt"/>
        <line num="110" count="8" type="cond" truecount="2" falsecount="0"/>
        <line num="114" count="280" type="cond" truecount="1" falsecount="1"/>
        <line num="115" count="0" type="stmt"/>
        <line num="116" count="0" type="stmt"/>
        <line num="117" count="0" type="stmt"/>
        <line num="118" count="0" type="stmt"/>
        <line num="122" count="280" type="cond" truecount="3" falsecount="1"/>
        <line num="123" count="0" type="stmt"/>
        <line num="124" count="0" type="stmt"/>
        <line num="125" count="0" type="stmt"/>
        <line num="126" count="0" type="stmt"/>
        <line num="127" count="0" type="stmt"/>
        <line num="131" count="280" type="cond" truecount="1" falsecount="1"/>
        <line num="132" count="0" type="stmt"/>
        <line num="134" count="280" type="cond" truecount="1" falsecount="1"/>
        <line num="135" count="0" type="stmt"/>
        <line num="137" count="280" type="cond" truecount="1" falsecount="1"/>
        <line num="138" count="0" type="stmt"/>
        <line num="142" count="280" type="cond" truecount="1" falsecount="1"/>
        <line num="143" count="0" type="stmt"/>
        <line num="150" count="280" type="cond" truecount="1" falsecount="1"/>
        <line num="151" count="0" type="stmt"/>
        <line num="155" count="280" type="cond" truecount="1" falsecount="1"/>
        <line num="156" count="0" type="stmt"/>
        <line num="160" count="280" type="cond" truecount="1" falsecount="1"/>
        <line num="161" count="0" type="stmt"/>
        <line num="165" count="280" type="stmt"/>
        <line num="166" count="3392" type="cond" truecount="4" falsecount="0"/>
        <line num="167" count="1136" type="stmt"/>
        <line num="171" count="280" type="stmt"/>
        <line num="179" count="0" type="cond" truecount="0" falsecount="2"/>
        <line num="180" count="0" type="stmt"/>
        <line num="183" count="0" type="stmt"/>
        <line num="184" count="0" type="cond" truecount="0" falsecount="4"/>
        <line num="185" count="0" type="stmt"/>
        <line num="186" count="0" type="stmt"/>
        <line num="187" count="0" type="cond" truecount="0" falsecount="2"/>
        <line num="189" count="0" type="stmt"/>
        <line num="198" count="0" type="cond" truecount="0" falsecount="2"/>
        <line num="199" count="0" type="cond" truecount="0" falsecount="2"/>
        <line num="200" count="0" type="cond" truecount="0" falsecount="5"/>
        <line num="201" count="0" type="stmt"/>
        <line num="209" count="224" type="stmt"/>
        <line num="210" count="224" type="stmt"/>
        <line num="212" count="224" type="stmt"/>
        <line num="214" count="0" type="cond" truecount="0" falsecount="2"/>
        <line num="215" count="0" type="stmt"/>
        <line num="216" count="0" type="cond" truecount="0" falsecount="4"/>
        <line num="217" count="0" type="stmt"/>
        <line num="222" count="224" type="stmt"/>
        <line num="230" count="10" type="stmt"/>
        <line num="231" count="10" type="cond" truecount="1" falsecount="1"/>
        <line num="232" count="10" type="stmt"/>
        <line num="234" count="10" type="stmt"/>
        <line num="235" count="124" type="stmt"/>
        <line num="237" count="124" type="stmt"/>
        <line num="238" count="868" type="stmt"/>
        <line num="239" count="868" type="cond" truecount="2" falsecount="0"/>
        <line num="242" count="148" type="cond" truecount="2" falsecount="0"/>
        <line num="243" count="16" type="stmt"/>
        <line num="244" count="16" type="cond" truecount="3" falsecount="1"/>
        <line num="245" count="16" type="cond" truecount="1" falsecount="1"/>
        <line num="249" count="16" type="stmt"/>
        <line num="250" count="16" type="cond" truecount="1" falsecount="1"/>
        <line num="251" count="16" type="stmt"/>
        <line num="252" count="16" type="stmt"/>
        <line num="253" count="16" type="stmt"/>
        <line num="260" count="148" type="cond" truecount="1" falsecount="1"/>
        <line num="261" count="148" type="stmt"/>
        <line num="262" count="204" type="cond" truecount="2" falsecount="0"/>
        <line num="263" count="40" type="stmt"/>
        <line num="264" count="40" type="cond" truecount="3" falsecount="1"/>
        <line num="265" count="40" type="cond" truecount="1" falsecount="1"/>
        <line num="269" count="40" type="stmt"/>
        <line num="270" count="40" type="cond" truecount="1" falsecount="1"/>
        <line num="271" count="40" type="stmt"/>
        <line num="272" count="40" type="stmt"/>
        <line num="273" count="40" type="stmt"/>
        <line num="283" count="10" type="stmt"/>
      </file>
      <file name="stream-parser.js" path="/Users/systemsystems/portfolio/OSSP-AGI/app/parsers/utils/stream-parser.js">
        <metrics statements="44" coveredstatements="12" conditionals="22" coveredconditionals="12" methods="10" coveredmethods="3"/>
        <line num="16" count="39" type="stmt"/>
        <line num="30" count="28" type="cond" truecount="5" falsecount="0"/>
        <line num="31" count="14" type="stmt"/>
        <line num="35" count="14" type="cond" truecount="1" falsecount="1"/>
        <line num="37" count="14" type="cond" truecount="4" falsecount="0"/>
        <line num="38" count="1" type="stmt"/>
        <line num="42" count="13" type="stmt"/>
        <line num="46" count="0" type="cond" truecount="0" falsecount="4"/>
        <line num="47" count="0" type="stmt"/>
        <line num="50" count="0" type="stmt"/>
        <line num="59" count="13" type="stmt"/>
        <line num="60" count="13" type="stmt"/>
        <line num="63" count="13" type="cond" truecount="1" falsecount="1"/>
        <line num="64" count="13" type="stmt"/>
        <line num="65" count="13" type="stmt"/>
        <line num="69" count="0" type="stmt"/>
        <line num="74" count="0" type="stmt"/>
        <line num="76" count="0" type="stmt"/>
        <line num="86" count="0" type="stmt"/>
        <line num="87" count="0" type="stmt"/>
        <line num="88" count="0" type="stmt"/>
        <line num="90" count="0" type="cond" truecount="0" falsecount="2"/>
        <line num="94" count="0" type="stmt"/>
        <line num="95" count="0" type="stmt"/>
        <line num="98" count="0" type="cond" truecount="0" falsecount="2"/>
        <line num="99" count="0" type="stmt"/>
        <line num="100" count="0" type="stmt"/>
        <line num="101" count="0" type="stmt"/>
        <line num="104" count="0" type="stmt"/>
        <line num="107" count="0" type="stmt"/>
        <line num="108" count="0" type="stmt"/>
        <line num="109" count="0" type="stmt"/>
        <line num="110" count="0" type="stmt"/>
        <line num="111" count="0" type="stmt"/>
        <line num="113" count="0" type="stmt"/>
        <line num="117" count="0" type="stmt"/>
        <line num="118" count="0" type="stmt"/>
        <line num="129" count="0" type="stmt"/>
        <line num="130" count="0" type="stmt"/>
        <line num="131" count="0" type="stmt"/>
        <line num="133" count="0" type="stmt"/>
        <line num="143" count="0" type="stmt"/>
        <line num="144" count="0" type="stmt"/>
        <line num="146" count="0" type="stmt"/>
      </file>
    </package>
  </project>
</coverage>
