TN:
SF:jest.config.js
FNF:0
FNH:0
LF:0
LH:0
BRF:0
BRH:0
end_of_record
TN:
SF:jest.esm.ci.js
FNF:0
FNH:0
LF:0
LH:0
BRF:0
BRH:0
end_of_record
TN:
SF:jest.fast.config.js
FNF:0
FNH:0
DA:3,0
LF:1
LH:0
BRF:0
BRH:0
end_of_record
TN:
SF:artifacts/scaffold-smoke/api-1760321764010/importers/smoke-api-1760321764010-importer.js
FN:9,(anonymous_0)
FN:18,(anonymous_1)
FN:29,(anonymous_2)
FN:50,(anonymous_3)
FNF:4
FNH:0
FNDA:0,(anonymous_0)
FNDA:0,(anonymous_1)
FNDA:0,(anonymous_2)
FNDA:0,(anonymous_3)
DA:10,0
DA:21,0
DA:33,0
DA:52,0
LF:4
LH:0
BRDA:40,0,0,0
BRDA:40,0,1,0
BRF:2
BRH:0
end_of_record
TN:
SF:artifacts/scaffold-smoke/api-1760322090420/importers/smoke-api-1760322090420-importer.js
FN:8,(anonymous_0)
FN:15,(anonymous_1)
FN:26,(anonymous_2)
FN:47,(anonymous_3)
FNF:4
FNH:0
FNDA:0,(anonymous_0)
FNDA:0,(anonymous_1)
FNDA:0,(anonymous_2)
FNDA:0,(anonymous_3)
DA:18,0
DA:30,0
DA:49,0
LF:3
LH:0
BRDA:37,0,0,0
BRDA:37,0,1,0
BRDA:37,0,2,0
BRF:3
BRH:0
end_of_record
TN:
SF:artifacts/scaffold-smoke/api-1760322529811/importers/smoke-api-1760322529811-importer.js
FN:8,(anonymous_0)
FN:15,(anonymous_1)
FN:26,(anonymous_2)
FN:47,(anonymous_3)
FNF:4
FNH:0
FNDA:0,(anonymous_0)
FNDA:0,(anonymous_1)
FNDA:0,(anonymous_2)
FNDA:0,(anonymous_3)
DA:18,0
DA:30,0
DA:49,0
LF:3
LH:0
BRDA:37,0,0,0
BRDA:37,0,1,0
BRDA:37,0,2,0
BRF:3
BRH:0
end_of_record
TN:
SF:artifacts/scaffold-smoke/api-1760378621626/importers/smoke-api-1760378621626-importer.js
FN:8,(anonymous_0)
FN:15,(anonymous_1)
FN:26,(anonymous_2)
FN:47,(anonymous_3)
FNF:4
FNH:0
FNDA:0,(anonymous_0)
FNDA:0,(anonymous_1)
FNDA:0,(anonymous_2)
FNDA:0,(anonymous_3)
DA:18,0
DA:30,0
DA:49,0
LF:3
LH:0
BRDA:37,0,0,0
BRDA:37,0,1,0
BRDA:37,0,2,0
BRF:3
BRH:0
end_of_record
TN:
SF:artifacts/scaffold-smoke/api-1760379289706/importers/smoke-api-1760379289706-importer.js
FN:8,(anonymous_0)
FN:15,(anonymous_1)
FN:26,(anonymous_2)
FN:47,(anonymous_3)
FNF:4
FNH:0
FNDA:0,(anonymous_0)
FNDA:0,(anonymous_1)
FNDA:0,(anonymous_2)
FNDA:0,(anonymous_3)
DA:18,0
DA:30,0
DA:49,0
LF:3
LH:0
BRDA:37,0,0,0
BRDA:37,0,1,0
BRDA:37,0,2,0
BRF:3
BRH:0
end_of_record
TN:
SF:artifacts/scaffold-smoke/api-1760379345939/importers/smoke-api-1760379345939-importer.js
FN:8,(anonymous_0)
FN:15,(anonymous_1)
FN:26,(anonymous_2)
FN:47,(anonymous_3)
FNF:4
FNH:0
FNDA:0,(anonymous_0)
FNDA:0,(anonymous_1)
FNDA:0,(anonymous_2)
FNDA:0,(anonymous_3)
DA:18,0
DA:30,0
DA:49,0
LF:3
LH:0
BRDA:37,0,0,0
BRDA:37,0,1,0
BRDA:37,0,2,0
BRF:3
BRH:0
end_of_record
TN:
SF:artifacts/scaffold-smoke/api-1760379412963/importers/smoke-api-1760379412963-importer.js
FN:8,(anonymous_0)
FN:15,(anonymous_1)
FN:26,(anonymous_2)
FN:47,(anonymous_3)
FNF:4
FNH:0
FNDA:0,(anonymous_0)
FNDA:0,(anonymous_1)
FNDA:0,(anonymous_2)
FNDA:0,(anonymous_3)
DA:18,0
DA:30,0
DA:49,0
LF:3
LH:0
BRDA:37,0,0,0
BRDA:37,0,1,0
BRDA:37,0,2,0
BRF:3
BRH:0
end_of_record
TN:
SF:artifacts/scaffold-smoke/api-1760380005120/importers/smoke-api-1760380005120-importer.js
FN:8,(anonymous_0)
FN:15,(anonymous_1)
FN:26,(anonymous_2)
FN:47,(anonymous_3)
FNF:4
FNH:0
FNDA:0,(anonymous_0)
FNDA:0,(anonymous_1)
FNDA:0,(anonymous_2)
FNDA:0,(anonymous_3)
DA:18,0
DA:30,0
DA:49,0
LF:3
LH:0
BRDA:37,0,0,0
BRDA:37,0,1,0
BRDA:37,0,2,0
BRF:3
BRH:0
end_of_record
TN:
SF:artifacts/scaffold-smoke/data-1760322090605/importers/smoke-data-1760322090605-importer.js
FN:8,(anonymous_0)
FN:15,(anonymous_1)
FN:26,(anonymous_2)
FN:47,(anonymous_3)
FNF:4
FNH:0
FNDA:0,(anonymous_0)
FNDA:0,(anonymous_1)
FNDA:0,(anonymous_2)
FNDA:0,(anonymous_3)
DA:18,0
DA:30,0
DA:49,0
LF:3
LH:0
BRDA:37,0,0,0
BRDA:37,0,1,0
BRDA:37,0,2,0
BRF:3
BRH:0
end_of_record
TN:
SF:artifacts/scaffold-smoke/data-1760322529996/importers/smoke-data-1760322529996-importer.js
FN:8,(anonymous_0)
FN:15,(anonymous_1)
FN:26,(anonymous_2)
FN:47,(anonymous_3)
FNF:4
FNH:0
FNDA:0,(anonymous_0)
FNDA:0,(anonymous_1)
FNDA:0,(anonymous_2)
FNDA:0,(anonymous_3)
DA:18,0
DA:30,0
DA:49,0
LF:3
LH:0
BRDA:37,0,0,0
BRDA:37,0,1,0
BRDA:37,0,2,0
BRF:3
BRH:0
end_of_record
TN:
SF:artifacts/scaffold-smoke/data-1760378621823/importers/smoke-data-1760378621823-importer.js
FN:8,(anonymous_0)
FN:15,(anonymous_1)
FN:26,(anonymous_2)
FN:47,(anonymous_3)
FNF:4
FNH:0
FNDA:0,(anonymous_0)
FNDA:0,(anonymous_1)
FNDA:0,(anonymous_2)
FNDA:0,(anonymous_3)
DA:18,0
DA:30,0
DA:49,0
LF:3
LH:0
BRDA:37,0,0,0
BRDA:37,0,1,0
BRDA:37,0,2,0
BRF:3
BRH:0
end_of_record
TN:
SF:artifacts/scaffold-smoke/data-1760379289889/importers/smoke-data-1760379289889-importer.js
FN:8,(anonymous_0)
FN:15,(anonymous_1)
FN:26,(anonymous_2)
FN:47,(anonymous_3)
FNF:4
FNH:0
FNDA:0,(anonymous_0)
FNDA:0,(anonymous_1)
FNDA:0,(anonymous_2)
FNDA:0,(anonymous_3)
DA:18,0
DA:30,0
DA:49,0
LF:3
LH:0
BRDA:37,0,0,0
BRDA:37,0,1,0
BRDA:37,0,2,0
BRF:3
BRH:0
end_of_record
TN:
SF:artifacts/scaffold-smoke/data-1760379346166/importers/smoke-data-1760379346166-importer.js
FN:8,(anonymous_0)
FN:15,(anonymous_1)
FN:26,(anonymous_2)
FN:47,(anonymous_3)
FNF:4
FNH:0
FNDA:0,(anonymous_0)
FNDA:0,(anonymous_1)
FNDA:0,(anonymous_2)
FNDA:0,(anonymous_3)
DA:18,0
DA:30,0
DA:49,0
LF:3
LH:0
BRDA:37,0,0,0
BRDA:37,0,1,0
BRDA:37,0,2,0
BRF:3
BRH:0
end_of_record
TN:
SF:artifacts/scaffold-smoke/data-1760379413193/importers/smoke-data-1760379413193-importer.js
FN:8,(anonymous_0)
FN:15,(anonymous_1)
FN:26,(anonymous_2)
FN:47,(anonymous_3)
FNF:4
FNH:0
FNDA:0,(anonymous_0)
FNDA:0,(anonymous_1)
FNDA:0,(anonymous_2)
FNDA:0,(anonymous_3)
DA:18,0
DA:30,0
DA:49,0
LF:3
LH:0
BRDA:37,0,0,0
BRDA:37,0,1,0
BRDA:37,0,2,0
BRF:3
BRH:0
end_of_record
TN:
SF:artifacts/scaffold-smoke/data-1760380005380/importers/smoke-data-1760380005380-importer.js
FN:8,(anonymous_0)
FN:15,(anonymous_1)
FN:26,(anonymous_2)
FN:47,(anonymous_3)
FNF:4
FNH:0
FNDA:0,(anonymous_0)
FNDA:0,(anonymous_1)
FNDA:0,(anonymous_2)
FNDA:0,(anonymous_3)
DA:18,0
DA:30,0
DA:49,0
LF:3
LH:0
BRDA:37,0,0,0
BRDA:37,0,1,0
BRDA:37,0,2,0
BRF:3
BRH:0
end_of_record
TN:
SF:artifacts/scaffold-smoke/event-1760322090772/importers/smoke-event-1760322090772-importer.js
FN:8,(anonymous_0)
FN:15,(anonymous_1)
FN:26,(anonymous_2)
FN:47,(anonymous_3)
FNF:4
FNH:0
FNDA:0,(anonymous_0)
FNDA:0,(anonymous_1)
FNDA:0,(anonymous_2)
FNDA:0,(anonymous_3)
DA:18,0
DA:30,0
DA:49,0
LF:3
LH:0
BRDA:37,0,0,0
BRDA:37,0,1,0
BRDA:37,0,2,0
BRF:3
BRH:0
end_of_record
TN:
SF:artifacts/scaffold-smoke/event-1760322530163/importers/smoke-event-1760322530163-importer.js
FN:8,(anonymous_0)
FN:15,(anonymous_1)
FN:26,(anonymous_2)
FN:47,(anonymous_3)
FNF:4
FNH:0
FNDA:0,(anonymous_0)
FNDA:0,(anonymous_1)
FNDA:0,(anonymous_2)
FNDA:0,(anonymous_3)
DA:18,0
DA:30,0
DA:49,0
LF:3
LH:0
BRDA:37,0,0,0
BRDA:37,0,1,0
BRDA:37,0,2,0
BRF:3
BRH:0
end_of_record
TN:
SF:artifacts/scaffold-smoke/event-1760378622048/importers/smoke-event-1760378622048-importer.js
FN:8,(anonymous_0)
FN:15,(anonymous_1)
FN:26,(anonymous_2)
FN:47,(anonymous_3)
FNF:4
FNH:0
FNDA:0,(anonymous_0)
FNDA:0,(anonymous_1)
FNDA:0,(anonymous_2)
FNDA:0,(anonymous_3)
DA:18,0
DA:30,0
DA:49,0
LF:3
LH:0
BRDA:37,0,0,0
BRDA:37,0,1,0
BRDA:37,0,2,0
BRF:3
BRH:0
end_of_record
TN:
SF:artifacts/scaffold-smoke/event-1760379290051/importers/smoke-event-1760379290051-importer.js
FN:8,(anonymous_0)
FN:15,(anonymous_1)
FN:26,(anonymous_2)
FN:47,(anonymous_3)
FNF:4
FNH:0
FNDA:0,(anonymous_0)
FNDA:0,(anonymous_1)
FNDA:0,(anonymous_2)
FNDA:0,(anonymous_3)
DA:18,0
DA:30,0
DA:49,0
LF:3
LH:0
BRDA:37,0,0,0
BRDA:37,0,1,0
BRDA:37,0,2,0
BRF:3
BRH:0
end_of_record
TN:
SF:artifacts/scaffold-smoke/event-1760379346362/importers/smoke-event-1760379346362-importer.js
FN:8,(anonymous_0)
FN:15,(anonymous_1)
FN:26,(anonymous_2)
FN:47,(anonymous_3)
FNF:4
FNH:0
FNDA:0,(anonymous_0)
FNDA:0,(anonymous_1)
FNDA:0,(anonymous_2)
FNDA:0,(anonymous_3)
DA:18,0
DA:30,0
DA:49,0
LF:3
LH:0
BRDA:37,0,0,0
BRDA:37,0,1,0
BRDA:37,0,2,0
BRF:3
BRH:0
end_of_record
TN:
SF:artifacts/scaffold-smoke/event-1760379413415/importers/smoke-event-1760379413415-importer.js
FN:8,(anonymous_0)
FN:15,(anonymous_1)
FN:26,(anonymous_2)
FN:47,(anonymous_3)
FNF:4
FNH:0
FNDA:0,(anonymous_0)
FNDA:0,(anonymous_1)
FNDA:0,(anonymous_2)
FNDA:0,(anonymous_3)
DA:18,0
DA:30,0
DA:49,0
LF:3
LH:0
BRDA:37,0,0,0
BRDA:37,0,1,0
BRDA:37,0,2,0
BRF:3
BRH:0
end_of_record
TN:
SF:artifacts/scaffold-smoke/event-1760380005588/importers/smoke-event-1760380005588-importer.js
FN:8,(anonymous_0)
FN:15,(anonymous_1)
FN:26,(anonymous_2)
FN:47,(anonymous_3)
FNF:4
FNH:0
FNDA:0,(anonymous_0)
FNDA:0,(anonymous_1)
FNDA:0,(anonymous_2)
FNDA:0,(anonymous_3)
DA:18,0
DA:30,0
DA:49,0
LF:3
LH:0
BRDA:37,0,0,0
BRDA:37,0,1,0
BRDA:37,0,2,0
BRF:3
BRH:0
end_of_record
TN:
SF:artifacts/scaffolds/importers/log-format-importer.js
FN:9,(anonymous_0)
FN:18,(anonymous_1)
FN:29,(anonymous_2)
FN:50,(anonymous_3)
FNF:4
FNH:0
FNDA:0,(anonymous_0)
FNDA:0,(anonymous_1)
FNDA:0,(anonymous_2)
FNDA:0,(anonymous_3)
DA:10,0
DA:21,0
DA:33,0
DA:52,0
LF:4
LH:0
BRDA:40,0,0,0
BRDA:40,0,1,0
BRF:2
BRH:0
end_of_record
TN:
SF:artifacts/scaffolds/importers/my-apiwritten-importer.js
FN:9,(anonymous_0)
FN:18,(anonymous_1)
FN:29,(anonymous_2)
FN:50,(anonymous_3)
FNF:4
FNH:0
FNDA:0,(anonymous_0)
FNDA:0,(anonymous_1)
FNDA:0,(anonymous_2)
FNDA:0,(anonymous_3)
DA:10,0
DA:21,0
DA:33,0
DA:52,0
LF:4
LH:0
BRDA:40,0,0,0
BRDA:40,0,1,0
BRF:2
BRH:0
end_of_record
TN:
SF:artifacts/scaffolds/importers/test-api-importer.js
FN:9,(anonymous_0)
FN:18,(anonymous_1)
FN:29,(anonymous_2)
FN:50,(anonymous_3)
FNF:4
FNH:0
FNDA:0,(anonymous_0)
FNDA:0,(anonymous_1)
FNDA:0,(anonymous_2)
FNDA:0,(anonymous_3)
DA:10,0
DA:21,0
DA:33,0
DA:52,0
LF:4
LH:0
BRDA:40,0,0,0
BRDA:40,0,1,0
BRF:2
BRH:0
end_of_record
TN:
SF:artifacts/scaffolds/importers/test-importer.js
FN:9,(anonymous_0)
FN:18,(anonymous_1)
FN:29,(anonymous_2)
FN:50,(anonymous_3)
FNF:4
FNH:0
FNDA:0,(anonymous_0)
FNDA:0,(anonymous_1)
FNDA:0,(anonymous_2)
FNDA:0,(anonymous_3)
DA:10,0
DA:21,0
DA:33,0
DA:52,0
LF:4
LH:0
BRDA:40,0,0,0
BRDA:40,0,1,0
BRF:2
BRH:0
end_of_record
TN:
SF:artifacts/scaffolds/importers/test-shim-importer.js
FN:9,(anonymous_0)
FN:18,(anonymous_1)
FN:29,(anonymous_2)
FN:50,(anonymous_3)
FNF:4
FNH:0
FNDA:0,(anonymous_0)
FNDA:0,(anonymous_1)
FNDA:0,(anonymous_2)
FNDA:0,(anonymous_3)
DA:10,0
DA:21,0
DA:33,0
DA:52,0
LF:4
LH:0
BRDA:40,0,0,0
BRDA:40,0,1,0
BRF:2
BRH:0
end_of_record
TN:
SF:cli/index.js
FN:26,(anonymous_0)
FN:43,(anonymous_1)
FNF:2
FNH:0
FNDA:0,(anonymous_0)
FNDA:0,(anonymous_1)
DA:12,0
DA:14,0
DA:19,0
DA:27,0
DA:29,0
DA:36,0
DA:43,0
DA:44,0
DA:45,0
DA:46,0
LF:10
LH:0
BRDA:44,0,0,0
BRDA:44,0,1,0
BRF:2
BRH:0
end_of_record
TN:
SF:cli/commands/catalog-export.js
FN:20,exportCatalog
FN:105,loadCatalogIndex
FN:150,findManifestFiles
FN:180,normalizeManifest
FN:225,extractNameFromUrn
FN:236,extractVersionFromUrn
FN:244,determineProtocolType
FN:265,determineNamespace
FN:280,createSnapshot
FN:392,catalogexportCommand
FNF:10
FNH:0
FNDA:0,exportCatalog
FNDA:0,loadCatalogIndex
FNDA:0,findManifestFiles
FNDA:0,normalizeManifest
FNDA:0,extractNameFromUrn
FNDA:0,extractVersionFromUrn
FNDA:0,determineProtocolType
FNDA:0,determineNamespace
FNDA:0,createSnapshot
FNDA:0,catalogexportCommand
DA:21,0
DA:23,0
DA:31,0
DA:33,0
DA:34,0
DA:35,0
DA:36,0
DA:37,0
DA:41,0
DA:43,0
DA:44,0
DA:48,0
DA:57,0
DA:58,0
DA:59,0
DA:63,0
DA:64,0
DA:66,0
DA:69,0
DA:70,0
DA:71,0
DA:72,0
DA:74,0
DA:75,0
DA:76,0
DA:77,0
DA:78,0
DA:79,0
DA:82,0
DA:90,0
DA:91,0
DA:93,0
DA:94,0
DA:95,0
DA:98,0
DA:106,0
DA:108,0
DA:111,0
DA:113,0
DA:114,0
DA:116,0
DA:120,0
DA:122,0
DA:123,0
DA:127,0
DA:128,0
DA:129,0
DA:130,0
DA:133,0
DA:134,0
DA:135,0
DA:138,0
DA:139,0
DA:144,0
DA:151,0
DA:153,0
DA:154,0
DA:156,0
DA:157,0
DA:159,0
DA:160,0
DA:161,0
DA:162,0
DA:167,0
DA:174,0
DA:181,0
DA:183,0
DA:184,0
DA:185,0
DA:186,0
DA:190,0
DA:191,0
DA:192,0
DA:195,0
DA:196,0
DA:199,0
DA:202,0
DA:226,0
DA:227,0
DA:228,0
DA:230,0
DA:237,0
DA:238,0
DA:245,0
DA:246,0
DA:247,0
DA:248,0
DA:249,0
DA:250,0
DA:253,0
DA:254,0
DA:255,0
DA:256,0
DA:257,0
DA:259,0
DA:266,0
DA:274,0
DA:287,0
DA:289,0
DA:290,0
DA:291,0
DA:294,0
DA:302,0
DA:303,0
DA:312,0
DA:313,0
DA:325,0
DA:328,0
DA:331,0
DA:332,0
DA:335,0
DA:339,0
DA:345,0
DA:346,0
DA:348,0
DA:349,0
DA:353,0
DA:354,0
DA:355,0
DA:356,0
DA:359,0
DA:360,0
DA:361,0
DA:367,0
DA:377,0
DA:393,0
DA:394,0
DA:396,0
DA:398,0
DA:399,0
DA:402,0
DA:407,0
DA:408,0
DA:409,0
DA:412,0
DA:413,0
DA:415,0
DA:416,0
DA:417,0
DA:418,0
DA:419,0
DA:420,0
DA:421,0
DA:422,0
DA:423,0
DA:424,0
DA:425,0
DA:426,0
DA:427,0
DA:428,0
DA:447,0
DA:451,0
LF:152
LH:0
BRDA:20,0,0,0
BRDA:25,1,0,0
BRDA:26,2,0,0
BRDA:27,3,0,0
BRDA:28,4,0,0
BRDA:29,5,0,0
BRDA:30,6,0,0
BRDA:33,7,0,0
BRDA:33,7,1,0
BRDA:43,8,0,0
BRDA:43,8,1,0
BRDA:58,9,0,0
BRDA:58,9,1,0
BRDA:74,10,0,0
BRDA:74,10,1,0
BRDA:93,11,0,0
BRDA:93,11,1,0
BRDA:105,12,0,0
BRDA:106,13,0,0
BRDA:106,14,0,0
BRDA:122,15,0,0
BRDA:122,15,1,0
BRDA:134,16,0,0
BRDA:134,16,1,0
BRDA:138,17,0,0
BRDA:138,17,1,0
BRDA:159,18,0,0
BRDA:159,18,1,0
BRDA:162,19,0,0
BRDA:162,19,1,0
BRDA:162,20,0,0
BRDA:162,20,1,0
BRDA:162,20,2,0
BRDA:162,20,3,0
BRDA:180,21,0,0
BRDA:181,22,0,0
BRDA:183,23,0,0
BRDA:183,23,1,0
BRDA:183,23,2,0
BRDA:184,24,0,0
BRDA:184,24,1,0
BRDA:190,25,0,0
BRDA:190,25,1,0
BRDA:190,25,2,0
BRDA:191,26,0,0
BRDA:191,26,1,0
BRDA:191,26,2,0
BRDA:192,27,0,0
BRDA:192,27,1,0
BRDA:192,27,2,0
BRDA:199,28,0,0
BRDA:199,28,1,0
BRDA:208,29,0,0
BRDA:208,29,1,0
BRDA:211,30,0,0
BRDA:211,30,1,0
BRDA:214,31,0,0
BRDA:214,31,1,0
BRDA:215,32,0,0
BRDA:215,32,1,0
BRDA:215,32,2,0
BRDA:216,33,0,0
BRDA:216,33,1,0
BRDA:227,34,0,0
BRDA:227,34,1,0
BRDA:238,35,0,0
BRDA:238,35,1,0
BRDA:245,36,0,0
BRDA:245,36,1,0
BRDA:246,37,0,0
BRDA:246,37,1,0
BRDA:247,38,0,0
BRDA:247,38,1,0
BRDA:248,39,0,0
BRDA:248,39,1,0
BRDA:249,40,0,0
BRDA:249,40,1,0
BRDA:250,41,0,0
BRDA:250,41,1,0
BRDA:253,42,0,0
BRDA:253,42,1,0
BRDA:254,43,0,0
BRDA:254,43,1,0
BRDA:255,44,0,0
BRDA:255,44,1,0
BRDA:256,45,0,0
BRDA:256,45,1,0
BRDA:257,46,0,0
BRDA:257,46,1,0
BRDA:274,47,0,0
BRDA:274,47,1,0
BRDA:280,48,0,0
BRDA:283,49,0,0
BRDA:284,50,0,0
BRDA:285,51,0,0
BRDA:286,52,0,0
BRDA:319,53,0,0
BRDA:319,53,1,0
BRDA:320,54,0,0
BRDA:320,54,1,0
BRDA:321,55,0,0
BRDA:321,55,1,0
BRDA:328,56,0,0
BRDA:328,56,1,0
BRDA:331,57,0,0
BRDA:331,57,1,0
BRDA:332,58,0,0
BRDA:332,58,1,0
BRDA:335,59,0,0
BRDA:335,59,1,0
BRDA:345,60,0,0
BRDA:345,60,1,0
BRDA:348,61,0,0
BRDA:348,61,1,0
BRDA:348,62,0,0
BRDA:348,62,1,0
BRDA:355,63,0,0
BRDA:355,63,1,0
BRDA:355,64,0,0
BRDA:355,64,1,0
BRDA:359,65,0,0
BRDA:359,65,1,0
BRDA:368,66,0,0
BRDA:368,66,1,0
BRDA:392,67,0,0
BRDA:398,68,0,0
BRDA:398,68,1,0
BRDA:407,69,0,0
BRDA:407,69,1,0
BRDA:415,70,0,0
BRDA:415,70,1,0
BRDA:415,71,0,0
BRDA:415,71,1,0
BRDA:417,72,0,0
BRDA:417,72,1,0
BRDA:417,73,0,0
BRDA:417,73,1,0
BRDA:419,74,0,0
BRDA:419,74,1,0
BRDA:421,75,0,0
BRDA:421,75,1,0
BRDA:423,76,0,0
BRDA:423,76,1,0
BRDA:425,77,0,0
BRDA:425,77,1,0
BRDA:427,78,0,0
BRDA:427,78,1,0
BRF:147
BRH:0
end_of_record
TN:
SF:cli/commands/catalog-import.js
FN:20,importCatalog
FN:65,(anonymous_1)
FN:105,(anonymous_2)
FN:134,loadSnapshot
FN:160,prepareWorkspace
FN:192,checkConflicts
FN:222,importArtifacts
FN:297,importRelationships
FN:328,catalogimportCommand
FNF:9
FNH:0
FNDA:0,importCatalog
FNDA:0,(anonymous_1)
FNDA:0,(anonymous_2)
FNDA:0,loadSnapshot
FNDA:0,prepareWorkspace
FNDA:0,checkConflicts
FNDA:0,importArtifacts
FNDA:0,importRelationships
FNDA:0,catalogimportCommand
DA:21,0
DA:23,0
DA:31,0
DA:33,0
DA:34,0
DA:37,0
DA:38,0
DA:39,0
DA:40,0
DA:41,0
DA:42,0
DA:46,0
DA:47,0
DA:48,0
DA:49,0
DA:52,0
DA:53,0
DA:54,0
DA:55,0
DA:59,0
DA:62,0
DA:63,0
DA:64,0
DA:65,0
DA:66,0
DA:68,0
DA:69,0
DA:72,0
DA:73,0
DA:74,0
DA:83,0
DA:89,0
DA:90,0
DA:93,0
DA:96,0
DA:97,0
DA:98,0
DA:99,0
DA:100,0
DA:101,0
DA:103,0
DA:104,0
DA:105,0
DA:106,0
DA:110,0
DA:119,0
DA:120,0
DA:122,0
DA:123,0
DA:124,0
DA:127,0
DA:135,0
DA:136,0
DA:137,0
DA:140,0
DA:141,0
DA:144,0
DA:145,0
DA:148,0
DA:150,0
DA:151,0
DA:153,0
DA:161,0
DA:163,0
DA:171,0
DA:172,0
DA:174,0
DA:175,0
DA:176,0
DA:177,0
DA:180,0
DA:181,0
DA:186,0
DA:193,0
DA:194,0
DA:196,0
DA:198,0
DA:200,0
DA:201,0
DA:202,0
DA:208,0
DA:209,0
DA:216,0
DA:223,0
DA:225,0
DA:232,0
DA:233,0
DA:235,0
DA:238,0
DA:239,0
DA:240,0
DA:241,0
DA:242,0
DA:243,0
DA:250,0
DA:251,0
DA:252,0
DA:253,0
DA:255,0
DA:256,0
DA:260,0
DA:272,0
DA:273,0
DA:274,0
DA:276,0
DA:277,0
DA:282,0
DA:283,0
DA:285,0
DA:286,0
DA:291,0
DA:298,0
DA:300,0
DA:302,0
DA:304,0
DA:311,0
DA:313,0
DA:314,0
DA:318,0
DA:319,0
DA:321,0
DA:329,0
DA:330,0
DA:332,0
DA:334,0
DA:335,0
DA:338,0
DA:343,0
DA:344,0
DA:345,0
DA:348,0
DA:349,0
DA:351,0
DA:352,0
DA:353,0
DA:354,0
DA:355,0
DA:356,0
DA:357,0
DA:358,0
DA:359,0
DA:360,0
DA:361,0
DA:362,0
DA:363,0
DA:364,0
DA:384,0
DA:388,0
LF:148
LH:0
BRDA:20,0,0,0
BRDA:26,1,0,0
BRDA:27,2,0,0
BRDA:28,3,0,0
BRDA:29,4,0,0
BRDA:30,5,0,0
BRDA:33,6,0,0
BRDA:33,6,1,0
BRDA:37,7,0,0
BRDA:37,7,1,0
BRDA:48,8,0,0
BRDA:48,8,1,0
BRDA:52,9,0,0
BRDA:52,9,1,0
BRDA:63,10,0,0
BRDA:63,10,1,0
BRDA:63,11,0,0
BRDA:63,11,1,0
BRDA:72,12,0,0
BRDA:72,12,1,0
BRDA:89,13,0,0
BRDA:89,13,1,0
BRDA:103,14,0,0
BRDA:103,14,1,0
BRDA:103,15,0,0
BRDA:103,15,1,0
BRDA:122,16,0,0
BRDA:122,16,1,0
BRDA:140,17,0,0
BRDA:140,17,1,0
BRDA:140,18,0,0
BRDA:140,18,1,0
BRDA:144,19,0,0
BRDA:144,19,1,0
BRDA:150,20,0,0
BRDA:150,20,1,0
BRDA:160,21,0,0
BRDA:161,22,0,0
BRDA:161,23,0,0
BRDA:172,24,0,0
BRDA:172,24,1,0
BRDA:176,25,0,0
BRDA:176,25,1,0
BRDA:180,26,0,0
BRDA:180,26,1,0
BRDA:192,27,0,0
BRDA:193,28,0,0
BRDA:208,29,0,0
BRDA:208,29,1,0
BRDA:222,30,0,0
BRDA:223,31,0,0
BRDA:223,32,0,0
BRDA:238,33,0,0
BRDA:238,33,1,0
BRDA:250,34,0,0
BRDA:250,34,1,0
BRDA:255,35,0,0
BRDA:255,35,1,0
BRDA:265,36,0,0
BRDA:265,36,1,0
BRDA:266,37,0,0
BRDA:266,37,1,0
BRDA:276,38,0,0
BRDA:276,38,1,0
BRDA:285,39,0,0
BRDA:285,39,1,0
BRDA:297,40,0,0
BRDA:298,41,0,0
BRDA:313,42,0,0
BRDA:313,42,1,0
BRDA:318,43,0,0
BRDA:318,43,1,0
BRDA:328,44,0,0
BRDA:334,45,0,0
BRDA:334,45,1,0
BRDA:343,46,0,0
BRDA:343,46,1,0
BRDA:351,47,0,0
BRDA:351,47,1,0
BRDA:351,48,0,0
BRDA:351,48,1,0
BRDA:353,49,0,0
BRDA:353,49,1,0
BRDA:353,50,0,0
BRDA:353,50,1,0
BRDA:355,51,0,0
BRDA:355,51,1,0
BRDA:357,52,0,0
BRDA:357,52,1,0
BRDA:359,53,0,0
BRDA:359,53,1,0
BRDA:361,54,0,0
BRDA:361,54,1,0
BRDA:363,55,0,0
BRDA:363,55,1,0
BRF:95
BRH:0
end_of_record
TN:
SF:cli/commands/perf-status.js
FN:21,(anonymous_0)
FN:44,(anonymous_1)
FN:62,(anonymous_2)
FN:78,(anonymous_3)
FN:81,(anonymous_4)
FN:89,(anonymous_5)
FN:97,(anonymous_6)
FN:101,(anonymous_7)
FN:132,loadPerformanceData
FN:148,(anonymous_9)
FN:186,findPerformanceLogs
FN:216,parseLogEntry
FN:244,generateMockData
FN:261,displayStatus
FN:326,generateCorrelationId
FN:333,perfStatusCommand
FN:334,(anonymous_16)
FNF:17
FNH:0
FNDA:0,(anonymous_0)
FNDA:0,(anonymous_1)
FNDA:0,(anonymous_2)
FNDA:0,(anonymous_3)
FNDA:0,(anonymous_4)
FNDA:0,(anonymous_5)
FNDA:0,(anonymous_6)
FNDA:0,(anonymous_7)
FNDA:0,loadPerformanceData
FNDA:0,(anonymous_9)
FNDA:0,findPerformanceLogs
FNDA:0,parseLogEntry
FNDA:0,generateMockData
FNDA:0,displayStatus
FNDA:0,generateCorrelationId
FNDA:0,perfStatusCommand
FNDA:0,(anonymous_16)
DA:22,0
DA:45,0
DA:46,0
DA:48,0
DA:49,0
DA:51,0
DA:54,0
DA:55,0
DA:63,0
DA:64,0
DA:66,0
DA:67,0
DA:70,0
DA:71,0
DA:79,0
DA:81,0
DA:82,0
DA:83,0
DA:90,0
DA:91,0
DA:93,0
DA:94,0
DA:96,0
DA:97,0
DA:100,0
DA:101,0
DA:104,0
DA:133,0
DA:135,0
DA:137,0
DA:139,0
DA:140,0
DA:143,0
DA:145,0
DA:146,0
DA:147,0
DA:148,0
DA:150,0
DA:151,0
DA:152,0
DA:153,0
DA:159,0
DA:160,0
DA:169,0
DA:170,0
DA:174,0
DA:175,0
DA:177,0
DA:180,0
DA:187,0
DA:189,0
DA:190,0
DA:192,0
DA:193,0
DA:195,0
DA:196,0
DA:197,0
DA:198,0
DA:203,0
DA:210,0
DA:217,0
DA:219,0
DA:220,0
DA:222,0
DA:223,0
DA:224,0
DA:230,0
DA:231,0
DA:246,0
DA:247,0
DA:248,0
DA:252,0
DA:253,0
DA:254,0
DA:262,0
DA:264,0
DA:265,0
DA:268,0
DA:269,0
DA:270,0
DA:271,0
DA:272,0
DA:273,0
DA:275,0
DA:276,0
DA:278,0
DA:281,0
DA:282,0
DA:285,0
DA:288,0
DA:289,0
DA:290,0
DA:291,0
DA:292,0
DA:293,0
DA:295,0
DA:296,0
DA:298,0
DA:301,0
DA:302,0
DA:305,0
DA:308,0
DA:309,0
DA:310,0
DA:312,0
DA:313,0
DA:314,0
DA:315,0
DA:316,0
DA:317,0
DA:320,0
DA:327,0
DA:334,0
DA:335,0
DA:336,0
DA:338,0
DA:343,0
DA:345,0
DA:346,0
DA:347,0
DA:348,0
DA:352,0
DA:355,0
DA:358,0
DA:359,0
DA:362,0
DA:363,0
DA:365,0
DA:367,0
DA:368,0
DA:369,0
DA:373,0
DA:375,0
DA:376,0
DA:379,0
DA:387,0
DA:388,0
DA:390,0
DA:391,0
DA:392,0
DA:393,0
DA:396,0
DA:402,0
DA:403,0
DA:404,0
DA:407,0
DA:408,0
DA:410,0
DA:411,0
DA:412,0
DA:413,0
DA:414,0
DA:415,0
DA:416,0
DA:417,0
DA:437,0
DA:441,0
LF:157
LH:0
BRDA:44,0,0,0
BRDA:44,1,0,0
BRDA:48,2,0,0
BRDA:48,2,1,0
BRDA:54,3,0,0
BRDA:54,3,1,0
BRDA:62,4,0,0
BRDA:62,5,0,0
BRDA:66,6,0,0
BRDA:66,6,1,0
BRDA:70,7,0,0
BRDA:70,7,1,0
BRDA:79,8,0,0
BRDA:79,8,1,0
BRDA:96,9,0,0
BRDA:96,9,1,0
BRDA:100,10,0,0
BRDA:100,10,1,0
BRDA:132,11,0,0
BRDA:159,12,0,0
BRDA:159,12,1,0
BRDA:169,13,0,0
BRDA:169,13,1,0
BRDA:174,14,0,0
BRDA:174,14,1,0
BRDA:195,15,0,0
BRDA:195,15,1,0
BRDA:198,16,0,0
BRDA:198,16,1,0
BRDA:198,17,0,0
BRDA:198,17,1,0
BRDA:198,17,2,0
BRDA:198,17,3,0
BRDA:217,18,0,0
BRDA:217,18,1,0
BRDA:217,19,0,0
BRDA:217,19,1,0
BRDA:220,20,0,0
BRDA:220,20,1,0
BRDA:222,21,0,0
BRDA:222,21,1,0
BRDA:222,22,0,0
BRDA:222,22,1,0
BRDA:223,23,0,0
BRDA:223,23,1,0
BRDA:223,24,0,0
BRDA:223,24,1,0
BRDA:227,25,0,0
BRDA:227,25,1,0
BRDA:228,26,0,0
BRDA:228,26,1,0
BRDA:230,27,0,0
BRDA:230,27,1,0
BRDA:230,28,0,0
BRDA:230,28,1,0
BRDA:234,29,0,0
BRDA:234,29,1,0
BRDA:235,30,0,0
BRDA:235,30,1,0
BRDA:261,31,0,0
BRDA:262,32,0,0
BRDA:275,33,0,0
BRDA:275,33,1,0
BRDA:281,34,0,0
BRDA:281,34,1,0
BRDA:295,35,0,0
BRDA:295,35,1,0
BRDA:301,36,0,0
BRDA:301,36,1,0
BRDA:312,37,0,0
BRDA:312,37,1,0
BRDA:333,38,0,0
BRDA:340,39,0,0
BRDA:341,40,0,0
BRDA:342,41,0,0
BRDA:345,42,0,0
BRDA:345,42,1,0
BRDA:362,43,0,0
BRDA:362,43,1,0
BRDA:367,44,0,0
BRDA:367,44,1,0
BRDA:375,45,0,0
BRDA:375,45,1,0
BRDA:390,46,0,0
BRDA:390,46,1,0
BRDA:402,47,0,0
BRDA:402,47,1,0
BRDA:410,48,0,0
BRDA:410,48,1,0
BRDA:410,49,0,0
BRDA:410,49,1,0
BRDA:412,50,0,0
BRDA:412,50,1,0
BRDA:414,51,0,0
BRDA:414,51,1,0
BRDA:414,52,0,0
BRDA:414,52,1,0
BRDA:416,53,0,0
BRDA:416,53,1,0
BRF:99
BRH:0
end_of_record
TN:
SF:cli/commands/protocol-diff.js
FN:20,protocolDiffCommand
FN:81,(anonymous_1)
FN:145,loadManifest
FN:169,checkMigrationFile
FN:207,generateOutput
FN:229,generateSummaryOutput
FN:253,(anonymous_6)
FN:266,(anonymous_7)
FN:278,generateDetailedOutput
FN:297,(anonymous_9)
FN:318,generateGitHubOutput
FN:342,(anonymous_11)
FNF:12
FNH:0
FNDA:0,protocolDiffCommand
FNDA:0,(anonymous_1)
FNDA:0,loadManifest
FNDA:0,checkMigrationFile
FNDA:0,generateOutput
FNDA:0,generateSummaryOutput
FNDA:0,(anonymous_6)
FNDA:0,(anonymous_7)
FNDA:0,generateDetailedOutput
FNDA:0,(anonymous_9)
FNDA:0,generateGitHubOutput
FNDA:0,(anonymous_11)
DA:21,0
DA:23,0
DA:32,0
DA:34,0
DA:35,0
DA:38,0
DA:39,0
DA:40,0
DA:41,0
DA:42,0
DA:43,0
DA:47,0
DA:48,0
DA:51,0
DA:58,0
DA:61,0
DA:62,0
DA:64,0
DA:65,0
DA:66,0
DA:67,0
DA:68,0
DA:69,0
DA:73,0
DA:74,0
DA:76,0
DA:77,0
DA:78,0
DA:81,0
DA:82,0
DA:83,0
DA:86,0
DA:87,0
DA:88,0
DA:89,0
DA:91,0
DA:96,0
DA:98,0
DA:99,0
DA:100,0
DA:102,0
DA:105,0
DA:108,0
DA:109,0
DA:110,0
DA:111,0
DA:114,0
DA:117,0
DA:118,0
DA:121,0
DA:130,0
DA:131,0
DA:133,0
DA:134,0
DA:135,0
DA:138,0
DA:146,0
DA:147,0
DA:150,0
DA:151,0
DA:154,0
DA:157,0
DA:159,0
DA:162,0
DA:170,0
DA:171,0
DA:172,0
DA:173,0
DA:175,0
DA:180,0
DA:181,0
DA:183,0
DA:185,0
DA:191,0
DA:192,0
DA:193,0
DA:194,0
DA:201,0
DA:208,0
DA:210,0
DA:213,0
DA:216,0
DA:219,0
DA:222,0
DA:230,0
DA:232,0
DA:233,0
DA:234,0
DA:235,0
DA:238,0
DA:240,0
DA:241,0
DA:243,0
DA:246,0
DA:247,0
DA:248,0
DA:251,0
DA:252,0
DA:253,0
DA:254,0
DA:255,0
DA:256,0
DA:257,0
DA:258,0
DA:264,0
DA:265,0
DA:266,0
DA:267,0
DA:268,0
DA:272,0
DA:279,0
DA:281,0
DA:282,0
DA:283,0
DA:284,0
DA:287,0
DA:294,0
DA:295,0
DA:296,0
DA:297,0
DA:298,0
DA:299,0
DA:300,0
DA:301,0
DA:302,0
DA:304,0
DA:305,0
DA:307,0
DA:312,0
DA:319,0
DA:321,0
DA:324,0
DA:325,0
DA:326,0
DA:328,0
DA:332,0
DA:333,0
DA:334,0
DA:335,0
DA:336,0
DA:337,0
DA:338,0
DA:340,0
DA:341,0
DA:342,0
DA:343,0
DA:344,0
DA:345,0
DA:349,0
DA:353,0
DA:354,0
DA:355,0
DA:358,0
DA:359,0
DA:361,0
DA:362,0
DA:363,0
DA:364,0
DA:365,0
DA:366,0
DA:367,0
DA:368,0
DA:369,0
DA:370,0
DA:371,0
DA:372,0
DA:373,0
DA:374,0
DA:375,0
DA:376,0
DA:397,0
DA:401,0
LF:172
LH:0
BRDA:20,0,0,0
BRDA:27,1,0,0
BRDA:28,2,0,0
BRDA:29,3,0,0
BRDA:30,4,0,0
BRDA:31,5,0,0
BRDA:34,6,0,0
BRDA:34,6,1,0
BRDA:34,7,0,0
BRDA:34,7,1,0
BRDA:38,8,0,0
BRDA:38,8,1,0
BRDA:43,9,0,0
BRDA:43,9,1,0
BRDA:64,10,0,0
BRDA:64,10,1,0
BRDA:73,11,0,0
BRDA:73,11,1,0
BRDA:73,12,0,0
BRDA:73,12,1,0
BRDA:76,13,0,0
BRDA:76,13,1,0
BRDA:98,14,0,0
BRDA:98,14,1,0
BRDA:108,15,0,0
BRDA:108,15,1,0
BRDA:110,16,0,0
BRDA:110,16,1,0
BRDA:110,17,0,0
BRDA:110,17,1,0
BRDA:117,18,0,0
BRDA:117,18,1,0
BRDA:133,19,0,0
BRDA:133,19,1,0
BRDA:154,20,0,0
BRDA:154,20,1,0
BRDA:154,21,0,0
BRDA:154,21,1,0
BRDA:170,22,0,0
BRDA:170,22,1,0
BRDA:183,23,0,0
BRDA:183,23,1,0
BRDA:208,24,0,0
BRDA:208,24,1,0
BRDA:208,24,2,0
BRDA:208,24,3,0
BRDA:208,24,4,0
BRDA:233,25,0,0
BRDA:233,25,1,0
BRDA:234,26,0,0
BRDA:234,26,1,0
BRDA:240,27,0,0
BRDA:240,27,1,0
BRDA:251,28,0,0
BRDA:251,28,1,0
BRDA:256,29,0,0
BRDA:256,29,1,0
BRDA:264,30,0,0
BRDA:264,30,1,0
BRDA:264,31,0,0
BRDA:264,31,1,0
BRDA:282,32,0,0
BRDA:282,32,1,0
BRDA:283,33,0,0
BRDA:283,33,1,0
BRDA:295,34,0,0
BRDA:295,34,1,0
BRDA:301,35,0,0
BRDA:301,35,1,0
BRDA:304,36,0,0
BRDA:304,36,1,0
BRDA:324,37,0,0
BRDA:324,37,1,0
BRDA:333,38,0,0
BRDA:333,38,1,0
BRDA:334,39,0,0
BRDA:334,39,1,0
BRDA:340,40,0,0
BRDA:340,40,1,0
BRDA:353,41,0,0
BRDA:353,41,1,0
BRDA:361,42,0,0
BRDA:361,42,1,0
BRDA:361,43,0,0
BRDA:361,43,1,0
BRDA:363,44,0,0
BRDA:363,44,1,0
BRDA:363,45,0,0
BRDA:363,45,1,0
BRDA:365,46,0,0
BRDA:365,46,1,0
BRDA:367,47,0,0
BRDA:367,47,1,0
BRDA:367,48,0,0
BRDA:367,48,1,0
BRDA:369,49,0,0
BRDA:369,49,1,0
BRDA:369,50,0,0
BRDA:369,50,1,0
BRDA:371,51,0,0
BRDA:371,51,1,0
BRDA:371,52,0,0
BRDA:371,52,1,0
BRDA:373,53,0,0
BRDA:373,53,1,0
BRDA:375,54,0,0
BRDA:375,54,1,0
BRF:107
BRH:0
end_of_record
TN:
SF:cli/commands/protocol-wizard.js
FN:17,(anonymous_0)
FN:26,(anonymous_1)
FN:48,(anonymous_2)
FN:52,(anonymous_3)
FN:67,(anonymous_4)
FN:83,(anonymous_5)
FN:105,(anonymous_6)
FN:119,(anonymous_7)
FN:124,(anonymous_8)
FN:130,(anonymous_9)
FN:136,(anonymous_10)
FN:155,(anonymous_11)
FN:172,(anonymous_12)
FN:173,(anonymous_13)
FN:175,(anonymous_14)
FNF:15
FNH:0
FNDA:0,(anonymous_0)
FNDA:0,(anonymous_1)
FNDA:0,(anonymous_2)
FNDA:0,(anonymous_3)
FNDA:0,(anonymous_4)
FNDA:0,(anonymous_5)
FNDA:0,(anonymous_6)
FNDA:0,(anonymous_7)
FNDA:0,(anonymous_8)
FNDA:0,(anonymous_9)
FNDA:0,(anonymous_10)
FNDA:0,(anonymous_11)
FNDA:0,(anonymous_12)
FNDA:0,(anonymous_13)
FNDA:0,(anonymous_14)
DA:13,0
DA:14,0
DA:18,0
DA:22,0
DA:23,0
DA:27,0
DA:28,0
DA:30,0
DA:31,0
DA:32,0
DA:33,0
DA:34,0
DA:35,0
DA:37,0
DA:38,0
DA:41,0
DA:42,0
DA:44,0
DA:49,0
DA:51,0
DA:52,0
DA:53,0
DA:56,0
DA:57,0
DA:59,0
DA:60,0
DA:63,0
DA:64,0
DA:68,0
DA:69,0
DA:72,0
DA:74,0
DA:75,0
DA:76,0
DA:77,0
DA:80,0
DA:84,0
DA:85,0
DA:87,0
DA:89,0
DA:91,0
DA:92,0
DA:94,0
DA:95,0
DA:97,0
DA:98,0
DA:100,0
DA:101,0
DA:106,0
DA:107,0
DA:109,0
DA:110,0
DA:112,0
DA:113,0
DA:114,0
DA:115,0
DA:120,0
DA:121,0
DA:125,0
DA:126,0
DA:127,0
DA:131,0
DA:132,0
DA:133,0
DA:137,0
DA:139,0
DA:140,0
DA:143,0
DA:144,0
DA:145,0
DA:148,0
DA:149,0
DA:151,0
DA:152,0
DA:156,0
DA:158,0
DA:160,0
DA:161,0
DA:162,0
DA:163,0
DA:165,0
DA:168,0
DA:173,0
DA:174,0
DA:175,0
DA:176,0
DA:183,0
DA:184,0
DA:185,0
LF:89
LH:0
BRDA:59,0,0,0
BRDA:59,0,1,0
BRDA:59,1,0,0
BRDA:59,1,1,0
BRDA:89,2,0,0
BRDA:89,2,1,0
BRDA:89,2,2,0
BRDA:89,2,3,0
BRDA:112,3,0,0
BRDA:112,3,1,0
BRDA:144,4,0,0
BRDA:144,4,1,0
BRDA:161,5,0,0
BRDA:161,5,1,0
BRDA:172,6,0,0
BRDA:174,7,0,0
BRDA:174,7,1,0
BRDA:176,8,0,0
BRDA:176,8,1,0
BRDA:183,9,0,0
BRDA:183,9,1,0
BRF:21
BRH:0
end_of_record
TN:
SF:cli/commands/security-scan.js
FN:18,securityScanCommand
FN:67,(anonymous_1)
FN:135,loadSecurityPolicies
FN:186,scanTarget
FN:230,getFilesToScan
FN:266,isRelevantFile
FN:285,(anonymous_6)
FN:293,(anonymous_7)
FN:299,scanForSecrets
FN:326,scanForLicenseViolations
FN:372,scanForVulnerabilities
FN:415,groupViolationsByType
FN:431,generateOutput
FN:453,generateSummaryOutput
FN:474,(anonymous_14)
FN:490,generateDetailedOutput
FN:503,(anonymous_16)
FN:514,(anonymous_17)
FN:532,generateGitHubOutput
FN:556,(anonymous_19)
FNF:20
FNH:0
FNDA:0,securityScanCommand
FNDA:0,(anonymous_1)
FNDA:0,loadSecurityPolicies
FNDA:0,scanTarget
FNDA:0,getFilesToScan
FNDA:0,isRelevantFile
FNDA:0,(anonymous_6)
FNDA:0,(anonymous_7)
FNDA:0,scanForSecrets
FNDA:0,scanForLicenseViolations
FNDA:0,scanForVulnerabilities
FNDA:0,groupViolationsByType
FNDA:0,generateOutput
FNDA:0,generateSummaryOutput
FNDA:0,(anonymous_14)
FNDA:0,generateDetailedOutput
FNDA:0,(anonymous_16)
FNDA:0,(anonymous_17)
FNDA:0,generateGitHubOutput
FNDA:0,(anonymous_19)
DA:19,0
DA:21,0
DA:29,0
DA:31,0
DA:32,0
DA:33,0
DA:34,0
DA:35,0
DA:39,0
DA:42,0
DA:45,0
DA:46,0
DA:48,0
DA:49,0
DA:50,0
DA:51,0
DA:52,0
DA:53,0
DA:54,0
DA:58,0
DA:59,0
DA:60,0
DA:63,0
DA:65,0
DA:66,0
DA:67,0
DA:68,0
DA:69,0
DA:70,0
DA:71,0
DA:72,0
DA:77,0
DA:78,0
DA:79,0
DA:80,0
DA:82,0
DA:86,0
DA:88,0
DA:89,0
DA:90,0
DA:92,0
DA:95,0
DA:98,0
DA:99,0
DA:100,0
DA:101,0
DA:104,0
DA:107,0
DA:108,0
DA:111,0
DA:120,0
DA:121,0
DA:123,0
DA:124,0
DA:125,0
DA:128,0
DA:136,0
DA:173,0
DA:174,0
DA:175,0
DA:176,0
DA:179,0
DA:187,0
DA:195,0
DA:197,0
DA:198,0
DA:199,0
DA:200,0
DA:203,0
DA:204,0
DA:205,0
DA:208,0
DA:209,0
DA:210,0
DA:213,0
DA:214,0
DA:215,0
DA:218,0
DA:219,0
DA:224,0
DA:231,0
DA:233,0
DA:234,0
DA:236,0
DA:237,0
DA:238,0
DA:239,0
DA:241,0
DA:242,0
DA:244,0
DA:246,0
DA:247,0
DA:248,0
DA:250,0
DA:251,0
DA:257,0
DA:260,0
DA:267,0
DA:268,0
DA:271,0
DA:285,0
DA:286,0
DA:289,0
DA:290,0
DA:292,0
DA:293,0
DA:300,0
DA:301,0
DA:303,0
DA:304,0
DA:306,0
DA:307,0
DA:308,0
DA:320,0
DA:327,0
DA:328,0
DA:331,0
DA:334,0
DA:337,0
DA:338,0
DA:341,0
DA:348,0
DA:352,0
DA:353,0
DA:354,0
DA:366,0
DA:373,0
DA:374,0
DA:377,0
DA:378,0
DA:381,0
DA:382,0
DA:385,0
DA:392,0
DA:395,0
DA:396,0
DA:397,0
DA:409,0
DA:416,0
DA:418,0
DA:419,0
DA:420,0
DA:422,0
DA:425,0
DA:432,0
DA:434,0
DA:437,0
DA:440,0
DA:443,0
DA:446,0
DA:454,0
DA:456,0
DA:457,0
DA:458,0
DA:460,0
DA:461,0
DA:462,0
DA:466,0
DA:468,0
DA:469,0
DA:473,0
DA:474,0
DA:475,0
DA:476,0
DA:477,0
DA:478,0
DA:479,0
DA:484,0
DA:491,0
DA:493,0
DA:494,0
DA:495,0
DA:497,0
DA:498,0
DA:499,0
DA:503,0
DA:504,0
DA:505,0
DA:507,0
DA:508,0
DA:511,0
DA:514,0
DA:515,0
DA:519,0
DA:520,0
DA:521,0
DA:522,0
DA:523,0
DA:526,0
DA:533,0
DA:535,0
DA:538,0
DA:539,0
DA:540,0
DA:542,0
DA:546,0
DA:547,0
DA:548,0
DA:550,0
DA:552,0
DA:554,0
DA:555,0
DA:556,0
DA:557,0
DA:558,0
DA:559,0
DA:560,0
DA:564,0
DA:565,0
DA:568,0
DA:572,0
DA:573,0
DA:574,0
DA:577,0
DA:578,0
DA:580,0
DA:581,0
DA:582,0
DA:583,0
DA:584,0
DA:585,0
DA:586,0
DA:587,0
DA:588,0
DA:589,0
DA:590,0
DA:591,0
DA:592,0
DA:593,0
DA:613,0
DA:617,0
LF:231
LH:0
BRDA:18,0,0,0
BRDA:23,1,0,0
BRDA:24,2,0,0
BRDA:25,3,0,0
BRDA:26,4,0,0
BRDA:27,5,0,0
BRDA:28,6,0,0
BRDA:31,7,0,0
BRDA:31,7,1,0
BRDA:48,8,0,0
BRDA:48,8,1,0
BRDA:58,9,0,0
BRDA:58,9,1,0
BRDA:58,10,0,0
BRDA:58,10,1,0
BRDA:70,11,0,0
BRDA:70,11,1,0
BRDA:71,12,0,0
BRDA:71,12,1,0
BRDA:88,13,0,0
BRDA:88,13,1,0
BRDA:98,14,0,0
BRDA:98,14,1,0
BRDA:100,15,0,0
BRDA:100,15,1,0
BRDA:107,16,0,0
BRDA:107,16,1,0
BRDA:123,17,0,0
BRDA:123,17,1,0
BRDA:218,18,0,0
BRDA:218,18,1,0
BRDA:236,19,0,0
BRDA:236,19,1,0
BRDA:238,20,0,0
BRDA:238,20,1,0
BRDA:244,21,0,0
BRDA:244,21,1,0
BRDA:248,22,0,0
BRDA:248,22,1,0
BRDA:250,23,0,0
BRDA:250,23,1,0
BRDA:285,24,0,0
BRDA:285,24,1,0
BRDA:292,25,0,0
BRDA:292,25,1,0
BRDA:307,26,0,0
BRDA:307,26,1,0
BRDA:331,27,0,0
BRDA:331,27,1,0
BRDA:331,28,0,0
BRDA:331,28,1,0
BRDA:331,28,2,0
BRDA:341,29,0,0
BRDA:341,29,1,0
BRDA:341,30,0,0
BRDA:341,30,1,0
BRDA:341,30,2,0
BRDA:341,30,3,0
BRDA:341,30,4,0
BRDA:341,30,5,0
BRDA:341,30,6,0
BRDA:353,31,0,0
BRDA:353,31,1,0
BRDA:377,32,0,0
BRDA:377,32,1,0
BRDA:377,33,0,0
BRDA:377,33,1,0
BRDA:385,34,0,0
BRDA:385,34,1,0
BRDA:385,35,0,0
BRDA:385,35,1,0
BRDA:385,35,2,0
BRDA:385,35,3,0
BRDA:385,35,4,0
BRDA:385,35,5,0
BRDA:385,35,6,0
BRDA:396,36,0,0
BRDA:396,36,1,0
BRDA:419,37,0,0
BRDA:419,37,1,0
BRDA:432,38,0,0
BRDA:432,38,1,0
BRDA:432,38,2,0
BRDA:432,38,3,0
BRDA:432,38,4,0
BRDA:460,39,0,0
BRDA:460,39,1,0
BRDA:469,40,0,0
BRDA:469,40,1,0
BRDA:470,41,0,0
BRDA:470,41,1,0
BRDA:478,42,0,0
BRDA:478,42,1,0
BRDA:497,43,0,0
BRDA:497,43,1,0
BRDA:507,44,0,0
BRDA:507,44,1,0
BRDA:515,45,0,0
BRDA:515,45,1,0
BRDA:516,46,0,0
BRDA:516,46,1,0
BRDA:538,47,0,0
BRDA:538,47,1,0
BRDA:550,48,0,0
BRDA:550,48,1,0
BRDA:572,49,0,0
BRDA:572,49,1,0
BRDA:580,50,0,0
BRDA:580,50,1,0
BRDA:580,51,0,0
BRDA:580,51,1,0
BRDA:582,52,0,0
BRDA:582,52,1,0
BRDA:584,53,0,0
BRDA:584,53,1,0
BRDA:584,54,0,0
BRDA:584,54,1,0
BRDA:586,55,0,0
BRDA:586,55,1,0
BRDA:586,56,0,0
BRDA:586,56,1,0
BRDA:588,57,0,0
BRDA:588,57,1,0
BRDA:588,58,0,0
BRDA:588,58,1,0
BRDA:590,59,0,0
BRDA:590,59,1,0
BRDA:592,60,0,0
BRDA:592,60,1,0
BRF:129
BRH:0
end_of_record
TN:
SF:cli/commands/utils/snapshot-validator.js
FN:15,validateSnapshotSchema
FN:105,validateArtifact
FN:169,validateMetadata
FN:204,validateRelationships
FN:272,validateStatistics
FN:316,validateSnapshotFile
FN:334,formatValidationResults
FN:345,(anonymous_7)
FN:352,(anonymous_8)
FNF:9
FNH:0
FNDA:0,validateSnapshotSchema
FNDA:0,validateArtifact
FNDA:0,validateMetadata
FNDA:0,validateRelationships
FNDA:0,validateStatistics
FNDA:0,validateSnapshotFile
FNDA:0,formatValidationResults
FNDA:0,(anonymous_7)
FNDA:0,(anonymous_8)
DA:16,0
DA:17,0
DA:19,0
DA:21,0
DA:22,0
DA:23,0
DA:26,0
DA:27,0
DA:28,0
DA:29,0
DA:34,0
DA:35,0
DA:39,0
DA:40,0
DA:44,0
DA:45,0
DA:46,0
DA:47,0
DA:52,0
DA:53,0
DA:54,0
DA:56,0
DA:57,0
DA:62,0
DA:63,0
DA:64,0
DA:65,0
DA:69,0
DA:70,0
DA:71,0
DA:76,0
DA:77,0
DA:78,0
DA:82,0
DA:83,0
DA:84,0
DA:87,0
DA:94,0
DA:106,0
DA:109,0
DA:110,0
DA:114,0
DA:115,0
DA:116,0
DA:117,0
DA:122,0
DA:123,0
DA:127,0
DA:135,0
DA:136,0
DA:140,0
DA:141,0
DA:145,0
DA:146,0
DA:147,0
DA:149,0
DA:150,0
DA:151,0
DA:158,0
DA:159,0
DA:160,0
DA:163,0
DA:170,0
DA:173,0
DA:174,0
DA:175,0
DA:176,0
DA:180,0
DA:181,0
DA:186,0
DA:187,0
DA:188,0
DA:190,0
DA:191,0
DA:192,0
DA:198,0
DA:205,0
DA:207,0
DA:208,0
DA:209,0
DA:213,0
DA:214,0
DA:215,0
DA:216,0
DA:218,0
DA:219,0
DA:221,0
DA:222,0
DA:223,0
DA:231,0
DA:232,0
DA:233,0
DA:234,0
DA:236,0
DA:237,0
DA:239,0
DA:240,0
DA:241,0
DA:249,0
DA:250,0
DA:251,0
DA:252,0
DA:254,0
DA:255,0
DA:257,0
DA:258,0
DA:259,0
DA:266,0
DA:273,0
DA:276,0
DA:277,0
DA:278,0
DA:282,0
DA:283,0
DA:284,0
DA:285,0
DA:288,0
DA:289,0
DA:290,0
DA:296,0
DA:297,0
DA:298,0
DA:299,0
DA:300,0
DA:303,0
DA:304,0
DA:305,0
DA:310,0
DA:317,0
DA:318,0
DA:319,0
DA:321,0
DA:323,0
DA:335,0
DA:337,0
DA:338,0
DA:340,0
DA:343,0
DA:344,0
DA:345,0
DA:346,0
DA:350,0
DA:351,0
DA:352,0
DA:353,0
DA:357,0
LF:146
LH:0
BRDA:28,0,0,0
BRDA:28,0,1,0
BRDA:34,1,0,0
BRDA:34,1,1,0
BRDA:34,2,0,0
BRDA:34,2,1,0
BRDA:39,3,0,0
BRDA:39,3,1,0
BRDA:39,4,0,0
BRDA:39,4,1,0
BRDA:44,5,0,0
BRDA:44,5,1,0
BRDA:46,6,0,0
BRDA:46,6,1,0
BRDA:52,7,0,0
BRDA:52,7,1,0
BRDA:53,8,0,0
BRDA:53,8,1,0
BRDA:56,9,0,0
BRDA:56,9,1,0
BRDA:62,10,0,0
BRDA:62,10,1,0
BRDA:64,11,0,0
BRDA:64,11,1,0
BRDA:76,12,0,0
BRDA:76,12,1,0
BRDA:82,13,0,0
BRDA:82,13,1,0
BRDA:109,14,0,0
BRDA:109,14,1,0
BRDA:116,15,0,0
BRDA:116,15,1,0
BRDA:122,16,0,0
BRDA:122,16,1,0
BRDA:122,17,0,0
BRDA:122,17,1,0
BRDA:135,18,0,0
BRDA:135,18,1,0
BRDA:135,19,0,0
BRDA:135,19,1,0
BRDA:140,20,0,0
BRDA:140,20,1,0
BRDA:140,21,0,0
BRDA:140,21,1,0
BRDA:145,22,0,0
BRDA:145,22,1,0
BRDA:146,23,0,0
BRDA:146,23,1,0
BRDA:150,24,0,0
BRDA:150,24,1,0
BRDA:150,25,0,0
BRDA:150,25,1,0
BRDA:158,26,0,0
BRDA:158,26,1,0
BRDA:173,27,0,0
BRDA:173,27,1,0
BRDA:175,28,0,0
BRDA:175,28,1,0
BRDA:175,29,0,0
BRDA:175,29,1,0
BRDA:180,30,0,0
BRDA:180,30,1,0
BRDA:180,31,0,0
BRDA:180,31,1,0
BRDA:186,32,0,0
BRDA:186,32,1,0
BRDA:187,33,0,0
BRDA:187,33,1,0
BRDA:191,34,0,0
BRDA:191,34,1,0
BRDA:207,35,0,0
BRDA:207,35,1,0
BRDA:207,36,0,0
BRDA:207,36,1,0
BRDA:207,36,2,0
BRDA:213,37,0,0
BRDA:213,37,1,0
BRDA:215,38,0,0
BRDA:215,38,1,0
BRDA:218,39,0,0
BRDA:218,39,1,0
BRDA:222,40,0,0
BRDA:222,40,1,0
BRDA:231,41,0,0
BRDA:231,41,1,0
BRDA:233,42,0,0
BRDA:233,42,1,0
BRDA:236,43,0,0
BRDA:236,43,1,0
BRDA:240,44,0,0
BRDA:240,44,1,0
BRDA:249,45,0,0
BRDA:249,45,1,0
BRDA:251,46,0,0
BRDA:251,46,1,0
BRDA:254,47,0,0
BRDA:254,47,1,0
BRDA:258,48,0,0
BRDA:258,48,1,0
BRDA:277,49,0,0
BRDA:277,49,1,0
BRDA:282,50,0,0
BRDA:282,50,1,0
BRDA:285,51,0,0
BRDA:285,51,1,0
BRDA:289,52,0,0
BRDA:289,52,1,0
BRDA:296,53,0,0
BRDA:296,53,1,0
BRDA:299,54,0,0
BRDA:299,54,1,0
BRDA:300,55,0,0
BRDA:300,55,1,0
BRDA:304,56,0,0
BRDA:304,56,1,0
BRDA:337,57,0,0
BRDA:337,57,1,0
BRDA:343,58,0,0
BRDA:343,58,1,0
BRDA:350,59,0,0
BRDA:350,59,1,0
BRF:121
BRH:0
end_of_record
TN:
SF:packages/protocols/core/governance/event-section-generator.js
FN:17,(anonymous_0)
FN:26,(anonymous_1)
FN:27,(anonymous_2)
FN:33,(anonymous_3)
FN:52,(anonymous_4)
FN:83,(anonymous_5)
FN:84,(anonymous_6)
FN:109,(anonymous_7)
FN:111,(anonymous_8)
FN:112,(anonymous_9)
FN:128,(anonymous_10)
FN:130,(anonymous_11)
FN:136,(anonymous_12)
FN:169,(anonymous_13)
FN:185,(anonymous_14)
FN:205,(anonymous_15)
FN:207,(anonymous_16)
FN:222,(anonymous_17)
FN:224,(anonymous_18)
FN:225,(anonymous_19)
FN:226,(anonymous_20)
FN:233,(anonymous_21)
FN:268,(anonymous_22)
FN:285,(anonymous_23)
FN:313,(anonymous_24)
FN:315,(anonymous_25)
FN:323,(anonymous_26)
FN:325,(anonymous_27)
FN:326,(anonymous_28)
FN:335,(anonymous_29)
FN:343,(anonymous_30)
FN:352,(anonymous_31)
FN:381,(anonymous_32)
FN:398,(anonymous_33)
FN:419,(anonymous_34)
FN:428,(anonymous_35)
FN:431,(anonymous_36)
FN:479,(anonymous_37)
FN:495,(anonymous_38)
FN:515,(anonymous_39)
FN:526,(anonymous_40)
FN:533,(anonymous_41)
FN:537,(anonymous_42)
FN:540,(anonymous_43)
FN:548,(anonymous_44)
FN:567,(anonymous_45)
FN:586,(anonymous_46)
FN:593,(anonymous_47)
FNF:48
FNH:46
FNDA:82,(anonymous_0)
FNDA:97,(anonymous_1)
FNDA:48,(anonymous_2)
FNDA:16,(anonymous_3)
FNDA:11,(anonymous_4)
FNDA:2,(anonymous_5)
FNDA:6,(anonymous_6)
FNDA:17,(anonymous_7)
FNDA:8,(anonymous_8)
FNDA:10,(anonymous_9)
FNDA:6,(anonymous_10)
FNDA:14,(anonymous_11)
FNDA:9,(anonymous_12)
FNDA:3,(anonymous_13)
FNDA:2,(anonymous_14)
FNDA:17,(anonymous_15)
FNDA:8,(anonymous_16)
FNDA:5,(anonymous_17)
FNDA:5,(anonymous_18)
FNDA:6,(anonymous_19)
FNDA:6,(anonymous_20)
FNDA:2,(anonymous_21)
FNDA:2,(anonymous_22)
FNDA:1,(anonymous_23)
FNDA:16,(anonymous_24)
FNDA:7,(anonymous_25)
FNDA:4,(anonymous_26)
FNDA:5,(anonymous_27)
FNDA:5,(anonymous_28)
FNDA:2,(anonymous_29)
FNDA:0,(anonymous_30)
FNDA:0,(anonymous_31)
FNDA:2,(anonymous_32)
FNDA:1,(anonymous_33)
FNDA:16,(anonymous_34)
FNDA:7,(anonymous_35)
FNDA:7,(anonymous_36)
FNDA:2,(anonymous_37)
FNDA:1,(anonymous_38)
FNDA:15,(anonymous_39)
FNDA:7,(anonymous_40)
FNDA:6,(anonymous_41)
FNDA:7,(anonymous_42)
FNDA:5,(anonymous_43)
FNDA:4,(anonymous_44)
FNDA:31,(anonymous_45)
FNDA:13,(anonymous_46)
FNDA:23,(anonymous_47)
DA:18,82
DA:19,82
DA:20,82
DA:27,97
DA:34,16
DA:36,16
DA:37,12
DA:43,4
DA:44,4
DA:52,4
DA:53,11
DA:54,11
DA:57,11
DA:58,11
DA:59,0
DA:60,11
DA:61,2
DA:63,9
DA:64,9
DA:65,7
DA:66,2
DA:70,4
DA:82,4
DA:83,2
DA:85,6
DA:86,6
DA:89,4
DA:103,4
DA:110,17
DA:111,17
DA:112,10
DA:115,17
DA:116,13
DA:122,4
DA:128,4
DA:129,6
DA:130,14
DA:131,6
DA:136,9
DA:139,6
DA:140,3
DA:141,3
DA:142,0
DA:144,3
DA:145,3
DA:146,1
DA:150,4
DA:161,4
DA:162,3
DA:169,3
DA:170,3
DA:173,3
DA:179,4
DA:180,2
DA:185,2
DA:186,2
DA:188,2
DA:191,4
DA:199,4
DA:206,17
DA:207,17
DA:209,17
DA:210,13
DA:216,4
DA:222,4
DA:223,5
DA:224,5
DA:225,6
DA:226,6
DA:228,5
DA:229,2
DA:233,2
DA:235,3
DA:236,1
DA:241,2
DA:242,2
DA:250,4
DA:260,4
DA:261,2
DA:268,2
DA:269,2
DA:270,2
DA:273,2
DA:279,4
DA:280,1
DA:285,1
DA:286,1
DA:288,1
DA:291,4
DA:292,2
DA:299,4
DA:307,4
DA:314,16
DA:315,16
DA:317,16
DA:323,16
DA:324,4
DA:325,5
DA:326,5
DA:328,4
DA:329,2
DA:330,2
DA:331,2
DA:335,2
DA:339,0
DA:343,0
DA:347,2
DA:348,1
DA:352,0
DA:358,16
DA:359,13
DA:364,3
DA:373,3
DA:374,2
DA:381,2
DA:382,2
DA:383,2
DA:386,2
DA:392,3
DA:393,1
DA:398,1
DA:399,1
DA:400,1
DA:402,1
DA:405,3
DA:413,3
DA:420,16
DA:422,16
DA:428,16
DA:429,7
DA:430,7
DA:431,7
DA:432,7
DA:434,7
DA:444,7
DA:445,2
DA:446,5
DA:447,1
DA:448,4
DA:449,1
DA:453,16
DA:454,13
DA:459,3
DA:471,3
DA:472,2
DA:479,2
DA:480,2
DA:483,2
DA:489,3
DA:490,1
DA:495,1
DA:496,1
DA:498,1
DA:501,3
DA:509,3
DA:516,15
DA:518,15
DA:519,11
DA:522,4
DA:525,4
DA:526,4
DA:527,7
DA:528,7
DA:529,7
DA:533,4
DA:534,6
DA:535,6
DA:537,6
DA:538,7
DA:539,7
DA:540,7
DA:541,7
DA:542,7
DA:544,7
DA:545,7
DA:548,7
DA:549,4
DA:551,7
DA:552,2
DA:553,2
DA:554,2
DA:555,2
DA:560,4
DA:561,4
DA:569,31
DA:570,31
DA:571,16
DA:572,16
DA:575,15
DA:576,15
DA:577,15
DA:580,0
DA:587,13
DA:594,23
DA:595,22
DA:597,22
DA:598,22
DA:599,22
DA:600,22
DA:601,22
DA:604,22
DA:605,21
DA:606,3
DA:607,2
DA:608,1
DA:612,0
DA:613,0
DA:614,0
DA:617,0
DA:621,4
LF:210
LH:200
BRDA:36,0,0,12
BRDA:36,0,1,4
BRDA:53,1,0,11
BRDA:53,1,1,0
BRDA:54,2,0,11
BRDA:54,2,1,6
BRDA:58,3,0,0
BRDA:58,3,1,11
BRDA:60,4,0,2
BRDA:60,4,1,9
BRDA:60,5,0,11
BRDA:60,5,1,9
BRDA:64,6,0,2
BRDA:64,6,1,7
BRDA:65,7,0,5
BRDA:65,7,1,2
BRDA:94,8,0,2
BRDA:94,8,1,2
BRDA:95,9,0,2
BRDA:95,9,1,2
BRDA:96,10,0,4
BRDA:96,10,1,0
BRDA:98,11,0,0
BRDA:98,11,1,4
BRDA:112,12,0,10
BRDA:112,12,1,10
BRDA:115,13,0,13
BRDA:115,13,1,4
BRDA:130,14,0,14
BRDA:130,14,1,14
BRDA:134,15,0,6
BRDA:134,15,1,0
BRDA:139,16,0,3
BRDA:139,16,1,3
BRDA:139,17,0,6
BRDA:139,17,1,3
BRDA:141,18,0,0
BRDA:141,18,1,3
BRDA:145,19,0,2
BRDA:145,19,1,1
BRDA:146,20,0,1
BRDA:146,20,1,0
BRDA:155,21,0,3
BRDA:155,21,1,1
BRDA:156,22,0,2
BRDA:156,22,1,2
BRDA:157,23,0,1
BRDA:157,23,1,3
BRDA:161,24,0,3
BRDA:161,24,1,1
BRDA:179,25,0,2
BRDA:179,25,1,2
BRDA:209,26,0,13
BRDA:209,26,1,4
BRDA:228,27,0,2
BRDA:228,27,1,3
BRDA:233,28,0,2
BRDA:233,28,1,2
BRDA:235,29,0,1
BRDA:235,29,1,2
BRDA:241,30,0,2
BRDA:241,30,1,0
BRDA:254,31,0,2
BRDA:254,31,1,2
BRDA:255,32,0,1
BRDA:255,32,1,3
BRDA:260,33,0,2
BRDA:260,33,1,2
BRDA:279,34,0,1
BRDA:279,34,1,3
BRDA:291,35,0,2
BRDA:291,35,1,2
BRDA:328,36,0,2
BRDA:328,36,1,2
BRDA:329,37,0,2
BRDA:329,37,1,0
BRDA:330,38,0,2
BRDA:330,38,1,0
BRDA:335,39,0,2
BRDA:335,39,1,2
BRDA:343,40,0,0
BRDA:343,40,1,0
BRDA:347,41,0,1
BRDA:347,41,1,1
BRDA:351,42,0,1
BRDA:351,42,1,0
BRDA:352,43,0,0
BRDA:352,43,1,0
BRDA:358,44,0,13
BRDA:358,44,1,3
BRDA:358,45,0,16
BRDA:358,45,1,14
BRDA:368,46,0,2
BRDA:368,46,1,1
BRDA:369,47,0,1
BRDA:369,47,1,2
BRDA:373,48,0,2
BRDA:373,48,1,1
BRDA:382,49,0,2
BRDA:382,49,1,0
BRDA:392,50,0,1
BRDA:392,50,1,2
BRDA:399,51,0,0
BRDA:399,51,1,1
BRDA:431,52,0,7
BRDA:431,52,1,7
BRDA:438,53,0,7
BRDA:438,53,1,0
BRDA:444,54,0,2
BRDA:444,54,1,5
BRDA:444,55,0,7
BRDA:444,55,1,2
BRDA:446,56,0,1
BRDA:446,56,1,4
BRDA:446,57,0,5
BRDA:446,57,1,5
BRDA:446,57,2,1
BRDA:448,58,0,1
BRDA:448,58,1,3
BRDA:448,59,0,4
BRDA:448,59,1,4
BRDA:453,60,0,13
BRDA:453,60,1,3
BRDA:453,61,0,16
BRDA:453,61,1,14
BRDA:453,61,2,13
BRDA:465,62,0,2
BRDA:465,62,1,1
BRDA:466,63,0,1
BRDA:466,63,1,2
BRDA:467,64,0,1
BRDA:467,64,1,2
BRDA:471,65,0,2
BRDA:471,65,1,1
BRDA:489,66,0,1
BRDA:489,66,1,2
BRDA:518,67,0,11
BRDA:518,67,1,4
BRDA:527,68,0,7
BRDA:527,68,1,0
BRDA:528,69,0,6
BRDA:528,69,1,1
BRDA:540,70,0,5
BRDA:540,70,1,5
BRDA:541,71,0,4
BRDA:541,71,1,3
BRDA:542,72,0,7
BRDA:542,72,1,0
BRDA:549,73,0,4
BRDA:549,73,1,2
BRDA:551,74,0,2
BRDA:551,74,1,5
BRDA:552,75,0,2
BRDA:552,75,1,0
BRDA:570,76,0,16
BRDA:570,76,1,15
BRDA:576,77,0,15
BRDA:576,77,1,0
BRDA:594,78,0,1
BRDA:594,78,1,22
BRDA:595,79,0,22
BRDA:595,79,1,0
BRDA:598,80,0,22
BRDA:598,80,1,0
BRDA:599,81,0,0
BRDA:604,82,0,1
BRDA:604,82,1,21
BRDA:605,83,0,18
BRDA:605,83,1,3
BRDA:606,84,0,1
BRDA:606,84,1,2
BRDA:607,85,0,1
BRDA:607,85,1,1
BRDA:608,86,0,1
BRDA:608,86,1,0
BRDA:613,87,0,0
BRDA:613,87,1,0
BRF:177
BRH:149
end_of_record
TN:
SF:packages/protocols/core/governance/generator.js
FN:26,(anonymous_0)
FN:35,(anonymous_1)
FN:58,(anonymous_2)
FN:66,(anonymous_3)
FN:88,(anonymous_4)
FN:98,(anonymous_5)
FN:122,(anonymous_6)
FN:144,(anonymous_7)
FN:186,(anonymous_8)
FN:250,(anonymous_9)
FN:297,(anonymous_10)
FN:307,(anonymous_11)
FN:315,(anonymous_12)
FN:317,(anonymous_13)
FN:334,(anonymous_14)
FN:345,(anonymous_15)
FN:354,(anonymous_16)
FN:369,(anonymous_17)
FN:382,(anonymous_18)
FN:389,(anonymous_19)
FN:394,(anonymous_20)
FN:399,(anonymous_21)
FN:408,(anonymous_22)
FN:427,(anonymous_23)
FN:435,(anonymous_24)
FN:498,(anonymous_25)
FN:508,(anonymous_26)
FN:531,(anonymous_27)
FN:546,(anonymous_28)
FNF:29
FNH:24
FNDA:89,(anonymous_0)
FNDA:15,(anonymous_1)
FNDA:26,(anonymous_2)
FNDA:15,(anonymous_3)
FNDA:1,(anonymous_4)
FNDA:15,(anonymous_5)
FNDA:0,(anonymous_6)
FNDA:14,(anonymous_7)
FNDA:15,(anonymous_8)
FNDA:14,(anonymous_9)
FNDA:19,(anonymous_10)
FNDA:68,(anonymous_11)
FNDA:68,(anonymous_12)
FNDA:33,(anonymous_13)
FNDA:17,(anonymous_14)
FNDA:0,(anonymous_15)
FNDA:0,(anonymous_16)
FNDA:69,(anonymous_17)
FNDA:135,(anonymous_18)
FNDA:14,(anonymous_19)
FNDA:0,(anonymous_20)
FNDA:0,(anonymous_21)
FNDA:60,(anonymous_22)
FNDA:15,(anonymous_23)
FNDA:107,(anonymous_24)
FNDA:2,(anonymous_25)
FNDA:2,(anonymous_26)
FNDA:2,(anonymous_27)
FNDA:15,(anonymous_28)
DA:16,3
DA:17,3
DA:18,3
DA:19,3
DA:20,3
DA:27,89
DA:28,89
DA:29,89
DA:36,15
DA:37,15
DA:38,15
DA:39,15
DA:41,15
DA:58,26
DA:67,15
DA:68,15
DA:70,15
DA:84,15
DA:85,1
DA:88,1
DA:92,15
DA:99,15
DA:101,15
DA:119,15
DA:120,0
DA:122,0
DA:125,15
DA:128,15
DA:138,15
DA:145,14
DA:187,15
DA:188,15
DA:189,15
DA:191,15
DA:251,14
DA:252,14
DA:253,14
DA:254,14
DA:255,14
DA:257,14
DA:298,19
DA:300,19
DA:301,2
DA:304,17
DA:307,17
DA:308,68
DA:309,68
DA:310,68
DA:311,68
DA:315,17
DA:316,68
DA:317,68
DA:318,33
DA:319,33
DA:320,33
DA:321,33
DA:322,33
DA:327,17
DA:328,17
DA:335,17
DA:336,17
DA:338,17
DA:339,17
DA:342,0
DA:345,0
DA:346,0
DA:347,0
DA:348,0
DA:350,0
DA:353,0
DA:354,0
DA:355,0
DA:356,0
DA:357,0
DA:362,0
DA:363,0
DA:371,69
DA:372,69
DA:373,69
DA:374,69
DA:376,0
DA:383,135
DA:390,14
DA:391,14
DA:393,0
DA:394,0
DA:395,0
DA:396,0
DA:399,0
DA:400,0
DA:409,60
DA:410,60
DA:411,60
DA:412,60
DA:417,60
DA:433,15
DA:435,15
DA:436,107
DA:439,15
DA:442,15
DA:445,15
DA:446,13
DA:450,15
DA:451,11
DA:455,15
DA:456,12
DA:460,15
DA:461,11
DA:465,15
DA:466,11
DA:470,15
DA:471,11
DA:475,15
DA:476,13
DA:477,13
DA:478,13
DA:479,13
DA:480,13
DA:483,13
DA:484,12
DA:485,12
DA:490,15
DA:492,15
DA:499,2
DA:500,2
DA:501,2
DA:502,2
DA:509,2
DA:510,2
DA:511,1
DA:514,2
DA:517,2
DA:519,2
DA:520,2
DA:521,1
DA:524,2
DA:525,2
DA:532,2
DA:533,2
DA:536,2
DA:537,1
DA:540,2
DA:547,15
DA:575,3
LF:144
LH:122
BRDA:38,0,0,15
BRDA:38,0,1,0
BRDA:39,1,0,15
BRDA:39,1,1,0
BRDA:52,2,0,15
BRDA:52,2,1,15
BRDA:53,3,0,15
BRDA:53,3,1,15
BRDA:57,4,0,15
BRDA:57,4,1,0
BRDA:81,5,0,1
BRDA:81,5,1,14
BRDA:84,6,0,1
BRDA:84,6,1,14
BRDA:111,7,0,15
BRDA:111,7,1,15
BRDA:112,8,0,15
BRDA:112,8,1,15
BRDA:113,9,0,15
BRDA:113,9,1,15
BRDA:119,10,0,0
BRDA:119,10,1,15
BRDA:119,11,0,15
BRDA:119,11,1,0
BRDA:188,12,0,15
BRDA:188,12,1,0
BRDA:189,13,0,15
BRDA:189,13,1,0
BRDA:199,14,0,15
BRDA:199,14,1,15
BRDA:200,15,0,15
BRDA:200,15,1,15
BRDA:201,16,0,15
BRDA:201,16,1,15
BRDA:202,17,0,15
BRDA:202,17,1,15
BRDA:252,18,0,14
BRDA:252,18,1,0
BRDA:253,19,0,14
BRDA:253,19,1,0
BRDA:255,20,0,14
BRDA:255,20,1,0
BRDA:261,21,0,14
BRDA:261,21,1,0
BRDA:262,22,0,14
BRDA:262,22,1,14
BRDA:269,23,0,14
BRDA:269,23,1,14
BRDA:270,24,0,14
BRDA:270,24,1,14
BRDA:271,25,0,14
BRDA:271,25,1,14
BRDA:272,26,0,14
BRDA:272,26,1,14
BRDA:273,27,0,14
BRDA:273,27,1,14
BRDA:274,28,0,14
BRDA:274,28,1,14
BRDA:275,29,0,14
BRDA:275,29,1,14
BRDA:276,30,0,14
BRDA:276,30,1,14
BRDA:300,31,0,2
BRDA:300,31,1,17
BRDA:318,32,0,33
BRDA:318,32,1,0
BRDA:321,33,0,33
BRDA:321,33,1,0
BRDA:336,34,0,17
BRDA:336,34,1,17
BRDA:338,35,0,17
BRDA:338,35,1,0
BRDA:353,36,0,0
BRDA:353,36,1,0
BRDA:353,37,0,0
BRDA:353,37,1,0
BRDA:356,38,0,0
BRDA:356,38,1,0
BRDA:372,39,0,69
BRDA:372,39,1,0
BRDA:374,40,0,69
BRDA:374,40,1,0
BRDA:391,41,0,14
BRDA:391,41,1,0
BRDA:408,42,0,0
BRDA:409,43,0,60
BRDA:409,43,1,0
BRDA:410,44,0,60
BRDA:410,44,1,0
BRDA:411,45,0,60
BRDA:411,45,1,2
BRDA:427,46,0,5
BRDA:429,47,0,10
BRDA:430,48,0,10
BRDA:431,49,0,14
BRDA:432,50,0,14
BRDA:436,51,0,107
BRDA:436,51,1,30
BRDA:445,52,0,13
BRDA:445,52,1,2
BRDA:450,53,0,11
BRDA:450,53,1,4
BRDA:450,54,0,15
BRDA:450,54,1,12
BRDA:455,55,0,12
BRDA:455,55,1,3
BRDA:455,56,0,15
BRDA:455,56,1,12
BRDA:460,57,0,11
BRDA:460,57,1,4
BRDA:465,58,0,11
BRDA:465,58,1,4
BRDA:470,59,0,11
BRDA:470,59,1,4
BRDA:470,60,0,15
BRDA:470,60,1,11
BRDA:475,61,0,13
BRDA:475,61,1,2
BRDA:475,62,0,15
BRDA:475,62,1,2
BRDA:483,63,0,12
BRDA:483,63,1,1
BRDA:498,64,0,2
BRDA:508,65,0,2
BRDA:510,66,0,1
BRDA:510,66,1,1
BRDA:520,67,0,1
BRDA:520,67,1,1
BRF:128
BRH:102
end_of_record
TN:
SF:packages/protocols/core/governance/index.js
FNF:0
FNH:0
DA:8,3
DA:10,3
LF:2
LH:2
BRF:0
BRH:0
end_of_record
TN:
SF:packages/protocols/core/graph/cache.js
FN:15,(anonymous_0)
FN:27,(anonymous_1)
FN:47,(anonymous_2)
FN:69,(anonymous_3)
FN:78,(anonymous_4)
FN:85,(anonymous_5)
FN:95,(anonymous_6)
FN:103,(anonymous_7)
FN:120,(anonymous_8)
FN:130,(anonymous_9)
FN:138,(anonymous_10)
FN:146,(anonymous_11)
FN:155,(anonymous_12)
FN:164,(anonymous_13)
FN:173,(anonymous_14)
FN:182,(anonymous_15)
FN:192,(anonymous_16)
FN:202,(anonymous_17)
FN:209,(anonymous_18)
FN:221,(anonymous_19)
FN:233,(anonymous_20)
FN:245,(anonymous_21)
FN:253,(anonymous_22)
FNF:23
FNH:14
FNDA:180,(anonymous_0)
FNDA:177,(anonymous_1)
FNDA:59,(anonymous_2)
FNDA:0,(anonymous_3)
FNDA:0,(anonymous_4)
FNDA:78696,(anonymous_5)
FNDA:0,(anonymous_6)
FNDA:18,(anonymous_7)
FNDA:0,(anonymous_8)
FNDA:180,(anonymous_9)
FNDA:40,(anonymous_10)
FNDA:53,(anonymous_11)
FNDA:2,(anonymous_12)
FNDA:2,(anonymous_13)
FNDA:17,(anonymous_14)
FNDA:122,(anonymous_15)
FNDA:0,(anonymous_16)
FNDA:0,(anonymous_17)
FNDA:0,(anonymous_18)
FNDA:0,(anonymous_19)
FNDA:0,(anonymous_20)
FNDA:78696,(anonymous_21)
FNDA:18,(anonymous_22)
DA:16,180
DA:17,180
DA:18,180
DA:19,180
DA:28,177
DA:29,59
DA:30,59
DA:34,118
DA:35,118
DA:36,118
DA:38,118
DA:39,118
DA:49,59
DA:50,0
DA:54,59
DA:57,59
DA:59,0
DA:60,0
DA:70,0
DA:79,0
DA:86,78696
DA:87,78696
DA:88,78696
DA:96,0
DA:104,18
DA:105,18
DA:107,18
DA:121,0
DA:122,0
DA:131,180
DA:139,40
DA:147,53
DA:156,2
DA:165,2
DA:174,17
DA:183,122
DA:193,0
DA:203,0
DA:210,0
DA:211,0
DA:212,0
DA:213,0
DA:222,0
DA:223,0
DA:224,0
DA:225,0
DA:234,0
DA:235,0
DA:236,0
DA:237,0
DA:246,78696
DA:254,18
LF:52
LH:30
BRDA:15,0,0,0
BRDA:28,1,0,59
BRDA:28,1,1,118
BRDA:49,2,0,0
BRDA:49,2,1,59
BRDA:57,3,0,0
BRDA:57,3,1,59
BRDA:105,4,0,13
BRDA:105,4,1,5
BRDA:130,5,0,0
BRDA:212,6,0,0
BRDA:212,6,1,0
BRDA:224,7,0,0
BRDA:224,7,1,0
BRDA:236,8,0,0
BRDA:236,8,1,0
BRF:16
BRH:6
end_of_record
TN:
SF:packages/protocols/core/graph/impact-analyzer.js
FN:17,analyzeImpact
FN:48,(anonymous_1)
FN:62,(anonymous_2)
FN:100,analyzeDetailedImpact
FN:109,(anonymous_4)
FN:115,(anonymous_5)
FN:153,findHighImpactNodes
FN:168,(anonymous_7)
FN:177,findSafeToRemoveNodes
FN:181,(anonymous_9)
FN:190,assessBreakingChangeRisk
FN:225,(anonymous_11)
FN:265,getDependencyChains
FN:279,generateImpactReport
FNF:14
FNH:8
FNDA:32,analyzeImpact
FNDA:21,(anonymous_1)
FNDA:17,(anonymous_2)
FNDA:15,analyzeDetailedImpact
FNDA:5,(anonymous_4)
FNDA:1,(anonymous_5)
FNDA:0,findHighImpactNodes
FNDA:0,(anonymous_7)
FNDA:0,findSafeToRemoveNodes
FNDA:0,(anonymous_9)
FNDA:15,assessBreakingChangeRisk
FNDA:4,(anonymous_11)
FNDA:0,getDependencyChains
FNDA:0,generateImpactReport
DA:22,32
DA:24,32
DA:25,0
DA:36,32
DA:39,32
DA:40,32
DA:41,32
DA:43,32
DA:46,32
DA:47,32
DA:48,32
DA:49,32
DA:53,32
DA:54,32
DA:55,32
DA:57,32
DA:60,32
DA:61,32
DA:62,32
DA:63,32
DA:67,32
DA:72,32
DA:101,15
DA:102,0
DA:105,15
DA:106,15
DA:109,15
DA:115,15
DA:122,15
DA:123,15
DA:124,5
DA:125,4
DA:127,5
DA:130,15
DA:131,15
DA:132,1
DA:133,1
DA:135,1
DA:138,15
DA:154,0
DA:155,0
DA:157,0
DA:158,0
DA:159,0
DA:167,0
DA:168,0
DA:178,0
DA:179,0
DA:181,0
DA:191,15
DA:193,15
DA:194,0
DA:202,15
DA:203,15
DA:206,15
DA:207,15
DA:208,15
DA:211,15
DA:212,15
DA:213,3
DA:217,15
DA:218,15
DA:219,15
DA:220,0
DA:224,15
DA:225,15
DA:226,4
DA:228,15
DA:229,1
DA:230,1
DA:234,15
DA:235,12
DA:236,3
DA:237,2
DA:238,1
DA:239,1
DA:241,0
DA:244,15
DA:266,0
DA:267,0
DA:270,0
DA:280,0
DA:281,0
DA:282,0
DA:284,0
DA:285,0
DA:288,0
LF:87
LH:63
BRDA:17,0,0,15
BRDA:19,1,0,32
BRDA:20,2,0,32
BRDA:21,3,0,32
BRDA:24,4,0,0
BRDA:24,4,1,32
BRDA:41,5,0,32
BRDA:41,5,1,0
BRDA:55,6,0,32
BRDA:55,6,1,0
BRDA:101,7,0,0
BRDA:101,7,1,15
BRDA:124,8,0,4
BRDA:124,8,1,1
BRDA:132,9,0,1
BRDA:132,9,1,0
BRDA:153,10,0,0
BRDA:193,11,0,0
BRDA:193,11,1,15
BRDA:212,12,0,3
BRDA:212,12,1,12
BRDA:219,13,0,0
BRDA:219,13,1,15
BRDA:228,14,0,1
BRDA:228,14,1,14
BRDA:234,15,0,12
BRDA:234,15,1,3
BRDA:236,16,0,2
BRDA:236,16,1,1
BRDA:238,17,0,1
BRDA:238,17,1,0
BRDA:284,18,0,0
BRDA:284,18,1,0
BRDA:284,19,0,0
BRDA:284,19,1,0
BRF:35
BRH:22
end_of_record
TN:
SF:packages/protocols/core/graph/index.js
FNF:0
FNH:0
DA:7,4
DA:8,4
DA:9,4
DA:10,4
DA:11,4
DA:12,4
DA:13,4
DA:15,4
LF:8
LH:8
BRF:0
BRH:0
end_of_record
TN:
SF:packages/protocols/core/graph/pii-tracer.js
FN:18,tracePIIFlow
FN:68,(anonymous_1)
FN:75,(anonymous_2)
FN:86,findPIISources
FN:116,calculatePIIConfidence
FN:122,(anonymous_5)
FN:131,(anonymous_6)
FN:140,calculatePathConfidence
FN:177,findPIIExposingEndpoints
FN:198,(anonymous_9)
FN:206,getPIISummary
FN:243,visualizePIIFlow
FN:255,(anonymous_12)
FN:263,(anonymous_13)
FNF:14
FNH:9
FNDA:4,tracePIIFlow
FNDA:3,(anonymous_1)
FNDA:0,(anonymous_2)
FNDA:37,findPIISources
FNDA:8,calculatePIIConfidence
FNDA:16,(anonymous_5)
FNDA:16,(anonymous_6)
FNDA:3,calculatePathConfidence
FNDA:35,findPIIExposingEndpoints
FNDA:0,(anonymous_9)
FNDA:33,getPIISummary
FNDA:0,visualizePIIFlow
FNDA:0,(anonymous_12)
FNDA:0,(anonymous_13)
DA:22,4
DA:24,4
DA:25,0
DA:35,4
DA:37,4
DA:38,0
DA:48,4
DA:49,4
DA:50,4
DA:52,4
DA:53,4
DA:54,4
DA:55,3
DA:56,3
DA:57,3
DA:67,4
DA:68,3
DA:71,4
DA:75,0
DA:87,37
DA:88,37
DA:90,37
DA:91,30
DA:92,30
DA:93,0
DA:96,30
DA:99,30
DA:101,5
DA:102,5
DA:103,5
DA:108,37
DA:117,8
DA:118,0
DA:122,8
DA:124,16
DA:125,16
DA:128,0
DA:131,16
DA:141,3
DA:142,0
DA:145,3
DA:148,3
DA:149,9
DA:150,9
DA:151,0
DA:154,9
DA:157,9
DA:158,3
DA:159,3
DA:163,9
DA:164,0
DA:168,3
DA:181,35
DA:183,35
DA:184,35
DA:186,35
DA:187,2
DA:188,2
DA:189,2
DA:198,35
DA:207,33
DA:208,33
DA:211,33
DA:212,33
DA:213,1
DA:214,1
DA:215,1
DA:216,2
DA:217,2
DA:218,2
DA:220,2
DA:228,33
DA:244,0
DA:246,0
DA:247,0
DA:250,0
DA:251,0
DA:252,0
DA:255,0
DA:256,0
DA:257,0
DA:259,0
DA:263,0
DA:264,0
DA:265,0
DA:269,0
DA:271,0
DA:272,0
DA:273,0
DA:274,0
DA:275,0
DA:278,0
DA:279,0
DA:280,0
DA:281,0
DA:283,0
DA:287,0
DA:288,0
DA:289,0
DA:290,0
DA:292,0
DA:293,0
DA:294,0
DA:301,0
DA:302,0
DA:303,0
DA:305,0
LF:107
LH:63
BRDA:18,0,0,0
BRDA:20,1,0,2
BRDA:21,2,0,2
BRDA:24,3,0,0
BRDA:24,3,1,4
BRDA:37,4,0,0
BRDA:37,4,1,4
BRDA:54,5,0,3
BRDA:54,5,1,1
BRDA:67,6,0,3
BRDA:67,6,1,1
BRDA:86,7,0,33
BRDA:92,8,0,0
BRDA:92,8,1,30
BRDA:92,9,0,30
BRDA:92,9,1,30
BRDA:99,10,0,5
BRDA:99,10,1,25
BRDA:99,11,0,30
BRDA:99,11,1,5
BRDA:102,12,0,5
BRDA:102,12,1,0
BRDA:117,13,0,0
BRDA:117,13,1,8
BRDA:117,14,0,8
BRDA:117,14,1,8
BRDA:124,15,0,16
BRDA:124,15,1,0
BRDA:128,16,0,0
BRDA:128,16,1,0
BRDA:141,17,0,0
BRDA:141,17,1,3
BRDA:150,18,0,0
BRDA:150,18,1,9
BRDA:150,19,0,9
BRDA:150,19,1,9
BRDA:157,20,0,3
BRDA:157,20,1,6
BRDA:157,21,0,9
BRDA:157,21,1,3
BRDA:163,22,0,0
BRDA:163,22,1,9
BRDA:163,23,0,9
BRDA:163,23,1,3
BRDA:177,24,0,34
BRDA:179,25,0,35
BRDA:180,26,0,35
BRDA:188,27,0,2
BRDA:188,27,1,0
BRDA:214,28,0,1
BRDA:214,28,1,0
BRDA:214,29,0,1
BRDA:214,29,1,1
BRDA:214,29,2,1
BRDA:216,30,0,2
BRDA:216,30,1,0
BRDA:217,31,0,2
BRDA:217,31,1,0
BRDA:246,32,0,0
BRDA:246,32,1,0
BRDA:246,33,0,0
BRDA:246,33,1,0
BRDA:256,34,0,0
BRDA:256,34,1,0
BRDA:265,35,0,0
BRDA:265,35,1,0
BRDA:278,36,0,0
BRDA:278,36,1,0
BRDA:280,37,0,0
BRDA:280,37,1,0
BRDA:287,38,0,0
BRDA:287,38,1,0
BRDA:292,39,0,0
BRDA:292,39,1,0
BRF:74
BRH:42
end_of_record
TN:
SF:packages/protocols/core/graph/protocol-graph.js
FN:47,(anonymous_0)
FN:69,(anonymous_1)
FN:121,(anonymous_2)
FN:170,(anonymous_3)
FN:198,(anonymous_4)
FN:214,(anonymous_5)
FN:237,(anonymous_6)
FN:251,(anonymous_7)
FN:261,(anonymous_8)
FN:271,(anonymous_9)
FN:283,(anonymous_10)
FN:288,(anonymous_11)
FN:304,(anonymous_12)
FN:309,(anonymous_13)
FN:324,(anonymous_14)
FN:329,(anonymous_15)
FN:340,(anonymous_16)
FN:348,(anonymous_17)
FN:356,(anonymous_18)
FN:358,(anonymous_19)
FN:362,(anonymous_20)
FN:374,(anonymous_21)
FN:399,(anonymous_22)
FN:408,(anonymous_23)
FN:421,(anonymous_24)
FN:437,(anonymous_25)
FN:447,(anonymous_26)
FN:458,(anonymous_27)
FN:475,(anonymous_28)
FN:483,(anonymous_29)
FN:494,(anonymous_30)
FN:511,(anonymous_31)
FN:520,(anonymous_32)
FN:528,(anonymous_33)
FN:546,(anonymous_34)
FN:667,(anonymous_35)
FN:769,(anonymous_36)
FN:821,(anonymous_37)
FNF:38
FNH:31
FNDA:180,(anonymous_0)
FNDA:27157,(anonymous_1)
FNDA:52,(anonymous_2)
FNDA:51529,(anonymous_3)
FNDA:0,(anonymous_4)
FNDA:6,(anonymous_5)
FNDA:10,(anonymous_6)
FNDA:78,(anonymous_7)
FNDA:2,(anonymous_8)
FNDA:131,(anonymous_9)
FNDA:99,(anonymous_10)
FNDA:44,(anonymous_11)
FNDA:16,(anonymous_12)
FNDA:2,(anonymous_13)
FNDA:50,(anonymous_14)
FNDA:56,(anonymous_15)
FNDA:125,(anonymous_16)
FNDA:23,(anonymous_17)
FNDA:4,(anonymous_18)
FNDA:10006,(anonymous_19)
FNDA:20003,(anonymous_20)
FNDA:3,(anonymous_21)
FNDA:78696,(anonymous_22)
FNDA:51,(anonymous_23)
FNDA:53,(anonymous_24)
FNDA:2,(anonymous_25)
FNDA:0,(anonymous_26)
FNDA:2,(anonymous_27)
FNDA:1,(anonymous_28)
FNDA:33,(anonymous_29)
FNDA:122,(anonymous_30)
FNDA:0,(anonymous_31)
FNDA:15,(anonymous_32)
FNDA:18,(anonymous_33)
FNDA:0,(anonymous_34)
FNDA:0,(anonymous_35)
FNDA:0,(anonymous_36)
FNDA:0,(anonymous_37)
DA:18,10
DA:33,10
DA:48,180
DA:51,180
DA:54,180
DA:55,180
DA:56,180
DA:59,180
DA:70,27157
DA:71,40
DA:74,27117
DA:75,1
DA:79,27116
DA:80,1
DA:84,27115
DA:91,27115
DA:92,27115
DA:93,27104
DA:95,27115
DA:97,27115
DA:98,212
DA:100,27115
DA:102,27115
DA:103,27115
DA:104,27115
DA:105,149
DA:107,27115
DA:111,27115
DA:113,27115
DA:122,52
DA:123,1
DA:127,51
DA:128,51
DA:131,51
DA:134,51
DA:135,51
DA:136,51
DA:137,51
DA:141,51
DA:142,51
DA:143,51
DA:144,1
DA:148,51
DA:149,51
DA:150,51
DA:151,51
DA:152,0
DA:157,51
DA:159,51
DA:171,51529
DA:172,1
DA:174,51528
DA:175,0
DA:177,51528
DA:178,1
DA:182,51527
DA:188,51527
DA:190,51527
DA:199,0
DA:200,0
DA:203,0
DA:204,0
DA:205,0
DA:215,6
DA:216,0
DA:219,6
DA:220,6
DA:221,0
DA:224,6
DA:225,6
DA:227,6
DA:228,1
DA:232,5
DA:233,1
DA:237,4
DA:238,10
DA:239,10
DA:240,0
DA:242,10
DA:252,78
DA:253,78
DA:262,2
DA:263,2
DA:272,131
DA:273,1
DA:275,130
DA:284,99
DA:285,1
DA:288,98
DA:289,44
DA:290,44
DA:291,44
DA:305,16
DA:306,0
DA:309,16
DA:310,2
DA:311,2
DA:312,2
DA:325,50
DA:329,56
DA:341,125
DA:349,23
DA:357,4
DA:358,10006
DA:362,20003
DA:376,3
DA:377,3
DA:378,3
DA:379,3
DA:380,3
DA:383,3
DA:384,10004
DA:385,10004
DA:389,3
DA:390,20002
DA:391,20002
DA:400,78696
DA:409,51
DA:422,53
DA:423,53
DA:424,13
DA:427,40
DA:428,40
DA:429,40
DA:438,2
DA:439,2
DA:448,0
DA:459,2
DA:460,2
DA:461,2
DA:462,0
DA:465,2
DA:466,2
DA:467,2
DA:476,1
DA:484,33
DA:495,122
DA:496,122
DA:497,122
DA:498,105
DA:501,17
DA:502,17
DA:503,17
DA:512,0
DA:521,15
DA:529,18
DA:547,0
DA:549,0
DA:558,0
DA:559,0
DA:560,0
DA:564,0
DA:565,0
DA:566,0
DA:567,0
DA:569,0
DA:570,0
DA:575,0
DA:578,0
DA:580,0
DA:581,0
DA:583,0
DA:586,0
DA:596,0
DA:597,0
DA:598,0
DA:599,0
DA:601,0
DA:602,0
DA:607,0
DA:611,0
DA:612,0
DA:618,0
DA:619,0
DA:622,0
DA:623,0
DA:629,0
DA:630,0
DA:633,0
DA:634,0
DA:636,0
DA:646,0
DA:647,0
DA:648,0
DA:650,0
DA:656,0
DA:668,0
DA:670,0
DA:679,0
DA:680,0
DA:681,0
DA:682,0
DA:684,0
DA:685,0
DA:690,0
DA:693,0
DA:695,0
DA:696,0
DA:699,0
DA:709,0
DA:710,0
DA:711,0
DA:712,0
DA:714,0
DA:715,0
DA:720,0
DA:724,0
DA:725,0
DA:726,0
DA:730,0
DA:731,0
DA:732,0
DA:735,0
DA:736,0
DA:738,0
DA:748,0
DA:750,0
DA:754,0
DA:770,0
DA:772,0
DA:778,0
DA:779,0
DA:780,0
DA:781,0
DA:782,0
DA:792,0
DA:793,0
DA:794,0
DA:795,0
DA:796,0
DA:800,0
DA:801,0
DA:809,0
DA:823,0
DA:824,0
DA:825,0
DA:826,0
DA:827,0
DA:832,0
LF:239
LH:132
BRDA:47,0,0,169
BRDA:48,1,0,169
BRDA:69,2,0,1177
BRDA:70,3,0,40
BRDA:70,3,1,27117
BRDA:74,4,0,1
BRDA:74,4,1,27116
BRDA:79,5,0,1
BRDA:79,5,1,27115
BRDA:92,6,0,27104
BRDA:92,6,1,11
BRDA:97,7,0,212
BRDA:97,7,1,26903
BRDA:103,8,0,27115
BRDA:103,8,1,0
BRDA:104,9,0,149
BRDA:104,9,1,26966
BRDA:122,10,0,1
BRDA:122,10,1,51
BRDA:134,11,0,51
BRDA:134,11,1,0
BRDA:136,12,0,51
BRDA:136,12,1,0
BRDA:141,13,0,51
BRDA:141,13,1,0
BRDA:143,14,0,1
BRDA:143,14,1,50
BRDA:149,15,0,51
BRDA:149,15,1,0
BRDA:149,16,0,51
BRDA:149,16,1,51
BRDA:151,17,0,0
BRDA:151,17,1,51
BRDA:170,18,0,31526
BRDA:171,19,0,1
BRDA:171,19,1,51528
BRDA:174,20,0,0
BRDA:174,20,1,51528
BRDA:177,21,0,1
BRDA:177,21,1,51527
BRDA:199,22,0,0
BRDA:199,22,1,0
BRDA:215,23,0,0
BRDA:215,23,1,6
BRDA:220,24,0,0
BRDA:220,24,1,6
BRDA:227,25,0,1
BRDA:227,25,1,5
BRDA:227,26,0,6
BRDA:227,26,1,5
BRDA:232,27,0,1
BRDA:232,27,1,4
BRDA:239,28,0,0
BRDA:239,28,1,10
BRDA:239,29,0,10
BRDA:239,29,1,10
BRDA:253,30,0,38
BRDA:253,30,1,40
BRDA:263,31,0,2
BRDA:263,31,1,0
BRDA:272,32,0,1
BRDA:272,32,1,130
BRDA:284,33,0,1
BRDA:284,33,1,98
BRDA:305,34,0,0
BRDA:305,34,1,16
BRDA:423,35,0,13
BRDA:423,35,1,40
BRDA:458,36,0,2
BRDA:461,37,0,0
BRDA:461,37,1,2
BRDA:475,38,0,1
BRDA:494,39,0,122
BRDA:497,40,0,105
BRDA:497,40,1,17
BRDA:558,41,0,0
BRDA:558,41,1,0
BRDA:564,42,0,0
BRDA:564,42,1,0
BRDA:564,43,0,0
BRDA:564,43,1,0
BRDA:569,44,0,0
BRDA:569,44,1,0
BRDA:569,45,0,0
BRDA:569,45,1,0
BRDA:578,46,0,0
BRDA:578,46,1,0
BRDA:580,47,0,0
BRDA:580,47,1,0
BRDA:596,48,0,0
BRDA:596,48,1,0
BRDA:596,49,0,0
BRDA:596,49,1,0
BRDA:601,50,0,0
BRDA:601,50,1,0
BRDA:601,51,0,0
BRDA:601,51,1,0
BRDA:601,51,2,0
BRDA:611,52,0,0
BRDA:611,52,1,0
BRDA:622,53,0,0
BRDA:622,53,1,0
BRDA:633,54,0,0
BRDA:633,54,1,0
BRDA:647,55,0,0
BRDA:647,55,1,0
BRDA:648,56,0,0
BRDA:648,56,1,0
BRDA:679,57,0,0
BRDA:679,57,1,0
BRDA:679,58,0,0
BRDA:679,58,1,0
BRDA:684,59,0,0
BRDA:684,59,1,0
BRDA:684,60,0,0
BRDA:684,60,1,0
BRDA:693,61,0,0
BRDA:693,61,1,0
BRDA:695,62,0,0
BRDA:695,62,1,0
BRDA:709,63,0,0
BRDA:709,63,1,0
BRDA:709,64,0,0
BRDA:709,64,1,0
BRDA:714,65,0,0
BRDA:714,65,1,0
BRDA:714,66,0,0
BRDA:714,66,1,0
BRDA:714,66,2,0
BRDA:724,67,0,0
BRDA:724,67,1,0
BRDA:730,68,0,0
BRDA:730,68,1,0
BRDA:735,69,0,0
BRDA:735,69,1,0
BRDA:769,70,0,0
BRDA:770,71,0,0
BRDA:778,72,0,0
BRDA:778,72,1,0
BRDA:780,73,0,0
BRDA:780,73,1,0
BRDA:795,74,0,0
BRDA:795,74,1,0
BRDA:800,75,0,0
BRDA:800,75,1,0
BRF:145
BRH:60
end_of_record
TN:
SF:packages/protocols/core/graph/tarjan.js
FN:16,findStronglyConnectedComponents
FN:41,strongConnect
FN:81,detectCycles
FN:84,(anonymous_3)
FN:93,isInCycle
FN:99,(anonymous_5)
FN:108,getCycleForNode
FN:114,(anonymous_7)
FN:124,getCyclePath
FN:136,(anonymous_9)
FNF:10
FNH:6
FNDA:42,findStronglyConnectedComponents
FNDA:13761,strongConnect
FNDA:42,detectCycles
FNDA:139,(anonymous_3)
FNDA:0,isInCycle
FNDA:0,(anonymous_5)
FNDA:2,getCycleForNode
FNDA:2,(anonymous_7)
FNDA:0,getCyclePath
FNDA:0,(anonymous_9)
DA:17,42
DA:18,42
DA:19,42
DA:28,42
DA:29,13761
DA:30,125
DA:34,42
DA:43,13761
DA:44,13761
DA:45,13761
DA:46,13761
DA:47,13761
DA:50,13761
DA:51,13761
DA:52,13744
DA:54,13636
DA:55,13636
DA:56,108
DA:58,95
DA:63,13761
DA:64,139
DA:66,139
DA:67,13761
DA:68,13761
DA:69,13761
DA:71,139
DA:82,42
DA:84,139
DA:94,0
DA:95,0
DA:98,0
DA:99,0
DA:109,2
DA:110,0
DA:113,2
DA:114,2
DA:125,0
DA:126,0
DA:130,0
DA:131,0
DA:132,0
DA:135,0
DA:136,0
DA:137,0
DA:139,0
DA:140,0
DA:142,0
DA:143,0
DA:144,0
DA:145,0
DA:148,0
LF:51
LH:31
BRDA:29,0,0,125
BRDA:29,0,1,13636
BRDA:52,1,0,13636
BRDA:52,1,1,108
BRDA:56,2,0,95
BRDA:56,2,1,13
BRDA:63,3,0,139
BRDA:63,3,1,13622
BRDA:94,4,0,0
BRDA:94,4,1,0
BRDA:109,5,0,0
BRDA:109,5,1,2
BRDA:114,6,0,2
BRDA:114,6,1,0
BRDA:125,7,0,0
BRDA:125,7,1,0
BRDA:137,8,0,0
BRDA:137,8,1,0
BRF:18
BRH:10
end_of_record
TN:
SF:packages/protocols/core/graph/traversal.js
FN:17,findAllPaths
FN:29,dfs
FN:70,findShortestPath
FN:109,getReachableNodes
FN:146,getNodesReachingTarget
FN:182,getSubgraphFrom
FN:192,findConnectedComponents
FN:234,getDistances
FN:264,topologicalSort
FN:275,(anonymous_9)
FN:304,getLeafNodes
FN:305,(anonymous_11)
FN:313,getRootNodes
FN:314,(anonymous_13)
FNF:14
FNH:4
FNDA:4,findAllPaths
FNDA:12,dfs
FNDA:0,findShortestPath
FNDA:32,getReachableNodes
FNDA:32,getNodesReachingTarget
FNDA:0,getSubgraphFrom
FNDA:0,findConnectedComponents
FNDA:0,getDistances
FNDA:0,topologicalSort
FNDA:0,(anonymous_9)
FNDA:0,getLeafNodes
FNDA:0,(anonymous_11)
FNDA:0,getRootNodes
FNDA:0,(anonymous_13)
DA:18,4
DA:19,0
DA:22,4
DA:23,0
DA:26,4
DA:27,4
DA:31,12
DA:32,0
DA:36,12
DA:37,3
DA:38,3
DA:42,9
DA:45,9
DA:46,9
DA:47,8
DA:48,8
DA:49,8
DA:50,8
DA:55,9
DA:58,4
DA:59,4
DA:71,0
DA:72,0
DA:75,0
DA:76,0
DA:79,0
DA:80,0
DA:82,0
DA:83,0
DA:84,0
DA:86,0
DA:87,0
DA:88,0
DA:89,0
DA:92,0
DA:93,0
DA:94,0
DA:99,0
DA:110,32
DA:111,0
DA:114,32
DA:115,32
DA:116,32
DA:118,32
DA:119,3796
DA:121,3796
DA:122,0
DA:125,3796
DA:126,3796
DA:127,3778
DA:128,3764
DA:129,3764
DA:130,3764
DA:135,32
DA:147,32
DA:148,0
DA:151,32
DA:152,32
DA:153,32
DA:155,32
DA:156,3792
DA:158,3792
DA:159,0
DA:163,3792
DA:164,3792
DA:165,3774
DA:166,3760
DA:167,3760
DA:168,3760
DA:173,32
DA:183,0
DA:193,0
DA:194,0
DA:195,0
DA:197,0
DA:198,0
DA:199,0
DA:200,0
DA:201,0
DA:203,0
DA:204,0
DA:205,0
DA:208,0
DA:213,0
DA:214,0
DA:215,0
DA:216,0
DA:221,0
DA:225,0
DA:235,0
DA:236,0
DA:239,0
DA:240,0
DA:242,0
DA:243,0
DA:244,0
DA:246,0
DA:247,0
DA:248,0
DA:249,0
DA:250,0
DA:255,0
DA:265,0
DA:266,0
DA:267,0
DA:270,0
DA:271,0
DA:275,0
DA:277,0
DA:278,0
DA:279,0
DA:282,0
DA:283,0
DA:284,0
DA:285,0
DA:286,0
DA:292,0
DA:293,0
DA:296,0
DA:305,0
DA:314,0
LF:121
LH:46
BRDA:17,0,0,0
BRDA:18,1,0,0
BRDA:18,1,1,4
BRDA:18,2,0,4
BRDA:18,2,1,4
BRDA:22,3,0,0
BRDA:22,3,1,4
BRDA:31,4,0,0
BRDA:31,4,1,12
BRDA:36,5,0,3
BRDA:36,5,1,9
BRDA:47,6,0,8
BRDA:47,6,1,0
BRDA:71,7,0,0
BRDA:71,7,1,0
BRDA:71,8,0,0
BRDA:71,8,1,0
BRDA:75,9,0,0
BRDA:75,9,1,0
BRDA:88,10,0,0
BRDA:88,10,1,0
BRDA:92,11,0,0
BRDA:92,11,1,0
BRDA:109,12,0,0
BRDA:110,13,0,0
BRDA:110,13,1,32
BRDA:121,14,0,0
BRDA:121,14,1,3796
BRDA:127,15,0,3764
BRDA:127,15,1,14
BRDA:146,16,0,0
BRDA:147,17,0,0
BRDA:147,17,1,32
BRDA:158,18,0,0
BRDA:158,18,1,3792
BRDA:165,19,0,3760
BRDA:165,19,1,14
BRDA:198,20,0,0
BRDA:198,20,1,0
BRDA:214,21,0,0
BRDA:214,21,1,0
BRDA:235,22,0,0
BRDA:235,22,1,0
BRDA:248,23,0,0
BRDA:248,23,1,0
BRDA:285,24,0,0
BRDA:285,24,1,0
BRDA:292,25,0,0
BRDA:292,25,1,0
BRF:49
BRH:16
end_of_record
TN:
SF:packages/protocols/core/graph/urn-utils.js
FN:31,parseURN
FN:65,isValidURN
FN:74,normalizeURN
FN:88,extractVersion
FN:106,versionMatchesRange
FN:128,(anonymous_5)
FN:129,(anonymous_6)
FN:185,parseVersionParts
FN:209,buildURN
FN:226,getURNKind
FN:236,getURNAuthority
FNF:11
FNH:7
FNDA:81583,parseURN
FNDA:27190,isValidURN
FNDA:27187,normalizeURN
FNDA:0,extractVersion
FNDA:24,versionMatchesRange
FNDA:4,(anonymous_5)
FNDA:4,(anonymous_6)
FNDA:37,parseVersionParts
FNDA:0,buildURN
FNDA:0,getURNKind
FNDA:0,getURNAuthority
DA:14,11
DA:32,81583
DA:33,2
DA:37,81581
DA:38,81581
DA:40,81581
DA:41,38
DA:44,81543
DA:47,81543
DA:48,11
DA:51,81532
DA:66,27190
DA:75,27187
DA:76,27187
DA:77,0
DA:80,27187
DA:89,0
DA:90,0
DA:107,24
DA:108,0
DA:112,24
DA:113,24
DA:116,24
DA:117,3
DA:121,21
DA:122,21
DA:123,0
DA:127,21
DA:128,4
DA:129,4
DA:133,19
DA:134,5
DA:135,5
DA:136,5
DA:141,14
DA:142,2
DA:143,2
DA:144,2
DA:150,12
DA:151,7
DA:152,7
DA:153,7
DA:157,5
DA:158,0
DA:159,0
DA:160,0
DA:164,5
DA:165,0
DA:166,0
DA:167,0
DA:171,5
DA:172,2
DA:173,2
DA:174,2
DA:177,3
DA:186,37
DA:187,37
DA:188,0
DA:191,37
DA:192,37
DA:193,37
DA:194,37
DA:196,37
DA:210,0
DA:211,0
DA:214,0
DA:215,0
DA:216,0
DA:218,0
DA:227,0
DA:228,0
DA:237,0
DA:238,0
LF:73
LH:51
BRDA:32,0,0,2
BRDA:32,0,1,81581
BRDA:40,1,0,38
BRDA:40,1,1,81543
BRDA:47,2,0,11
BRDA:47,2,1,81532
BRDA:55,3,0,81532
BRDA:55,3,1,80750
BRDA:76,4,0,0
BRDA:76,4,1,27187
BRDA:90,5,0,0
BRDA:90,5,1,0
BRDA:107,6,0,0
BRDA:107,6,1,24
BRDA:107,7,0,24
BRDA:107,7,1,24
BRDA:116,8,0,3
BRDA:116,8,1,21
BRDA:122,9,0,0
BRDA:122,9,1,21
BRDA:127,10,0,2
BRDA:127,10,1,19
BRDA:133,11,0,5
BRDA:133,11,1,14
BRDA:135,12,0,0
BRDA:135,12,1,5
BRDA:136,13,0,5
BRDA:136,13,1,3
BRDA:141,14,0,2
BRDA:141,14,1,12
BRDA:143,15,0,0
BRDA:143,15,1,2
BRDA:144,16,0,2
BRDA:144,16,1,2
BRDA:144,16,2,1
BRDA:150,17,0,7
BRDA:150,17,1,5
BRDA:152,18,0,0
BRDA:152,18,1,7
BRDA:157,19,0,0
BRDA:157,19,1,5
BRDA:159,20,0,0
BRDA:159,20,1,0
BRDA:164,21,0,0
BRDA:164,21,1,5
BRDA:166,22,0,0
BRDA:166,22,1,0
BRDA:171,23,0,2
BRDA:171,23,1,3
BRDA:173,24,0,0
BRDA:173,24,1,2
BRDA:187,25,0,0
BRDA:187,25,1,37
BRDA:209,26,0,0
BRDA:210,27,0,0
BRDA:210,27,1,0
BRDA:215,28,0,0
BRDA:215,28,1,0
BRDA:228,29,0,0
BRDA:228,29,1,0
BRDA:238,30,0,0
BRDA:238,30,1,0
BRF:62
BRH:37
end_of_record
TN:
SF:packages/protocols/core/overrides/exporter.js
FN:20,(anonymous_0)
FN:38,(anonymous_1)
FN:83,(anonymous_2)
FN:123,(anonymous_3)
FN:162,(anonymous_4)
FN:200,(anonymous_5)
FN:202,(anonymous_6)
FN:203,(anonymous_7)
FN:217,(anonymous_8)
FN:270,(anonymous_9)
FN:347,(anonymous_10)
FN:355,(anonymous_11)
FN:362,(anonymous_12)
FN:370,(anonymous_13)
FNF:14
FNH:3
FNDA:81,(anonymous_0)
FNDA:0,(anonymous_1)
FNDA:0,(anonymous_2)
FNDA:0,(anonymous_3)
FNDA:0,(anonymous_4)
FNDA:0,(anonymous_5)
FNDA:0,(anonymous_6)
FNDA:0,(anonymous_7)
FNDA:0,(anonymous_8)
FNDA:0,(anonymous_9)
FNDA:44,(anonymous_10)
FNDA:44,(anonymous_11)
FNDA:0,(anonymous_12)
FNDA:0,(anonymous_13)
DA:12,4
DA:13,4
DA:14,4
DA:21,81
DA:22,81
DA:39,0
DA:41,0
DA:64,0
DA:65,0
DA:66,0
DA:69,0
DA:70,0
DA:84,0
DA:86,0
DA:108,0
DA:109,0
DA:110,0
DA:113,0
DA:114,0
DA:124,0
DA:126,0
DA:147,0
DA:148,0
DA:149,0
DA:152,0
DA:153,0
DA:163,0
DA:165,0
DA:185,0
DA:186,0
DA:187,0
DA:190,0
DA:191,0
DA:201,0
DA:202,0
DA:203,0
DA:206,0
DA:218,0
DA:219,0
DA:225,0
DA:227,0
DA:228,0
DA:229,0
DA:233,0
DA:238,0
DA:241,0
DA:243,0
DA:246,0
DA:247,0
DA:250,0
DA:256,0
DA:271,0
DA:272,0
DA:278,0
DA:280,0
DA:281,0
DA:282,0
DA:286,0
DA:297,0
DA:304,0
DA:305,0
DA:306,0
DA:307,0
DA:309,0
DA:313,0
DA:314,0
DA:315,0
DA:323,0
DA:325,0
DA:326,0
DA:328,0
DA:336,0
DA:348,44
DA:356,44
DA:363,0
DA:371,0
DA:373,0
DA:374,0
DA:375,0
DA:376,0
DA:383,0
DA:390,4
LF:82
LH:8
BRDA:38,0,0,0
BRDA:46,1,0,0
BRDA:46,1,1,0
BRDA:47,2,0,0
BRDA:47,2,1,0
BRDA:48,3,0,0
BRDA:48,3,1,0
BRDA:50,4,0,0
BRDA:50,4,1,0
BRDA:51,5,0,0
BRDA:51,5,1,0
BRDA:54,6,0,0
BRDA:54,6,1,0
BRDA:57,7,0,0
BRDA:57,7,1,0
BRDA:58,8,0,0
BRDA:58,8,1,0
BRDA:59,9,0,0
BRDA:59,9,1,0
BRDA:65,10,0,0
BRDA:65,10,1,0
BRDA:83,11,0,0
BRDA:91,12,0,0
BRDA:91,12,1,0
BRDA:92,13,0,0
BRDA:92,13,1,0
BRDA:93,14,0,0
BRDA:93,14,1,0
BRDA:96,15,0,0
BRDA:96,15,1,0
BRDA:99,16,0,0
BRDA:99,16,1,0
BRDA:102,17,0,0
BRDA:102,17,1,0
BRDA:103,18,0,0
BRDA:103,18,1,0
BRDA:104,19,0,0
BRDA:104,19,1,0
BRDA:109,20,0,0
BRDA:109,20,1,0
BRDA:123,21,0,0
BRDA:131,22,0,0
BRDA:131,22,1,0
BRDA:132,23,0,0
BRDA:132,23,1,0
BRDA:134,24,0,0
BRDA:134,24,1,0
BRDA:135,25,0,0
BRDA:135,25,1,0
BRDA:138,26,0,0
BRDA:138,26,1,0
BRDA:141,27,0,0
BRDA:141,27,1,0
BRDA:142,28,0,0
BRDA:142,28,1,0
BRDA:143,29,0,0
BRDA:143,29,1,0
BRDA:148,30,0,0
BRDA:148,30,1,0
BRDA:162,31,0,0
BRDA:171,32,0,0
BRDA:171,32,1,0
BRDA:173,33,0,0
BRDA:173,33,1,0
BRDA:174,34,0,0
BRDA:174,34,1,0
BRDA:177,35,0,0
BRDA:177,35,1,0
BRDA:180,36,0,0
BRDA:180,36,1,0
BRDA:181,37,0,0
BRDA:181,37,1,0
BRDA:186,38,0,0
BRDA:186,38,1,0
BRDA:217,39,0,0
BRDA:218,40,0,0
BRDA:218,40,1,0
BRDA:228,41,0,0
BRDA:228,41,1,0
BRDA:233,42,0,0
BRDA:233,42,1,0
BRDA:246,43,0,0
BRDA:246,43,1,0
BRDA:270,44,0,0
BRDA:271,45,0,0
BRDA:271,45,1,0
BRDA:281,46,0,0
BRDA:281,46,1,0
BRDA:288,47,0,0
BRDA:288,47,1,0
BRDA:289,48,0,0
BRDA:289,48,1,0
BRDA:290,49,0,0
BRDA:290,49,1,0
BRDA:293,50,0,0
BRDA:293,50,1,0
BRDA:306,51,0,0
BRDA:306,51,1,0
BRDA:375,52,0,0
BRDA:375,52,1,0
BRF:100
BRH:0
end_of_record
TN:
SF:packages/protocols/core/overrides/index.js
FN:33,(anonymous_0)
FN:46,(anonymous_1)
FN:57,(anonymous_2)
FN:67,(anonymous_3)
FN:115,(anonymous_4)
FN:133,(anonymous_5)
FN:144,(anonymous_6)
FN:154,(anonymous_7)
FN:169,(anonymous_8)
FN:185,(anonymous_9)
FN:194,(anonymous_10)
FN:201,(anonymous_11)
FN:209,(anonymous_12)
FNF:13
FNH:3
FNDA:81,(anonymous_0)
FNDA:0,(anonymous_1)
FNDA:0,(anonymous_2)
FNDA:0,(anonymous_3)
FNDA:0,(anonymous_4)
FNDA:0,(anonymous_5)
FNDA:0,(anonymous_6)
FNDA:0,(anonymous_7)
FNDA:44,(anonymous_8)
FNDA:14,(anonymous_9)
FNDA:0,(anonymous_10)
FNDA:0,(anonymous_11)
FNDA:0,(anonymous_12)
DA:18,4
DA:19,4
DA:20,4
DA:27,4
DA:34,81
DA:35,81
DA:36,81
DA:37,81
DA:47,0
DA:58,0
DA:68,0
DA:69,0
DA:76,0
DA:77,0
DA:86,0
DA:87,0
DA:89,0
DA:90,0
DA:102,0
DA:116,0
DA:117,0
DA:118,0
DA:119,0
DA:120,0
DA:121,0
DA:124,0
DA:134,0
DA:145,0
DA:155,0
DA:156,0
DA:158,0
DA:159,0
DA:161,0
DA:170,44
DA:171,44
DA:173,44
DA:186,14
DA:195,0
DA:202,0
DA:210,0
DA:214,4
LF:41
LH:13
BRDA:33,0,0,81
BRDA:46,1,0,0
BRDA:57,2,0,0
BRDA:67,3,0,0
BRDA:68,4,0,0
BRDA:68,4,1,0
BRDA:69,5,0,0
BRDA:69,5,1,0
BRDA:76,6,0,0
BRDA:76,6,1,0
BRDA:82,7,0,0
BRDA:82,7,1,0
BRDA:83,8,0,0
BRDA:83,8,1,0
BRDA:86,9,0,0
BRDA:86,9,1,0
BRDA:89,10,0,0
BRDA:89,10,1,0
BRDA:95,11,0,0
BRDA:95,11,1,0
BRDA:96,12,0,0
BRDA:96,12,1,0
BRDA:115,13,0,0
BRDA:115,14,0,0
BRDA:116,15,0,0
BRDA:116,15,1,0
BRDA:118,16,0,0
BRDA:118,16,1,0
BRDA:120,17,0,0
BRDA:120,17,1,0
BRDA:133,18,0,0
BRDA:144,19,0,0
BRDA:154,20,0,0
BRDA:158,21,0,0
BRDA:158,21,1,0
BRF:35
BRH:1
end_of_record
TN:
SF:packages/protocols/core/overrides/loader.js
FN:24,(anonymous_0)
FN:37,(anonymous_1)
FN:73,(anonymous_2)
FN:119,(anonymous_3)
FN:151,(anonymous_4)
FN:166,(anonymous_5)
FN:171,(anonymous_6)
FN:175,(anonymous_7)
FN:187,(anonymous_8)
FN:196,(anonymous_9)
FN:204,(anonymous_10)
FN:212,(anonymous_11)
FN:220,(anonymous_12)
FN:243,(anonymous_13)
FN:256,createStandardLoader
FNF:15
FNH:14
FNDA:109,(anonymous_0)
FNDA:166,(anonymous_1)
FNDA:8,(anonymous_2)
FNDA:33,(anonymous_3)
FNDA:33,(anonymous_4)
FNDA:4,(anonymous_5)
FNDA:4,(anonymous_6)
FNDA:4,(anonymous_7)
FNDA:19,(anonymous_8)
FNDA:11,(anonymous_9)
FNDA:14,(anonymous_10)
FNDA:2,(anonymous_11)
FNDA:45,(anonymous_12)
FNDA:0,(anonymous_13)
FNDA:81,createStandardLoader
DA:16,6
DA:17,6
DA:18,6
DA:25,109
DA:26,109
DA:27,109
DA:28,109
DA:38,166
DA:39,163
DA:42,3
DA:43,3
DA:44,0
DA:45,0
DA:48,3
DA:49,3
DA:51,3
DA:52,5
DA:53,5
DA:55,5
DA:57,1
DA:58,4
DA:59,3
DA:60,3
DA:64,3
DA:74,8
DA:75,8
DA:76,8
DA:79,7
DA:81,7
DA:82,7
DA:84,8
DA:85,8
DA:87,8
DA:88,8
DA:92,8
DA:93,8
DA:94,7
DA:95,7
DA:97,1
DA:105,7
DA:107,1
DA:111,1
DA:121,33
DA:122,33
DA:124,3
DA:125,3
DA:127,3
DA:129,2
DA:130,2
DA:131,1
DA:133,1
DA:134,1
DA:136,1
DA:137,1
DA:138,1
DA:143,30
DA:152,33
DA:153,33
DA:156,33
DA:157,26
DA:159,33
DA:167,4
DA:168,4
DA:171,4
DA:174,4
DA:175,4
DA:179,4
DA:188,19
DA:197,11
DA:205,14
DA:213,2
DA:221,45
DA:228,45
DA:230,3
DA:233,3
DA:234,3
DA:237,45
DA:244,0
DA:245,0
DA:246,0
DA:247,0
DA:257,81
DA:261,81
DA:262,81
DA:265,81
DA:266,81
DA:267,0
DA:271,81
DA:272,81
DA:274,81
DA:277,6
LF:91
LH:84
BRDA:37,0,0,2
BRDA:38,1,0,163
BRDA:38,1,1,3
BRDA:43,2,0,0
BRDA:43,2,1,3
BRDA:55,3,0,1
BRDA:55,3,1,4
BRDA:58,4,0,3
BRDA:58,4,1,1
BRDA:73,5,0,2
BRDA:79,6,0,1
BRDA:79,6,1,6
BRDA:84,7,0,8
BRDA:84,7,1,0
BRDA:87,8,0,8
BRDA:87,8,1,0
BRDA:93,9,0,7
BRDA:93,9,1,1
BRDA:99,10,0,1
BRDA:99,10,1,0
BRDA:122,11,0,3
BRDA:122,11,1,30
BRDA:127,12,0,2
BRDA:127,12,1,1
BRDA:131,13,0,1
BRDA:131,13,1,0
BRDA:136,14,0,1
BRDA:136,14,1,0
BRDA:156,15,0,26
BRDA:156,15,1,7
BRDA:168,16,0,0
BRDA:168,16,1,4
BRDA:174,17,0,4
BRDA:174,17,1,0
BRDA:188,18,0,19
BRDA:188,18,1,2
BRDA:197,19,0,11
BRDA:197,19,1,1
BRDA:230,20,0,3
BRDA:230,20,1,2
BRDA:233,21,0,3
BRDA:233,21,1,0
BRDA:234,22,0,3
BRDA:234,22,1,2
BRDA:266,23,0,0
BRDA:266,23,1,81
BRF:46
BRH:36
end_of_record
TN:
SF:packages/protocols/core/overrides/matcher.js
FN:19,(anonymous_0)
FN:34,(anonymous_1)
FN:58,(anonymous_2)
FN:74,(anonymous_3)
FN:115,(anonymous_4)
FN:130,(anonymous_5)
FN:146,(anonymous_6)
FN:168,(anonymous_7)
FN:184,(anonymous_8)
FN:230,(anonymous_9)
FN:245,(anonymous_10)
FN:272,(anonymous_11)
FN:299,(anonymous_12)
FN:302,(anonymous_13)
FN:321,(anonymous_14)
FN:337,(anonymous_15)
FN:338,(anonymous_16)
FN:357,(anonymous_17)
FN:365,(anonymous_18)
FNF:19
FNH:16
FNDA:95,(anonymous_0)
FNDA:10,(anonymous_1)
FNDA:1,(anonymous_2)
FNDA:9,(anonymous_3)
FNDA:1,(anonymous_4)
FNDA:14,(anonymous_5)
FNDA:6,(anonymous_6)
FNDA:0,(anonymous_7)
FNDA:5,(anonymous_8)
FNDA:11,(anonymous_9)
FNDA:17,(anonymous_10)
FNDA:1,(anonymous_11)
FNDA:1,(anonymous_12)
FNDA:3,(anonymous_13)
FNDA:1,(anonymous_14)
FNDA:0,(anonymous_15)
FNDA:0,(anonymous_16)
FNDA:1,(anonymous_17)
FNDA:47,(anonymous_18)
DA:13,5
DA:20,95
DA:21,95
DA:35,10
DA:38,10
DA:39,1
DA:42,9
DA:43,9
DA:45,9
DA:46,9
DA:47,9
DA:48,9
DA:57,9
DA:58,1
DA:62,9
DA:64,9
DA:75,9
DA:81,9
DA:84,9
DA:85,9
DA:86,9
DA:90,9
DA:91,3
DA:92,3
DA:93,3
DA:98,9
DA:99,1
DA:100,1
DA:101,1
DA:106,9
DA:107,0
DA:108,0
DA:109,0
DA:114,9
DA:115,1
DA:116,1
DA:118,1
DA:119,1
DA:124,9
DA:125,0
DA:129,9
DA:130,14
DA:131,9
DA:133,9
DA:134,9
DA:136,9
DA:147,6
DA:149,6
DA:150,1
DA:153,5
DA:154,5
DA:156,5
DA:157,5
DA:158,5
DA:159,5
DA:167,5
DA:168,0
DA:171,5
DA:173,5
DA:185,5
DA:191,5
DA:194,5
DA:195,5
DA:196,5
DA:197,5
DA:202,5
DA:203,4
DA:204,4
DA:205,4
DA:210,5
DA:211,1
DA:212,1
DA:213,1
DA:218,5
DA:219,1
DA:220,1
DA:221,1
DA:225,5
DA:226,0
DA:229,5
DA:230,11
DA:231,5
DA:233,5
DA:234,5
DA:236,5
DA:246,17
DA:249,17
DA:250,2
DA:251,2
DA:252,2
DA:254,0
DA:259,15
DA:260,15
DA:263,0
DA:273,1
DA:275,1
DA:276,1
DA:277,1
DA:279,1
DA:280,3
DA:281,3
DA:282,3
DA:287,1
DA:289,0
DA:300,1
DA:302,3
DA:305,1
DA:306,1
DA:307,2
DA:308,2
DA:312,1
DA:322,1
DA:325,1
DA:326,1
DA:330,0
DA:331,0
DA:332,0
DA:334,0
DA:335,0
DA:337,0
DA:338,0
DA:341,0
DA:342,0
DA:343,0
DA:344,0
DA:348,0
DA:351,0
DA:358,1
DA:366,47
DA:373,5
LF:130
LH:108
BRDA:34,0,0,0
BRDA:35,1,0,10
BRDA:35,1,1,7
BRDA:35,2,0,10
BRDA:35,2,1,9
BRDA:38,3,0,1
BRDA:38,3,1,9
BRDA:47,4,0,9
BRDA:47,4,1,0
BRDA:57,5,0,8
BRDA:57,5,1,1
BRDA:58,6,0,1
BRDA:58,6,1,0
BRDA:85,7,0,9
BRDA:85,7,1,0
BRDA:90,8,0,3
BRDA:90,8,1,6
BRDA:90,9,0,9
BRDA:90,9,1,3
BRDA:92,10,0,3
BRDA:92,10,1,0
BRDA:98,11,0,1
BRDA:98,11,1,8
BRDA:98,12,0,9
BRDA:98,12,1,1
BRDA:98,12,2,1
BRDA:100,13,0,1
BRDA:100,13,1,0
BRDA:106,14,0,0
BRDA:106,14,1,9
BRDA:106,15,0,9
BRDA:106,15,1,0
BRDA:108,16,0,0
BRDA:108,16,1,0
BRDA:114,17,0,1
BRDA:114,17,1,8
BRDA:114,18,0,9
BRDA:114,18,1,1
BRDA:118,19,0,1
BRDA:118,19,1,0
BRDA:124,20,0,0
BRDA:124,20,1,9
BRDA:146,21,0,0
BRDA:149,22,0,1
BRDA:149,22,1,5
BRDA:158,23,0,5
BRDA:158,23,1,0
BRDA:167,24,0,5
BRDA:167,24,1,0
BRDA:168,25,0,0
BRDA:168,25,1,0
BRDA:194,26,0,5
BRDA:194,26,1,0
BRDA:196,27,0,5
BRDA:196,27,1,0
BRDA:202,28,0,4
BRDA:202,28,1,1
BRDA:204,29,0,4
BRDA:204,29,1,0
BRDA:210,30,0,1
BRDA:210,30,1,4
BRDA:210,31,0,5
BRDA:210,31,1,1
BRDA:212,32,0,1
BRDA:212,32,1,0
BRDA:218,33,0,1
BRDA:218,33,1,4
BRDA:218,34,0,5
BRDA:218,34,1,1
BRDA:220,35,0,1
BRDA:220,35,1,0
BRDA:225,36,0,0
BRDA:225,36,1,5
BRDA:246,37,0,0
BRDA:246,37,1,17
BRDA:246,38,0,17
BRDA:246,38,1,17
BRDA:249,39,0,2
BRDA:249,39,1,15
BRDA:249,40,0,17
BRDA:249,40,1,2
BRDA:251,41,0,2
BRDA:251,41,1,0
BRDA:259,42,0,15
BRDA:259,42,1,0
BRDA:273,43,0,0
BRDA:273,43,1,1
BRDA:273,44,0,1
BRDA:273,44,1,1
BRDA:273,44,2,1
BRDA:276,45,0,1
BRDA:276,45,1,0
BRDA:280,46,0,3
BRDA:280,46,1,0
BRDA:280,47,0,3
BRDA:280,47,1,3
BRDA:281,48,0,3
BRDA:281,48,1,0
BRDA:300,49,0,0
BRDA:300,49,1,1
BRDA:300,50,0,1
BRDA:300,50,1,1
BRDA:307,51,0,2
BRDA:307,51,1,0
BRDA:322,52,0,0
BRDA:322,52,1,1
BRDA:325,53,0,1
BRDA:325,53,1,0
BRDA:330,54,0,0
BRDA:330,54,1,0
BRDA:331,55,0,0
BRDA:331,55,1,0
BRDA:332,56,0,0
BRDA:332,56,1,0
BRDA:335,57,0,0
BRDA:335,57,1,0
BRDA:343,58,0,0
BRDA:343,58,1,0
BRF:118
BRH:74
end_of_record
TN:
SF:packages/protocols/core/overrides/schema.js
FN:101,validateRule
FN:131,(anonymous_1)
FN:166,calculateDecay
FN:184,calculateEffectiveConfidence
FN:205,getPrecedence
FNF:5
FNH:5
FNDA:13,validateRule
FNDA:14,(anonymous_1)
FNDA:24,calculateDecay
FNDA:19,calculateEffectiveConfidence
FNDA:12,getPrecedence
DA:17,7
DA:41,7
DA:80,7
DA:89,7
DA:102,13
DA:105,13
DA:106,0
DA:109,13
DA:110,2
DA:113,13
DA:114,2
DA:117,13
DA:118,2
DA:121,13
DA:122,3
DA:126,13
DA:127,11
DA:128,11
DA:131,11
DA:132,14
DA:135,11
DA:136,1
DA:141,13
DA:142,9
DA:143,0
DA:146,9
DA:147,0
DA:150,9
DA:151,0
DA:155,13
DA:167,24
DA:169,23
DA:170,23
DA:171,23
DA:173,23
DA:174,4
DA:175,2
DA:176,1
DA:185,19
DA:188,19
DA:189,19
DA:192,19
DA:193,2
DA:194,2
DA:197,19
DA:206,12
DA:207,12
DA:210,7
LF:48
LH:44
BRDA:105,0,0,0
BRDA:105,0,1,13
BRDA:105,1,0,13
BRDA:105,1,1,13
BRDA:109,2,0,2
BRDA:109,2,1,11
BRDA:109,3,0,13
BRDA:109,3,1,13
BRDA:113,4,0,2
BRDA:113,4,1,11
BRDA:113,5,0,13
BRDA:113,5,1,11
BRDA:117,6,0,2
BRDA:117,6,1,11
BRDA:117,7,0,13
BRDA:117,7,1,11
BRDA:121,8,0,3
BRDA:121,8,1,10
BRDA:121,9,0,13
BRDA:121,9,1,11
BRDA:121,9,2,11
BRDA:126,10,0,11
BRDA:126,10,1,2
BRDA:126,11,0,13
BRDA:126,11,1,13
BRDA:132,12,0,14
BRDA:132,12,1,10
BRDA:135,13,0,1
BRDA:135,13,1,10
BRDA:141,14,0,9
BRDA:141,14,1,4
BRDA:142,15,0,0
BRDA:142,15,1,9
BRDA:142,16,0,9
BRDA:142,16,1,9
BRDA:146,17,0,0
BRDA:146,17,1,9
BRDA:146,18,0,9
BRDA:146,18,1,1
BRDA:150,19,0,0
[...]
DA:131,0
DA:133,0
DA:134,0
DA:135,0
DA:138,0
DA:140,0
DA:141,0
DA:146,0
DA:147,0
DA:148,0
DA:153,0
DA:154,0
DA:155,0
DA:160,0
DA:161,0
DA:171,0
DA:173,0
DA:174,0
DA:175,0
DA:176,0
DA:177,0
DA:187,0
DA:188,0
DA:189,0
DA:192,0
DA:193,0
DA:194,0
DA:197,0
DA:198,0
DA:208,0
DA:210,0
DA:211,0
DA:212,0
DA:213,0
DA:218,0
DA:219,0
DA:228,0
DA:229,0
DA:230,0
DA:233,0
DA:234,0
DA:235,0
DA:238,0
DA:239,0
DA:249,0
DA:250,0
DA:251,0
DA:253,0
DA:254,0
DA:255,0
DA:256,0
DA:261,0
DA:264,0
DA:265,0
DA:268,0
DA:269,0
DA:271,0
DA:272,0
DA:273,0
DA:274,0
DA:278,0
DA:279,0
DA:282,0
DA:283,0
DA:284,0
DA:294,0
DA:296,0
DA:297,0
DA:298,0
DA:299,0
DA:301,0
DA:302,0
DA:307,0
DA:308,0
DA:309,0
DA:312,0
DA:313,0
DA:314,0
DA:317,0
DA:318,0
DA:322,0
DA:330,0
DA:332,0
DA:333,0
DA:335,0
DA:336,0
DA:337,0
DA:345,0
DA:346,0
DA:347,0
DA:350,0
DA:351,0
DA:352,0
DA:355,0
DA:356,0
DA:361,0
LF:137
LH:0
BRDA:35,0,0,0
BRDA:35,0,1,0
BRDA:35,1,0,0
BRDA:35,1,1,0
BRDA:50,2,0,0
BRDA:50,2,1,0
BRDA:69,3,0,0
BRDA:69,3,1,0
BRDA:72,4,0,0
BRDA:72,4,1,0
BRDA:72,4,2,0
BRDA:76,5,0,0
BRDA:76,5,1,0
BRDA:79,6,0,0
BRDA:79,6,1,0
BRDA:81,7,0,0
BRDA:81,7,1,0
BRDA:83,8,0,0
BRDA:83,8,1,0
BRDA:85,9,0,0
BRDA:85,9,1,0
BRDA:130,10,0,0
BRDA:131,11,0,0
BRDA:131,11,1,0
BRDA:134,12,0,0
BRDA:134,12,1,0
BRDA:135,13,0,0
BRDA:135,13,1,0
BRDA:140,14,0,0
BRDA:140,14,1,0
BRDA:146,15,0,0
BRDA:146,15,1,0
BRDA:153,16,0,0
BRDA:153,16,1,0
BRDA:160,17,0,0
BRDA:160,17,1,0
BRDA:170,18,0,0
BRDA:171,19,0,0
BRDA:171,19,1,0
BRDA:174,20,0,0
BRDA:174,20,1,0
BRDA:176,21,0,0
BRDA:176,21,1,0
BRDA:187,22,0,0
BRDA:187,22,1,0
BRDA:192,23,0,0
BRDA:192,23,1,0
BRDA:197,24,0,0
BRDA:197,24,1,0
BRDA:207,25,0,0
BRDA:208,26,0,0
BRDA:208,26,1,0
BRDA:211,27,0,0
BRDA:211,27,1,0
BRDA:212,28,0,0
BRDA:212,28,1,0
BRDA:218,29,0,0
BRDA:218,29,1,0
BRDA:228,30,0,0
BRDA:228,30,1,0
BRDA:233,31,0,0
BRDA:233,31,1,0
BRDA:238,32,0,0
BRDA:238,32,1,0
BRDA:253,33,0,0
BRDA:254,34,0,0
BRDA:254,34,1,0
BRDA:264,35,0,0
BRDA:264,35,1,0
BRDA:271,36,0,0
BRDA:271,36,1,0
BRDA:273,37,0,0
BRDA:273,37,1,0
BRDA:283,38,0,0
BRDA:283,38,1,0
BRDA:293,39,0,0
BRDA:294,40,0,0
BRDA:294,40,1,0
BRDA:297,41,0,0
BRDA:297,41,1,0
BRDA:298,42,0,0
BRDA:298,42,1,0
BRDA:301,43,0,0
BRDA:301,43,1,0
BRDA:307,44,0,0
BRDA:307,44,1,0
BRDA:312,45,0,0
BRDA:312,45,1,0
BRDA:317,46,0,0
BRDA:317,46,1,0
BRDA:332,47,0,0
BRDA:333,48,0,0
BRDA:333,48,1,0
BRDA:336,49,0,0
BRDA:336,49,1,0
BRDA:336,50,0,0
BRDA:336,50,1,0
BRDA:336,50,2,0
BRDA:345,51,0,0
BRDA:345,51,1,0
BRDA:350,52,0,0
BRDA:350,52,1,0
BRDA:355,53,0,0
BRDA:355,53,1,0
BRF:104
BRH:0
end_of_record
TN:
SF:packages/runtime/workflow/adapters/eventAdapter.js
FN:14,(anonymous_0)
FN:24,(anonymous_1)
FN:28,(anonymous_2)
FN:49,(anonymous_3)
FN:56,(anonymous_4)
FN:71,(anonymous_5)
FN:115,(anonymous_6)
FN:119,(anonymous_7)
FN:144,(anonymous_8)
FN:175,(anonymous_9)
FN:200,(anonymous_10)
FN:219,(anonymous_11)
FN:221,(anonymous_12)
FN:232,(anonymous_13)
FNF:14
FNH:13
FNDA:62,(anonymous_0)
FNDA:43,(anonymous_1)
FNDA:4,(anonymous_2)
FNDA:1,(anonymous_3)
FNDA:0,(anonymous_4)
FNDA:18,(anonymous_5)
FNDA:9,(anonymous_6)
FNDA:1,(anonymous_7)
FNDA:8,(anonymous_8)
FNDA:8,(anonymous_9)
FNDA:7,(anonymous_10)
FNDA:5,(anonymous_11)
FNDA:1,(anonymous_12)
FNDA:15,(anonymous_13)
DA:15,62
DA:16,62
DA:17,62
DA:25,43
DA:27,43
DA:29,4
DA:30,4
DA:32,4
DA:33,1
DA:34,1
DA:35,1
DA:37,0
DA:41,4
DA:50,1
DA:51,1
DA:53,1
DA:57,0
DA:58,0
DA:59,0
DA:60,0
DA:72,18
DA:74,18
DA:75,1
DA:76,1
DA:79,17
DA:80,1
DA:81,16
DA:82,1
DA:83,15
DA:84,2
DA:87,17
DA:88,2
DA:89,1
DA:93,17
DA:94,2
DA:95,1
DA:99,17
DA:100,1
DA:103,17
DA:116,9
DA:117,9
DA:118,1
DA:119,1
DA:125,8
DA:126,8
DA:127,8
DA:128,7
DA:130,1
DA:145,8
DA:162,8
DA:163,1
DA:164,1
DA:167,8
DA:176,8
DA:177,0
DA:180,8
DA:183,7
DA:201,7
DA:215,7
DA:216,3
DA:219,5
DA:220,3
DA:221,1
DA:225,7
DA:233,15
LF:65
LH:59
BRDA:14,0,0,3
BRDA:17,1,0,62
BRDA:17,1,1,43
BRDA:29,2,0,4
BRDA:29,2,1,3
BRDA:50,3,0,1
BRDA:50,3,1,0
BRDA:57,4,0,0
BRDA:57,4,1,0
BRDA:59,5,0,0
BRDA:59,5,1,0
BRDA:74,6,0,1
BRDA:74,6,1,17
BRDA:79,7,0,1
BRDA:79,7,1,16
BRDA:79,8,0,17
BRDA:79,8,1,16
BRDA:81,9,0,1
BRDA:81,9,1,15
BRDA:83,10,0,2
BRDA:83,10,1,13
BRDA:87,11,0,2
BRDA:87,11,1,15
BRDA:88,12,0,1
BRDA:88,12,1,1
BRDA:88,13,0,2
BRDA:88,13,1,2
BRDA:88,13,2,2
BRDA:93,14,0,2
BRDA:93,14,1,15
BRDA:94,15,0,1
BRDA:94,15,1,1
BRDA:94,16,0,2
BRDA:94,16,1,2
BRDA:99,17,0,1
BRDA:99,17,1,16
BRDA:99,18,0,17
BRDA:99,18,1,1
BRDA:117,19,0,1
BRDA:117,19,1,8
BRDA:147,20,0,8
BRDA:147,20,1,0
BRDA:153,21,0,8
BRDA:153,21,1,7
BRDA:154,22,0,0
BRDA:154,22,1,8
BRDA:155,23,0,8
BRDA:155,23,1,8
BRDA:162,24,0,1
BRDA:162,24,1,7
BRDA:176,25,0,0
BRDA:176,25,1,8
BRDA:176,26,0,8
BRDA:176,26,1,8
BRDA:215,27,0,3
BRDA:215,27,1,4
BRDA:215,28,0,7
BRDA:215,28,1,7
BRDA:220,29,0,1
BRDA:220,29,1,2
BRF:60
BRH:52
end_of_record
TN:
SF:packages/runtime/workflow/adapters/httpAdapter.js
FN:14,(anonymous_0)
FN:24,(anonymous_1)
FN:68,(anonymous_2)
FN:72,(anonymous_3)
FN:98,(anonymous_4)
FN:124,(anonymous_5)
FN:138,(anonymous_6)
FN:180,(anonymous_7)
FN:182,(anonymous_8)
FN:208,(anonymous_9)
FN:239,(anonymous_10)
FN:240,(anonymous_11)
FN:247,(anonymous_12)
FNF:13
FNH:13
FNDA:59,(anonymous_0)
FNDA:20,(anonymous_1)
FNDA:10,(anonymous_2)
FNDA:2,(anonymous_3)
FNDA:9,(anonymous_4)
FNDA:2,(anonymous_5)
FNDA:9,(anonymous_6)
FNDA:20,(anonymous_7)
FNDA:4,(anonymous_8)
FNDA:6,(anonymous_9)
FNDA:11,(anonymous_10)
FNDA:11,(anonymous_11)
FNDA:17,(anonymous_12)
DA:15,59
DA:16,59
DA:25,20
DA:27,20
DA:28,1
DA:29,1
DA:32,19
DA:33,1
DA:34,18
DA:35,2
DA:38,19
DA:39,2
DA:41,17
DA:42,17
DA:44,1
DA:48,19
DA:49,1
DA:52,19
DA:53,1
DA:56,19
DA:69,10
DA:70,10
DA:71,1
DA:72,2
DA:78,9
DA:80,9
DA:81,9
DA:82,6
DA:84,3
DA:99,9
DA:113,9
DA:114,1
DA:115,1
DA:117,0
DA:122,9
DA:123,1
DA:124,1
DA:125,2
DA:127,1
DA:130,9
DA:141,9
DA:142,20
DA:143,20
DA:145,16
DA:146,6
DA:150,6
DA:151,4
DA:155,2
DA:158,12
DA:161,12
DA:162,0
DA:167,14
DA:168,11
DA:172,3
DA:181,20
DA:182,20
DA:184,20
DA:185,20
DA:192,16
DA:193,16
DA:195,4
DA:196,4
DA:197,0
DA:199,4
DA:209,6
DA:217,6
DA:219,6
DA:220,6
DA:221,6
DA:223,0
DA:225,0
DA:226,0
DA:228,0
DA:231,6
DA:240,11
DA:248,17
LF:76
LH:69
BRDA:14,0,0,18
BRDA:27,1,0,1
BRDA:27,1,1,19
BRDA:32,2,0,1
BRDA:32,2,1,18
BRDA:34,3,0,2
BRDA:34,3,1,16
BRDA:38,4,0,2
BRDA:38,4,1,17
BRDA:48,5,0,1
BRDA:48,5,1,18
BRDA:48,6,0,19
BRDA:48,6,1,2
BRDA:48,6,2,2
BRDA:52,7,0,1
BRDA:52,7,1,18
BRDA:52,8,0,19
BRDA:52,8,1,1
BRDA:52,8,2,1
BRDA:70,9,0,1
BRDA:70,9,1,9
BRDA:102,10,0,9
BRDA:102,10,1,9
BRDA:113,11,0,1
BRDA:113,11,1,8
BRDA:113,12,0,9
BRDA:113,12,1,1
BRDA:114,13,0,1
BRDA:114,13,1,0
BRDA:122,14,0,1
BRDA:122,14,1,8
BRDA:145,15,0,6
BRDA:145,15,1,6
BRDA:150,16,0,4
BRDA:150,16,1,2
BRDA:150,17,0,6
BRDA:150,17,1,6
BRDA:161,18,0,0
BRDA:161,18,1,12
BRDA:167,19,0,11
BRDA:167,19,1,3
BRDA:196,20,0,0
BRDA:196,20,1,4
BRDA:217,21,0,6
BRDA:217,21,1,0
BRDA:219,22,0,6
BRDA:219,22,1,0
BRDA:225,23,0,0
BRDA:225,23,1,0
BRF:49
BRH:42
end_of_record
TN:
SF:packages/runtime/workflow/adapters/toolAdapter.js
FN:14,(anonymous_0)
FN:24,(anonymous_1)
FN:31,(anonymous_2)
FN:37,(anonymous_3)
FN:49,(anonymous_4)
FN:54,(anonymous_5)
FN:60,(anonymous_6)
FN:61,(anonymous_7)
FN:62,(anonymous_8)
FN:68,(anonymous_9)
FN:77,(anonymous_10)
FN:117,(anonymous_11)
FN:121,(anonymous_12)
FN:146,(anonymous_13)
FN:166,(anonymous_14)
FN:185,(anonymous_15)
FN:206,(anonymous_16)
FN:220,(anonymous_17)
FN:221,(anonymous_18)
FN:222,(anonymous_19)
FN:244,(anonymous_20)
FN:263,(anonymous_21)
FNF:22
FNH:20
FNDA:71,(anonymous_0)
FNDA:46,(anonymous_1)
FNDA:2,(anonymous_2)
FNDA:2,(anonymous_3)
FNDA:1,(anonymous_4)
FNDA:1,(anonymous_5)
FNDA:6,(anonymous_6)
FNDA:16,(anonymous_7)
FNDA:0,(anonymous_8)
FNDA:0,(anonymous_9)
FNDA:20,(anonymous_10)
FNDA:12,(anonymous_11)
FNDA:1,(anonymous_12)
FNDA:11,(anonymous_13)
FNDA:9,(anonymous_14)
FNDA:9,(anonymous_15)
FNDA:5,(anonymous_16)
FNDA:14,(anonymous_17)
FNDA:14,(anonymous_18)
FNDA:4,(anonymous_19)
FNDA:6,(anonymous_20)
FNDA:15,(anonymous_21)
DA:15,71
DA:16,71
DA:17,71
DA:25,46
DA:28,46
DA:31,2
DA:34,46
DA:38,2
DA:39,2
DA:40,1
DA:42,1
DA:46,46
DA:50,1
DA:51,1
DA:52,0
DA:54,1
DA:55,1
DA:59,46
DA:60,6
DA:61,16
DA:63,0
DA:64,0
DA:66,0
DA:68,0
DA:78,20
DA:80,20
DA:81,1
DA:82,1
DA:85,19
DA:86,1
DA:87,18
DA:88,1
DA:89,17
DA:90,2
DA:93,19
DA:94,1
DA:95,1
DA:99,19
DA:100,1
DA:101,1
DA:105,19
DA:118,12
DA:119,12
DA:120,1
DA:121,1
DA:127,11
DA:128,11
DA:129,9
DA:130,9
DA:131,6
DA:133,5
DA:147,11
DA:148,0
DA:151,11
DA:152,11
DA:153,2
DA:154,2
DA:157,9
DA:167,9
DA:186,9
DA:187,9
DA:190,9
DA:191,14
DA:192,14
DA:193,6
DA:195,8
DA:198,8
DA:199,2
DA:204,6
DA:205,5
DA:206,5
DA:210,1
DA:221,14
DA:222,14
DA:223,4
DA:226,14
DA:227,14
DA:228,10
DA:229,10
DA:231,4
DA:232,4
DA:245,6
DA:264,15
DA:266,15
LF:84
LH:78
BRDA:14,0,0,6
BRDA:17,1,0,71
BRDA:17,1,1,46
BRDA:39,2,0,1
BRDA:39,2,1,1
BRDA:39,3,0,2
BRDA:39,3,1,1
BRDA:51,4,0,0
BRDA:51,4,1,1
BRDA:51,5,0,1
BRDA:51,5,1,1
BRDA:63,6,0,0
BRDA:63,6,1,0
BRDA:80,7,0,1
BRDA:80,7,1,19
BRDA:85,8,0,1
BRDA:85,8,1,18
BRDA:85,9,0,19
BRDA:85,9,1,18
BRDA:87,10,0,1
BRDA:87,10,1,17
BRDA:89,11,0,2
BRDA:89,11,1,15
BRDA:93,12,0,1
BRDA:93,12,1,18
BRDA:94,13,0,1
BRDA:94,13,1,0
BRDA:94,14,0,1
BRDA:94,14,1,1
BRDA:99,15,0,1
BRDA:99,15,1,18
BRDA:100,16,0,1
BRDA:100,16,1,0
BRDA:100,17,0,1
BRDA:100,17,1,1
BRDA:100,17,2,1
BRDA:119,18,0,1
BRDA:119,18,1,11
BRDA:147,19,0,0
BRDA:147,19,1,11
BRDA:147,20,0,11
BRDA:147,20,1,11
BRDA:152,21,0,2
BRDA:152,21,1,9
BRDA:153,22,0,2
BRDA:153,22,1,0
BRDA:186,23,0,9
BRDA:186,23,1,9
BRDA:187,24,0,0
BRDA:187,24,1,9
BRDA:198,25,0,2
BRDA:198,25,1,6
BRDA:198,26,0,8
BRDA:198,26,1,6
BRDA:204,27,0,5
BRDA:204,27,1,1
BRDA:248,28,0,6
BRDA:248,28,1,0
BRDA:264,29,0,15
BRDA:264,29,1,0
BRF:60
BRH:50
end_of_record
TN:
SF:reports/pre12/jest.temp.config.js
FNF:0
FNH:0
LF:0
LH:0
BRF:0
BRH:0
end_of_record
TN:
SF:seeds/curator.js
FN:18,(anonymous_0)
FN:33,(anonymous_1)
FN:72,(anonymous_2)
FN:80,(anonymous_3)
FN:87,(anonymous_4)
FN:136,(anonymous_5)
FN:197,(anonymous_6)
FN:231,(anonymous_7)
FN:256,(anonymous_8)
FN:278,(anonymous_9)
FN:285,(anonymous_10)
FN:299,(anonymous_11)
FN:307,(anonymous_12)
FN:334,(anonymous_13)
FNF:14
FNH:0
FNDA:0,(anonymous_0)
FNDA:0,(anonymous_1)
FNDA:0,(anonymous_2)
FNDA:0,(anonymous_3)
FNDA:0,(anonymous_4)
FNDA:0,(anonymous_5)
FNDA:0,(anonymous_6)
FNDA:0,(anonymous_7)
FNDA:0,(anonymous_8)
FNDA:0,(anonymous_9)
FNDA:0,(anonymous_10)
FNDA:0,(anonymous_11)
FNDA:0,(anonymous_12)
FNDA:0,(anonymous_13)
DA:19,0
DA:25,0
DA:34,0
DA:37,0
DA:38,0
DA:39,0
DA:40,0
DA:41,0
DA:42,0
DA:43,0
DA:44,0
DA:45,0
DA:55,0
DA:56,0
DA:57,0
DA:58,0
DA:59,0
DA:60,0
DA:61,0
DA:62,0
DA:63,0
DA:72,0
DA:82,0
DA:83,0
DA:86,0
DA:87,0
DA:89,0
DA:90,0
DA:93,0
DA:94,0
DA:97,0
DA:98,0
DA:101,0
DA:109,0
DA:110,0
DA:111,0
DA:112,0
DA:117,0
DA:118,0
DA:119,0
DA:120,0
DA:125,0
DA:127,0
DA:137,0
DA:138,0
DA:140,0
DA:141,0
DA:142,0
DA:144,0
DA:148,0
DA:159,0
DA:160,0
DA:161,0
DA:165,0
DA:166,0
DA:167,0
DA:169,0
DA:170,0
DA:178,0
DA:179,0
DA:181,0
DA:184,0
DA:185,0
DA:187,0
DA:190,0
DA:198,0
DA:199,0
DA:202,0
DA:204,0
DA:205,0
DA:206,0
DA:208,0
DA:209,0
DA:210,0
DA:211,0
DA:212,0
DA:217,0
DA:232,0
DA:233,0
DA:235,0
DA:236,0
DA:237,0
DA:238,0
DA:241,0
DA:242,0
DA:244,0
DA:249,0
DA:257,0
DA:258,0
DA:259,0
DA:260,0
DA:264,0
DA:265,0
DA:266,0
DA:269,0
DA:270,0
DA:279,0
DA:280,0
DA:283,0
DA:284,0
DA:285,0
DA:286,0
DA:288,0
DA:289,0
DA:293,0
DA:300,0
DA:308,0
DA:309,0
DA:310,0
DA:311,0
DA:312,0
DA:314,0
DA:321,0
DA:335,0
DA:336,0
DA:337,0
DA:340,0
DA:341,0
DA:344,0
DA:345,0
DA:346,0
DA:347,0
DA:350,0
DA:351,0
DA:353,0
DA:354,0
DA:355,0
DA:356,0
DA:357,0
DA:358,0
DA:361,0
LF:131
LH:0
BRDA:18,0,0,0
BRDA:20,1,0,0
BRDA:20,1,1,0
BRDA:33,2,0,0
BRDA:38,3,0,0
BRDA:38,3,1,0
BRDA:42,4,0,0
BRDA:42,4,1,0
BRDA:44,5,0,0
BRDA:44,5,1,0
BRDA:56,6,0,0
BRDA:56,6,1,0
BRDA:60,7,0,0
BRDA:60,7,1,0
BRDA:62,8,0,0
BRDA:62,8,1,0
BRDA:82,9,0,0
BRDA:82,9,1,0
BRDA:89,10,0,0
BRDA:89,10,1,0
BRDA:97,11,0,0
BRDA:97,11,1,0
BRDA:109,12,0,0
BRDA:109,12,1,0
BRDA:109,13,0,0
BRDA:109,13,1,0
BRDA:111,14,0,0
BRDA:111,14,1,0
BRDA:117,15,0,0
BRDA:117,15,1,0
BRDA:119,16,0,0
BRDA:119,16,1,0
BRDA:136,17,0,0
BRDA:140,18,0,0
BRDA:140,18,1,0
BRDA:144,19,0,0
BRDA:144,19,1,0
BRDA:159,20,0,0
BRDA:159,20,1,0
BRDA:160,21,0,0
BRDA:160,21,1,0
BRDA:166,22,0,0
BRDA:166,22,1,0
BRDA:167,23,0,0
BRDA:167,23,1,0
BRDA:169,24,0,0
BRDA:169,24,1,0
BRDA:169,25,0,0
BRDA:169,25,1,0
BRDA:179,26,0,0
BRDA:179,26,1,0
BRDA:185,27,0,0
BRDA:185,27,1,0
BRDA:199,28,0,0
BRDA:199,28,1,0
BRDA:204,29,0,0
BRDA:204,29,1,0
BRDA:211,30,0,0
BRDA:211,30,1,0
BRDA:236,31,0,0
BRDA:236,31,1,0
BRDA:241,32,0,0
BRDA:241,32,1,0
BRDA:259,33,0,0
BRDA:259,33,1,0
BRDA:265,34,0,0
BRDA:265,34,1,0
BRDA:269,35,0,0
BRDA:269,35,1,0
BRDA:269,36,0,0
BRDA:269,36,1,0
BRDA:279,37,0,0
BRDA:279,37,1,0
BRDA:279,38,0,0
BRDA:279,38,1,0
BRDA:283,39,0,0
BRDA:283,39,1,0
BRDA:283,40,0,0
BRDA:283,40,1,0
BRDA:284,41,0,0
BRDA:284,41,1,0
BRDA:288,42,0,0
BRDA:288,42,1,0
BRDA:345,43,0,0
BRDA:345,43,1,0
BRDA:353,44,0,0
BRDA:353,44,1,0
BRDA:353,45,0,0
BRDA:353,45,1,0
BRDA:353,45,2,0
BRF:90
BRH:0
end_of_record
TN:
SF:seeds/index.js
FNF:0
FNH:0
LF:0
LH:0
BRF:0
BRH:0
end_of_record
TN:
SF:seeds/registry.js
FN:86,(anonymous_0)
FN:95,(anonymous_1)
FN:99,(anonymous_2)
FN:103,(anonymous_3)
FN:105,(anonymous_4)
FN:109,(anonymous_5)
FN:117,(anonymous_6)
FN:126,(anonymous_7)
FN:135,(anonymous_8)
FN:144,(anonymous_9)
FNF:10
FNH:0
FNDA:0,(anonymous_0)
FNDA:0,(anonymous_1)
FNDA:0,(anonymous_2)
FNDA:0,(anonymous_3)
FNDA:0,(anonymous_4)
FNDA:0,(anonymous_5)
FNDA:0,(anonymous_6)
FNDA:0,(anonymous_7)
FNDA:0,(anonymous_8)
FNDA:0,(anonymous_9)
DA:11,0
DA:87,0
DA:96,0
DA:98,0
DA:99,0
DA:102,0
DA:103,0
DA:104,0
DA:105,0
DA:109,0
DA:118,0
DA:127,0
DA:136,0
DA:145,0
LF:14
LH:0
BRDA:95,0,0,0
BRDA:98,1,0,0
BRDA:98,1,1,0
BRDA:102,2,0,0
BRDA:102,2,1,0
BRDA:102,3,0,0
BRDA:102,3,1,0
BRDA:104,4,0,0
BRDA:104,4,1,0
BRDA:118,5,0,0
BRDA:118,5,1,0
BRF:11
BRH:0
end_of_record
TN:
SF:utils/protocol-generator.js
FN:9,(anonymous_0)
FN:13,(anonymous_1)
FN:26,(anonymous_2)
FN:55,(anonymous_3)
FN:63,(anonymous_4)
FN:91,(anonymous_5)
FN:97,(anonymous_6)
FN:103,(anonymous_7)
FN:109,(anonymous_8)
FNF:9
FNH:0
FNDA:0,(anonymous_0)
FNDA:0,(anonymous_1)
FNDA:0,(anonymous_2)
FNDA:0,(anonymous_3)
FNDA:0,(anonymous_4)
FNDA:0,(anonymous_5)
FNDA:0,(anonymous_6)
FNDA:0,(anonymous_7)
FNDA:0,(anonymous_8)
DA:5,0
DA:6,0
DA:10,0
DA:14,0
DA:16,0
DA:17,0
DA:20,0
DA:21,0
DA:23,0
DA:27,0
DA:30,0
DA:55,0
DA:56,0
DA:57,0
DA:60,0
DA:64,0
DA:66,0
DA:67,0
DA:68,0
DA:73,0
DA:75,0
DA:76,0
DA:78,0
DA:79,0
DA:81,0
DA:82,0
DA:84,0
DA:85,0
DA:88,0
DA:92,0
DA:93,0
DA:98,0
DA:99,0
DA:104,0
DA:105,0
DA:110,0
DA:111,0
LF:37
LH:0
BRDA:16,0,0,0
BRDA:16,0,1,0
BRDA:37,1,0,0
BRDA:37,1,1,0
BRDA:38,2,0,0
BRDA:38,2,1,0
BRDA:39,3,0,0
BRDA:39,3,1,0
BRDA:40,4,0,0
BRDA:40,4,1,0
BRDA:41,5,0,0
BRDA:41,5,1,0
BRDA:42,6,0,0
BRDA:42,6,1,0
BRDA:43,7,0,0
BRDA:43,7,1,0
BRDA:44,8,0,0
BRDA:44,8,1,0
BRDA:45,9,0,0
BRDA:45,9,1,0
BRDA:46,10,0,0
BRDA:46,10,1,0
BRDA:47,11,0,0
BRDA:47,11,1,0
BRDA:48,12,0,0
BRDA:48,12,1,0
BRDA:49,13,0,0
BRDA:49,13,1,0
BRDA:50,14,0,0
BRDA:50,14,1,0
BRDA:51,15,0,0
BRDA:51,15,1,0
BRDA:67,16,0,0
BRDA:67,16,1,0
BRDA:73,17,0,0
BRDA:73,17,1,0
BRDA:73,17,2,0
BRDA:73,17,3,0
BRDA:92,18,0,0
BRDA:92,18,1,0
BRDA:98,19,0,0
BRDA:98,19,1,0
BRDA:104,20,0,0
BRDA:104,20,1,0
BRDA:110,21,0,0
BRDA:110,21,1,0
BRF:46
BRH:0
end_of_record
TN:
SF:utils/smart-defaults.js
FN:4,(anonymous_0)
FN:42,(anonymous_1)
FN:46,(anonymous_2)
FN:69,(anonymous_3)
FN:82,(anonymous_4)
FNF:5
FNH:0
FNDA:0,(anonymous_0)
FNDA:0,(anonymous_1)
FNDA:0,(anonymous_2)
FNDA:0,(anonymous_3)
FNDA:0,(anonymous_4)
DA:5,0
DA:12,0
DA:36,0
DA:43,0
DA:47,0
DA:66,0
DA:70,0
DA:79,0
DA:83,0
DA:85,0
DA:158,0
LF:11
LH:0
BRDA:9,0,0,0
BRDA:9,0,1,0
BRDA:66,1,0,0
BRDA:66,1,1,0
BRDA:79,2,0,0
BRDA:79,2,1,0
BRF:6
BRH:0
end_of_record
TN:
SF:utils/trace.js
FN:32,(anonymous_0)
FN:46,(anonymous_1)
FN:66,(anonymous_2)
FN:74,(anonymous_3)
FN:82,(anonymous_4)
FN:89,(anonymous_5)
FN:96,(anonymous_6)
FN:110,(anonymous_7)
FN:143,(anonymous_8)
FN:159,(anonymous_9)
FN:168,(anonymous_10)
FN:176,(anonymous_11)
FN:198,(anonymous_12)
FN:221,(anonymous_13)
FN:249,(anonymous_14)
FN:256,(anonymous_15)
FN:263,(anonymous_16)
FN:270,(anonymous_17)
FN:283,correlationId
FN:290,traceId
FN:297,spanId
FN:304,createTraceContext
FN:311,getCurrentTraceContext
FN:318,startTrace
FN:325,startSpan
FN:332,finishSpan
FN:339,runWithTraceContext
FN:346,traceMiddleware
FN:349,(anonymous_28)
FN:361,(anonymous_29)
FN:372,traceInterceptor
FN:376,(anonymous_31)
FN:390,(anonymous_32)
FN:404,(anonymous_33)
FN:413,(anonymous_34)
FN:420,(anonymous_35)
FN:433,(anonymous_36)
FN:442,(anonymous_37)
FN:449,(anonymous_38)
FN:462,(anonymous_39)
FN:471,(anonymous_40)
FN:478,(anonymous_41)
FN:492,isTracingEnabled
FN:499,isAdapterTracingEnabled
FN:506,getTraceConfig
FN:513,setTraceConfig
FNF:46
FNH:2
FNDA:0,(anonymous_0)
FNDA:0,(anonymous_1)
FNDA:0,(anonymous_2)
FNDA:0,(anonymous_3)
FNDA:0,(anonymous_4)
FNDA:0,(anonymous_5)
FNDA:0,(anonymous_6)
FNDA:0,(anonymous_7)
FNDA:0,(anonymous_8)
FNDA:0,(anonymous_9)
FNDA:1,(anonymous_10)
FNDA:0,(anonymous_11)
FNDA:0,(anonymous_12)
FNDA:0,(anonymous_13)
FNDA:0,(anonymous_14)
FNDA:0,(anonymous_15)
FNDA:0,(anonymous_16)
FNDA:0,(anonymous_17)
FNDA:0,correlationId
FNDA:0,traceId
FNDA:0,spanId
FNDA:0,createTraceContext
FNDA:0,getCurrentTraceContext
FNDA:0,startTrace
FNDA:0,startSpan
FNDA:0,finishSpan
FNDA:0,runWithTraceContext
FNDA:0,traceMiddleware
FNDA:0,(anonymous_28)
FNDA:0,(anonymous_29)
FNDA:0,traceInterceptor
FNDA:0,(anonymous_31)
FNDA:0,(anonymous_32)
FNDA:6,(anonymous_33)
FNDA:0,(anonymous_34)
FNDA:0,(anonymous_35)
FNDA:0,(anonymous_36)
FNDA:0,(anonymous_37)
FNDA:0,(anonymous_38)
FNDA:0,(anonymous_39)
FNDA:0,(anonymous_40)
FNDA:0,(anonymous_41)
FNDA:0,isTracingEnabled
FNDA:0,isAdapterTracingEnabled
FNDA:0,getTraceConfig
FNDA:0,setTraceConfig
DA:14,1
DA:19,1
DA:33,0
DA:34,0
DA:35,0
DA:36,0
DA:37,0
DA:38,0
DA:39,0
DA:40,0
DA:47,0
DA:48,0
DA:49,0
DA:52,0
DA:67,0
DA:68,0
DA:75,0
DA:76,0
DA:83,0
DA:90,0
DA:97,0
DA:111,0
DA:112,0
DA:113,0
DA:114,0
DA:116,0
DA:117,0
DA:119,0
DA:120,0
DA:121,0
DA:123,0
DA:124,0
DA:127,0
DA:130,0
DA:144,0
DA:160,0
DA:169,1
DA:170,1
DA:177,0
DA:178,0
DA:181,0
DA:186,0
DA:188,0
DA:189,0
DA:192,0
DA:199,0
DA:200,0
DA:203,0
DA:204,0
DA:205,0
DA:208,0
DA:209,0
DA:211,0
DA:212,0
DA:215,0
DA:222,0
DA:223,0
DA:226,0
DA:227,0
DA:228,0
DA:229,0
DA:232,0
DA:233,0
DA:235,0
DA:236,0
DA:239,0
DA:250,0
DA:257,0
DA:264,0
DA:271,0
DA:278,1
DA:284,0
DA:291,0
DA:298,0
DA:305,0
DA:312,0
DA:319,0
DA:326,0
DA:333,0
DA:340,0
DA:347,0
DA:349,0
DA:350,0
DA:351,0
DA:355,0
DA:358,0
DA:361,0
DA:363,0
DA:364,0
DA:373,0
DA:375,0
DA:377,0
DA:378,0
DA:381,0
DA:382,0
DA:383,0
DA:384,0
DA:387,0
DA:392,0
DA:400,1
DA:405,6
DA:406,6
DA:409,0
DA:410,0
DA:412,0
DA:414,0
DA:418,0
DA:421,0
DA:426,0
DA:434,0
DA:435,0
DA:438,0
DA:439,0
DA:441,0
DA:443,0
DA:447,0
DA:450,0
DA:455,0
DA:463,0
DA:464,0
DA:467,0
DA:468,0
DA:470,0
DA:472,0
DA:476,0
DA:479,0
DA:484,0
DA:493,0
DA:500,0
DA:507,0
DA:514,0
LF:131
LH:8
BRDA:20,0,0,1
BRDA:20,0,1,1
BRDA:21,1,0,1
BRDA:21,1,1,1
BRDA:32,2,0,0
BRDA:33,3,0,0
BRDA:33,3,1,0
BRDA:34,4,0,0
BRDA:34,4,1,0
BRDA:35,5,0,0
BRDA:35,5,1,0
BRDA:36,6,0,0
BRDA:36,6,1,0
BRDA:37,7,0,0
BRDA:37,7,1,0
BRDA:38,8,0,0
BRDA:38,8,1,0
BRDA:39,9,0,0
BRDA:39,9,1,0
BRDA:40,10,0,0
BRDA:40,10,1,0
BRDA:47,11,0,0
BRDA:47,11,1,0
BRDA:111,12,0,0
BRDA:111,12,1,0
BRDA:112,13,0,0
BRDA:112,13,1,0
BRDA:113,14,0,0
BRDA:113,14,1,0
BRDA:114,15,0,0
BRDA:114,15,1,0
BRDA:120,16,0,0
BRDA:120,16,1,0
BRDA:123,17,0,0
BRDA:123,17,1,0
BRDA:168,18,0,1
BRDA:176,19,0,0
BRDA:177,20,0,0
BRDA:177,20,1,0
BRDA:188,21,0,0
BRDA:188,21,1,0
BRDA:198,22,0,0
BRDA:199,23,0,0
BRDA:199,23,1,0
BRDA:203,24,0,0
BRDA:203,24,1,0
BRDA:204,25,0,0
BRDA:204,25,1,0
BRDA:211,26,0,0
BRDA:211,26,1,0
BRDA:221,27,0,0
BRDA:222,28,0,0
BRDA:222,28,1,0
BRDA:222,29,0,0
BRDA:222,29,1,0
BRDA:227,30,0,0
BRDA:227,30,1,0
BRDA:235,31,0,0
BRDA:235,31,1,0
BRDA:304,32,0,0
BRDA:318,33,0,0
BRDA:325,34,0,0
BRDA:332,35,0,0
BRDA:346,36,0,0
BRDA:350,37,0,0
BRDA:350,37,1,0
BRDA:372,38,0,0
BRDA:377,39,0,0
BRDA:377,39,1,0
BRDA:382,40,0,0
BRDA:382,40,1,0
BRDA:405,41,0,6
BRDA:405,41,1,0
BRDA:434,42,0,0
BRDA:434,42,1,0
BRDA:463,43,0,0
BRDA:463,43,1,0
BRF:77
BRH:6
end_of_record
